9315400 36906 -20147 -774.335 607.28 1
9330400 28257 -16303 -1167.31 1138.96 1
9330600 -13990 10734 -1153.57 -136.789 1
9315400 35829 -19535 -1079.89 626.133 2
9330400 27080 -15976 -1310.74 640.87 2
9330600 -14987 11117 -1187.71 573.083 2
9315400 34768 -19057 -775.62 273.764 3
9330400 25395 -15191 -1192.46 626.439 3
9330600 -15670 10989 -617.507 -504.139 3
9331400 -35809 -3400 1178.06 308.588 3
9315400 33603 -18797 -1287.57 524.267 4
9330400 24202 -14619 -1026.09 739.751 4
9330600 -15709 11471 -285.667 793.885 4
9331400 -34501 -3324 1098.27 -192.092 4
9315400 32454 -18357 -925.699 408.946 5
9330400 22765 -14129 -1109.43 704.356 5
9330600 -15721 12625 156.298 1278.13 5
9331400 -33283 -2275 964.024 726.092 5
9331600 40731 -22292 -1728.69 576.894 5
9315400 31142 -17838 -615.354 557.052 6
9330400 21315 -13456 -1345.99 1038.51 6
9330600 -15497 13895 281.52 1172.21 6
9331400 -32311 -1644 582.239 611.681 6
9331600 39268 -21269 -1338.79 724.309 6
9315400 29704 -17283 -1222.83 768.019 7
9330400 20009 -12819 -1163.2 471.976 7
9330600 -15228 15037 536.883 910.461 7
9331400 -30735 -1321 1443.26 321.506 7
9331600 37957 -20562 -1336.32 833.912 7
9315400 28535 -16920 -1044.78 415.079 8
9330400 19021 -12370 -930.35 347.909 8
9330600 -14968 16002 446.917 914.288 8
9331400 -29137 -655 1200.07 438.398 8
9331600 36717 -19897 -787.795 587.717 8
9315400 27468 -16723 -1047.35 275.215 9
9330400 17254 -11539 -1763.87 822.257 9
9330600 -14788 17361 93.1989 1183.38 9
9331400 -28068 140 950.418 804.707 9
9331600 35345 -19322 -1191.03 814.484 9
9315400 26221 -16253 -1044.31 226.876 10
9330400 15816 -10464 -913.731 1057 10
9330600 -14480 18900 93.7103 1253.67 10
9331400 -26287 714 1537.96 535.717 10
9331600 33645 -19208 -1191.15 157.073 10
9315400 25009 -15815 -1296.04 356.528 11
9330400 14687 -9260 -922.795 1160.57 11
9330600 -14436 20143 146.515 1354.43 11
9331400 -25119 973 1468.87 246.278 11
9331600 32423 -18992 -1054.37 330.883 11
9315400 23863 -15425 -1196.16 319.998 12
9330400 13428 -8011 -1201.9 1248.11 12
9331400 -23369 1339 1136.09 418.951 12
9331600 30491 -18407 -1782.82 282.091 12
9315400 22841 -14983 -875.155 339.137 13
9330400 12559 -7163 -888.172 974.737 13
9331600 29442 -18007 -670.744 520.154 13
9315400 21484 -14511 -994.355 621.229 14
9330400 11185 -5792 -1091.68 1220.88 14
9331600 28024 -17593 -1104.57 634.665 14
9332600 -8048 9606 -318.689 -1088.67 14
9315400 20607 -13959 -624.316 696.587 15
9330400 10229 -4837 -798.221 683.696 15
9331600 27039 -17465 -954.489 264.929 15
9332600 -7698 8459 329.682 -942.437 15
9315400 19528 -13476 -767.477 422.89 16
9330400 9202 -3818 -791.82 711.891 16
9331600 25682 -16863 -1058.24 366.142 16
9332600 -6931 7549 540.206 -382.461 16
9315400 18788 -12751 -559.989 646.491 17
9330400 8064 -2713 -1089.77 1093.42 17
9331600 24420 -16209 -850.632 280.493 17
9332600 -5584 6953 1480.65 -427.77 17
9315400 17625 -11899 -1269.41 952.995 18
9330400 6917 -1537 -862.378 1364.76 18
9331600 23372 -15519 -953.254 618.11 18
9332600 -3763 6566 1837.87 -540.867 18
9315400 16634 -10926 -582.584 947.796 19
9330400 5606 -437 -1116.09 1082.42 19
9331600 21917 -15060 -1009.07 774.555 19
9332600 -2463 6290 1187.97 -179.625 19
9315400 15886 -9918 -578.172 1219.41 20
9330400 4285 380 -1465.63 841.254 20
9331600 20576 -14423 -1101.43 608.176 20
9332600 -1350 6162 1433.68 -125.184 20
9315400 14935 -8776 -1176.56 1595.84 21
9330400 2829 1327 -1343.56 1056 21
9331600 19475 -13768 -1057.71 484.197 21
9332600 341 5842 1345.45 -106.656 21
9315400 14284 -7764 -731.413 885.65 22
9330400 1443 1875 -1007.15 416.479 22
9331600 18668 -13089 -851.43 348.619 22
9332600 1773 5293 1648.29 -440.586 22
9315400 13273 -6846 -920.764 619.748 23
9330400 -170 2247 -1393.62 529.022 23
9332600 2583 4380 596.39 -955.728 23
9315400 12546 -6022 -908.801 780.541 24
9330400 -1988 2230 -2093.37 -344.879 24
9332600 2435 4143 -315.285 -671.708 24
9333700 -16675 12717 -460.454 -920.531 24
9333701 15927 -11611 -978.291 183.978 24
9315400 11472 -4761 -805.174 718.217 25
9330400 -3588 2521 -1249.09 686.881 25
9332600 998 4511 -1371.78 358.433 25
9333700 -17259 11394 -431.216 -801.699 25
9333701 14898 -10715 -1008.22 667.015 25
9315400 10547 -4011 -905.715 874.189 26
9330400 -4745 2787 -1249.3 -256.231 26
9332600 39 5047 -813.183 712.341 26
9333700 -18327 10142 -1074.34 -856.089 26
9333701 13814 -9784 -1292.24 699.009 26
9315400 9759 -3152 -747.982 748.051 27
9330400 -6406 2924 -1350.62 -35.502 27
9332600 -269 6554 53.6881 1131.32 27
9333700 -19425 9115 -1309.97 -1021.14 27
9333701 13078 -8535 -818.063 1536.04 27
9315400 8777 -2266 -848.703 638.926 28
9330400 -7885 2866 -1084.44 255.095 28
9332600 -748 7828 -478.514 1296.86 28
9333700 -20654 8095 -1254.82 -886.396 28
9333701 12365 -7611 -628.911 813.159 28
9334200 -17028 12228 -660.469 1066.49 28
9315400 7844 -1404 -631.727 637.605 29
9330400 -10063 3120 -1764.03 96.9198 29
9332600 -548 9308 111.801 1077.37 29
9333700 -21999 7141 -1544.48 -1048.21 29
9333701 11237 -6286 -1010.5 1080.95 29
9334200 -18175 10746 -1513.7 -1247.67 29
