9315400 17625 -11899 -1269.41 952.995 0
9330400 6917 -1537 -862.378 1364.76 0
9331600 23372 -15519 -953.254 618.11 0
9332600 -3763 6566 1837.87 -540.867 0
9315400 16252.6 -10859.1 -1255.91 946.944 1
9330400 5961.12 -39.7236 -866.535 1359.26 1
9331600 22325.8 -14853.1 -951.428 611.675 1
9332600 -1751.9 5971.11 1830.3 -538.678 1
9315400 14909 -9832.62 -1242.74 940.937 2
9330400 4996.74 1445.09 -870.507 1353.73 2
9331600 21283.3 -14200.8 -949.71 605.392 2
9332600 241.481 5381.01 1822.53 -536.53 2
9315400 13592.9 -8819.26 -1229.9 934.976 3
9330400 4024.46 2917.37 -874.299 1348.17 3
9331600 20244.1 -13561.9 -948.093 599.257 3
9332600 2216.54 4795.55 1814.58 -534.426 3
9315400 12303.4 -7818.89 -1217.36 929.064 4
9330400 3044.83 4377.05 -877.917 1342.59 4
9331600 19208 -12935.7 -946.575 593.267 4
9332600 4172.7 4214.55 1806.45 -532.37 4
9315400 11039.5 -6831.33 -1205.13 923.202 5
9330400 2058.38 5824.08 -881.367 1336.99 5
9331600 18174.6 -12321.9 -945.152 587.418 5
9332600 6109.44 3637.83 1798.14 -530.364 5
9315400 9800.24 -5856.39 -1193.21 917.391 6
9330400 1065.59 7258.46 -884.654 1331.38 6
9331600 17143.6 -11719.9 -943.82 581.707 6
9332600 8026.3 3065.22 1789.68 -528.406 6
9315400 8584.2 -4892.13 -1181.51 911.692 7
9330400 64.07 8683.3 -887.878 1325.87 7
9331600 16113.7 -11129 -942.515 576.106 7
9332600 9928.51 2495.84 1781.37 -526.486 7
9315400 7166.39 -3798.1 -1181.51 911.692 8
9330400 -1001.38 10274.3 -887.878 1325.87 8
9331600 14982.7 -10437.6 -942.515 576.106 8
9332600 12066.2 1864.06 1781.37 -526.486 8
