9315400 10547 -4011 -905.715 874.189 0
9330400 -4745 2787 -1249.3 -256.231 0
9332600 39 5047 -813.183 712.341 0
9333700 -18327 10142 -1074.34 -856.089 0
9333701 13814 -9784 -1292.24 699.009 0
9315400 9551.85 -3050.69 -903.857 871.229 1
9330400 -6127.8 2533.72 -1249.89 -238.814 1
9332600 -877.832 5818.39 -823.121 704.769 1
9333700 -19484.7 9206.82 -1061.99 -855.13 1
9333701 12395.9 -9019.56 -1286.75 698.039 1
9315400 8560.58 -2096.87 -902.071 868.344 2
9330400 -7512.97 2316.46 -1250.75 -222.075 2
9332600 -1814.08 6571.8 -832.465 696.968 2
9333700 -20616 8273.41 -1049.89 -854.231 2
9333701 10989.5 -8257.94 -1281.36 696.916 2
9315400 7572.97 -1149.28 -900.356 865.532 3
9330400 -8901.32 2133.11 -1251.86 -205.99 3
9332600 -2767.85 7306.53 -841.228 688.95 3
9333700 -21721.8 7341.54 -1038.03 -853.391 3
9333701 9594.53 -7499.61 -1276.06 695.646 3
9315400 6588.78 -207.709 -898.71 862.791 4
9330400 -10293.6 1981.68 -1253.22 -190.534 4
9332600 -3737.28 8021.93 -849.422 680.725 4
9333700 -22802.8 6411 -1026.41 -852.609 4
9333701 8210.61 -6745 -1270.86 694.235 4
9315400 5607.81 728.08 -897.13 860.117 5
9330400 -11690.4 1860.25 -1254.79 -175.684 5
9332600 -4720.58 8717.4 -857.058 672.301 5
9333700 -23859.9 5481.59 -1015.02 -851.881 5
9333701 6837.44 -5994.53 -1265.74 692.689 5
9315400 4629.82 1658.33 -895.614 857.509 6
9330400 -13092.6 1766.97 -1256.59 -161.42 6
9332600 -5716.09 9392.35 -864.156 663.69 6
9333700 -24893.7 4553.12 -1003.86 -851.206 6
9333701 5474.69 -5248.6 -1260.71 691.014 6
9315400 3653.38 2584.6 -894.128 854.952 7
9330400 -14500.9 1703.92 -1258.35 -147.432 7
9332600 -6728.39 10050.2 -871.117 655.244 7
9333700 -25905.6 3624.38 -992.916 -850.544 7
9333701 4120.39 -4504.83 -1255.78 689.371 7
9315400 2580.43 3610.54 -894.128 854.952 8
9330400 -16010.9 1527.01 -1258.35 -147.432 8
9332600 -7773.74 10836.5 -871.117 655.244 8
9333700 -27097.1 2603.73 -992.916 -850.544 8
9333701 2613.45 -3677.59 -1255.78 689.371 8
