9315400 8777 -2266 -848.703 638.926 0
9330400 -7885 2866 -1084.44 255.095 0
9332600 -748 7828 -478.514 1296.86 0
9333700 -20654 8095 -1254.82 -886.396 0
9333701 12365 -7611 -628.911 813.159 0
9334200 -17028 12228 -660.469 1066.49 0
9315400 7846.71 -1560.31 -846.878 641.112 1
9330400 -9085.98 3140.18 -1089.49 249.373 1
9332600 -1254.68 9251.41 -468.929 1293.35 1
9333700 -22041.7 7113.46 -1255.68 -888.865 1
9333701 11662.7 -6685.27 -632.887 826.45 1
9334200 -17820.6 13507.8 -660.469 1066.49 1
9315400 6920.04 -849.71 -845.141 643.297 2
9330400 -10297.6 3401.71 -1094.41 243.707 2
9332600 -1742.22 10666.4 -459.849 1289.75 2
9333700 -23430.8 6126.87 -1256.43 -891.227 2
9333701 10951 -5732.35 -636.949 839.186 2
9334200 -18613.1 14787.6 -660.469 1066.49 2
9315400 5996.73 -134.212 -843.49 645.48 3
9330400 -11519.6 3650.82 -1099.2 238.102 3
9332600 -2212.21 12072.8 -451.263 1286.06 3
9333700 -24821 5135.58 -1257.06 -893.485 3
9333701 10229.9 -4754.01 -641.088 851.382 3
9334200 -19405.7 16067.4 -660.469 1066.49 3
9315400 5076.51 586.159 -841.921 647.657 4
9330400 -12751.4 3887.74 -1103.86 232.562 4
9332600 -2666.22 13470.2 -443.156 1282.28 4
9333700 -26211.8 4139.93 -1257.57 -895.64 4
9333701 9498.95 -3751.93 -645.298 863.054 4
9334200 -20198.3 17347.2 -660.469 1066.49 4
9315400 4159.13 1311.37 -840.431 649.828 5
9330400 -13992.7 4112.75 -1108.4 227.093 5
9332600 -3105.74 14858.3 -435.517 1278.41 5
9333700 -27602.9 3140.22 -1257.97 -897.697 5
9333701 8758.11 -2727.74 -649.575 874.217 5
9334200 -20990.8 18627 -660.469 1066.49 5
9315400 3244.33 2041.44 -839.018 651.993 6
9330400 -15243.1 4326.07 -1112.83 221.694 6
9332600 -3532.21 16237.1 -428.33 1274.46 6
9333700 -28993.9 2136.73 -1258.25 -899.658 6
9333701 8007.12 -1682.96 -653.912 884.887 6
9334200 -21783.4 19906.7 -660.469 1066.49 6
9315400 2330.95 2777.39 -837.632 654.116 7
9330400 -16505.2 4528.23 -1117.17 216.398 7
9332600 -3944.16 17609.7 -421.281 1270.59 7
9333700 -30387.8 1127.35 -1258.53 -901.582 7
9333701 7245.7 -613.788 -658.166 895.351 7
9334200 -22575.9 21186.5 -660.469 1066.49 7
9315400 1325.79 3562.33 -837.632 654.116 8
9330400 -17845.8 4787.91 -1117.17 216.398 8
9332600 -4449.69 19134.4 -421.281 1270.59 8
9333700 -31898.1 45.4528 -1258.53 -901.582 8
9333701 6455.9 460.633 -658.166 895.351 8
9334200 -23368.5 22466.3 -660.469 1066.49 8
