9315400 29704 -17283 -1222.83 768.019 0
9330400 20009 -12819 -1163.2 471.976 0
9330600 -15228 15037 536.883 910.461 0
9331400 -30735 -1321 1443.26 321.506 0
9331600 37957 -20562 -1336.32 833.912 0
9315400 28384.8 -16440.7 -1211.38 763.856 1
9330400 18720.2 -12276.5 -1166.54 482.631 1
9330600 -14641.8 16049.4 531.862 915.555 1
9331400 -29181.7 -953.078 1426.98 327.141 1
9331600 36479.9 -19644.3 -1336.66 831.696 1
9315400 27089.6 -15607.6 -1200.27 759.722 2
9330400 17424.6 -11711.6 -1169.73 492.963 2
9330600 -14066.7 17072.9 526.881 920.574 2
9331400 -27662.7 -573.071 1411.16 332.685 2
9331600 35001.2 -18731.6 -1337.12 829.469 2
9315400 25817.5 -14783.6 -1189.5 755.62 3
9330400 16122.7 -11125.3 -1172.78 502.98 3
9330600 -13502.6 18107.1 521.937 925.513 3
9331400 -26176.5 -181.315 1395.77 338.133 3
9331600 33520.6 -17824 -1337.71 827.234 3
9315400 24567.3 -13968.6 -1179.05 751.549 4
9330400 14815 -10518.6 -1175.68 512.691 4
9330600 -12949.3 19151.8 517.026 930.372 4
9331400 -24721.7 221.839 1380.82 343.481 4
9331600 32037.5 -16921.4 -1338.43 824.992 4
9315400 23338 -13162.4 -1168.92 747.512 5
9330400 13501.9 -9892.4 -1178.44 522.105 5
9330600 -12406.9 20206.7 512.146 935.145 5
9331400 -23296.9 636.023 1366.29 348.726 5
9331600 30551.6 -16023.9 -1339.26 822.743 5
9315400 22128.5 -12365 -1159.1 743.507 6
9330400 12183.8 -9247.64 -1181.07 531.228 6
9330600 -11875.1 21271.5 507.299 939.836 6
9331400 -21900.9 1060.94 1352.17 353.869 6
9331600 29062.5 -15131.4 -1340.21 820.488 6
9315400 20937.7 -11574.7 -1149.47 739.579 7
9330400 10857.9 -8582.43 -1183.65 540.176 7
9330600 -11352.7 22348.1 502.544 944.437 7
9331400 -20532.3 1497.45 1338.32 358.914 7
9331600 27568.9 -14242.3 -1341.13 818.278 7
9315400 19558.3 -10687.2 -1149.47 739.579 8
9330400 9437.54 -7934.22 -1183.65 540.176 8
9330600 -10749.7 23481.4 502.544 944.437 8
9331400 -18926.3 1928.15 1338.32 358.914 8
9331600 25959.6 -13260.3 -1341.13 818.278 8
