9315400 22841 -14983 -875.155 339.137 0
9330400 12559 -7163 -888.172 974.737 0
9331600 29442 -18007 -670.744 520.154 0
9315400 21863.1 -14611.4 -881.395 338.791 1
9330400 11564.9 -6072.56 -894.004 979.928 1
9331600 28661.4 -17441.1 -691.609 515.605 1
9315400 20871.7 -14240.5 -887.543 338.462 2
9330400 10558.8 -4971.23 -899.625 984.985 2
9331600 27837.2 -16885.1 -711.816 511.157 2
9315400 19867.1 -13870.2 -893.6 338.147 3
9330400 9541.44 -3859.44 -905.043 989.91 3
9331600 26971.6 -16338.5 -731.385 506.808 3
9315400 18849.6 -13500.6 -899.565 337.846 4
9330400 8513.33 -2737.62 -910.263 994.705 4
9331600 26066.5 -15801.1 -750.334 502.555 4
9315400 17819.4 -13131.5 -905.438 337.558 5
9330400 7475.12 -1606.17 -915.292 999.372 5
9331600 25123.8 -15272.5 -768.679 498.394 5
9315400 16776.9 -12762.9 -911.219 337.282 6
9330400 6427.37 -465.458 -920.135 1003.92 6
9331600 24145.4 -14752.6 -786.437 494.325 6
9315400 15720.4 -12394.2 -916.889 337.011 7
9330400 5367.62 686.736 -924.885 1008.37 7
9331600 23127.7 -14240.4 -803.853 490.334 7
9315400 14620.1 -11989.8 -916.889 337.011 8
9330400 4257.75 1896.78 -924.885 1008.37 8
9331600 22163.1 -13652 -803.853 490.334 8
