9315400 35829 -19535 -1079.89 626.133 0
9330400 27080 -15976 -1310.74 640.87 0
9330600 -14987 11117 -1187.71 573.083 0
9315400 34647.5 -18842.1 -1074.01 625.77 1
9330400 25632.4 -15236.1 -1307.98 650.452 1
9330600 -16304.6 11721.3 -1187.05 559.427 1
9315400 33477.1 -18148.8 -1068.25 625.414 2
9330400 24188.7 -14473.8 -1305.28 659.85 2
9330600 -17622.9 12296.1 -1186.41 546.033 2
9315400 32317.6 -17455.3 -1062.59 625.065 3
9330400 22748.8 -13689.8 -1302.62 669.067 3
9330600 -18941.7 12842.3 -1185.78 532.897 3
9315400 31168.6 -16761.5 -1057.05 624.723 4
9330400 21312.4 -12884.6 -1300.02 678.107 4
9330600 -20261 13360.6 -1185.16 520.014 4
9315400 30029.9 -16067.4 -1051.61 624.388 5
9330400 19879.6 -12058.8 -1297.47 686.973 5
9330600 -21581 13851.8 -1184.55 507.378 5
9315400 28901 -15372.9 -1046.27 624.058 6
9330400 18450.1 -11213.1 -1294.96 695.668 6
9330600 -22901.5 14316.9 -1183.95 494.986 6
9315400 27781.8 -14678.2 -1041.04 623.736 7
9330400 17023.9 -10348 -1292.51 704.196 7
9330600 -24222.6 14756.4 -1183.37 482.832 7
9315400 26532.5 -13929.7 -1041.04 623.736 8
9330400 15472.9 -9502.94 -1292.51 704.196 8
9330600 -25642.7 15335.8 -1183.37 482.832 8
