9315400 18788 -12751 -559.989 646.491 0
9330400 8064 -2713 -1089.77 1093.42 0
9331600 24420 -16209 -850.632 280.493 0
9332600 -5584 6953 1480.65 -427.77 0
9315400 18164.6 -12048.1 -563.888 642.387 1
9330400 6875.16 -1523.25 -1084.06 1086.07 1
9331600 23480.1 -15903.1 -854.555 282.079 1
9332600 -3989.36 6484.91 1462.38 -427.314 1
9315400 17533 -11353.5 -567.671 638.457 2
9330400 5698.56 -349.276 -1078.46 1078.88 2
9331600 22531.8 -15593.8 -858.368 283.609 2
9332600 -2434.37 6016.97 1444.37 -427.07 2
9315400 16893.7 -10666.6 -571.344 634.694 3
9330400 4533.8 809.417 -1072.98 1071.83 3
9331600 21575.7 -15281.4 -862.076 285.085 3
9332600 -918.193 5548.52 1426.61 -427.031 3
9315400 16247 -9987.11 -574.911 631.094 4
9330400 3380.49 1953.32 -1067.62 1064.92 4
9331600 20611.9 -14965.9 -865.682 286.512 4
9332600 559.95 5078.92 1409.1 -427.191 4
9315400 15593.1 -9314.35 -578.377 627.651 5
9330400 2238.24 3082.93 -1062.38 1058.16 5
9331600 19640.8 -14647.5 -869.189 287.894 5
9332600 2000.82 4607.55 1391.82 -427.541 5
9315400 14932.4 -8647.87 -581.745 624.359 6
9330400 1106.64 4198.73 -1057.25 1051.55 6
9331600 18662.7 -14326.4 -872.599 289.232 6
9332600 3405.2 4133.81 1374.78 -428.076 6
9315400 14263.3 -7987.22 -585.048 621.131 7
9330400 -16.027 5302.42 -1052.22 1045.06 7
9331600 17675.5 -14001.7 -875.943 290.543 7
9332600 4775.85 3658.09 1358.06 -428.601 7
9315400 13561.3 -7241.86 -585.048 621.131 8
9330400 -1278.69 6556.49 -1052.22 1045.06 8
9331600 16624.4 -13653 -875.943 290.543 8
9332600 6405.53 3143.77 1358.06 -428.601 8
