9315400 12546 -6022 -908.801 780.541 0
9330400 -1988 2230 -2093.37 -344.879 0
9332600 2435 4143 -315.285 -671.708 0
9333700 -16675 12717 -460.454 -920.531 0
9333701 15927 -11611 -978.291 183.978 0
9315400 11539.1 -5167.68 -908.907 777.666 1
9330400 -4272.2 1881.67 -2079.64 -328.128 1
9332600 2126.69 3381.81 -296.986 -676.782 1
9333700 -17227.5 11612.4 -460.454 -920.531 1
9333701 14753.1 -11390.2 -978.291 183.978 1
9315400 10532.4 -4319.06 -908.954 774.96 2
9330400 -6526.28 1569.25 -2066.04 -311.722 2
9332600 1859.18 2610.81 -278.672 -681.567 2
9333700 -17780.1 10507.7 -460.454 -920.531 2
9333701 13579.1 -11169.5 -978.291 183.978 2
9315400 9525.92 -3475.58 -908.948 772.422 3
9330400 -8750.7 1291.65 -2052.58 -295.65 3
9332600 1632.43 1830.91 -260.353 -686.069 3
9333700 -18332.6 9403.09 -460.454 -920.531 3
9333701 12405.2 -10948.7 -978.291 183.978 3
9315400 8519.87 -2636.69 -908.892 770.049 4
9330400 -10945.9 1047.83 -2039.26 -279.902 4
9332600 1446.42 1043.01 -242.038 -690.295 4
9333700 -18885.2 8298.45 -460.454 -920.531 4
9333701 11231.2 -10727.9 -978.291 183.978 4
9315400 7514.36 -1801.83 -908.791 767.842 5
9330400 -13112.5 836.801 -2026.09 -264.467 5
9332600 1301.04 247.969 -223.735 -694.252 5
9333700 -19437.7 7193.81 -460.454 -920.531 5
9333701 10057.3 -10507.1 -978.291 183.978 5
9315400 6509.5 -970.481 -908.646 765.794 6
9330400 -15250.9 657.585 -2013.05 -249.339 6
9332600 1196.25 -553.426 -205.451 -697.949 6
9333700 -19990.3 6089.18 -460.454 -920.531 6
9333701 8883.3 -10286.4 -978.291 183.978 6
9315400 5503.32 -142.063 -908.505 763.785 7
9330400 -17365.2 510.186 -2000.27 -234.502 7
9332600 1129.99 -1363.86 -187.518 -701.574 7
9333700 -20542.8 4984.54 -460.454 -920.531 7
9333701 7709.35 -10065.6 -978.291 183.978 7
9315400 4413.12 774.479 -908.505 763.785 8
9330400 -19765.5 228.784 -2000.27 -234.502 8
9332600 904.966 -2205.74 -187.518 -701.574 8
9333700 -21095.4 3879.9 -460.454 -920.531 8
9333701 6535.4 -9844.81 -978.291 183.978 8
