9315400 34768 -19057 -775.62 273.764 0
9330400 25395 -15191 -1192.46 626.439 0
9330600 -15670 10989 -617.507 -504.139 0
9331400 -35809 -3400 1178.06 308.588 0
9315400 33904.3 -18743 -781.25 280.529 1
9330400 24082.8 -14500.1 -1194.63 627.081 1
9330600 -16376 10471.3 -628.452 -483.936 1
9331400 -34395.3 -3029.69 1178.06 308.588 1
9315400 33028.9 -18414.4 -786.662 287.157 2
9330400 22765.8 -13806.7 -1196.71 627.889 2
9330600 -17105.7 9995.86 -639.173 -464.374 2
9331400 -32981.7 -2659.39 1178.06 308.588 2
9315400 32142.4 -18071.6 -791.864 293.651 3
9330400 21444.3 -13110.3 -1198.69 628.855 3
9330600 -17858.2 9560.61 -649.677 -445.437 3
9331400 -31568 -2289.08 1178.06 308.588 3
9315400 31245.5 -17715 -796.861 300.013 4
9330400 20118.5 -12410.3 -1200.59 629.973 4
9330600 -18633 9163.58 -659.967 -427.106 4
9331400 -30154.3 -1918.78 1178.06 308.588 4
9315400 30338.7 -17345.1 -801.659 306.247 5
9330400 18788.7 -11706.3 -1202.41 631.237 5
9330600 -19429.4 8802.9 -670.047 -409.367 5
9331400 -28740.6 -1548.47 1178.06 308.588 5
9315400 29422.6 -16962.2 -806.264 312.355 6
9330400 17455 -10997.8 -1204.14 632.641 6
9330600 -20246.8 8476.72 -679.922 -392.203 6
9331400 -27327 -1178.17 1178.06 308.588 6
9315400 28495.2 -16565.7 -810.781 318.345 7
9330400 16115.3 -10285.2 -1205.84 634.017 7
9330600 -21086.4 8186.47 -689.608 -375.37 7
9331400 -25913.3 -807.861 1178.06 308.588 7
9315400 27522.2 -16183.7 -810.781 318.345 8
9330400 14668.3 -9524.35 -1205.84 634.017 8
9330600 -21913.9 7736.03 -689.608 -375.37 8
9331400 -24499.6 -437.555 1178.06 308.588 8
