9315400 36906 -20147 -774.335 607.28 0
9330400 28257 -16303 -1167.31 1138.96 0
9330600 -13990 10734 -1153.57 -136.789 0
9315400 35976.8 -19418.3 -774.335 607.28 1
9330400 26856.2 -14936.3 -1167.31 1138.96 1
9330600 -15374.3 10569.9 -1153.57 -136.789 1
9315400 35047.6 -18689.5 -774.335 607.28 2
9330400 25455.5 -13569.5 -1167.31 1138.96 2
9330600 -16758.6 10405.7 -1153.57 -136.789 2
9315400 34118.4 -17960.8 -774.335 607.28 3
9330400 24054.7 -12202.8 -1167.31 1138.96 3
9330600 -18142.8 10241.6 -1153.57 -136.789 3
9315400 33189.2 -17232.1 -774.335 607.28 4
9330400 22653.9 -10836 -1167.31 1138.96 4
9330600 -19527.1 10077.4 -1153.57 -136.789 4
9315400 32260 -16503.3 -774.335 607.28 5
9330400 21253.2 -9469.26 -1167.31 1138.96 5
9330600 -20911.4 9913.26 -1153.57 -136.789 5
9315400 31330.8 -15774.6 -774.335 607.28 6
9330400 19852.4 -8102.51 -1167.31 1138.96 6
9330600 -22295.7 9749.12 -1153.57 -136.789 6
9315400 30401.6 -15045.8 -774.335 607.28 7
9330400 18451.6 -6735.77 -1167.31 1138.96 7
9330600 -23680 9584.97 -1153.57 -136.789 7
9315400 29472.4 -14317.1 -774.335 607.28 8
9330400 17050.9 -5369.02 -1167.31 1138.96 8
9330600 -25064.3 9420.82 -1153.57 -136.789 8
