9315400 27468 -16723 -1047.35 275.215 0
9330400 17254 -11539 -1763.87 822.257 0
9330600 -14788 17361 93.1989 1183.38 0
9331400 -28068 140 950.418 804.707 0
9331600 35345 -19322 -1191.03 814.484 0
9315400 26311.9 -16410.5 -1047.42 278.157 1
9330400 15343.2 -10652.1 -1748.01 813.241 1
9330600 -14670.7 18652.1 100.06 1178.21 1
9331400 -27009.7 1011.9 955.37 797.584 1
9331600 34050.4 -18427.7 -1183.68 810.298 1
9315400 25155.6 -16091.2 -1047.52 281.162 2
9330400 13465.9 -9784.29 -1732.55 804.458 2
9330600 -14538.6 19932.3 106.815 1173.15 2
9331400 -25940.7 1868.34 960.29 790.565 2
9331600 32770.7 -17542.1 -1176.66 806.277 2
9315400 23998.9 -15764.9 -1047.67 284.225 3
9330400 11620.9 -8934.71 -1717.47 795.905 3
9330600 -14391.9 21201.8 113.462 1168.19 3
9331400 -24861.1 2709.68 965.173 783.65 3
9331600 31504.9 -16664.7 -1169.97 802.415 3
9315400 22841.6 -15431.5 -1047.85 287.341 4
9330400 9806.88 -8102.64 -1702.76 787.581 4
9330600 -14231.1 22461 120.001 1163.33 4
9331400 -23771 3536.27 970.014 776.839 4
9331600 30251.9 -15794.9 -1163.6 798.707 4
9315400 21683.8 -15090.7 -1048.07 290.506 5
9330400 8022.77 -7287.34 -1688.42 779.481 5
9330600 -14056.5 23710.3 126.433 1158.58 5
9331400 -22670.7 4348.47 974.806 770.133 5
9331600 29010.7 -14932.3 -1157.54 795.148 5
9315400 20525.3 -14742.5 -1048.31 293.717 6
9330400 6267.34 -6488.1 -1674.45 771.602 6
9330600 -13868.4 24949.9 132.759 1153.93 6
9331400 -21560.1 5146.63 979.55 763.531 6
9331600 27780.4 -14076.5 -1151.77 791.732 6
9315400 19364.3 -14387 -1048.55 296.866 7
9330400 4538.56 -5704.19 -1660.74 763.874 7
9330600 -13666.6 26181.9 138.964 1149.37 7
9331400 -20437.7 5932.16 984.203 757.055 7
9331600 26560.1 -13226.5 -1146.12 788.383 7
9315400 18106 -14030.7 -1048.55 296.866 8
9330400 2545.67 -4787.54 -1660.74 763.874 8
9330600 -13499.9 27561.2 138.964 1149.37 8
9331400 -19256.6 6840.63 984.203 757.055 8
9331600 25184.8 -12280.4 -1146.12 788.383 8
