9315400 25009 -15815 -1296.04 356.528 0
9330400 14687 -9260 -922.795 1160.57 0
9330600 -14436 20143 146.515 1354.43 0
9331400 -25119 973 1468.87 246.278 0
9331600 32423 -18992 -1054.37 330.883 0
9315400 23587.9 -15428.7 -1291.2 354.075 1
9330400 13670.9 -7984.86 -923.216 1158.39 1
9330600 -14274.7 21635.5 145.512 1352.43 1
9331400 -23490.2 1258.1 1469.78 252.03 1
9331600 31256.6 -18630.5 -1056.98 328.014 1
9315400 22177.2 -15047.7 -1286.45 351.69 2
9330400 12652.8 -6714.82 -923.909 1156.15 2
9330600 -14115.6 23123.5 144.537 1350.43 2
9331400 -21860.5 1555.87 1470.47 257.758 2
9331600 30084.7 -18274.2 -1059.54 325.428 2
9315400 20776.7 -14671.6 -1281.8 349.374 3
9330400 11631.8 -5450.07 -924.858 1153.87 3
9330600 -13958.7 24606.8 143.592 1348.45 3
9331400 -20230.7 1866.21 1470.94 263.457 3
9331600 28907.6 -17922 -1062.04 323.115 3
9315400 19385.9 -14300.2 -1277.24 347.125 4
9330400 10607.3 -4190.79 -926.048 1151.52 4
9330600 -13803.7 26085.7 142.679 1346.46 4
9331400 -18601.3 2188.98 1471.22 269.123 4
9331600 27725.5 -17573.3 -1064.47 321.063 4
9315400 18004.8 -13933.3 -1272.76 344.944 5
9330400 9578.4 -2937.16 -927.466 1149.12 5
9330600 -13650.5 27560 141.8 1344.48 5
9331400 -16972.9 2524.06 1471.31 274.755 5
9331600 26538.6 -17227.3 -1066.85 319.263 5
9315400 16632.9 -13570.8 -1268.38 342.828 6
9330400 8544.51 -1689.31 -929.1 1146.68 6
9330600 -13499.1 29029.8 140.954 1342.5 6
9331400 -15346.2 2871.35 1471.21 280.35 6
9331600 25347.1 -16883.1 -1069.16 317.704 6
9315400 15267.9 -13212 -1264.08 340.752 7
9330400 7505.39 -444.509 -930.703 1144.27 7
9330600 -13349.3 30497.9 140.123 1340.56 7
9331400 -13716.9 3231.05 1471.12 285.838 7
9331600 24148.5 -16541.7 -1071.42 316.176 7
9315400 13751 -12803.1 -1264.08 340.752 8
9330400 6388.54 928.619 -930.703 1144.27 8
9330600 -13181.1 32106.5 140.123 1340.56 8
9331400 -11951.6 3574.06 1471.12 285.838 8
9331600 22862.8 -16162.3 -1071.42 316.176 8
