9315400 32454 -18357 -925.699 408.946 0
9330400 22765 -14129 -1109.43 704.356 0
9330600 -15721 12625 156.298 1278.13 0
9331400 -33283 -2275 964.024 726.092 0
9331600 40731 -22292 -1728.69 576.894 0
9315400 31421.4 -17901.4 -932.295 410.993 1
9330400 21549.9 -13345.9 -1107.95 704.955 1
9330600 -15566 14014 147.532 1267.9 1
9331400 -32217.4 -1519.23 966.665 708.795 1
9331600 38656.6 -21599.7 -1728.69 576.894 1
9315400 30375.5 -17441.7 -938.59 412.921 2
9330400 20337.6 -12561.6 -1106.56 705.504 2
9330600 -15430.4 15379.2 138.802 1257.43 2
9331400 -31145.8 -799.561 969.284 692.009 2
9331600 36582.2 -20907.5 -1728.69 576.894 2
9315400 29317 -16978.2 -944.594 414.736 3
9330400 19127.8 -11776.5 -1105.26 706.004 3
9330600 -15314.3 16720 130.105 1246.74 3
9331400 -30068.3 -114.369 971.88 675.721 3
9331600 34507.7 -20215.2 -1728.69 576.894 3
9315400 28246.9 -16511.3 -950.319 416.444 4
9330400 17920.3 -10990.6 -1104.05 706.458 4
9330600 -15217.5 18035.7 121.439 1235.86 4
9331400 -28984.9 537.922 974.454 659.918 4
9331600 32433.3 -19522.9 -1728.69 576.894 4
9315400 27166 -16041.3 -955.774 418.051 5
9330400 16714.8 -10204 -1102.92 706.868 5
9330600 -15139.9 19325.9 112.804 1224.79 5
9331400 -27895.7 1158.83 977.005 644.587 5
9331600 30358.9 -18830.6 -1728.69 576.894 5
9315400 26075.2 -15568.4 -960.967 419.559 6
9330400 15511 -9416.88 -1101.87 707.236 6
9330600 -15081.4 20590 104.201 1213.55 6
9331400 -26800.7 1749.83 979.533 629.715 6
9331600 28284.5 -18138.4 -1728.69 576.894 6
9315400 24971.5 -15091.6 -966.06 421.039 7
9330400 14307.3 -8627.76 -1100.85 707.596 7
9330600 -15041 21832.5 95.7629 1202.53 7
9331400 -25698.5 2310.44 982.012 615.13 7
9331600 26210 -17446.1 -1728.69 576.894 7
9315400 23812.3 -14586.4 -966.06 421.039 8
9330400 12986.3 -7778.65 -1100.85 707.596 8
9330600 -14926.1 23275.5 95.7629 1202.53 8
9331400 -24520 3048.6 982.012 615.13 8
9331600 24135.6 -16753.8 -1728.69 576.894 8
