9335700 -6344 -10348 706.202 28.3892 1
9335900 -17175 -6289 -368.919 -1211.34 1
9345500 9629 -3174 -536.675 471.929 1
9350000 10638 -5708 -1152.73 1166.07 1
9350201 13055 -6316 -914.789 1124.85 1
9350400 15331 -9242 -973.659 1322.72 1
9350500 13616 -7939 -1366.56 919.089 1
9351200 31787 -18854 -851.334 586.284 1
9351201 30379 -18932 -1038.79 126.079 1
9351300 31021 -17441 -1016.36 457.832 1
9351400 24887 -14929 -911.197 429.936 1
9351500 16188 -8818 505.567 -952.985 1
9351600 6492 -1502 -1615.48 1506.26 1
9351601 6932 -968 -928.954 961.937 1
9351800 34618 -17805 -936.7 210.085 1
9352100 40726 -20328 -1399.69 1008.01 1
9352101 33806 -17401 -1297.84 49.6282 1
9352200 42153 -20473 -1016.76 140.847 1
9352400 43542 -21628 -1110.08 -758.943 1
9352500 45727 -20376 -855.96 -874.229 1
9335900 -17574 -7927 -431.023 -1289.65 2
9345500 8507 -1775 -779.264 822.665 2
9350000 9493 -4603 -892.301 774.099 2
9350201 11726 -4552 -867.122 1578.42 2
9350400 14261 -8063 -892.405 944.493 2
9350500 12340 -7015 -1036.47 609.336 2
9351200 30395 -18254 -760.637 558.976 2
9351201 28827 -18123 -1272.93 558.784 2
9351300 29426 -16776 -1087.46 414.613 2
9351400 23286 -14113 -1302.62 857.006 2
9351500 17271 -9843 799.366 -960.5 2
9351600 5366 -436 -700.833 965.132 2
9351601 5622 183 -1161.25 638.451 2
9351800 33233 -17635 -1131.63 384.261 2
9352100 39067 -20050 -1091.73 386.472 2
9352101 31508 -17146 -2096.86 454.073 2
9352200 40448 -19627 -1042.93 625.858 2
9352400 41991 -21389 -1088.88 328.605 2
9352500 44297 -21309 -1059.86 -421.157 2
9352501 45965 -18635 492.128 -207.747 2
9352600 46936 -23372 24.6434 -1255.94 2
9352601 46125 -20748 -680.775 -711.017 2
9335900 -18479 -8905 -988.531 -931.885 3
9345500 7425 -473 -879.713 847.31 3
9350000 8317 -3427 -1051.75 1089.7 3
9350201 10725 -2973 -595.928 1168.07 3
9350400 13182 -6899 -956.603 955.51 3
9350500 10707 -5607 -1378.74 1470.12 3
9351200 29140 -17823 -1144.56 393.686 3
9351201 27551 -17711 -991.592 629.223 3
9351300 28157 -16243 -984.7 735.524 3
9351400 21551 -13484 -1480.21 903.698 3
9351500 18605 -11104 1498.29 -742.907 3
9351600 4063 465 -1195.17 541.705 3
9351601 4289 1133 -1297.75 852.023 3
9351800 31749 -17285 -1473.35 308.883 3
9352100 37817 -19520 -828.302 582.818 3
9352101 29785 -16527 -1448.8 423.954 3
9352200 38700 -19021 -1392.15 648.336 3
9352400 40311 -21297 -1554.41 -124.036 3
9352500 42521 -21304 -1606.67 252.403 3
9352501 45829 -18710 203.218 -555.361 3
9352601 44562 -21368 -1084.66 -464.005 3
9335900 -19359 -9443 -869.763 -461.678 4
9345500 6382 942 -852.947 1132.03 4
9350000 7183 -2246 -952.499 805.058 4
9350201 9796 -1555 -752.702 1146.88 4
9350400 12059 -5771 -1015.44 1231.38 4
9350500 9570 -4495 -1036.5 899.558 4
9351200 27946 -17518 -837.618 759.428 4
9351201 26160 -17358 -1156.67 373.383 4
9351300 26579 -15634 -1494.88 718.473 4
9351400 20281 -12791 -1081.17 777.886 4
9351500 20165 -11808 1181.86 -261.946 4
9351600 2579 1252 -1048.54 801.456 4
9351601 2654 1954 -1202.97 587.959 4
9351800 30446 -16725 -1079.66 618.963 4
9352100 36382 -18956 -1457.87 578.688 4
9352101 28268 -15902 -1108.19 398.449 4
9352200 36934 -18242 -1517.38 548.538 4
9352400 38692 -20661 -1293.31 570.929 4
9352500 41172 -20636 -1113.91 597.756 4
9352501 45936 -18732 33.4544 -96.5053 4
9352601 42872 -21673 -1284.58 -678.232 4
9335900 -20230 -10066 -758.893 -292.016 5
9345500 5502 2106 -950.574 1008.46 5
9350000 5841 -980 -1088 910.635 5
9350201 8547 485 -1026.89 1966.98 5
9350400 11006 -4375 -795.747 1304.9 5
9350500 8504 -3326 -1037.43 966.338 5
9351201 24878 -16665 -1033.03 814.636 5
9351300 25068 -15201 -1218.11 478.832 5
9351400 19204 -11783 -1211.1 1213.01 5
9351500 21155 -12398 1028.48 -474.631 5
9351600 1290 1875 -1026.36 864.09 5
9351601 1077 2490 -1054.01 387.354 5
9351800 29394 -16437 -738.69 168.123 5
9352100 34998 -18621 -1178.05 596.317 5
9352101 26759 -15348 -1142.4 668.843 5
9352200 35440 -17897 -890.703 630.828 5
9352400 37409 -20635 -1102.25 167.653 5
9352500 39421 -20131 -1564.48 906.551 5
9352501 45825 -18534 200.683 295.203 5
9352601 41406 -21528 -1360.19 -78.8281 5
9345500 4184 3179 -1078.08 1072.93 6
9350000 4542 86 -918.502 899.083 6
9350201 8047 1915 -548.516 1823.64 6
9350400 9981 -2949 -696.652 1173.56 6
9350500 7265 -2104 -1010.07 762.411 6
9351201 23550 -15977 -1059.76 542.84 6
9351300 23699 -14643 -1193.7 703.775 6
9351400 17501 -10585 -1374.41 920.316 6
9351500 22477 -13131 1109.13 -706.885 6
9351600 -420 1945 -1000.89 -34.7498 6
9351601 -527 2740 -1582.97 70.7336 6
9351800 28071 -16204 -777.411 358.871 6
9352100 33653 -18249 -832.538 463.31 6
9352101 25048 -14820 -1228.78 -118.506 6
9352200 34002 -17272 -865.851 409.436 6
9352400 35890 -20740 -996.882 -193.458 6
9352500 37862 -19542 -1067.96 430.665 6
9352501 45914 -18408 202.262 825.978 6
9352601 39773 -21058 -1463.29 599.593 6
9345500 3209 3864 -990.409 560.889 7
9350000 3002 960 -1325.63 891.466 7
9350400 9314 -1533 -643.285 1195.37 7
9350500 5727 -793 -1537.96 1077.72 7
9351201 22320 -15566 -1080.62 229.097 7
9351300 22134 -13934 -1138.51 962.695 7
9351400 16579 -9325 -811.04 774.786 7
9351500 23886 -13691 1333.63 -298.443 7
9351600 -2048 2127 -1059.97 253.719 7
9351601 -1843 3280 -946.564 471.396 7
9351800 26887 -15949 -724.654 468.163 7
9352100 32361 -17988 -767.796 112.737 7
9352101 23510 -14247 -1273.66 480.199 7
9352200 32106 -16935 -1198.74 546.233 7
9352400 35221 -21622 -683.99 -1160.08 7
9352500 35939 -18942 -1605.86 824.094 7
9352501 45796 -18617 -131.539 450.798 7
9352601 38522 -20458 -1110.55 616.188 7
9345500 2071 4734 -1232.04 728.18 8
9350000 1352 1616 -1528.05 624.433 8
9350400 8568 200 -349.098 1405.39 8
9350500 4460 146 -1483.46 885.404 8
9351201 21071 -14693 -1091.2 1055.99 8
9351300 21005 -13345 -776.976 404.1 8
9351400 15509 -7956 -931.322 1024.36 8
9351500 25521 -14380 1384.88 -679.66 8
9351600 -3330 2376 -785.693 -109.006 8
9351601 -3329 3410 -1259.62 203.638 8
9351800 25482 -15431 -1152.41 336.692 8
9352100 30741 -17193 -1155.27 401.318 8
9352101 21883 -13344 -1155.81 969.591 8
9352200 30386 -16437 -1223.3 381.652 8
9352400 35213 -22129 -168.368 -587.22 8
9352500 34390 -18653 -1513.33 -62.8739 8
9352501 45123 -18338 -616.444 335.756 8
9352601 36912 -20102 -996.936 444.186 8
9353200 23167 -16157 -971.747 287.755 8
9345500 965 5714 -934.276 1102.85 9
9350000 -195 2016 -1164.76 499.902 9
9350400 8041 1706 -267.158 1631.87 9
9350500 2965 1074 -1297.23 751.085 9
9351201 19983 -14006 -839.551 609.863 9
9351300 19993 -12474 -945.648 680.061 9
9351400 14202 -6888 -853.141 904.77 9
9351500 26700 -15014 1233.44 -484.559 9
9351600 -4990 2876 -1686.25 403.502 9
9351601 -5043 3765 -1450.39 507.819 9
9351800 24527 -14860 -744.789 512.666 9
9352100 29395 -16812 -965.577 527.75 9
9352101 20741 -12220 -971.747 780.428 9
9352200 28848 -16089 -1141.07 469.578 9
9352400 35228 -22080 161.058 -552.46 9
9352500 32697 -18525 -1710.69 -25.2881 9
9352501 44019 -18331 -1188.76 383.887 9
9352601 35419 -19650 -1438.98 466.788 9
9353200 22213 -15597 -921.855 545.41 9
9345500 306 6988 -593.267 1048.54 10
9350000 -1616 2349 -1276.4 654.405 10
9350500 1405 1595 -1391.61 231.046 10
9351201 19212 -13227 -818.528 731.644 10
9351300 19018 -11829 -805.826 406.018 10
9351400 13270 -5839 -641.696 960.321 10
9351500 28057 -15544 1165.38 -253.537 10
9351600 -6610 2860 -1159.67 -270.652 10
9351601 -6898 3898 -1167.19 365.338 10
9351800 23317 -14431 -1070.36 314.846 10
9352100 28183 -16373 -1100.22 684.527 10
9352101 19582 -11282 -1006.13 607.869 10
9352200 27381 -15757 -1058.57 805.889 10
9352400 35081 -22183 -741.463 -456.276 10
9352500 30959 -18064 -1600.53 314.193 10
9352501 43438 -17571 -530.545 742.039 10
9352601 33801 -19261 -1203.32 427.587 10
9353200 21082 -15191 -1307.24 288.719 10
9345500 -273 8607 -573.135 1688.06 11
9350000 -3254 2632 -1205.75 -108.816 11
9350500 -330 1784 -1226.32 164.334 11
9351201 18099 -12422 -734.415 648.246 11
9351300 17235 -11165 -1209.03 868.485 11
9351400 11958 -4395 -1011.86 846.761 11
9351500 29540 -15922 818.49 -389.746 11
9351600 -8354 2896 -1681.04 78.8212 11
9351601 -8248 3871 -1154.2 -290.019 11
9351800 21992 -13881 -916.76 517.772 11
9352100 27136 -15996 -819.64 364.696 11
9352101 17673 -10180 -1726.13 973.075 11
9352200 25804 -14974 -1162.16 810.171 11
9352400 35115 -22127 -364.121 -208.63 11
9352500 29047 -17490 -1391.87 552.276 11
9352601 32069 -19172 -1694.23 109.9 11
9353200 20033 -14558 -883.581 661.09 11
9345500 -637 10013 -119.435 685.09 12
9350000 -4597 2620 -1074.26 -253.839 12
9350500 -1799 1584 -1524.84 -372.821 12
9351201 16717 -11318 -1198.94 1244.96 12
9351300 16217 -10470 -997.617 717.586 12
9351400 11043 -3141 -746.827 785.237 12
9351500 31062 -16493 1324.34 -497.332 12
9351600 -9761 3159 -1391.68 584.785 12
9351601 -9964 3904 -1341.77 10.6162 12
9351800 20842 -13396 -818.086 652.483 12
9352100 25710 -15353 -1184.66 493.153 12
9352101 16390 -9006 -885.541 969.912 12
9352200 24302 -14499 -1111.36 547.141 12
9352400 35476 -21689 379.077 446.883 12
9352500 27639 -17158 -929.59 263.01 12
9352601 30079 -18212 -1158.08 558.84 12
9353200 19085 -13985 -690.098 320.88 12
9345500 -955 11490 -260.709 895.096 13
9350500 -3546 1362 -1079.6 -483.871 13
9351201 16061 -10406 -912.934 943.447 13
9351300 15189 -9229 -1191.54 930.352 13
9351400 10143 -1982 -879.884 696.248 13
9351500 32602 -17006 1300.83 -485.633 13
9351600 -11445 3389 -1467.4 580.784 13
9351601 -11331 4080 -1185.71 -108.215 13
9351800 20022 -12785 -672.872 382.861 13
9352100 24413 -15044 -882.128 -336.622 13
9352101 14987 -7553 -1072.96 1451.92 13
9352200 22593 -13878 -1466.12 521.628 13
9352400 35370 -21563 60.2304 512.307 13
9352500 26112 -16754 -1144.13 271.712 13
9352601 28259 -17593 -1404.68 711.656 13
9350500 -5391 1911 -1667.27 510.237 14
9351201 15293 -9476 -617.575 512.47 14
9351300 14094 -8118 -1115.51 988.159 14
9351400 9076 -542 -1211.31 1088.64 14
9351500 34114 -17459 857.254 -103.412 14
9351600 -12794 3415 -1218.82 446.978 14
9351601 -12867 4141 -1109.88 -126.919 14
9351800 19339 -12100 -675.08 792.743 14
9352100 23130 -14362 -1080.23 831.101 14
9352101 13649 -6362 -933.853 698.899 14
9352200 21170 -13321 -1206.56 209.853 14
9352400 35338 -21515 -220.267 493.604 14
9352500 24302 -16025 -1451.57 354.803 14
9352601 26830 -16971 -1294.87 998.752 14
9353900 -8171 3295 -1073.12 293.556 14
9350500 -7258 2340 -1312.21 366.715 15
9351201 14304 -8156 -647.703 805.359 15
9351300 12988 -6989 -913.434 873.002 15
9351400 8359 1119 -729.111 1618.2 15
9351500 35689 -17846 1128.53 -523.572 15
9351600 -14369 3440 -984.931 116.269 15
9351601 -14441 4396 -1085.52 200.775 15
9351800 17785 -11271 -1269.1 694.658 15
9352100 21713 -13838 -650.321 434.71 15
9352101 12459 -4924 -872.555 1117.8 15
9352200 20055 -12480 -858.463 639.654 15
9352400 35058 -22085 -266.908 -554.734 15
9352500 22835 -15483 -1089.13 511.884 15
9352601 25103 -16247 -1024.45 231.067 15
9353900 -9965 3319 -1292.43 270.615 15
9354100 16135 -11591 561.823 2.584 15
9350500 -8756 2182 -1427.6 232.617 16
9351201 13419 -7087 -874.947 785.378 16
9351300 12015 -5971 -940.964 1035.04 16
9351400 7771 2714 -372.095 1486.04 16
9351500 36991 -17988 1113.47 105.077 16
9351600 -15880 3501 -1261.71 355.187 16
9351601 -15797 4459 -1287.59 -117.733 16
9351800 16979 -10569 -900.888 639.607 16
9352100 20793 -13231 -580.849 550.54 16
9352101 11397 -3558 -739.518 1112.08 16
9352200 18804 -11919 -973.992 669.939 16
9352400 35039 -22087 -416.975 -526.865 16
9352500 21435 -15019 -1434.69 754.157 16
9352601 23582 -15460 -1600.27 797.133 16
9353900 -11459 3288 -1603.12 79.6804 16
9354100 15253 -10597 -952.605 871.157 16
9350500 -10465 2166 -1068.58 143.878 17
9351201 12728 -6011 -503.144 949.677 17
9351300 10756 -4642 -1010.64 928.136 17
9351500 38657 -18376 1455.39 -233.567 17
9351600 -17393 3565 -967.011 248.659 17
9351601 -17583 4427 -1196.78 -15.5252 17
9351800 16053 -9501 -675.185 743.202 17
9352100 19672 -12599 -656.859 715.622 17
9352101 10288 -2211 -682.317 957.58 17
9352200 16810 -10952 -1330.73 982.737 17
9352500 19886 -14255 -1197.36 618.331 17
9352601 22003 -14716 -1364.28 801.03 17
9353900 -13128 3423 -1273.17 289.307 17
9354100 14420 -9555 -649.814 854.197 17
9350500 -11913 1769 -998.303 -329.601 18
9351201 11731 -4935 -708.851 1167.25 18
9351300 9793 -3660 -789.577 883.865 18
9351500 39985 -18310 1161.61 -207.891 18
9351600 -18877 3615 -1262.31 44.3929 18
9351601 -18963 4412 -1319.79 -147.567 18
9351800 15288 -8585 -598.762 845.168 18
9352100 18552 -12119 -993.315 393.291 18
9352101 9247 -856 -916.854 879.808 18
9352200 15752 -10059 -1096.04 1008.77 18
9352500 18826 -13522 -729.607 1053.08 18
9352601 20526 -13944 -1587.14 577.483 18
9353900 -14503 3530 -1160.78 301.609 18
9354100 13702 -8670 -661.936 718.235 18
9350500 -13426 2117 -1034.92 -74.3235 19
9351201 10915 -3925 -522.683 786.774 19
9351300 8863 -2868 -872.333 656.806 19
9351500 41252 -18297 1100.4 -81.658 19
9351600 -20091 3733 -838.24 449.092 19
9351601 -20282 4469 -912.597 215.221 19
9351800 14399 -7721 -842.285 864.929 19
9352100 16904 -11346 -1816.33 642.778 19
9352101 8361 527 -759.551 654.439 19
9352200 14534 -9028 -1291.85 1151.96 19
9352601 19530 -13246 -691.715 1017.66 19
9353900 -16128 3362 -1499.15 -201.519 19
9354100 12876 -7886 -857.292 734.541 19
9354500 31047 -19037 -846.293 738.442 19
9350500 -15173 2532 -1022.98 322.028 20
9351201 10317 -2648 -744.922 1024.06 20
9351300 7655 -1696 -1116.86 814.015 20
9351500 42491 -18278 850.597 -43.4702 20
9351600 -21910 3245 -1546.22 -454.471 20
9351601 -22230 3772 -1321.55 -779.467 20
9351800 13378 -6891 -755.85 470.39 20
9352100 16081 -10486 -464.576 432.646 20
9352101 7762 2385 -806.066 1186.77 20
9352200 13672 -7841 -658.964 984.303 20
9352601 18335 -12412 -1120.44 652.92 20
9353900 -17789 3427 -1180.5 -159.272 20
9354100 11995 -7044 -623.378 759.053 20
9354500 29203 -18104 -1484.21 951.583 20
9354600 44584 -19775 -1146.45 -597.666 20
9354601 46066 -20963 -962.416 -740.078 20
9350500 -16736 2850 -1187.44 119.234 21
9351201 9750 -1696 -525.26 745.68 21
9351300 6657 -815 -1155.61 753.415 21
9351500 43632 -18322 842.748 -366.757 21
9351600 -23355 2864 -1276.06 -255.136 21
9351601 -23734 3508 -1345.43 -562.16 21
9351800 12631 -6068 -596.351 604.172 21
9352100 15318 -9407 -672.64 521.736 21
9352101 7150 3680 -905.016 1042.9 21
9352200 13408 -6332 -512.687 1519.82 21
9352601 16451 -11121 -1348.16 1361.57 21
9353900 -19162 3617 -1083.62 137.067 21
9354100 10902 -6192 -993.98 907.244 21
9354500 27940 -17428 -1335.3 595.95 21
9354600 43047 -20310 -1248.91 -442.424 21
9354601 44805 -21713 -697.769 -301.15 21
9354700 14614 -10722 -892.617 911.23 21
9350500 -18464 3260 -1033.84 162.431 22
9351201 9006 -221 -521.584 1001.52 22
9351300 5456 242 -929.217 826.097 22
9351500 45523 -18890 2346.84 13.3102 22
9351600 -25226 2086 -1071.63 -689.26 22
9351601 -25414 2848 -1330.22 -749.119 22
9351800 11353 -4741 -1264.25 963.231 22
9352100 14102 -7895 -827.55 1118.96 22
9352101 6530 5924 -677.364 1256.46 22
9352200 12308 -4275 -766.824 1602.37 22
9352601 15313 -9747 -898.313 1460.36 22
9353900 -20902 3225 -1138.47 -257.148 22
9354100 10096 -5190 -469.536 674.885 22
9354500 26228 -16490 -1496.78 985.306 22
9354600 41136 -20476 -1422.11 -86.0661 22
9354601 42405 -22361 -1871.92 -436.47 22
9354700 13415 -9085 -882.575 1415.75 22
9354900 46738 -22945 -462.209 -1271.6 22
9350500 -20030 3171 -1427.13 -318.673 23
9351201 8479 1015 -567.733 1269.06 23
9351300 4507 820 -866.207 519.26 23
9351500 45279 -20377 -1476.54 -1282.71 23
9351600 -26207 1433 -783.377 -561.68 23
9351601 -26585 2301 -1002.38 -350.006 23
9351800 10525 -4096 -740.26 680.26 23
9352100 13246 -7047 -645.261 751.471 23
9352200 11227 -2964 -788.226 1097.57 23
9352601 14175 -8929 -674.312 708.635 23
9353900 -22841 2662 -1715.1 -539.972 23
9354100 9279 -4201 -913.024 1150.79 23
9354500 24832 -15700 -834.934 820.392 23
9354600 39103 -20419 -1562.57 395.355 23
9354601 40721 -22355 -1659.17 44.3128 23
9354700 12226 -8001 -1194.24 735.097 23
9354901 46981 -23209 -108.722 -950.044 23
9350500 -21784 3345 -1539.96 270.274 24
9351201 7959 2249 -535.19 1152.17 24
9351300 3277 1418 -699.346 624.564 24
9351500 44072 -20905 -932.377 -828.785 24
9351600 -27515 921 -1112.55 -195.534 24
9351601 -27801 1445 -769.742 -744.019 24
9351800 9753 -3103 -600.541 658.041 24
9352100 12382 -6218 -690.627 867.671 24
9352200 10035 -1911 -905.418 1106.48 24
9352601 13089 -7907 -659.615 925.644 24
9353900 -24443 2098 -1671.74 -913.697 24
9354100 8750 -3459 -402.17 724.451 24
9354500 23450 -14688 -1195.92 807.418 24
9354600 37386 -20343 -1380.29 -87.6286 24
9354601 39079 -21618 -1389.77 449.218 24
9354700 11102 -6821 -1095.2 1125.7 24
9350500 -23531 2590 -1165.28 -362.211 25
9351201 7472 3538 -405.12 1005.58 25
9351300 1686 1825 -1110.03 218.172 25
9351500 42751 -21090 -991.374 117.087 25
9351600 -28830 -252 -1102.73 -1045.93 25
9351601 -28831 627 -755.459 -772.369 25
9351800 8936 -2191 -711.627 545.364 25
9352100 10982 -5014 -972.153 1097.84 25
9352200 8594 -550 -1179.5 847.179 25
9352601 11936 -6960 -1353.68 701.098 25
9353900 -25920 1403 -1000.01 -328.001 25
9354100 7967 -2448 -441.123 762.311 25
9354500 21862 -13532 -1285.63 707.047 25
9354600 35359 -19931 -1753.48 444.012 25
9354601 37649 -21273 -1195.1 709.477 25
9354700 9935 -5550 -957.038 1206.43 25
9355200 44111 -20683 -1011.28 -486.235 25
9350500 -25102 1857 -1215.49 -564.186 26
9351201 6769 4870 -571.707 967.03 26
9351300 242 1908 -1324.42 -357.282 26
9351500 41837 -20721 -887.433 390.686 26
9351600 -30079 -957 -1284.72 -235.53 26
9351601 -30311 -315 -1749.24 -556.679 26
9351800 7922 -1322 -696.407 841.711 26
9352100 10107 -4242 -664.277 578.908 26
9352200 7064 490 -1963.96 1097.13 26
9352601 10564 -5927 -1174.32 834.636 26
9353900 -27212 1103 -1026.74 -344.816 26
9354100 6944 -1388 -994.464 950.687 26
9354500 20572 -12625 -871.109 649.105 26
9354600 33556 -19446 -1583.35 323.923 26
9354601 36226 -20773 -1048.52 576.118 26
9354700 8915 -4311 -1027.56 1174.83 26
9355200 42859 -20557 -1382.02 769.347 26
9355201 46109 -21560 -277.626 -954.136 26
9350500 -26353 1374 -1031.74 -339.591 27
9351300 -777 2436 -1009.6 437.816 27
9351500 40276 -21087 -1271.26 634.178 27
9351600 -31461 -1474 -1038.72 172.769 27
9351601 -31714 -755 -1550.31 -565.8 27
9351800 6957 -541 -976.844 639.202 27
9352100 9332 -3492 -653.497 739.848 27
9352200 5625 1366 -1134.53 676.468 27
9352601 9807 -5127 -499.883 549.425 27
9353900 -28799 195 -1340.65 -967.394 27
9354100 6295 -154 -677.217 1097.48 27
9354500 19557 -11635 -1076.58 1106.52 27
9354600 32487 -19087 -579.593 146.758 27
9354601 34438 -20347 -1459.87 550.821 27
9354700 7860 -3377 -565.663 656.989 27
9355200 41749 -20700 -1214.9 2.54364 27
9355201 45756 -22216 -294.854 -444.232 27
9355400 40989 -17872 -1091.65 -239.557 27
9355401 45424 -20037 -922.502 -596.933 27
9350500 -27558 414 -904.807 -444.874 28
9351300 -1867 3316 -817.061 659.666 28
9351500 38903 -20784 -851.535 262.915 28
9351600 -33084 -1975 -1097.14 -307.361 28
9351601 -33321 -1014 -1208.2 -49.6353 28
9351800 5695 178 -964.888 564.45 28
9352100 7985 -2432 -1077.78 1022.41 28
9352200 3771 1468 -1402.43 -295.402 28
9352601 8688 -3867 -680.896 836.468 28
9353900 -30164 -487 -1415.06 -421.913 28
9354100 5748 1099 -201.423 367.06 28
9354500 17731 -10388 -1529.56 1247.91 28
9354601 32699 -19774 -1173.68 538.967 28
9354700 6426 -1980 -1321.39 810.005 28
9355200 40343 -20500 -1184.78 445.051 28
9355201 46638 -23210 589.534 -613.092 28
9355400 39231 -18213 -1206.08 -588.033 28
9355401 44153 -20507 -762.889 -419.336 28
9350500 -29121 -702 -1193.31 -536.613 29
9351300 -3571 3272 -1168.37 311.148 29
9351500 37569 -20570 -806.834 282.148 29
9351600 -34359 -2513 -843.135 -486 29
9351601 -34566 -1394 -1250.29 -221.371 29
9351800 4501 831 -1057.04 298.209 29
9352100 6824 -1217 -1333.95 1133.28 29
9352200 2100 2027 -1546.38 181.286 29
9352601 7861 -2495 -795.228 1095.65 29
9353900 -31984 -1180 -1216.74 -483.844 29
9354100 5380 2612 -142.999 1061.93 29
9354500 16433 -8980 -1129.66 1002.84 29
9354700 4853 -1245 -1362.76 400.143 29
9355200 38982 -20074 -1155.67 407.916 29
9355400 38945 -17931 -473.92 644.671 29
9355401 42785 -20679 -1333.45 -203.477 29
