9350500 -20030 3171 -1427.13 -318.673 0
9351201 8479 1015 -567.733 1269.06 0
9351300 4507 820 -866.207 519.26 0
9351500 45279 -20377 -1476.54 -1282.71 0
9351600 -26207 1433 -783.377 -561.68 0
9351601 -26585 2301 -1002.38 -350.006 0
9351800 10525 -4096 -740.26 680.26 0
9352100 13246 -7047 -645.261 751.471 0
9352200 11227 -2964 -788.226 1097.57 0
9352601 14175 -8929 -674.312 708.635 0
9353900 -22841 2662 -1715.1 -539.972 0
9354100 9279 -4201 -913.024 1150.79 0
9354500 24832 -15700 -834.934 820.392 0
9354600 39103 -20419 -1562.57 395.355 0
9354601 40721 -22355 -1659.17 44.3128 0
9354700 12226 -8001 -1194.24 735.097 0
9354901 46981 -23209 -108.722 -950.044 0
9350500 -21585.3 2835.86 -1419.67 -309.443 1
9351201 7853.61 2403.83 -566.855 1263.74 1
9351300 3549.12 1405.4 -867.583 525.111 1
9351500 43791.4 -21732.1 -1404.09 -1258.04 1
9351600 -27080.8 810.16 -789.08 -563.821 1
9351601 -27702.7 1901.04 -1008.7 -357.552 1
9351800 9687.88 -3332.97 -749.856 685.437 1
9352100 12530.3 -6204.77 -648.65 758.101 1
9352200 10364.2 -1734.61 -787.634 1107.2 1
9352601 13428.6 -8115.69 -678.943 723 1
9353900 -24704 2079.93 -1703.97 -534.253 1
9354100 8287.82 -2948.21 -904.865 1141.8 1
9354500 23892.2 -14787.3 -847.552 823.291 1
9354600 37394 -19998.3 -1559.73 385.827 1
9354601 38883.7 -22326.2 -1662.41 35.1474 1
9354700 10921.3 -7167.24 -1188.25 747.822 1
9354901 46850.5 -24349.1 -108.722 -950.044 1
9350500 -23124.6 2520.4 -1412.4 -300.401 2
9351201 7230.15 3780.72 -566.001 1258.43 2
9351300 2588 2003.15 -869.012 530.826 2
9351500 42456.9 -23035 -1333.56 -1233.98 2
9351600 -27967 183.425 -794.752 -565.771 2
9351601 -28833.9 1485.12 -1014.9 -364.892 2
9351800 8831.28 -2559.6 -759.035 690.383 2
9352100 11807.7 -5349.46 -651.915 764.387 2
9352200 9503.13 -484.907 -786.969 1116.6 2
9352601 12671.6 -7271.86 -683.637 737.036 2
9353900 -26543 1510.73 -1693.03 -528.511 2
9354100 7313.45 -1714.46 -897.039 1133.06 2
9354500 22925.5 -13869 -859.873 826.005 2
9354600 35691.4 -19598.6 -1556.89 376.351 2
9354601 37041.5 -22316.9 -1665.18 26.1947 2
9354700 9629.46 -6306.92 -1182.38 760.122 2
9354901 46720.1 -25489.1 -108.722 -950.044 2
9350500 -24648.6 2224.04 -1405.33 -291.542 3
9351201 6608.53 5145.76 -565.171 1253.14 3
9351300 1623.48 2612.8 -870.491 536.406 3
9351500 41269.4 -24287.5 -1264.92 -1210.5 3
9351600 -28865.4 -446.61 -800.394 -567.536 3
9351601 -29978.1 1053.88 -1020.98 -372.029 3
9351800 7956.49 -1776.64 -767.809 695.105 3
9352100 11078.5 -4482.15 -655.059 770.342 3
9352200 8643.87 784.351 -786.233 1125.78 3
9352601 11903.7 -6398.59 -688.39 750.744 3
9353900 -28358.6 954.419 -1682.3 -522.752 3
9354100 6354.85 -498.95 -889.535 1124.57 3
9354500 21932.9 -12945.6 -871.903 828.542 3
9354600 33995.2 -19219.9 -1554.04 366.928 3
9354601 35195.8 -22326.2 -1667.49 17.447 3
9354700 8349.94 -5421.33 -1176.63 772.009 3
9354901 46589.6 -26629.2 -108.722 -950.044 3
9350500 -26157.9 1946.19 -1398.43 -282.862 4
9351201 5988.67 6499.03 -564.367 1247.88 4
9351300 655.402 3233.94 -872.016 541.857 4
9351500 40222.8 -25491.4 -1198.11 -1187.59 4
9351600 -29776 -1079.38 -806.006 -569.123 4
9351601 -31135.1 607.964 -1026.95 -378.97 4
9351800 7064.78 -984.766 -776.193 699.61 4
9352100 10343.2 -3603.86 -658.086 775.976 4
9352200 7786.67 2072.43 -785.433 1134.73 4
9352601 11124.8 -5496.96 -693.196 764.128 4
9353900 -30151.5 411.032 -1671.75 -516.98 4
9354100 5411.02 699.08 -882.342 1116.31 4
9354500 20915.3 -12017.7 -883.651 830.91 4
9354600 32305.3 -18861.9 -1551.18 357.558 4
9354601 33348.1 -22353.7 -1669.37 8.89687 4
9354700 7082.39 -4511.77 -1170.99 783.495 4
9354901 46459.1 -27769.2 -108.722 -950.044 4
9350500 -27653.1 1686.3 -1391.71 -274.357 5
9351201 5370.48 7840.67 -563.588 1242.65 5
9351300 -316.358 3866.17 -873.586 547.18 5
9351500 39311.6 -26648.6 -1133.09 -1165.24 5
9351600 -30698.7 -1714.35 -811.587 -570.539 5
9351601 -32304.4 147.979 -1032.81 -385.721 5
9351800 6157.34 -184.656 -784.198 703.903 5
9352100 9602.1 -2715.58 -660.999 781.297 5
9352200 6931.7 3378.59 -784.571 1143.46 5
9352601 10334.8 -4568.01 -698.049 777.191 5
9353900 -31922.3 -119.437 -1661.4 -511.2 5
9354100 4481.02 1880.37 -875.447 1108.28 5
9354500 19873.6 -11085.7 -895.122 833.117 5
9354600 30621.8 -18524.4 -1548.31 348.242 5
9354601 31499.6 -22398.7 -1670.83 0.537125 5
9354700 5826.42 -3579.43 -1165.46 794.59 5
9354901 46328.7 -28909.3 -108.722 -950.044 5
9350500 -29134.7 1443.83 -1385.17 -266.022 6
9351201 4753.84 9170.78 -562.834 1237.44 6
9351300 -1291.97 4509.1 -875.196 552.379 6
9351500 38530 -27760.8 -1069.82 -1143.42 6
9351600 -31633.4 -2351.02 -817.138 -571.79 6
9351601 -33485.8 -325.503 -1038.56 -392.286 6
9351800 5235.29 623.076 -791.836 707.991 6
9352100 8855.52 -1818.23 -663.8 786.315 6
9352200 6079.12 4702.2 -783.652 1151.97 6
9352601 9533.52 -3612.7 -702.945 789.941 6
9353900 -33671.7 -636.981 -1651.23 -505.414 6
9354100 3563.91 3045.67 -868.842 1100.48 6
9354500 18808.5 -10150.2 -906.324 835.167 6
9354600 28944.7 -18207.3 -1545.44 338.98 6
9354601 29651.6 -22460.6 -1671.89 -7.63638 6
9354700 4581.64 -2625.49 -1160.05 805.306 6
9354901 46198.2 -30049.3 -108.722 -950.044 6
9350500 -30605 1218.68 -1378.75 -257.847 7
9351201 4137.78 10492.1 -562.094 1232.34 7
9351300 -2272.65 5164.15 -876.776 557.478 7
9351500 37881.5 -28828.7 -1007.76 -1122.03 7
9351600 -32581.5 -2991.47 -822.582 -573.017 7
9351601 -34681.3 -813.742 -1044.19 -398.725 7
9351800 4295.47 1440.83 -799.327 712 7
9352100 8101.65 -908.672 -666.548 791.238 7
9352200 5226.92 6046.15 -782.75 1160.32 7
9352601 8720.39 -2628.78 -707.746 802.445 7
9353900 -35402.6 -1143.19 -1641.26 -499.739 7
9354100 2659.28 4196.36 -862.365 1092.83 7
9354500 17717.8 -9208.77 -917.31 837.179 7
9354600 27270.7 -17909.3 -1542.62 329.897 7
9354601 27798.1 -22539.9 -1672.92 -15.6526 7
9354700 3346.24 -1647.14 -1154.73 815.815 7
9354901 46067.7 -31189.4 -108.722 -950.044 7
9350500 -32259.5 909.265 -1378.75 -257.847 8
9351201 3463.27 11970.9 -562.094 1232.34 8
9351300 -3324.78 5833.13 -876.776 557.478 8
9351500 36672.2 -30175.1 -1007.76 -1122.03 8
9351600 -33568.6 -3679.09 -822.582 -573.017 8
9351601 -35934.4 -1292.21 -1044.19 -398.725 8
9351800 3336.28 2295.23 -799.327 712 8
9352100 7301.8 40.813 -666.548 791.238 8
9352200 4287.62 7438.53 -782.75 1160.32 8
9352601 7871.09 -1665.85 -707.746 802.445 8
9353900 -37372.1 -1742.87 -1641.26 -499.739 8
9354100 1624.44 5507.76 -862.365 1092.83 8
9354500 16617 -8204.16 -917.31 837.179 8
9354600 25419.5 -17513.4 -1542.62 329.897 8
9354601 25790.6 -22558.7 -1672.92 -15.6526 8
9354700 1960.56 -668.163 -1154.73 815.815 8
9354901 45937.3 -32329.4 -108.722 -950.044 8
