9345500 2071 4734 -1232.04 728.18 0
9350000 1352 1616 -1528.05 624.433 0
9350400 8568 200 -349.098 1405.39 0
9350500 4460 146 -1483.46 885.404 0
9351201 21071 -14693 -1091.2 1055.99 0
9351300 21005 -13345 -776.976 404.1 0
9351400 15509 -7956 -931.322 1024.36 0
9351500 25521 -14380 1384.88 -679.66 0
9351600 -3330 2376 -785.693 -109.006 0
9351601 -3329 3410 -1259.62 203.638 0
9351800 25482 -15431 -1152.41 336.692 0
9352100 30741 -17193 -1155.27 401.318 0
9352101 21883 -13344 -1155.81 969.591 0
9352200 30386 -16437 -1223.3 381.652 0
9352400 35213 -22129 -168.368 -587.22 0
9352500 34390 -18653 -1513.33 -62.8739 0
9352501 45123 -18338 -616.444 335.756 0
9352601 36912 -20102 -996.936 444.186 0
9353200 23167 -16157 -971.747 287.755 0
9345500 719.534 5528.97 -1227.46 725.335 1
9350000 -322.447 2316.65 -1523.87 629.576 1
9350400 8177.04 1735.71 -354.8 1401.33 1
9350500 2817.04 1130.03 -1484.12 888.879 1
9351201 19870 -13559.7 -1090.98 1040.32 1
9351300 20138.1 -12878.1 -783.973 414.649 1
9351400 14487.5 -6842.77 -929.415 1019.67 1
9351500 27042.2 -15114.1 1383.72 -672.617 1
9351600 -4199.45 2264.33 -790.927 -102.208 1
9351601 -4702.64 3647.09 -1254.04 208.507 1
9351800 24233.8 -15057.1 -1144.22 339.135 1
9352100 29491.9 -16769.5 -1147.88 396.028 1
9352101 20611.2 -12295.5 -1158.04 959.764 1
9352200 29047.5 -16010.8 -1222.58 384.726 1
9352400 35000.3 -22801.9 -178.52 -597.519 1
9352500 32717.4 -18690.6 -1514.73 -46.083 1
9352501 44465.9 -17959.7 -606.871 338.225 1
9352601 35817.3 -19602.4 -999.377 447.458 1
9353200 22000.9 -15811.7 -971.747 287.755 1
9345500 -622.205 6318.69 -1222.98 722.725 2
9350000 -1987.26 3028.33 -1519.62 634.623 2
9350400 7773.66 3262.79 -360.415 1397.36 2
9350500 1173.6 2120.94 -1484.58 892.181 2
9351201 18669.5 -12459.4 -1090.76 1025.07 2
9351300 19256.2 -12389 -790.856 424.898 2
9351400 13469.2 -5739.32 -927.741 1015.13 2
9351500 28560.6 -15833.6 1382.51 -665.849 2
9351600 -5079.97 2167.02 -796.04 -95.6198 2
9351601 -6065.28 3893.93 -1248.79 213.148 2
9351800 23003.1 -14678 -1136.21 341.488 2
9352100 28258.5 -16356.7 -1140.66 390.968 2
9352101 19334.6 -11269 -1160.21 949.934 2
9352200 27711.1 -15578 -1221.77 387.697 2
9352400 34765.5 -23495.3 -188.593 -607.265 2
9352500 31042.7 -18692.6 -1515.93 -29.7429 2
9352501 43829.8 -17575.5 -597.364 340.765 2
9352601 34716.8 -19096 -1001.89 450.642 2
9353200 20834.8 -15466.4 -971.747 287.755 2
9345500 -1954.58 7103.89 -1218.62 720.343 3
9350000 -3642.29 3750.71 -1515.32 639.575 3
9350400 7358.12 4781.46 -365.945 1393.45 3
9350500 -469.698 3118.19 -1484.85 895.316 3
9351201 17469.5 -11390.9 -1090.53 1010.24 3
9351300 18359.6 -11878.6 -797.627 434.851 3
9351400 12453.3 -4645.18 -926.29 1010.75 3
9351500 30076 -16539.5 1381.24 -659.345 3
9351600 -5971.17 2083.44 -801.035 -89.2293 3
9351601 -7417.88 4149.84 -1243.84 217.572 3
9351800 21789.4 -14294.1 -1128.36 343.752 3
9352100 27040.1 -15953.7 -1133.61 386.132 3
9352101 18053.4 -10264.3 -1162.32 940.109 3
9352200 26377.2 -15139.1 -1220.85 390.571 3
9352400 34508.7 -24207.4 -198.584 -616.474 3
9352500 29366.6 -18660.5 -1516.93 -13.8396 3
9352501 43214.5 -17185 -587.923 343.369 3
9352601 33610 -18583.1 -1004.48 453.735 3
9353200 19668.7 -15121.1 -971.747 287.755 3
9345500 -3277.93 7885.27 -1214.37 718.179 4
9350000 -5287.36 4483.51 -1510.96 644.435 4
9350400 6930.72 6291.97 -371.39 1389.62 4
9350500 -2112.28 4121.28 -1484.94 898.291 4
9351201 16270 -10352.9 -1090.3 995.8 4
9351300 17448.6 -11347.8 -804.289 444.517 4
9351400 11439.3 -3559.87 -925.053 1006.5 4
9351500 31588.3 -17232.5 1379.92 -653.097 4
9351600 -6872.69 2013.02 -805.915 -83.0259 4
9351601 -8761.38 4414.14 -1239.19 221.786 4
9351800 20592.1 -13905.5 -1120.69 345.929 4
9352100 25836.3 -15559.9 -1126.74 381.514 4
9352101 16767.9 -9281.52 -1164.37 930.298 4
9352200 25046 -14694.3 -1219.84 393.351 4
9352400 34230.4 -24936.5 -208.496 -625.159 4
9352500 27689.6 -18595.7 -1517.75 1.64034 4
9352501 42619.7 -16788.1 -578.551 346.029 4
9352601 32496.9 -18064 -1007.13 456.734 4
9353200 18502.6 -14775.8 -971.747 287.755 4
9345500 -4592.6 8663.49 -1210.22 716.227 5
9350000 -6922.37 5226.42 -1506.57 649.205 5
9350400 6491.71 7794.56 -376.755 1385.86 5
9350500 -3753.58 5129.73 -1484.85 901.111 5
9351201 15071.1 -9344 -1090.07 981.757 5
9351300 16523.8 -10797.6 -810.843 453.901 5
9351400 10426.4 -2482.92 -924.022 1002.4 5
9351500 33097.2 -17913.4 1378.54 -647.095 5
9351600 -7784.16 1955.21 -810.683 -76.9991 5
9351601 -10096.6 4686.23 -1234.81 225.799 5
9351800 19410.6 -13512.7 -1113.18 348.021 5
9352100 24646.5 -15174.7 -1120.03 377.109 5
9352101 15478.2 -8320.38 -1166.36 920.509 5
9352200 23717.8 -14243.9 -1218.74 396.041 5
9352400 33930.6 -25681 -218.327 -633.334 5
9352500 26012.2 -18499.4 -1518.38 16.7102 5
9352501 42045.2 -16384.8 -569.247 348.738 5
9352601 31377.2 -17539 -1009.85 459.638 5
9353200 17336.5 -14430.5 -971.747 287.755 5
9345500 -5898.95 9439.22 -1206.18 714.478 6
9350000 -8547.21 5979.19 -1502.12 653.885 6
9350400 6041.34 9289.5 -382.038 1382.17 6
9350500 -5393.11 6143.09 -1484.58 903.783 6
9351201 13872.7 -8363.04 -1089.83 968.097 6
9351300 15585.2 -10228.7 -817.292 463.01 6
9351400 9414.01 -1413.87 -923.188 998.432 6
9351500 34602.8 -18583.1 1377.11 -641.332 6
9351600 -8705.28 1909.47 -815.34 -71.1443 6
9351601 -11424.6 4965.48 -1230.71 229.618 6
9351800 18244.4 -13115.8 -1105.83 350.031 6
9352100 23470.1 -14797.2 -1113.5 372.91 6
9352101 14184.5 -7380.85 -1168.3 910.744 6
9352200 22392.8 -13788.2 -1217.56 398.643 6
9352400 33609.8 -26439.4 -228.078 -641.017 6
9352500 24334.9 -18372.9 -1518.85 31.3799 6
9352501 41490.7 -15974.8 -560.013 351.494 6
9352601 30250.7 -17008.4 -1012.63 462.448 6
9353200 16170.4 -14085.2 -971.747 287.755 6
9345500 -7198.89 10212.6 -1202.21 712.764 7
9350000 -10165.5 6743.13 -1497.77 658.475 7
9350400 5578.89 10779.3 -387.22 1378.55 7
9350500 -7034.79 7163.85 -1484.32 906.402 7
9351201 12672.8 -7409.42 -1089.6 954.701 7
9351300 14631.3 -9639.62 -823.616 471.944 7
9351400 8401.66 -351.273 -922.37 994.543 7
9351500 36108 -19241.6 1375.71 -635.679 7
9351600 -9638 1876.18 -819.908 -65.4021 7
9351601 -12746.1 5253.28 -1226.68 233.363 7
9351800 17091.7 -12713.9 -1098.63 352.001 7
9352100 22305.3 -14428 -1107.08 368.791 7
9352101 12884.4 -6460.4 -1170.19 901.167 7
9352200 21067.8 -13326.2 -1216.4 401.196 7
9352400 33267.8 -27215.3 -237.641 -648.552 7
9352500 22653.7 -18215 -1519.32 45.7674 7
9352501 40954.9 -15558.4 -550.957 354.197 7
9352601 29116.3 -16471 -1015.35 465.205 7
9353200 15004.3 -13739.9 -971.747 287.755 7
9345500 -8641.54 11067.9 -1202.21 712.764 8
9350000 -11962.8 7533.3 -1497.77 658.475 8
9350400 5114.23 12433.5 -387.22 1378.55 8
9350500 -8815.98 8251.54 -1484.32 906.402 8
9351201 11365.2 -6263.78 -1089.6 954.701 8
9351300 13642.9 -9073.28 -823.616 471.944 8
9351400 7294.82 842.178 -922.37 994.543 8
9351500 37758.8 -20004.5 1375.71 -635.679 8
9351600 -10621.9 1797.7 -819.908 -65.4021 8
9351601 -14218.1 5533.31 -1226.68 233.363 8
9351800 15773.4 -12291.5 -1098.63 352.001 8
9352100 20976.8 -13985.4 -1107.08 368.791 8
9352101 11480.1 -5379 -1170.19 901.167 8
9352200 19608.1 -12844.8 -1216.4 401.196 8
9352400 32982.7 -27993.6 -237.641 -648.552 8
9352500 20830.6 -18160.1 -1519.32 45.7674 8
9352501 40293.7 -15133.4 -550.957 354.197 8
9352601 27897.9 -15912.8 -1015.35 465.205 8
9353200 13838.2 -13394.5 -971.747 287.755 8
