9345500 3209 3864 -990.409 560.889 0
9350000 3002 960 -1325.63 891.466 0
9350400 9314 -1533 -643.285 1195.37 0
9350500 5727 -793 -1537.96 1077.72 0
9351201 22320 -15566 -1080.62 229.097 0
9351300 22134 -13934 -1138.51 962.695 0
9351400 16579 -9325 -811.04 774.786 0
9351500 23886 -13691 1333.63 -298.443 0
9351600 -2048 2127 -1059.97 253.719 0
9351601 -1843 3280 -946.564 471.396 0
9351800 26887 -15949 -724.654 468.163 0
9352100 32361 -17988 -767.796 112.737 0
9352101 23510 -14247 -1273.66 480.199 0
9352200 32106 -16935 -1198.74 546.233 0
9352400 35221 -21622 -683.99 -1160.08 0
9352500 35939 -18942 -1605.86 824.094 0
9352501 45796 -18617 -131.539 450.798 0
9352601 38522 -20458 -1110.55 616.188 0
9345500 2111.92 4503.42 -991.999 570.696 1
9350000 1560.58 1944.73 -1317.92 891.618 1
9350400 8601.86 -218.383 -644.392 1195.05 1
9350500 4052.62 378.496 -1527.83 1071.81 1
9351201 21131.1 -15302.1 -1080.2 235.318 1
9351300 20882.9 -12878.2 -1139.6 957.558 1
9351400 15661.4 -8472.02 -821.754 777.786 1
9351500 25346.6 -14032.9 1329.25 -306.124 1
9351600 -3204.2 2397.91 -1058.85 248.826 1
9351601 -2907.79 3782.03 -958.424 463.928 1
9351800 26093.9 -15433.2 -725.653 465.936 1
9352100 31520 -17850.4 -769.303 119.578 1
9352101 22111.5 -13743.7 -1272.73 469.249 1
9352200 30811.1 -16333.6 -1192.38 543.761 1
9352400 34451.8 -22864.2 -690.094 -1141.21 1
9352500 34195.3 -18044.3 -1595.86 816.863 1
9352501 45665.4 -18090.9 -125.124 457.612 1
9352601 37283.4 -19779.9 -1117.26 615.351 1
9345500 1011.74 5163.75 -993.51 580.295 2
9350000 135.447 2929.73 -1310.41 891.769 2
9350400 7887.27 1095.73 -645.518 1194.77 2
9350500 2399.95 1537.59 -1517.9 1066.07 2
9351201 19943.1 -15024.5 -1079.78 241.503 2
9351300 19629.2 -11833.8 -1140.68 952.445 2
9351400 14721.2 -7612.13 -832.202 780.82 2
9351500 26797.6 -14391 1324.94 -313.569 2
9351600 -4358.01 2659.75 -1057.77 244.345 2
9351601 -3997.22 4268.59 -969.873 456.722 2
9351800 25298.7 -14922.5 -726.629 463.695 2
9352100 30675.2 -17697.9 -770.911 126.334 2
9352101 20715.3 -13262.8 -1271.79 458.783 2
9352200 29529.5 -15737.3 -1186.16 541.413 2
9352400 33669.5 -24065.4 -696.123 -1122.56 2
9352500 32472.2 -17161.4 -1586.22 809.931 2
9352501 45548.6 -17551.1 -118.837 464.095 2
9352601 36030.6 -19104.8 -1123.8 614.273 2
9345500 -91.2803 5844.35 -994.944 589.689 3
9350000 -1274.04 3914.97 -1303.1 891.918 3
9350400 7170.15 2409.48 -646.665 1194.54 3
9350500 768.316 2684.87 -1508.17 1060.52 3
9351201 18756 -14733.4 -1079.37 247.651 3
9351300 18373.1 -10800.7 -1141.76 947.361 3
9351400 13759.4 -6745.24 -842.388 783.884 3
9351500 28239.4 -14764.4 1320.69 -320.785 3
9351600 -5509.55 2913.79 -1056.71 240.261 3
9351601 -5109.99 4740.53 -980.921 449.772 3
9351800 24501.5 -14416.8 -727.584 461.445 3
9352100 29826.2 -17530.7 -772.617 133.007 3
9352101 19321.3 -12802.7 -1270.84 448.784 3
9352200 28261 -15145.6 -1180.09 539.185 3
9352400 32874.4 -25226.2 -702.08 -1104.13 3
9352500 30768.8 -16292.5 -1576.92 803.288 3
9352501 45445 -16998.8 -112.677 470.254 3
9352601 34764.3 -18433.3 -1130.17 612.959 3
9345500 -1196.91 6544.56 -996.304 598.885 4
9350000 -2668.5 4900.45 -1295.99 892.064 4
9350400 6450.45 3723.03 -647.832 1194.36 4
9350500 -842.924 3820.9 -1498.64 1055.15 4
9351201 17569.9 -14428.8 -1078.96 253.757 4
9351300 17114.6 -9778.64 -1142.84 942.306 4
9351400 12776.6 -5871.29 -852.318 786.973 4
9351500 29672.1 -15152.4 1316.5 -327.775 4
9351600 -6658.92 3161.27 -1055.69 236.56 4
9351601 -6244.86 5198.66 -991.582 443.073 4
9351800 23702.3 -13916.3 -728.523 459.19 4
9352100 28972.8 -17349.1 -774.416 139.595 4
9352101 17929.5 -12362 -1269.88 439.236 4
9352200 27004.8 -14558.3 -1174.17 537.073 4
9352400 32066.6 -26347.4 -707.967 -1085.92 4
9352500 29083.9 -15436.7 -1567.96 796.921 4
9352501 45354.4 -16434.9 -106.642 476.096 4
9352601 33484.8 -17766.4 -1136.39 611.416 4
9345500 -2304.9 7263.75 -997.59 607.886 5
9350000 -4048.54 5886.16 -1289.06 892.209 5
9350400 5728.08 5036.5 -649.019 1194.22 5
9350500 -2434.4 4946.24 -1489.3 1049.94 5
9351201 16384.7 -14111.1 -1078.56 259.818 5
9351300 15853.5 -8767.65 -1143.91 937.284 5
9351400 11773.8 -4990.24 -861.998 790.082 5
9351500 31096 -15554.3 1312.37 -334.546 5
9351600 -7806.21 3403.34 -1054.69 233.229 5
9351601 -7400.63 5643.77 -1001.87 436.619 5
9351800 22901.1 -13420.7 -729.447 456.932 5
9352100 28114.6 -17153.5 -776.307 146.101 5
9352101 16540.1 -11939.4 -1268.9 430.125 5
9352200 25760.6 -13975 -1168.41 535.073 5
9352400 31246.5 -27429.6 -713.785 -1067.93 5
9352500 27416.5 -14593.1 -1559.31 790.822 5
9352501 45276.3 -15860.5 -100.729 481.627 5
9352601 32192.8 -17104.6 -1142.44 609.648 5
9345500 -3415.09 8001.35 -998.805 616.697 6
9350000 -5414.79 6872.13 -1282.32 892.35 6
9350400 5002.96 6350.07 -650.226 1194.13 6
9350500 -4006.77 6061.45 -1480.15 1044.9 6
9351201 15200.4 -13780.2 -1078.15 265.834 6
9351300 14590 -7767.55 -1144.98 932.294 6
9351400 10751.6 -4102 -871.435 793.208 6
9351500 32511.2 -15969.5 1308.3 -341.102 6
9351600 -8951.56 3641.14 -1053.73 230.254 6
9351601 -8576.18 6076.63 -1011.79 430.404 6
9351800 22097.9 -12930.2 -730.358 454.674 6
9352100 27251.4 -16944 -778.285 152.525 6
9352101 15152.9 -11533.4 -1267.92 421.437 6
9352200 24527.8 -13395.2 -1162.78 533.181 6
9352400 30414.1 -28473.6 -719.535 -1050.14 6
9352500 25765.5 -13760.8 -1550.98 784.982 6
9352501 45210.4 -15276.5 -94.9381 486.859 6
9352601 30888.7 -16448.7 -1148.34 607.666 6
9345500 -4529.72 8758.88 -999.997 625.339 7
9350000 -6769.14 7860.05 -1275.71 892.489 7
9350400 4274.05 7665.72 -651.409 1194.03 7
9350500 -5562.42 7167.96 -1471.18 1039.96 7
9351201 14014.9 -13435.9 -1077.76 271.735 7
9351300 13321.9 -6776.43 -1146.03 927.401 7
9351400 9707.63 -3205.49 -880.689 796.275 7
9351500 33920.2 -16399.3 1304.31 -347.532 7
9351600 -10097 3872.97 -1052.78 227.337 7
9351601 -9774.86 6497.08 -1021.52 424.308 7
9351800 21291.2 -12443.7 -731.25 452.459 7
9352100 26382.4 -16720.5 -780.226 158.825 7
9352101 13765.3 -11145.1 -1266.95 412.916 7
9352200 23304.5 -12818.6 -1157.27 531.325 7
9352400 29568.2 -29481.6 -725.175 -1032.7 7
9352500 24129.3 -12939.6 -1542.81 779.254 7
9352501 45156.5 -14680.6 -89.2582 491.991 7
9352601 29569.8 -15795.8 -1154.12 605.722 7
9345500 -5729.72 9509.29 -999.997 625.339 8
9350000 -8299.99 8931.04 -1275.71 892.489 8
9350400 3492.36 9098.55 -651.409 1194.03 8
9350500 -7327.84 8415.92 -1471.18 1039.96 8
9351201 12721.6 -13109.8 -1077.76 271.735 8
9351300 11946.7 -5663.54 -1146.03 927.401 8
9351400 8650.81 -2249.96 -880.689 796.275 8
9351500 35485.3 -16816.3 1304.31 -347.532 8
9351600 -11360.4 4145.77 -1052.78 227.337 8
9351601 -11000.7 7006.25 -1021.52 424.308 8
9351800 20413.7 -11900.8 -731.25 452.459 8
9352100 25446.1 -16529.9 -780.226 158.825 8
9352101 12245 -10649.6 -1266.95 412.916 8
9352200 21915.8 -12181 -1157.27 531.325 8
9352400 28697.9 -30720.9 -725.175 -1032.7 8
9352500 22277.9 -12004.5 -1542.81 779.254 8
9352501 45049.4 -14090.2 -89.2582 491.991 8
9352601 28184.8 -15069 -1154.12 605.722 8
