9345500 306 6988 -593.267 1048.54 0
9350000 -1616 2349 -1276.4 654.405 0
9350500 1405 1595 -1391.61 231.046 0
9351201 19212 -13227 -818.528 731.644 0
9351300 19018 -11829 -805.826 406.018 0
9351400 13270 -5839 -641.696 960.321 0
9351500 28057 -15544 1165.38 -253.537 0
9351600 -6610 2860 -1159.67 -270.652 0
9351601 -6898 3898 -1167.19 365.338 0
9351800 23317 -14431 -1070.36 314.846 0
9352100 28183 -16373 -1100.22 684.527 0
9352101 19582 -11282 -1006.13 607.869 0
9352200 27381 -15757 -1058.57 805.889 0
9352400 35081 -22183 -741.463 -456.276 0
9352500 30959 -18064 -1600.53 314.193 0
9352501 43438 -17571 -530.545 742.039 0
9352601 33801 -19261 -1203.32 427.587 0
9353200 21082 -15191 -1307.24 288.719 0
9345500 -363.449 8142.76 -600.037 1049.31 1
9350000 -3018.02 3071.22 -1274.51 651.533 1
9350500 -124.259 1867.83 -1389.94 241.155 1
9351201 18306 -12424.6 -819.117 729.6 1
9351300 18125.8 -11374 -808.405 411.107 1
9351400 12557.9 -4782.84 -645.818 959.332 1
9351500 29343.3 -15829.2 1166.8 -258.112 1
9351600 -7902.53 2584.89 -1169.15 -258.047 1
9351601 -8185.18 4311.5 -1172.48 367.865 1
9351800 22151.6 -14077.3 -1064.38 318.527 1
9352100 26976.4 -15619.8 -1097.75 681.409 1
9352101 18475.4 -10609.4 -1005.6 611.31 1
9352200 26216.6 -14873.2 -1060.22 799.36 1
9352400 34290.2 -22698.4 -724.361 -458.17 1
9352500 29190.3 -17735.1 -1602.51 307.665 1
9352501 42825.5 -16767.9 -542.771 735.118 1
9352601 32471.2 -18786.5 -1207.54 428.331 1
9353200 19652.3 -14863.7 -1299.86 293.468 1
9345500 -1047.79 9298.66 -606.777 1049.92 2
9350000 -4416.48 3787.46 -1272.78 648.768 2
9350500 -1650.23 2162.56 -1388.36 251.122 2
9351201 17398.5 -11626 -819.783 727.732 2
9351300 17228.4 -10908.4 -810.884 416.014 2
9351400 11836.9 -3728.67 -649.886 958.397 2
9351500 30633 -16124.5 1168.24 -262.659 2
9351600 -9214.08 2336.01 -1178.13 -245.856 2
9351601 -9483.5 4729.92 -1177.61 370.241 2
9351800 20998.5 -13716 -1058.65 322.078 2
9352100 25774.8 -14873.6 -1095.39 678.298 2
9352101 17369.5 -9929.31 -1005.16 614.737 2
9352200 25048.6 -14003.7 -1061.86 792.929 2
9352400 33535.7 -23218.1 -707.719 -460.054 2
9352500 27417.5 -17420.1 -1604.38 301.272 2
9352501 42187.9 -15979.4 -554.544 728.317 2
9352601 31133 -18310.4 -1211.51 429.057 2
9353200 18238.1 -14526.7 -1292.64 298.034 2
9345500 -1746.91 10455.2 -613.483 1050.39 3
9350000 -5811.86 4498.07 -1271.21 646.109 3
9350500 -3173.24 2478.75 -1386.87 260.949 3
9351201 16489.2 -10830.7 -820.524 726.03 3
9351300 16325.9 -10432.8 -813.269 420.748 3
9351400 11107.3 -2676.33 -653.901 957.515 3
9351500 31926.1 -16429.7 1169.71 -267.174 3
9351600 -10543.1 2112.05 -1186.64 -234.068 3
9351601 -10792.4 5152.79 -1182.55 372.473 3
9351800 19856.8 -13347.4 -1053.16 325.503 3
9352100 24578.1 -14134.3 -1093.13 675.195 3
9352101 16264.3 -9241.66 -1004.79 618.147 3
9352200 23877 -13148 -1063.5 786.597 3
9352400 32815.8 -23742 -691.53 -461.93 3
9352500 25641.2 -17118.5 -1606.15 295.017 3
9352501 41526.5 -15205.3 -565.874 721.635 3
9352601 29787.1 -17832.8 -1215.27 429.766 3
9353200 16839.1 -14180.3 -1285.58 302.423 3
9345500 -2460.66 11611.9 -620.153 1050.71 4
9350000 -7204.62 5203.39 -1269.77 643.554 4
9350500 -4693.56 2815.94 -1385.48 270.641 4
9351201 15577.9 -10038.1 -821.337 724.482 4
9351300 15418.6 -9947.76 -815.564 425.317 4
9351400 10369.1 -1625.68 -657.862 956.681 4
9351500 33222.7 -16744.8 1171.2 -271.657 4
9351600 -11888.1 1911.79 -1194.68 -222.669 4
9351601 -12111.3 5579.67 -1187.33 374.568 4
9351800 18725.9 -12972.1 -1047.89 328.807 4
9352100 23385.9 -13401.9 -1090.97 672.098 4
9352101 15159.3 -8546.58 -1004.5 621.535 4
9352200 22701.7 -12305.9 -1065.13 780.363 4
9352400 32129.3 -24270.1 -675.787 -463.801 4
9352500 23861.5 -16829.9 -1607.81 288.904 4
9352501 40842.8 -14445.2 -576.77 715.07 4
9352601 28434.2 -17353.7 -1218.8 430.46 4
9353200 15454.7 -13825.3 -1278.67 306.639 4
9345500 -3188.92 12768.4 -626.785 1050.9 5
9350000 -8595.19 5903.75 -1268.48 641.102 5
9350500 -6211.5 3173.7 -1384.18 280.198 5
9351201 14664.3 -9247.9 -822.218 723.078 5
9351300 14506.9 -9453.73 -817.775 429.73 5
9351400 9622.53 -576.561 -661.77 955.894 5
9351500 34522.8 -17069.7 1172.7 -276.103 5
9351600 -13247.7 1734.01 -1202.28 -211.646 5
9351601 -13439.6 6010.17 -1191.94 376.53 5
9351800 17605 -12590.3 -1042.85 331.993 5
9352100 22198 -12676.4 -1088.89 669.007 5
9352101 14054.5 -7844.17 -1004.28 624.897 5
9352200 21522.9 -11477 -1066.76 774.225 5
9352400 31474.5 -24802.5 -660.481 -465.668 5
9352500 22078.8 -16553.7 -1609.38 282.933 5
9352501 40138.1 -13698.6 -587.241 708.622 5
9352601 27074.9 -16873.1 -1222.13 431.141 5
9353200 14084.3 -13462.1 -1271.92 310.687 5
9345500 -3931.59 13924.3 -633.376 1050.95 6
9350000 -9984.04 6599.51 -1267.32 638.749 6
9350500 -7727.38 3551.62 -1382.97 289.623 6
9351201 13748.2 -8459.59 -823.164 721.814 6
9351300 13590.9 -8951.17 -819.903 433.99 6
9351400 8867.76 471.186 -665.626 955.15 6
9351500 35826.5 -17404.1 1174.23 -280.512 6
9351600 -14620.6 1577.57 -1209.45 -200.989 6
9351601 -14777 6443.89 -1196.39 378.364 6
9351800 16493.4 -12202.3 -1038.02 335.066 6
9352100 21014 -11957.9 -1086.89 665.923 6
9352101 12949.5 -7134.5 -1004.13 628.234 6
9352200 20340.5 -10661.1 -1068.38 768.184 6
9352400 30850.3 -25339.1 -645.602 -467.533 6
9352500 20293.4 -16289.6 -1610.86 277.102 6
9352501 39413.8 -12965.2 -597.3 702.288 6
9352601 25709.9 -16391.2 -1225.25 431.808 6
9353200 12727.5 -13091.2 -1265.3 314.572 6
9345500 -4689.46 15082.3 -639.841 1051.01 7
9350000 -11372.8 7291.31 -1266.19 636.442 7
9350500 -9243.27 3950.23 -1381.78 298.866 7
9351201 12828.6 -7672.63 -824.092 720.574 7
9351300 12668.7 -8438.66 -821.991 438.168 7
9351400 8103.44 1519.15 -669.408 954.421 7
9351500 37135.7 -17748.6 1175.72 -284.837 7
9351600 -16011.1 1443.54 -1216.48 -190.537 7
9351601 -16126.2 6882.13 -1200.75 380.164 7
9351800 15390.2 -11807.2 -1033.28 338.079 7
9352100 19832.2 -11244.7 -1084.94 662.898 7
9352101 11842.9 -6416.46 -1003.98 631.507 7
9352200 19152.5 -9856.72 -1069.96 762.259 7
9352400 30256.6 -25880.4 -631.01 -469.361 7
9352500 18501.7 -16037.2 -1612.31 271.383 7
9352501 38666.9 -12244 -607.165 696.077 7
9352601 24335.9 -15907 -1228.31 432.463 7
9353200 11382.5 -12711.5 -1258.82 318.383 7
9345500 -5457.27 16343.5 -639.841 1051.01 8
9350000 -12892.3 8055.04 -1266.19 636.442 8
9350500 -10901.4 4308.87 -1381.78 298.866 8
9351201 11839.7 -6807.95 -824.092 720.574 8
9351300 11682.4 -7912.86 -821.991 438.168 8
9351400 7300.15 2664.45 -669.408 954.421 8
9351500 38546.5 -18090.4 1175.72 -284.837 8
9351600 -17470.9 1214.89 -1216.48 -190.537 8
9351601 -17567.1 7338.33 -1200.75 380.164 8
9351800 14150.2 -11401.5 -1033.28 338.079 8
9352100 18530.2 -10449.2 -1084.94 662.898 8
9352101 10638.1 -5658.65 -1003.98 631.507 8
9352200 17868.6 -8942.01 -1069.96 762.259 8
9352400 29499.4 -26443.6 -631.01 -469.361 8
9352500 16567 -15711.6 -1612.31 271.383 8
9352501 37938.3 -11408.7 -607.165 696.077 8
9352601 22861.9 -15388.1 -1228.31 432.463 8
9353200 9871.89 -12329.4 -1258.82 318.383 8
