9350500 -21784 3345 -1539.96 270.274 0
9351201 7959 2249 -535.19 1152.17 0
9351300 3277 1418 -699.346 624.564 0
9351500 44072 -20905 -932.377 -828.785 0
9351600 -27515 921 -1112.55 -195.534 0
9351601 -27801 1445 -769.742 -744.019 0
9351800 9753 -3103 -600.541 658.041 0
9352100 12382 -6218 -690.627 867.671 0
9352200 10035 -1911 -905.418 1106.48 0
9352601 13089 -7907 -659.615 925.644 0
9353900 -24443 2098 -1671.74 -913.697 0
9354100 8750 -3459 -402.17 724.451 0
9354500 23450 -14688 -1195.92 807.418 0
9354600 37386 -20343 -1380.29 -87.6286 0
9354601 39079 -21618 -1389.77 449.218 0
9354700 11102 -6821 -1095.2 1125.7 0
9350500 -23473.9 3620.14 -1537.5 259.295 1
9351201 7366.51 3523.89 -535.783 1154.21 1
9351300 2507.59 2104.08 -702.61 622.761 1
9351500 43032.5 -21842.5 -940.095 -836.58 1
9351600 -28725.5 694.772 -1106.44 -202.657 1
9351601 -28653.3 642.394 -774.459 -736.726 1
9351800 9085.92 -2381.3 -603.59 658.663 1
9352100 11624.6 -5263.74 -689.883 865.684 1
9352200 9046.45 -687.699 -903.14 1106.68 1
9352601 12368 -6894.74 -660.077 922.016 1
9353900 -26290.2 1099.95 -1672.15 -906.286 1
9354100 8286.76 -2641.69 -411.691 732.312 1
9354500 22148 -13799.6 -1189.46 807.776 1
9354600 35861.3 -20422.5 -1383.69 -78.7026 1
9354601 37537.3 -21146.8 -1395.07 441.08 1
9354700 9889.85 -5595.2 -1096.88 1118.67 1
9350500 -25157.9 3872.46 -1534.96 248.698 2
9351201 6772.81 4802.71 -536.349 1156.11 2
9351300 1730.91 2786.76 -705.84 621.099 2
9351500 41981.9 -22794.4 -946.344 -843.774 2
9351600 -29923.4 453.089 -1100.55 -209.676 2
9351601 -29516.2 -145.214 -779.201 -729.71 2
9351800 8411.54 -1657.74 -606.749 659.364 2
9352100 10868.6 -4313.29 -689.213 863.85 2
9352200 8062.85 536.713 -900.891 1107.05 2
9352601 11645.7 -5889.05 -660.622 918.721 2
9353900 -28137.2 118.413 -1672.34 -898.908 2
9354100 7803.74 -1808.26 -420.883 739.858 2
9354500 20859 -12910.1 -1183.35 808.176 2
9354600 34329.6 -20483.6 -1386.97 -70.1296 2
9354601 35984 -20693.6 -1400.31 432.93 2
9354700 8674.61 -4383.51 -1098.41 1112 2
9350500 -26835.8 4103.16 -1532.33 238.472 3
9351201 6178.01 6085 -536.888 1157.88 3
9351300 947.051 3466.47 -709.037 619.575 3
9351500 40924.8 -23758.8 -951.188 -850.388 3
9351600 -31109.4 196.305 -1094.89 -216.591 3
9351601 -30390 -918.692 -783.967 -722.962 3
9351800 7729.55 -932.099 -610.009 660.138 3
9352100 10113.7 -3366.2 -688.614 862.16 3
9352200 7084.12 1762.76 -898.669 1107.58 3
9352601 10921.6 -4888.88 -661.249 915.747 3
9353900 -29983.3 -846.729 -1672.33 -891.561 3
9354100 7301.94 -959.69 -429.761 747.101 3
9354500 19581.7 -12019.4 -1177.58 808.613 3
9354600 32791.4 -20527.3 -1390.13 -61.9018 3
9354601 34419.3 -20258.4 -1405.48 424.772 3
9354700 7456.72 -3184.8 -1099.81 1105.68 3
9350500 -28507.3 4313.41 -1529.63 228.606 4
9351201 5582.17 7370.34 -537.401 1159.51 4
9351300 156.129 4143.63 -712.202 618.182 4
9351500 39865.4 -24734.1 -954.687 -856.445 4
9351600 -32284.3 -75.2165 -1089.44 -223.401 4
9351601 -31274.6 -1678.87 -788.755 -716.474 4
9351800 7039.7 -204.183 -613.36 660.98 4
9352100 9359.65 -2422.05 -688.083 860.604 4
9352200 6110.15 2990.95 -896.474 1108.27 4
9352601 10195.6 -3893.27 -661.957 913.082 4
9353900 -31828 -1795.57 -1672.12 -884.243 4
9354100 6782.35 -96.9204 -438.335 754.049 4
9354500 18315.2 -11127.5 -1172.15 809.084 4
9354600 31246.9 -20554.9 -1393.17 -54.0115 4
9354601 32843.7 -19841.3 -1410.59 416.611 4
9354700 6236.6 -1998.02 -1101.07 1099.69 4
9350500 -30172.3 4504.33 -1526.85 219.091 5
9351201 4985.39 8658.28 -537.89 1161.01 5
9351300 -641.765 4818.65 -715.338 616.916 5
9351500 38807.7 -25718.5 -956.902 -861.966 5
9351600 -33448.7 -361.111 -1084.2 -230.103 5
9351601 -32170 -2426.55 -793.56 -710.238 5
9351800 6341.75 526.184 -616.794 661.884 5
9352100 8606.34 -1480.46 -687.615 859.175 5
9352200 5140.9 4221.73 -894.304 1109.11 5
9352601 9467.36 -2901.29 -662.745 910.713 5
9353900 -33670.6 -2728.21 -1671.72 -876.955 5
9354100 6245.87 779.15 -446.617 760.714 5
9354500 17058.4 -10234.2 -1167.04 809.586 5
9354600 29696.7 -20567.4 -1396.1 -46.4512 5
9354601 31257.2 -19442.3 -1415.62 408.449 5
9354700 5014.65 -822.146 -1102.21 1094.03 5
9350500 -31830.5 4676.98 -1524 209.916 6
9351201 4387.7 9948.47 -538.356 1162.38 6
9351300 -1446.56 5491.92 -718.444 615.773 6
9351500 37755.6 -26710.4 -957.88 -866.969 6
9351600 -34603.2 -661.06 -1079.17 -236.7 6
9351601 -33076.5 -3162.52 -798.382 -704.245 6
9351800 5635.42 1259.22 -620.305 662.849 6
9352100 7853.52 -541.031 -687.21 857.868 6
9352200 4176.24 5455.61 -892.158 1110.1 6
9352601 8736.63 -1911.99 -663.611 908.63 6
9353900 -35510.6 -3644.77 -1671.13 -869.698 6
9354100 5693.38 1667.68 -454.615 767.103 6
9354500 15810.3 -9339.48 -1162.23 810.117 6
9354600 28140.9 -20565.7 -1398.92 -39.211 6
9354601 29660.2 -19061.3 -1420.57 400.29 6
9354700 3791.23 343.835 -1103.22 1088.68 6
9350500 -33485.6 4830.47 -1521.21 200.917 7
9351201 3788.04 11243.8 -538.813 1163.73 7
9351300 -2259.46 6163.87 -721.49 614.651 7
9351500 36699.4 -27714.5 -958.84 -871.876 7
9351600 -35749.2 -975.584 -1074.23 -243.17 7
9351601 -33994.8 -3887.08 -803.111 -698.367 7
9351800 4920.44 1995.62 -623.749 663.794 7
9352100 7100.24 397.185 -686.813 856.586 7
9352200 3214.38 6693.6 -890.053 1111.06 7
9352601 8002.69 -925.446 -664.46 906.587 7
9353900 -37352.4 -4547.41 -1670.56 -862.581 7
9354100 5122.99 2571.24 -462.459 773.369 7
9354500 14570.2 -8442.05 -1157.52 810.637 7
9354600 26576.3 -20548.7 -1401.68 -32.1102 7
9354601 28050 -18696.7 -1425.42 392.289 7
9354700 2563.6 1500.44 -1104.21 1083.43 7
9350500 -35311 5071.57 -1521.21 200.917 8
9351201 3141.46 12640.2 -538.813 1163.73 8
9351300 -3125.25 6901.46 -721.49 614.651 8
9351500 35548.8 -28760.8 -958.84 -871.876 8
9351600 -37038.2 -1267.39 -1074.23 -243.17 8
9351601 -34958.5 -4725.12 -803.111 -698.367 8
9351800 4171.94 2792.18 -623.749 663.794 8
9352100 6276.06 1425.09 -686.813 856.586 8
9352200 2146.32 8026.88 -890.053 1111.06 8
9352601 7205.34 162.459 -664.46 906.587 8
9353900 -39357.1 -5582.51 -1670.56 -862.581 8
9354100 4568.04 3499.28 -462.459 773.369 8
9354500 13181.1 -7469.28 -1157.52 810.637 8
9354600 24894.3 -20587.2 -1401.68 -32.1102 8
9354601 26339.5 -18226 -1425.42 392.289 8
9354700 1238.56 2800.56 -1104.21 1083.43 8
