9350500 -10465 2166 -1068.58 143.878 0
9351201 12728 -6011 -503.144 949.677 0
9351300 10756 -4642 -1010.64 928.136 0
9351500 38657 -18376 1455.39 -233.567 0
9351600 -17393 3565 -967.011 248.659 0
9351601 -17583 4427 -1196.78 -15.5252 0
9351800 16053 -9501 -675.185 743.202 0
9352100 19672 -12599 -656.859 715.622 0
9352101 10288 -2211 -682.317 957.58 0
9352200 16810 -10952 -1330.73 982.737 0
9352500 19886 -14255 -1197.36 618.331 0
9352601 22003 -14716 -1364.28 801.03 0
9353900 -13128 3423 -1273.17 289.307 0
9354100 14420 -9555 -649.814 854.197 0
9350500 -11648 2332.5 -1075.42 145.687 1
9351201 12160.2 -4972.5 -510.13 946.521 1
9351300 9648.19 -3620.7 -1009.29 930.078 1
9351500 40244.4 -18617.2 1448.81 -227.499 1
9351600 -18462.3 3847.46 -972.486 250.545 1
9351601 -18896.4 4406.27 -1198.38 -17.2693 1
9351800 15301.5 -8691.25 -679.777 741.252 1
9352100 18959.2 -11815 -655.462 712.373 1
9352101 9540.28 -1154.71 -683.517 960.543 1
9352200 15369.9 -9880.72 -1323.8 976.683 1
9352500 18561.2 -13569.6 -1201.69 620.761 1
9352601 20491.9 -13832.1 -1368.4 800.566 1
9353900 -14539.9 3736.64 -1279.28 285.415 1
9354100 13696.6 -8617.15 -654.529 853.887 1
9350500 -12845.7 2503.17 -1082.09 147.511 2
9351201 11577.9 -3940.82 -516.9 943.427 2
9351300 8543.21 -2595.34 -1007.95 931.928 2
9351500 41817.6 -18846.4 1442.36 -221.761 2
9351600 -19543 4133.66 -977.764 252.319 2
9351601 -20213 4382.21 -1199.88 -18.8753 2
9351800 14539.5 -7885.47 -684.395 739.361 2
9352100 18249.1 -11038.1 -654.128 709.154 2
9352101 8789.74 -92.0747 -684.743 963.441 2
9352200 13944.7 -8822.46 -1316.97 970.723 2
9352500 17227.4 -12879.2 -1205.82 623.053 2
9352601 18972.8 -12950 -1372.25 799.93 2
9353900 -15964.4 4042.27 -1285.16 281.667 2
9354100 12965.6 -7681.34 -658.614 853.273 2
9350500 -14057.6 2678.04 -1088.6 149.348 3
9351201 10981.5 -2915.77 -523.46 940.39 3
9351300 7440.99 -1566.22 -1006.65 933.689 3
9351500 43377.3 -19064.6 1436.03 -216.34 3
9351600 -20634.4 4423.25 -982.852 253.986 3
9351601 -21532.6 4355.23 -1201.28 -20.3499 3
9351800 13767.1 -7083.48 -689.033 737.528 3
9352100 17541.6 -10268.2 -652.858 705.967 3
9352101 8036.28 976.671 -685.995 966.274 3
9352200 12533.9 -7776.96 -1310.24 964.854 3
9352500 15885.5 -12184.4 -1209.76 625.212 3
9352601 17446.5 -12070.2 -1375.84 799.133 3
9353900 -17400.9 4340.33 -1290.81 278.058 3
9354100 12228.9 -6748.52 -662.092 852.368 3
9350500 -15283.1 2857.15 -1094.96 151.199 4
9351201 10371.9 -1897.18 -529.817 937.408 4
9351300 6341.44 -533.608 -1005.36 935.365 4
9351500 44923.6 -19272.7 1429.82 -211.223 4
9351600 -21736.1 4715.93 -987.757 255.553 4
9351601 -22854.9 4325.73 -1202.59 -21.6998 4
9351800 12984.2 -6285.1 -693.685 735.752 4
9352100 16836.4 -9505.23 -651.652 702.813 4
9352101 7279.83 2051.3 -687.271 969.04 4
9352200 11137.2 -6743.93 -1303.61 959.072 4
9352500 14535.8 -11485.5 -1213.51 627.239 4
9352601 15913.8 -11193.2 -1379.17 798.186 4
9353900 -18848.7 4631.27 -1296.23 274.584 4
9354100 11488.5 -5819.56 -664.984 851.183 4
9350500 -16521.8 3040.53 -1101.17 153.061 5
9351201 9749.67 -884.896 -535.974 934.48 5
9351300 5244.47 502.234 -1004.1 936.959 5
9351500 46456.9 -19471.7 1423.73 -206.399 5
9351600 -22847.4 5011.4 -992.487 257.025 5
9351601 -24179.5 4294.07 -1203.8 -22.9312 5
9351800 12190.8 -5490.15 -698.344 734.031 5
9352100 16133.4 -8749.06 -650.511 699.694 5
9352101 6520.31 3131.6 -688.57 971.739 5
9352200 9754.27 -5723.11 -1297.09 953.374 5
9352500 13179 -10782.9 -1217.1 629.139 5
9352601 14375.6 -10319.4 -1382.25 797.101 5
9353900 -20307 4915.5 -1301.44 271.243 5
9354100 10746 -4895.31 -667.312 849.729 5
9350500 -17773.2 3228.22 -1107.24 154.935 6
9351201 9115.37 121.296 -541.938 931.603 6
9351300 4149.98 1541.09 -1002.86 938.474 6
9351500 47977.7 -19662.4 1417.74 -201.858 6
9351600 -23967.9 5309.38 -997.045 258.405 6
9351601 -25506.2 4260.61 -1204.92 -24.0482 6
9351800 11386.8 -4698.43 -703.01 732.364 6
9352100 15432.3 -7999.53 -649.433 696.61 6
9352101 5757.64 4217.38 -689.892 974.372 6
9352200 8384.76 -4714.22 -1290.67 947.757 6
9352500 11815.6 -10077.1 -1220.51 630.915 6
9352601 12832.5 -9449.21 -1385.1 795.882 6
9353900 -21775.2 5193.44 -1306.44 268.03 6
9354100 10003.2 -3976.54 -669.096 848.017 6
9350500 -19039.9 3420.09 -1113.19 156.772 7
9351201 8467.3 1123.15 -547.788 928.782 7
9351300 3056.18 2585.04 -1001.65 939.959 7
9351500 49488.5 -19843.9 1411.87 -197.405 7
9351600 -25100.1 5610.7 -1001.52 259.758 7
9351601 -26837.7 4224.72 -1206.03 -25.1438 7
9351800 10571.6 -3908.79 -707.586 730.729 7
9352100 14732.1 -7255.3 -648.376 693.585 7
9352101 4990.73 5310.71 -691.188 976.955 7
9352200 7026.27 -3715.54 -1284.38 942.248 7
9352500 10442.5 -9366.31 -1223.86 632.657 7
9352601 11280.7 -8580.11 -1387.89 794.687 7
9353900 -23256.6 5464.98 -1311.34 264.879 7
9354100 9255.3 -3059.74 -670.847 846.337 7
9350500 -20375.7 3608.22 -1113.19 156.772 8
9351201 7809.96 2237.69 -547.788 928.782 8
9351300 1854.2 3712.99 -1001.65 939.959 8
9351500 51182.8 -20080.8 1411.87 -197.405 8
9351600 -26301.9 5922.41 -1001.52 259.758 8
9351601 -28285 4194.55 -1206.03 -25.1438 8
9351800 9722.48 -3031.92 -707.586 730.729 8
9352100 13954 -6423 -648.376 693.585 8
9352101 4161.31 6483.06 -691.188 976.955 8
9352200 5485.01 -2584.84 -1284.38 942.248 8
9352500 8973.84 -8607.12 -1223.86 632.657 8
9352601 9615.2 -7626.48 -1387.89 794.687 8
9353900 -24830.2 5782.83 -1311.34 264.879 8
9354100 8450.28 -2044.14 -670.847 846.337 8
