9350500 -8756 2182 -1427.6 232.617 0
9351201 13419 -7087 -874.947 785.378 0
9351300 12015 -5971 -940.964 1035.04 0
9351400 7771 2714 -372.095 1486.04 0
9351500 36991 -17988 1113.47 105.077 0
9351600 -15880 3501 -1261.71 355.187 0
9351601 -15797 4459 -1287.59 -117.733 0
9351800 16979 -10569 -900.888 639.607 0
9352100 20793 -13231 -580.849 550.54 0
9352101 11397 -3558 -739.518 1112.08 0
9352200 18804 -11919 -973.992 669.939 0
9352400 35039 -22087 -416.975 -526.865 0
9352500 21435 -15019 -1434.69 754.157 0
9352601 23582 -15460 -1600.27 797.133 0
9353900 -11459 3288 -1603.12 79.6804 0
9354100 15253 -10597 -952.605 871.157 0
9350500 -10326 2452.44 -1425.63 235.268 1
9351201 12463.6 -6225.58 -870.564 785.563 1
9351300 10977.6 -4835.09 -940.585 1032 1
9351400 7347.31 4356.89 -379.305 1488.18 1
9351500 38216.3 -17894.2 1113.58 93.2778 1
9351600 -17256.1 3889.13 -1256.57 350.838 1
9351601 -17207.9 4338.8 -1283.72 -111.845 1
9351800 15968 -9861.54 -907.536 640.725 1
9352100 20154.7 -12628.7 -582.494 548.563 1
9352101 10580.9 -2336.11 -742.127 1111.91 1
9352200 17738.4 -11179.9 -972.033 669.052 1
9352400 34577.8 -22677.3 -414.043 -526.632 1
9352500 19865.2 -14192 -1428.3 749.378 1
9352601 21839.2 -14603.3 -1589.39 786.796 1
9353900 -13216.4 3386.87 -1596.98 83.3704 1
9354100 14269.3 -9676.16 -923.471 854.448 1
9350500 -11892.1 2728.46 -1423.8 237.892 2
9351201 11517.7 -5364.26 -866.263 785.652 2
9351300 9940.77 -3705.59 -940.286 1029.07 2
9351400 6907.38 6003.46 -386.539 1490.08 2
9351500 39441.4 -17825.2 1113.6 81.8449 2
9351600 -18621.4 4268.46 -1251.61 346.694 2
9351601 -18610.5 4230.71 -1279.94 -106.186 2
9351800 14943.8 -9151.6 -913.846 641.845 2
9352100 19512.3 -12030.1 -584.256 546.735 2
9352101 9759.17 -1115.18 -744.711 1111.61 2
9352200 16676.4 -10443.4 -970.242 668.038 2
9352400 34123.2 -23265.1 -411.144 -526.03 2
9352500 18308.7 -13375.7 -1422.15 744.633 2
9352601 20119.4 -13767.7 -1578.83 776.923 2
9353900 -14960.3 3493.74 -1590.88 86.9976 2
9354100 13348.9 -8791 -894.897 838.059 2
9350500 -13454.7 3009.93 -1422.11 240.483 3
9351201 10581.1 -4503.3 -862.044 785.653 3
9351300 8904.19 -2582.2 -940.067 1026.22 3
9351400 6451.18 7652.93 -393.791 1491.75 3
9351500 40666 -17779.7 1113.54 70.7659 3
9351600 -19976.7 4639.62 -1246.84 342.749 3
9351601 -20004.9 4134 -1276.24 -100.75 3
9351800 13907.6 -8439.21 -919.826 642.964 3
9352100 18865.5 -11434.8 -586.128 545.044 3
9352101 8931.79 104.422 -747.271 1111.19 3
9352200 15617.5 -9709.92 -968.614 666.903 3
9352400 33675 -23849.4 -408.274 -525.073 3
9352500 16764.7 -12569.8 -1416.23 739.921 3
9352601 18421.7 -12951.7 -1568.56 767.497 3
9353900 -16690.8 3608.43 -1584.83 90.563 3
9354100 12490 -7940.5 -866.873 821.987 3
9350500 -15014.3 3296.71 -1420.55 243.036 4
9351201 9653.29 -3642.94 -857.909 785.57 4
9351300 7867.64 -1464.62 -939.922 1023.47 4
9351400 5978.69 9304.58 -401.055 1493.19 4
9351500 41889.9 -17756.8 1113.4 60.0291 4
9351600 -21322.5 5003.26 -1242.25 338.998 4
9351601 -21391.6 4047.98 -1272.63 -95.5293 4
9351800 12860.4 -7724.39 -925.489 644.081 4
9352100 18214 -10842.6 -588.105 543.479 4
9352101 8098.87 1322.38 -749.808 1110.67 4
9352200 14561.1 -8979.85 -967.147 665.656 4
9352400 33233.2 -24429.1 -405.431 -523.776 4
9352500 15232.5 -11774.4 -1410.54 735.244 4
9352601 16745.1 -12154 -1558.58 758.504 4
9353900 -18408.1 3730.75 -1578.81 94.0677 4
9354100 11690.8 -7123.63 -839.388 806.223 4
9350500 -16571.2 3588.6 -1419.12 245.544 5
9351201 8734.17 -2783.42 -853.857 785.411 5
9351300 6830.88 -352.57 -939.852 1020.81 5
9351400 5489.91 10957.7 -408.326 1494.4 5
9351500 43112.9 -17755.3 1113.2 49.623 5
9351600 -22659.3 5359.98 -1237.84 335.437 5
9351601 -22770.7 3971.99 -1269.1 -90.5179 5
9351800 11803 -7007.15 -930.843 645.192 5
9352100 17557.5 -10252.9 -590.18 542.029 5
9352101 7260.47 2538.41 -752.322 1110.05 5
9352200 13506.7 -8253.49 -965.834 664.302 5
9352400 32797.7 -25003.1 -402.614 -522.151 5
9352500 13711.4 -10989.2 -1405.07 730.6 5
9352601 15088.8 -11373.1 -1548.9 749.929 5
9353900 -20112.3 3860.49 -1572.84 97.5126 5
9354100 10949.7 -6339.42 -812.431 790.763 5
9350500 -18125.9 3885.5 -1417.81 248.008 6
9351201 7823.39 -1924.92 -849.888 785.179 6
9351300 5793.65 754.26 -939.851 1018.23 6
9351400 4984.82 12611.6 -415.601 1495.4 6
9351500 44334.8 -17774.2 1112.93 39.5387 6
9351600 -23987.9 5710.37 -1233.6 332.058 6
9351601 -24142.5 3905.38 -1265.64 -85.7096 6
9351800 10736.5 -6287.5 -935.9 646.297 6
9352100 16895.6 -9665.6 -592.349 540.689 6
9352101 6416.63 3752.25 -754.813 1109.33 6
9352200 12453.9 -7531.12 -964.671 662.847 6
9352400 32368.3 -25570.5 -399.822 -520.212 6
9352500 12200.8 -10214.2 -1399.8 725.99 6
9352601 13451.7 -10607.9 -1539.49 741.757 6
9353900 -21803.8 3997.49 -1566.91 100.899 6
9354100 10264.8 -5586.93 -785.994 775.6 6
9350500 -19680.4 4187.97 -1416.52 250.425 7
9351201 6919.47 -1065.34 -845.994 784.951 7
9351300 4754.68 1857.49 -939.851 1015.7 7
9351400 4463.44 14270.5 -422.736 1496.38 7
9351500 45558.3 -17814.6 1112.66 29.6485 7
9351600 -25309.8 6054.06 -1229.44 328.745 7
9351601 -25509.4 3848.91 -1262.26 -80.9939 7
9351800 9657.53 -5564.29 -940.859 647.381 7
9352100 16227.9 -9080.09 -594.477 539.375 7
9352101 5565.99 4966.73 -757.257 1108.63 7
9352200 11401.6 -6810.63 -963.531 661.419 7
9352400 31944.3 -26134.7 -397.084 -518.309 7
9352500 10698.8 -9447.68 -1394.64 721.468 7
9352601 11831.8 -9858.65 -1530.26 733.744 7
9353900 -23485.5 4141.82 -1561.09 104.22 7
9354100 9634.62 -4865.2 -760.065 760.729 7
9350500 -21380.3 4488.48 -1416.52 250.425 8
9351201 5904.27 -123.403 -845.994 784.951 8
9351300 3626.86 3076.33 -939.851 1015.7 8
9351400 3956.16 16066.2 -422.736 1496.38 8
9351500 46893.5 -17779 1112.66 29.6485 8
9351600 -26785.1 6448.56 -1229.44 328.745 8
9351601 -27024.1 3751.72 -1262.26 -80.9939 8
9351800 8528.5 -4787.43 -940.859 647.381 8
9352100 15514.5 -8432.84 -594.477 539.375 8
9352101 4657.28 6297.09 -757.257 1108.63 8
9352200 10245.4 -6016.93 -963.531 661.419 8
9352400 31467.8 -26756.6 -397.084 -518.309 8
9352500 9025.18 -8581.92 -1394.64 721.468 8
9352601 9995.44 -8978.16 -1530.26 733.744 8
9353900 -25358.8 4266.88 -1561.09 104.22 8
9354100 8722.55 -3952.33 -760.065 760.729 8
