9350500 -29121 -702 -1193.31 -536.613 0
9351300 -3571 3272 -1168.37 311.148 0
9351500 37569 -20570 -806.834 282.148 0
9351600 -34359 -2513 -843.135 -486 0
9351601 -34566 -1394 -1250.29 -221.371 0
9351800 4501 831 -1057.04 298.209 0
9352100 6824 -1217 -1333.95 1133.28 0
9352200 2100 2027 -1546.38 181.286 0
9352601 7861 -2495 -795.228 1095.65 0
9353900 -31984 -1180 -1216.74 -483.844 0
9354100 5380 2612 -142.999 1061.93 0
9354500 16433 -8980 -1129.66 1002.84 0
9354700 4853 -1245 -1362.76 400.143 0
9355200 38982 -20074 -1155.67 407.916 0
9355400 38945 -17931 -473.92 644.671 0
9355401 42785 -20679 -1333.45 -203.477 0
9350500 -30418.6 -1278.58 -1187.86 -534.779 1
9351300 -4835.32 3636.95 -1161.76 317.663 1
9351500 36685.8 -20257.1 -807.988 282.041 1
9351600 -35292.3 -3039.29 -847.987 -482.227 1
9351601 -35945.2 -1628.9 -1249.74 -218.446 1
9351800 3340.99 1165.32 -1055.27 303.392 1
9352100 5360.65 26.8676 -1328.71 1130.93 1
9352200 402.483 2200.98 -1543.44 172.843 1
9352601 6989.44 -1303.24 -792.919 1090.46 1
9353900 -33324.3 -1708.5 -1220.49 -483.03 1
9354100 5222.85 3746.04 -144.482 1049.09 1
9354500 15172.8 -7870.21 -1137.01 1007.44 1
9354700 3356.36 -792.233 -1361.43 407.934 1
9355200 37708.9 -19623.2 -1156.25 408.331 1
9355400 38386.2 -17266.4 -487.922 621.212 1
9355401 41338.7 -20914.4 -1322.59 -207.76 1
9350500 -31704.9 -1851.14 -1182.56 -532.948 2
9351300 -6085.97 4015.16 -1155.36 323.954 2
9351500 35799.5 -19943.9 -809.26 282.061 2
9351600 -36235.9 -3556.73 -852.731 -478.368 2
9351601 -37323.6 -1858.37 -1249.32 -215.76 2
9351800 2184.84 1510.95 -1053.52 308.507 2
9352100 3909.35 1265.26 -1323.43 1128.53 2
9352200 -1288.32 2358.54 -1540.49 164.918 2
9352601 6123.15 -123.048 -790.609 1085.28 2
9353900 -34672.6 -2236.05 -1224.13 -482.41 2
9354100 5061.74 4853.64 -146.113 1036.75 2
9354500 13897.6 -6750.74 -1144.06 1011.88 2
9354700 1863.71 -323.058 -1359.86 415.535 2
9355200 36434.4 -19172 -1156.85 408.598 2
9355400 37797.7 -16651.6 -501.613 598.328 2
9355401 39915.3 -21159.2 -1311.99 -212.023 2
9350500 -32980.2 -2419.69 -1177.42 -531.122 3
9351300 -7323.62 4405.87 -1149.15 330.022 3
9351500 34909.7 -19630.1 -810.641 282.202 3
9351600 -37189.4 -4065.1 -857.371 -474.431 3
9351601 -38701.7 -2083.16 -1249.03 -213.307 3
9351800 1032.47 1867.67 -1051.81 313.556 3
9352100 2470.22 2498 -1318.09 1126.07 3
9352200 -2972.39 2501.32 -1537.52 157.499 3
9352601 5262.09 1045.63 -788.303 1080.1 3
9353900 -36028.7 -2763.21 -1227.67 -481.972 3
9354100 4896.21 5936.4 -147.888 1024.91 3
9354500 12608.4 -5622.09 -1150.81 1016.17 3
9354700 375.724 161.945 -1358.08 422.953 3
9355200 35158.6 -18720.9 -1157.44 408.728 3
9355400 37180.5 -16084.8 -515.001 576.006 3
9355401 38514.1 -21413.5 -1301.66 -216.267 3
9350500 -34245.1 -2984.27 -1172.43 -529.303 4
9351300 -8548.9 4808.36 -1143.15 335.868 4
9351500 34016.2 -19315.1 -812.124 282.456 4
9351600 -38152.5 -4564.19 -861.911 -470.423 4
9351601 -40079.9 -2304 -1248.87 -211.078 4
9351800 -116.199 2235.28 -1050.12 318.54 4
9352100 1043.39 3724.91 -1312.72 1123.55 4
9352200 -4649.75 2630.91 -1534.55 150.57 4
9352601 4406.21 2202.83 -786.006 1074.94 4
9353900 -37392.1 -3290.5 -1231.1 -481.705 4
9354100 4725.82 6995.83 -149.802 1013.53 4
9354500 11306.3 -4484.75 -1157.26 1020.32 4
9354700 -1106.94 662.228 -1356.09 430.196 4
9355200 33881.4 -18270.3 -1158.04 408.73 4
9355400 36535.6 -15564.3 -528.092 554.233 4
9355401 37134.2 -21677.2 -1291.58 -220.49 4
9350500 -35500.1 -3544.92 -1167.58 -527.492 5
9351300 -9762.44 5221.92 -1137.33 341.494 5
9351500 33118.6 -18998.8 -813.704 282.818 5
9351600 -39125 -5053.83 -866.354 -466.353 5
9351601 -41458.6 -2521.56 -1248.84 -209.066 5
9351800 -1261.24 2613.56 -1048.46 323.461 5
9352100 -371.047 4945.85 -1307.31 1120.99 5
9352200 -6320.44 2748.83 -1531.58 144.12 5
9352601 3555.43 3348.65 -783.723 1069.8 5
9353900 -38762.6 -3818.42 -1234.42 -481.598 5
9354100 4550.13 8033.38 -151.851 1002.61 5
9354500 9992.03 -3339.22 -1163.43 1024.32 5
9354700 -2583.71 1177.28 -1353.9 437.271 5
9355200 32602.8 -17820.5 -1158.64 408.611 5
9355400 35863.8 -15088.3 -540.893 532.996 5
9355401 35774.7 -21950.2 -1281.75 -224.691 5
9350500 -36745.7 -4101.69 -1162.87 -525.691 6
9351300 -10964.9 5645.88 -1131.71 346.906 6
9351500 32216.7 -18680.7 -815.375 283.283 6
9351600 -40106.6 -5533.85 -870.702 -462.224 6
9351601 -42838.2 -2736.52 -1248.92 -207.263 6
9351800 -2402.78 3002.33 -1046.82 328.32 6
9352100 -1773.03 6160.68 -1301.86 1118.37 6
9352200 -7984.51 2856.55 -1528.61 138.131 6
9352601 2709.67 4483.16 -781.454 1064.67 6
9353900 -40139.8 -4347.48 -1237.65 -481.647 6
9354100 4368.73 9050.49 -154.029 992.135 6
9354500 8666.47 -2185.9 -1169.33 1028.17 6
9354700 -4054.01 1706.6 -1351.53 444.183 6
9355200 31322.8 -17371.8 -1159.25 408.378 6
9355400 35166 -14655.1 -553.41 512.282 6
9355401 34434.8 -22232.5 -1272.16 -228.87 6
9350500 -37983.5 -4655.82 -1158.26 -523.924 7
9351300 -12157.6 6081.9 -1126.19 352.215 7
9351500 31309.5 -18361.1 -817.014 283.739 7
9351600 -41099.2 -6005.99 -874.967 -458.174 7
9351601 -44220.3 -2948.06 -1249 -205.495 7
9351800 -3542.81 3402.17 -1045.21 333.085 7
9352100 -3165.81 7372.06 -1296.52 1115.81 7
9352200 -9645.16 2951.87 -1525.69 132.257 7
9352601 1867.25 5608.85 -779.228 1059.64 7
9353900 -41526.3 -4877.58 -1240.81 -481.694 7
9354100 4182.35 10047.3 -156.166 981.86 7
9354500 7326.11 -1022.34 -1175.11 1031.95 7
9354700 -5521.89 2251.58 -1349.2 450.962 7
9355200 30039.3 -16922.8 -1159.84 408.149 7
9355400 34440.6 -14265.2 -565.686 491.967 7
9355401 33112.9 -22524.1 -1262.75 -232.969 7
9350500 -39373.4 -5284.53 -1158.26 -523.924 8
9351300 -13509 6504.56 -1126.19 352.215 8
9351500 30329.1 -18020.6 -817.014 283.739 8
9351600 -42149.2 -6555.8 -874.967 -458.174 8
9351601 -45719.1 -3194.66 -1249 -205.495 8
9351800 -4797.06 3801.87 -1045.21 333.085 8
9352100 -4721.63 8711.03 -1296.52 1115.81 8
9352200 -11476 3110.58 -1525.69 132.257 8
9352601 932.181 6880.41 -779.228 1059.64 8
9353900 -43015.3 -5455.61 -1240.81 -481.694 8
9354100 3994.95 11225.5 -156.166 981.86 8
9354500 5915.97 216.005 -1175.11 1031.95 8
9354700 -7140.93 2792.73 -1349.2 450.962 8
9355200 28647.5 -16433.1 -1159.84 408.149 8
9355400 33761.8 -13674.9 -565.686 491.967 8
9355401 31597.6 -22803.7 -1262.75 -232.969 8
