9335900 -19359 -9443 -869.763 -461.678 0
9345500 6382 942 -852.947 1132.03 0
9350000 7183 -2246 -952.499 805.058 0
9350201 9796 -1555 -752.702 1146.88 0
9350400 12059 -5771 -1015.44 1231.38 0
9350500 9570 -4495 -1036.5 899.558 0
9351200 27946 -17518 -837.618 759.428 0
9351201 26160 -17358 -1156.67 373.383 0
9351300 26579 -15634 -1494.88 718.473 0
9351400 20281 -12791 -1081.17 777.886 0
9351500 20165 -11808 1181.86 -261.946 0
9351600 2579 1252 -1048.54 801.456 0
9351601 2654 1954 -1202.97 587.959 0
9351800 30446 -16725 -1079.66 618.963 0
9352100 36382 -18956 -1457.87 578.688 0
9352101 28268 -15902 -1108.19 398.449 0
9352200 36934 -18242 -1517.38 548.538 0
9352400 38692 -20661 -1293.31 570.929 0
9352500 41172 -20636 -1113.91 597.756 0
9352501 45936 -18732 33.4544 -96.5053 0
9352601 42872 -21673 -1284.58 -678.232 0
9335900 -20322.9 -9972.98 -871.637 -470.983 1
9345500 5443.27 2173.21 -853.38 1126.52 1
9350000 6130.98 -1352.62 -954.3 810.316 1
9350201 8974.97 -292.435 -749.887 1147.57 1
9350400 10942.9 -4421.93 -1014.26 1226.08 1
9350500 8413.45 -3482.76 -1042.84 909.914 1
9351200 27015.6 -16686.7 -843.245 752.514 1
9351201 24894.4 -16934.1 -1153.69 378.238 1
9351300 24952.9 -14838.6 -1485.14 718.567 1
9351400 19074 -11925 -1088.71 780.257 1
9351500 21474.8 -12110.2 1187.43 -271.358 1
9351600 1424.48 2126.48 -1051.03 796.788 1
9351601 1330.44 2609.77 -1204.68 592.893 1
9351800 29241.8 -16054.2 -1086.98 613.047 1
9352100 34799.6 -18317 -1445.96 578.645 1
9352101 27036 -15465.5 -1115.19 398.947 1
9352200 35270.3 -17636.5 -1514.71 550.424 1
9352400 37260.1 -20062 -1297.99 557.853 1
9352500 39926.5 -19994.4 -1122.98 590.602 1
9352501 45980.1 -18859.8 36.9321 -105.078 1
9352601 41471.8 -22420.1 -1280.43 -674.292 1
9335900 -21290 -10523.4 -873.275 -480.235 2
9345500 4503.81 3392.49 -853.762 1121.1 2
9350000 5075.3 -448.337 -956.017 815.371 2
9350201 8159.58 972.172 -747.223 1148.38 2
9350400 9829.35 -3084.26 -1013.09 1220.88 2
9350500 7243.88 -2449.62 -1048.95 919.773 2
9351200 26073.6 -15870.1 -848.629 745.792 2
9351201 23634.8 -16500 -1150.86 382.963 2
9351300 23347.5 -14043.5 -1475.62 718.546 2
9351400 17851.3 -11054 -1096.02 782.555 2
9351500 22795.6 -12432.9 1192.63 -280.666 2
9351600 265.169 2991.63 -1053.32 792.375 2
9351601 3.31546 3275.85 -1206.31 597.666 2
9351800 28022.4 -15395.9 -1094.03 607.266 2
9352100 33242.4 -17678.3 -1434.39 578.55 2
9352101 25788 -15027.8 -1122.26 399.436 2
9352200 33613 -17027 -1511.97 552.254 2
9352400 35819 -19490.4 -1302.42 545.161 2
9352500 38662.4 -19369.1 -1131.68 583.335 2
9352501 46032.4 -19005.6 40.4457 -113.362 2
9352601 40081 -23159 -1276.23 -670.516 2
9335900 -22259.4 -11094.2 -874.685 -489.431 3
9345500 3563.8 4600.1 -854.094 1115.77 3
9350000 4016.21 466.229 -957.654 820.232 3
9350201 7349.37 2239.18 -744.707 1149.31 3
9350400 8718.42 -1757.63 -1011.92 1215.8 3
9350500 6062.01 -1397.14 -1054.84 929.152 3
9351200 25120.9 -15067.5 -853.779 739.259 3
9351201 22380.6 -16056 -1148.18 387.558 3
9351300 21762.1 -13249.1 -1466.31 718.415 3
9351400 16613.5 -10178.2 -1103.12 784.778 3
9351500 24126 -12775.8 1197.47 -289.871 3
9351600 -898.357 3848.29 -1055.42 788.213 3
9351601 -1327.08 3951.73 -1207.85 602.283 3
9351800 26788.8 -14749.8 -1100.82 601.618 3
9352100 31709.2 -17040 -1423.13 578.408 3
9352101 24523.8 -14589.2 -1129.4 399.913 3
9352200 31962.1 -16413.7 -1509.16 554.024 3
9352400 34369.2 -18945.1 -1306.6 532.835 3
9352500 37381 -18760.5 -1140.01 575.957 3
9352501 46092.9 -19168.4 43.9926 -121.365 3
9352601 38699.8 -23890.4 -1271.96 -666.898 3
9335900 -23230.5 -11685 -875.874 -498.569 4
9345500 2623.4 5796.31 -854.375 1110.51 4
9350000 2953.93 1390.49 -959.215 824.906 4
9350201 6543.86 3508.91 -742.334 1150.34 4
9350400 7610.06 -441.645 -1010.75 1210.82 4
9350500 4868.53 -326.781 -1060.5 938.068 4
9351200 24158.2 -14278.4 -858.701 732.909 4
9351201 21131.5 -15602.7 -1145.64 392.024 4
9351300 20196.1 -12455.6 -1457.22 718.179 4
9351400 15361.4 -9297.95 -1110 786.925 4
9351500 25465.2 -13138.4 1201.98 -298.973 4
9351600 -2065.57 4697.26 -1057.35 784.297 4
9351601 -2660.48 4636.94 -1209.3 606.75 4
9351800 25541.7 -14115.4 -1107.35 596.097 4
9352100 30199 -16402.3 -1412.2 578.227 4
9352101 23243.4 -14149.6 -1136.59 400.375 4
9352200 30318 -15796.8 -1506.29 555.733 4
9352400 32911.7 -18425 -1310.54 520.859 4
9352500 36083.5 -18169 -1147.99 568.472 4
9352501 46161.7 -19347.4 47.5702 -129.095 4
9352601 37328.3 -24614.8 -1267.64 -663.435 4
9335900 -24202.7 -12295.8 -876.85 -507.649 5
9345500 1682.77 6981.36 -854.607 1105.34 5
9350000 1888.7 2323.9 -960.705 829.402 5
9350201 5742.6 4781.66 -740.1 1151.47 5
9350400 6504.24 864.05 -1009.59 1205.95 5
9350500 3664.07 760.048 -1065.96 946.537 5
9351200 23186.2 -13502.2 -863.404 726.738 5
9351201 19887 -15140.4 -1143.23 396.361 5
9351300 18648.8 -11663.4 -1448.34 717.841 5
9351400 14095.6 -8413.47 -1116.68 788.997 5
9351500 26811.9 -13520.5 1206.15 -307.973 5
9351600 -3236 5539.35 -1059.12 780.623 5
9351601 -3996.6 5331.05 -1210.68 611.074 5
9351800 24281.9 -13492.4 -1113.63 590.7 5
9352100 28710.9 -15765.1 -1401.58 578.01 5
9352101 21946.6 -13709.1 -1143.83 400.82 5
9352200 28680.9 -15176.6 -1503.35 557.381 5
9352400 31447.2 -17929.1 -1314.25 509.216 5
9352500 34770.9 -17594.8 -1155.62 560.885 5
9352501 46238.9 -19541.6 51.176 -136.56 5
9352601 35966.8 -25332.5 -1263.26 -660.121 5
9335900 -25175.2 -12926.2 -877.621 -516.668 6
9345500 742.041 8155.52 -854.79 1100.23 6
9350000 820.678 3265.94 -962.124 833.725 6
9350201 4945.15 6057.76 -738 1152.69 6
9350400 5400.91 2159.84 -1008.43 1201.19 6
9350500 2449.25 1862.01 -1071.21 954.573 6
9351200 22205.4 -12738.3 -867.894 720.741 6
9351201 18646.7 -14669.5 -1140.95 400.573 6
9351300 17119.5 -10872.8 -1439.65 717.406 6
9351400 12816.8 -7524.98 -1123.15 790.994 6
9351500 28165.2 -13921.8 1209.99 -316.87 6
9351600 -4409.17 6375.31 -1060.73 777.182 6
9351601 -5335.23 6033.63 -1211.96 615.259 6
9351800 23010.2 -12880.3 -1119.67 585.425 6
9352100 27243.7 -15128.7 -1391.26 577.76 6
9352101 20633.2 -13267.7 -1151.1 401.249 6
9352200 27050.7 -14553.1 -1500.35 558.968 6
9352400 29976.2 -17456.2 -1317.74 497.9 6
9352500 33444.2 -17038.4 -1162.91 553.203 6
9352501 46324.6 -19750.3 54.8077 -143.767 6
9352601 34615.2 -26044.2 -1258.84 -656.952 6
9335900 -26151.1 -13576.8 -878.378 -525.513 7
9345500 -200.742 9320.99 -854.97 1095.23 7
9350000 -252.206 4218.85 -963.516 837.965 7
9350201 4150.73 7338.69 -735.941 1153.89 7
9350400 4298.15 3447.69 -1007.29 1196.52 7
9350500 1221.21 2982.94 -1076.36 962.454 7
9351200 21213.4 -11986 -872.298 714.859 7
9351201 17409 -14188.9 -1138.71 404.703 7
9351300 15605.9 -10081.8 -1431.14 716.979 7
9351400 11522 -6630.81 -1129.5 792.954 7
9351500 29529.1 -14342.7 1213.76 -325.597 7
9351600 -5587.9 7205.38 -1062.31 773.808 7
9351601 -6678.99 6746.34 -1213.23 619.363 7
9351800 21723.5 -12278.4 -1125.6 580.25 7
9352100 25796 -14491.7 -1381.15 577.515 7
9352101 19302.2 -12824.6 -1158.24 401.67 7
9352200 25424.1 -13925.1 -1497.41 560.524 7
9352400 28495.3 -17006.5 -1321.16 486.801 7
9352500 32099.7 -16497.1 -1170.06 545.668 7
9352501 46418.1 -19974.6 58.3694 -150.835 7
9352601 33270.5 -26750.2 -1254.5 -653.845 7
9335900 -27205.1 -14207.4 -878.378 -525.513 8
9345500 -1226.71 10635.3 -854.97 1095.23 8
9350000 -1408.42 5224.41 -963.516 837.965 8
9350201 3267.6 8723.36 -735.941 1153.89 8
9350400 3089.4 4883.52 -1007.29 1196.52 8
9350500 -70.4242 4137.89 -1076.36 962.454 8
9351200 20166.7 -11128.2 -872.298 714.859 8
9351201 16042.6 -13703.3 -1138.71 404.703 8
9351300 13888.6 -9221.42 -1431.14 716.979 8
9351400 10166.6 -5679.26 -1129.5 792.954 8
9351500 30985.6 -14733.4 1213.76 -325.597 8
9351600 -6862.68 8133.95 -1062.31 773.808 8
9351601 -8134.87 7489.57 -1213.23 619.363 8
9351800 20372.7 -11582.1 -1125.6 580.25 8
9352100 24138.6 -13798.7 -1381.15 577.515 8
9352101 17912.3 -12342.6 -1158.24 401.67 8
9352200 23627.2 -13252.5 -1497.41 560.524 8
9352400 26909.9 -16422.4 -1321.16 486.801 8
9352500 30695.7 -15842.3 -1170.06 545.668 8
9352501 46488.2 -20155.6 58.3694 -150.835 8
9352601 31765.1 -27534.8 -1254.5 -653.845 8
