9350500 -15173 2532 -1022.98 322.028 0
9351201 10317 -2648 -744.922 1024.06 0
9351300 7655 -1696 -1116.86 814.015 0
9351500 42491 -18278 850.597 -43.4702 0
9351600 -21910 3245 -1546.22 -454.471 0
9351601 -22230 3772 -1321.55 -779.467 0
9351800 13378 -6891 -755.85 470.39 0
9352100 16081 -10486 -464.576 432.646 0
9352101 7762 2385 -806.066 1186.77 0
9352200 13672 -7841 -658.964 984.303 0
9352601 18335 -12412 -1120.44 652.92 0
9353900 -17789 3427 -1180.5 -159.272 0
9354100 11995 -7044 -623.378 759.053 0
9354500 29203 -18104 -1484.21 951.583 0
9354600 44584 -19775 -1146.45 -597.666 0
9354601 46066 -20963 -962.416 -740.078 0
9350500 -16288.5 2867.25 -1023.19 314.233 1
9351201 9501.42 -1532.05 -740.776 1019.77 1
9351300 6434.82 -810.705 -1112.1 811.158 1
9351500 43433.8 -18329.3 855.457 -44.2977 1
9351600 -23581.1 2783.26 -1532.9 -437.377 1
9351601 -23659.5 2953.24 -1313.98 -760.593 1
9351800 12545.5 -6361.16 -757.338 477.962 1
9352100 15517 -10007.9 -489.966 436.516 1
9352101 6869.91 3658.69 -805.278 1176.69 1
9352200 12920.7 -6751.07 -671.003 987.422 1
9352601 17116.5 -11679.3 -1112.84 659.622 1
9353900 -19096.2 3246.25 -1186.39 -159.717 1
9354100 11301.8 -6208.75 -627.735 758.574 1
9354500 27596.6 -17059.8 -1471.94 947.483 1
9354600 43208.3 -20492.2 -1146.45 -597.666 1
9354601 44911.1 -21851.1 -962.416 -740.078 1
9350500 -17404.5 3185.38 -1023.38 306.51 2
9351201 8694.6 -424.685 -736.772 1015.69 2
9351300 5224.91 68.9428 -1107.41 808.439 2
9351500 44387.1 -18382.6 860.253 -45.1544 2
9351600 -25224.3 2357.56 -1519.98 -420.751 2
9351601 -25073.6 2174.36 -1306.69 -742.207 2
9351800 11710 -5815.05 -758.712 485.378 2
9352100 14900 -9521.85 -514.565 440.232 2
9352101 5979.42 4911.2 -804.555 1166.9 2
9352200 12143.9 -5654.59 -682.747 990.428 2
9352601 15912.8 -10932.8 -1105.7 666.044 2
9353900 -20415.6 3065.43 -1192.04 -159.975 2
9354100 10599.6 -5374.52 -631.939 758.102 2
9354500 26014.7 -16023.1 -1459.9 943.461 2
9354600 41832.5 -21209.4 -1146.45 -597.666 2
9354601 43756.2 -22739.2 -962.416 -740.078 2
9350500 -18521 3486.66 -1023.56 298.862 3
9351201 7896.08 674.756 -732.904 1011.81 3
9351300 4025.03 943.373 -1102.79 805.854 3
9351500 45350.9 -18437.9 864.987 -46.0388 3
9351600 -26841 1966.4 -1507.45 -404.58 3
9351601 -26473.1 1433.8 -1299.69 -724.298 3
9351800 10872.1 -5253.17 -759.979 492.641 3
9352100 14232.4 -9028.2 -538.392 443.799 3
9352101 5090.31 6143.42 -803.894 1157.37 3
9352200 11342.4 -4551.92 -694.203 993.325 3
9352601 14722.6 -10173.4 -1099 672.197 3
9353900 -21746.5 2885.13 -1197.48 -160.053 3
9354100 9888.7 -4541.29 -635.993 757.638 3
9354500 24456.7 -14993.7 -1448.1 939.517 3
9354600 40456.8 -21926.6 -1146.45 -597.666 3
9354601 42601.3 -23627.3 -962.416 -740.078 3
9350500 -19637.9 3771.37 -1023.73 291.292 4
9351201 7105.46 1766.89 -729.167 1008.13 4
9351300 2834.95 1813 -1098.24 803.397 4
9351500 46324.9 -18495.5 869.661 -46.9494 4
9351600 -28432.2 1608.37 -1495.29 -388.849 4
9351601 -27858.9 730.054 -1292.95 -706.853 4
9351800 10031.9 -4676.02 -761.141 499.754 4
9352100 13516.6 -8527.45 -561.466 447.224 4
9352101 4202.43 7356.21 -803.29 1148.11 4
9352200 10517.2 -3443.4 -705.38 996.116 4
9352601 13544.6 -9401.86 -1092.73 678.088 4
9353900 -23088.2 2705.89 -1202.7 -159.958 4
9354100 9169.67 -3709.02 -639.903 757.182 4
9354500 22922 -13971.2 -1436.52 935.649 4
9354600 39081.1 -22643.8 -1146.45 -597.666 4
9354601 41446.4 -24515.4 -962.416 -740.078 4
9350500 -20755.1 4039.82 -1023.88 283.804 5
9351201 6322.32 2852.32 -725.557 1004.63 5
9351300 1654.44 2678.23 -1093.76 801.067 5
9351500 47309 -18555.2 874.277 -47.8849 5
9351600 -29999.1 1282.1 -1483.5 -373.548 5
9351601 -29231.8 61.6781 -1286.47 -689.86 5
9351800 9189.9 -4084.08 -762.204 506.718 5
9352100 12755.1 -8020.01 -583.804 450.513 5
9352101 3315.59 8550.41 -802.741 1139.1 5
9352200 9669.22 -2329.39 -716.285 998.802 5
9352601 12377.3 -8619 -1086.88 683.729 5
9353900 -24440 2528.23 -1207.71 -159.698 5
9354100 8442.94 -2877.68 -643.672 756.736 5
9354500 21409.6 -12955.5 -1425.16 931.855 5
9354600 37705.3 -23361 -1146.45 -597.666 5
9354601 40291.5 -25403.5 -962.416 -740.078 5
9350500 -21872.8 4292.25 -1024.03 276.396 6
9351201 5546.25 3931.64 -722.07 1001.32 6
9351300 483.256 3539.47 -1089.34 798.859 6
9351500 48302.9 -18617.3 878.836 -48.8439 6
9351600 -31543 986.247 -1472.06 -358.665 6
9351601 -30592.7 -572.738 -1280.25 -673.307 6
9351800 8346.25 -3477.81 -763.17 513.536 6
9352100 11950.1 -7506.29 -605.426 453.67 6
9352101 2429.6 9726.83 -802.244 1130.35 6
9352200 8799.15 -1210.15 -726.924 1001.39 6
9352601 11219.6 -7825.58 -1081.42 689.125 6
9353900 -25801.3 2352.64 -1212.52 -159.278 6
9354100 7708.91 -2047.21 -647.304 756.298 6
9354500 19919.1 -11946.5 -1414.03 928.134 6
9354600 36329.6 -24078.2 -1146.45 -597.666 6
9354601 39136.6 -26291.6 -962.416 -740.078 6
9350500 -22992.9 4529.5 -1024.17 269.132 7
9351201 4776.31 5005.84 -718.65 998.074 7
9351300 -680.591 4397.6 -1085.02 796.693 7
9351500 49308.3 -18681.5 883.307 -49.7844 7
9351600 -33065.4 721.382 -1460.85 -344.068 7
9351601 -31942.9 -1173.15 -1274.15 -657.073 7
9351800 7499.04 -2855.96 -764.118 520.223 7
9352100 11097.8 -6984.87 -626.633 456.767 7
9352101 1543.25 10887 -801.757 1121.77 7
9352200 7905.03 -83.5042 -737.359 1003.92 7
9352601 10071.4 -7019.34 -1076.06 694.418 7
9353900 -27175.3 2177.7 -1217.23 -158.866 7
9354100 6965.88 -1216.25 -650.867 755.869 7
9354500 18449.8 -10943.8 -1403.11 924.485 7
9354600 34953.9 -24795.4 -1146.45 -597.666 7
9354601 37981.7 -27179.7 -962.416 -740.078 7
9350500 -24221.9 4852.45 -1024.17 269.132 8
9351201 3913.93 6203.53 -718.65 998.074 8
9351300 -1982.61 5353.63 -1085.02 796.693 8
9351500 50368.3 -18741.2 883.307 -49.7844 8
9351600 -34818.4 308.5 -1460.85 -344.068 8
9351601 -33471.9 -1961.64 -1274.15 -657.073 8
9351800 6582.1 -2231.69 -764.118 520.223 8
9352100 10345.9 -6436.75 -626.633 456.767 8
9352101 581.146 12233.1 -801.757 1121.77 8
9352200 7020.2 1121.2 -737.359 1003.92 8
9352601 8780.16 -6186.04 -1076.06 694.418 8
9353900 -28635.9 1987.06 -1217.23 -158.866 8
9354100 6184.84 -309.202 -650.867 755.869 8
9354500 16766 -9834.37 -1403.11 924.485 8
9354600 33578.1 -25512.6 -1146.45 -597.666 8
9354601 36826.8 -28067.7 -962.416 -740.078 8
