9350500 -16736 2850 -1187.44 119.234 0
9351201 9750 -1696 -525.26 745.68 0
9351300 6657 -815 -1155.61 753.415 0
9351500 43632 -18322 842.748 -366.757 0
9351600 -23355 2864 -1276.06 -255.136 0
9351601 -23734 3508 -1345.43 -562.16 0
9351800 12631 -6068 -596.351 604.172 0
9352100 15318 -9407 -672.64 521.736 0
9352101 7150 3680 -905.016 1042.9 0
9352200 13408 -6332 -512.687 1519.82 0
9352601 16451 -11121 -1348.16 1361.57 0
9353900 -19162 3617 -1083.62 137.067 0
9354100 10902 -6192 -993.98 907.244 0
9354500 27940 -17428 -1335.3 595.95 0
9354600 43047 -20310 -1248.91 -442.424 0
9354601 44805 -21713 -697.769 -301.15 0
9354700 14614 -10722 -892.617 911.23 0
9350500 -18031.9 2985.68 -1184.28 122.837 1
9351201 9161.61 -865.121 -529.329 750.874 1
9351300 5380.6 16.3734 -1154.69 754.474 1
9351500 44557.4 -18718.9 843.084 -360.57 1
9351600 -24770.5 2578.2 -1280.75 -258.322 1
9351601 -25213.8 2874.44 -1344.68 -565.624 1
9351800 11968.5 -5410.4 -599.475 601.887 1
9352100 14583.3 -8845.49 -669.599 520.168 1
9352101 6149.57 4831.05 -903.083 1045.29 1
9352200 12829.3 -4677.43 -515.959 1509.63 1
9352601 14984.1 -9647.19 -1343.5 1348.19 1
9353900 -20357.5 3753.95 -1085.7 131.353 1
9354100 9822.62 -5196.05 -987.015 904.374 1
9354500 26459.6 -16756.2 -1337.7 602.636 1
9354600 41674.1 -20805.8 -1246.94 -445.41 1
9354601 44030.2 -22059.1 -702.86 -309.594 1
9354700 13542.9 -9628.52 -892.617 911.23 1
9350500 -19320.9 3128.41 -1181.19 126.224 2
9351201 8564.79 -23.4781 -533.246 755.894 2
9351300 4106.68 849.712 -1153.69 755.462 2
9351500 45483.9 -19102.6 843.506 -354.519 2
9351600 -26195 2286.96 -1285.11 -261.136 2
9351601 -26691.2 2235.11 -1343.82 -568.676 2
9351800 11299.2 -4757.09 -602.562 599.785 2
9352100 13853.1 -8286.98 -667.075 518.699 2
9352101 5153.36 5986.22 -901.175 1047.44 2
9352200 12242.7 -3044.45 -519.388 1499.7 2
9352601 13527.5 -8201.54 -1338.79 1335.18 2
9353900 -21557.8 3878.64 -1087.85 125.747 2
9354100 8757.84 -4206.32 -980.262 901.551 2
9354500 24975.1 -16070.4 -1339.82 609.117 2
9354600 40303.2 -21309 -1245.01 -448.339 2
9354601 43242.6 -22424.7 -707.853 -317.875 2
9354700 12471.7 -8535.05 -892.617 911.23 2
9350500 -20603.3 3277.52 -1178.16 129.399 3
9351201 7960.03 828.392 -537.015 760.747 3
9351300 2835.46 1684.81 -1152.62 756.384 3
9351500 46411.7 -19473.5 844.009 -348.602 3
9351600 -27627.3 1991.44 -1289.15 -263.593 3
9351601 -28165.9 1591.29 -1342.84 -571.335 3
9351800 10623.3 -4107.49 -605.613 597.861 3
9352100 13125.9 -7731.15 -665.043 517.323 3
9352101 4161.3 7144.81 -899.292 1049.38 3
9352200 11647.8 -1432.28 -522.966 1490.01 3
9352601 12081.4 -6782.88 -1334.06 1322.54 3
9353900 -22763.2 3991.43 -1090.06 120.25 3
9354100 7706.99 -3222.67 -973.714 898.774 3
9354500 23487.4 -15371 -1341.68 615.399 3
9354600 38934.3 -21819.5 -1243.11 -451.212 3
9354601 42442.5 -22809.2 -712.751 -325.998 3
9354700 11400.6 -7441.57 -892.617 911.23 3
9350500 -21879.2 3432.33 -1175.19 132.37 4
9351201 7347.77 1689.98 -540.642 765.438 4
9351300 1567.14 2521.48 -1151.49 757.244 4
9351500 47341.2 -19832 844.591 -342.817 4
9351600 -29066.6 1692.7 -1292.89 -265.708 4
9351601 -29637.6 944.156 -1341.76 -573.615 4
9351800 9940.86 -3461.07 -608.625 596.107 4
9352100 12400.2 -7177.73 -663.48 516.038 4
9352101 3173.3 8306.15 -897.435 1051.11 4
9352200 11044.2 159.868 -526.685 1480.56 4
9352601 10645.8 -5390.08 -1329.3 1310.25 4
9353900 -23973.7 4092.71 -1092.32 114.865 4
9354100 6669.43 -2244.94 -967.365 896.042 4
9354500 21997.2 -14658.9 -1343.29 621.486 4
9354600 37567.3 -22337.1 -1241.25 -454.03 4
9354601 41630.3 -23212.3 -717.554 -333.964 4
9354700 10329.4 -6348.09 -892.617 911.23 4
9350500 -23148.9 3592.21 -1172.28 135.14 5
9351201 6728.46 2560.82 -544.132 769.976 5
9351300 301.92 3359.54 -1150.29 758.044 5
9351500 48272.6 -20178.6 845.25 -337.161 5
9351600 -30511.9 1391.76 -1296.34 -267.496 5
9351601 -31106 294.841 -1340.57 -575.533 5
9351800 9252.1 -2817.3 -611.599 594.519 5
9352100 11674.6 -6626.46 -662.364 514.838 5
9352101 2189.26 9469.63 -895.603 1052.63 5
9352200 10431.4 1732.73 -530.537 1471.34 5
9352601 9220.62 -4022.06 -1324.54 1298.3 5
9353900 -25189.7 4182.84 -1094.64 109.591 5
9354100 5644.55 -1273 -961.207 893.353 5
9354500 20505.3 -13934.4 -1344.65 627.386 5
9354600 36202.2 -22861.6 -1239.43 -456.793 5
9354601 40806.4 -23633.2 -722.264 -341.776 5
9354700 9258.3 -5254.62 -892.617 911.23 5
9350500 -24412.6 3756.55 -1169.43 137.718 6
9351201 6102.49 3440.46 -547.49 774.364 6
9351300 -960.05 4198.85 -1149.04 758.788 6
9351500 49206.1 -20513.6 845.982 -331.633 6
9351600 -31962.4 1089.62 -1299.5 -268.969 6
9351601 -32570.8 -355.571 -1339.29 -577.101 6
9351800 8557.09 -2175.66 -614.533 593.09 6
9352100 10947.7 -6077.05 -661.676 513.721 6
9352101 1209.08 10634.7 -893.798 1053.96 6
9352200 9808.98 3287.06 -534.516 1462.35 6
9352601 7805.96 -2677.72 -1319.76 1286.69 6
9353900 -26411.1 4262.19 -1097 104.426 6
9354100 4631.73 -306.669 -955.237 890.708 6
9354500 19012.4 -13198.3 -1345.77 633.101 6
9354600 34838.9 -23392.7 -1237.64 -459.503 6
9354601 39971 -24071.6 -726.884 -349.439 6
9354700 8187.16 -4161.14 -892.617 911.23 6
9350500 -25672.5 3926.73 -1166.64 140.246 7
9351201 5468.35 4330.95 -550.782 778.668 7
9351300 -2221.44 5041.21 -1147.81 759.517 7
9351500 50142.8 -20837.4 846.7 -326.21 7
9351600 -33422.1 783.752 -1302.61 -270.414 7
9351601 -34035.5 -1010.33 -1338.04 -578.64 7
9351800 7854.64 -1535.89 -617.41 591.688 7
9352100 10221.1 -5528.87 -661.002 512.626 7
9352101 231.19 11804.6 -892.027 1055.26 7
9352200 9177.26 4824.96 -538.418 1453.53 7
9352601 6398.82 -1355.75 -1315.07 1275.29 7
9353900 -27639.8 4330.78 -1099.31 99.3609 7
9354100 3629.81 655.666 -949.382 888.114 7
9354500 17514.7 -12448.7 -1346.87 638.707 7
9354600 33477.2 -23930.4 -1235.88 -462.161 7
9354601 39124.5 -24526.9 -731.415 -356.954 7
9354700 7116.02 -3067.67 -892.617 911.23 7
9350500 -27072.5 4095.02 -1166.64 140.246 8
9351201 4807.42 5265.35 -550.782 778.668 8
9351300 -3598.8 5952.63 -1147.81 759.517 8
9351500 51158.9 -21228.8 846.7 -326.21 8
9351600 -34985.2 459.255 -1302.61 -270.414 8
9351601 -35641.1 -1704.7 -1338.04 -578.64 8
9351800 7113.75 -825.861 -617.41 591.688 8
9352100 9427.85 -4913.72 -661.002 512.626 8
9352101 -839.242 13070.9 -892.027 1055.26 8
9352200 8531.15 6569.2 -538.418 1453.53 8
9352601 4820.74 174.598 -1315.07 1275.29 8
9353900 -28958.9 4450.01 -1099.31 99.3609 8
9354100 2490.55 1721.4 -949.382 888.114 8
9354500 15898.4 -11682.3 -1346.87 638.707 8
9354600 31994.1 -24485 -1235.88 -462.161 8
9354601 38246.8 -24955.2 -731.415 -356.954 8
9354700 6044.88 -1974.19 -892.617 911.23 8
