9345500 965 5714 -934.276 1102.85 0
9350000 -195 2016 -1164.76 499.902 0
9350400 8041 1706 -267.158 1631.87 0
9350500 2965 1074 -1297.23 751.085 0
9351201 19983 -14006 -839.551 609.863 0
9351300 19993 -12474 -945.648 680.061 0
9351400 14202 -6888 -853.141 904.77 0
9351500 26700 -15014 1233.44 -484.559 0
9351600 -4990 2876 -1686.25 403.502 0
9351601 -5043 3765 -1450.39 507.819 0
9351800 24527 -14860 -744.789 512.666 0
9352100 29395 -16812 -965.577 527.75 0
9352101 20741 -12220 -971.747 780.428 0
9352200 28848 -16089 -1141.07 469.578 0
9352400 35228 -22080 161.058 -552.46 0
9352500 32697 -18525 -1710.69 -25.2881 0
9352501 44019 -18331 -1188.76 383.887 0
9352601 35419 -19650 -1438.98 466.788 0
9353200 22213 -15597 -921.855 545.41 0
9345500 -75.8199 6916.82 -939.83 1095.54 1
9350000 -1489 2576.01 -1171.59 502.494 1
9350400 7746.94 3499.16 -268.952 1627.35 1
9350500 1528.18 1906.16 -1300.83 753.799 1
9351201 19049.9 -13316.3 -844.383 617.85 1
9351300 18957.1 -11737.9 -942.67 675.152 1
9351400 13265.7 -5887.85 -854.576 906.893 1
9351500 28069.1 -15553.8 1236.31 -488.047 1
9351600 -6812.45 3297.49 -1669.12 393.9 1
9351601 -6629.81 4315.75 -1446.51 502.15 1
9351800 23692 -14302.8 -752.319 509.373 1
9352100 28329.2 -16233.1 -968.945 525.118 1
9352101 19663.4 -11357.9 -975.372 783.689 1
9352200 27592.8 -15571.8 -1142.62 468.003 1
9352400 35392.5 -22704.4 154.332 -553.515 1
9352500 30816.7 -18555.6 -1706.95 -25.3738 1
9352501 42731.7 -17901.7 -1177.39 383.058 1
9352601 33851.1 -19134.9 -1430.57 466.477 1
9353200 21190.1 -15005.5 -922.815 540.454 1
9345500 -1128.23 8103.72 -945.193 1088.32 2
9350000 -2797.29 3141.95 -1178.2 505.131 2
9350400 7448.6 5282.16 -270.818 1622.85 2
9350500 83.4994 2744.42 -1304.37 756.522 2
9351201 18106.4 -12610.8 -849.119 625.399 2
9351300 17927.1 -11011.4 -939.88 670.529 2
9351400 12326.4 -4883.61 -855.956 908.891 2
9351500 29444.2 -16100.6 1239.1 -491.342 2
9351600 -8598.52 3698.92 -1652.42 384.606 2
9351601 -8207.91 4854.71 -1442.61 496.676 2
9351800 22841.6 -13752.4 -759.553 506.186 2
9352100 27256.9 -15660.5 -972.113 522.445 2
9352101 18577.9 -10489.6 -978.969 786.698 2
9352200 26334.3 -15057.8 -1144.13 466.513 2
9352400 35541.6 -23331.7 147.543 -554.726 2
9352500 28944.4 -18585 -1703.29 -25.1519 2
9352501 41469.7 -17474 -1166.05 382.294 2
9352601 32301.2 -18620.1 -1422.37 466.232 2
9353200 20163.4 -14424.1 -923.756 535.592 2
9345500 -2191.63 9275.02 -950.372 1081.2 3
9350000 -4119.2 3713.95 -1184.61 507.811 3
9350400 7145.76 7055.06 -272.752 1618.37 3
9350500 -1368.81 3588.8 -1307.85 759.249 3
9351201 17153 -11890.7 -853.758 632.525 3
9351300 16902.4 -10293.6 -937.271 666.181 3
9351400 11384.1 -3875.66 -857.285 910.769 3
9351500 30824.9 -16653.7 1241.81 -494.454 3
9351600 -10349.6 4081.25 -1636.14 375.609 3
9351601 -9777.29 5382.49 -1438.7 491.387 3
9351800 21976.7 -13208.6 -766.501 503.103 3
9352100 26178.7 -15094.2 -975.088 519.733 3
9352101 17484.7 -9615.85 -982.535 789.461 3
9352200 25072.9 -14546.8 -1145.58 465.106 3
9352400 35675.2 -23962.2 140.693 -556.081 3
9352500 27079.7 -18612.3 -1699.72 -24.6365 3
9352501 40232.7 -17047.7 -1154.74 381.597 3
9352601 30768.5 -18105.6 -1414.38 466.049 3
9353200 19133 -13852.5 -924.679 530.824 3
9345500 -3265.45 10431.1 -955.371 1074.18 4
9350000 -5454.02 4292.14 -1190.8 510.531 4
9350400 6838.19 8817.91 -274.753 1613.89 4
9350500 -2828.5 4439.29 -1311.25 761.978 4
9351201 16189.7 -11157.5 -858.305 639.243 4
9351300 15882.3 -9583.71 -934.839 662.097 4
9351400 10439 -2864.36 -858.569 912.532 4
9351500 32210.9 -17212.6 1244.44 -497.391 4
9351600 -12066.9 4445.43 -1620.26 366.902 4
9351601 -11337.9 5899.66 -1434.78 486.278 4
9351800 21098.3 -12671 -773.17 500.12 4
9352100 25095.1 -14534.3 -977.876 516.99 4
9352101 16383.8 -8737.46 -986.072 791.982 4
9352200 23808.5 -14038.4 -1146.99 463.777 4
9352400 35793 -24596.4 133.786 -557.567 4
9352500 25222.6 -18636.7 -1696.23 -23.8411 4
9352501 39020.7 -16622.6 -1143.48 380.964 4
9352601 29252.4 -17591 -1406.6 465.926 4
9353200 18099 -13290.4 -925.585 526.148 4
9345500 -4349.12 11572.2 -960.196 1067.26 5
9350000 -6801.09 4876.64 -1196.79 513.289 5
9350400 6525.72 10570.8 -276.817 1609.44 5
9350500 -4295.32 5295.86 -1314.59 764.706 5
9351201 15217.1 -10412.2 -862.759 645.57 5
9351300 14866.5 -8880.93 -932.578 658.267 5
9351400 9491.25 -1850.06 -859.812 914.184 5
9351500 33602.2 -17776.8 1246.99 -500.16 5
9351600 -13751.8 4792.33 -1604.77 358.475 5
9351601 -12889.9 6406.75 -1430.85 481.34 5
9351800 20207.1 -12139.3 -779.57 497.233 5
9352100 24006.7 -13980.9 -980.485 514.218 5
9352101 15275.5 -7855.19 -989.578 794.266 5
9352200 22541.6 -13532.5 -1148.35 462.524 5
9352400 35894.9 -25234.6 126.825 -559.172 5
9352500 23372.6 -18657.3 -1692.82 -22.7787 5
9352501 37833.5 -16198.4 -1132.26 380.397 5
9352601 27752.2 -17076.2 -1399.02 465.859 5
9353200 17061.4 -12737.5 -926.473 521.562 5
9345500 -5442.16 12698.9 -964.852 1060.44 6
9350000 -8159.84 5467.57 -1202.58 516.082 6
9350400 6208.11 12313.8 -278.941 1605 6
9350500 -5769.11 6158.53 -1317.85 767.432 6
9351201 14235.3 -9656.12 -867.123 651.517 6
9351300 13854.3 -8184.45 -930.481 654.683 6
9351400 8540.91 -833.059 -861.016 915.73 6
9351500 34998.3 -18345.8 1249.46 -502.767 6
9351600 -15405.5 5122.84 -1589.67 350.321 6
9351601 -14433.1 6904.29 -1426.92 476.57 6
9351800 19304 -11613.3 -785.708 494.439 6
9352100 22914.1 -13434 -982.92 511.42 6
9352101 14159.6 -6969.73 -993.052 796.323 6
9352200 21272 -13028.8 -1149.66 461.344 6
9352400 35980.7 -25877.2 119.813 -560.892 6
9352500 21529.6 -18673.3 -1689.48 -21.46 6
9352501 36671 -15775 -1121.07 379.893 6
9352601 26267.2 -16561.1 -1391.64 465.846 6
9353200 16020.5 -12193.6 -927.344 517.064 6
9345500 -6546.94 13812.9 -969.418 1053.75 7
9350000 -9533.27 6065.34 -1208.26 518.821 7
9350400 5885.39 14050.2 -281.024 1600.64 7
9350500 -7252.33 7028.47 -1321.05 770.106 7
9351201 13242.5 -8886.14 -871.403 657.349 7
9351300 12844.8 -7494.35 -928.426 651.167 7
9351400 7586.27 189.007 -862.196 917.247 7
9351500 36402 -18921.3 1251.89 -505.324 7
9351600 -17030.1 5436.68 -1574.86 342.323 7
9351601 -15970.8 7392.51 -1423.07 471.891 7
9351800 18386.4 -11092.2 -791.728 491.698 7
9352100 21814.3 -12892.2 -985.309 508.676 7
9352101 13034.5 -6078.29 -996.46 798.34 7
9352200 19997.3 -12526.8 -1150.94 460.187 7
9352400 36051.8 -26524.3 112.937 -562.578 7
9352500 19690.5 -18686.5 -1686.21 -20.1667 7
9352501 35530.2 -15352.2 -1110.1 379.399 7
9352601 24795.2 -16045.2 -1384.4 465.834 7
9353200 14976.2 -11658.3 -928.198 512.653 7
9345500 -7710.24 15077.4 -969.418 1053.75 8
9350000 -10983.2 6687.93 -1208.26 518.821 8
9350400 5548.16 15971 -281.024 1600.64 8
9350500 -8837.59 7952.6 -1321.05 770.106 8
9351201 12196.8 -8097.33 -871.403 657.349 8
9351300 11730.7 -6712.95 -928.426 651.167 8
9351400 6551.63 1289.7 -862.196 917.247 8
9351500 37904.3 -19527.7 1251.89 -505.324 8
9351600 -18919.9 5847.47 -1574.86 342.323 8
9351601 -17678.4 7958.78 -1423.07 471.891 8
9351800 17436.3 -10502.2 -791.728 491.698 8
9352100 20631.9 -12281.8 -985.309 508.676 8
9352101 11838.7 -5120.29 -996.46 798.34 8
9352200 18616.2 -11974.5 -1150.94 460.187 8
9352400 36187.3 -27199.4 112.937 -562.578 8
9352500 17667.1 -18710.7 -1686.21 -20.1667 8
9352501 34198 -14896.9 -1110.1 379.399 8
9352601 23133.9 -15486.2 -1384.4 465.834 8
9353200 13862.3 -11043.1 -928.198 512.653 8
