9345500 -273 8607 -573.135 1688.06 0
9350000 -3254 2632 -1205.75 -108.816 0
9350500 -330 1784 -1226.32 164.334 0
9351201 18099 -12422 -734.415 648.246 0
9351300 17235 -11165 -1209.03 868.485 0
9351400 11958 -4395 -1011.86 846.761 0
9351500 29540 -15922 818.49 -389.746 0
9351600 -8354 2896 -1681.04 78.8212 0
9351601 -8248 3871 -1154.2 -290.019 0
9351800 21992 -13881 -916.76 517.772 0
9352100 27136 -15996 -819.64 364.696 0
9352101 17673 -10180 -1726.13 973.075 0
9352200 25804 -14974 -1162.16 810.171 0
9352400 35115 -22127 -364.121 -208.63 0
9352500 29047 -17490 -1391.87 552.276 0
9352601 32069 -19172 -1694.23 109.9 0
9353200 20033 -14558 -883.581 661.09 0
9345500 -907.392 10443.5 -573.782 1675.78 1
9350000 -4579.62 2538.08 -1207.04 -94.2417 1
9350500 -1681.07 1969.06 -1229.44 166.004 1
9351201 17291.6 -11705.9 -736.057 649.776 1
9351300 15929 -10222.3 -1201.37 859.781 1
9351400 10862.8 -3466.82 -1004.9 848.909 1
9351500 30446.3 -16346.9 825.218 -387.301 1
9351600 -10186.4 2969.79 -1671.37 72.5751 1
9351601 -9519.23 3575.35 -1154.65 -277.317 1
9351800 20981.8 -13318.6 -919.489 514.007 1
9352100 26223.4 -15579.7 -824.945 370.729 1
9352101 15803 -9124.2 -1712.26 966.182 1
9352200 24533.6 -14079.8 -1160.23 809.84 1
9352400 34690.4 -22374 -370.731 -213.467 1
9352500 27511 -16892.3 -1395.96 547.447 1
9352601 30220.9 -19036 -1684.94 116.04 1
9353200 19042.7 -13843.6 -891.451 654.106 1
9345500 -1543.74 12253.6 -574.546 1663.75 2
9350000 -5907.97 2475.36 -1208.27 -79.9989 2
9350500 -3038.81 2158.45 -1232.47 167.831 2
9351201 16480.5 -10986.7 -737.682 651.243 2
9351300 14639 -9297.98 -1193.9 851.335 2
9351400 9782.11 -2533.93 -998.145 850.998 2
9351500 31367.3 -16766.8 831.846 -384.99 2
9351600 -11998.7 3031.13 -1662.04 66.6759 2
9351601 -10791.7 3307.23 -1155.19 -264.817 2
9351800 19966.2 -12764 -922.061 510.381 2
9352100 25299.7 -15150.6 -830.105 376.586 2
9352101 13962.7 -8082.92 -1698.65 959.486 2
9352200 23267.3 -13186.6 -1158.37 809.392 2
9352400 34253.1 -22631.5 -376.903 -218.247 2
9352500 25965.9 -16305.4 -1400 542.591 2
9352601 28392.4 -18886.9 -1675.9 122.075 2
9353200 18036.1 -13143.8 -899.033 647.34 2
9345500 -2182.42 14038.2 -575.423 1651.96 3
9350000 -7238.88 2442.77 -1209.45 -66.0792 3
9350500 -4402.94 2352.69 -1235.41 169.808 3
9351201 15665.7 -10264.5 -739.291 652.651 3
9351300 13364.4 -8391.21 -1186.62 843.139 3
9351400 8715.3 -1596.53 -991.598 853.031 3
9351500 32302.7 -17182.3 838.374 -382.81 3
9351600 -13791.9 3081.11 -1653.05 61.1095 3
9351601 -12065.6 3065.98 -1155.8 -252.516 3
9351800 18945.5 -12216.8 -924.482 506.887 3
9352100 24365.2 -14709.4 -835.123 382.271 3
9352101 12151.2 -7055.51 -1685.29 952.985 3
9352200 22004.6 -12295 -1156.58 808.834 3
9352400 33804.3 -22899.3 -382.652 -222.971 3
9352500 24411.9 -15729.6 -1404 537.711 3
9352601 26582.8 -18724.8 -1667.11 128.008 3
9353200 17014.1 -12458 -906.336 640.786 3
9345500 -2823.77 15798 -576.411 1640.39 4
9350000 -8572.22 2439.3 -1210.59 -52.4746 4
9350500 -5773.2 2552.22 -1238.27 171.932 4
9351201 14847.3 -9539.42 -740.887 654.006 4
9351300 12104.6 -7501.22 -1179.53 835.186 4
9351400 7661.71 -654.787 -985.253 855.01 4
9351500 33252.1 -17593.6 844.806 -380.757 4
9351600 -15567.1 3120.71 -1644.38 55.8623 4
9351601 -13341.3 2850.92 -1156.5 -240.415 4
9351800 17920.4 -11676.5 -926.759 503.523 4
9352100 23420.5 -14256.6 -840.005 387.787 4
9352101 10367.8 -6041.37 -1672.19 946.673 4
9352200 20745.6 -11405.2 -1154.85 808.168 4
9352400 33345.4 -23177.4 -387.997 -227.64 4
9352500 22849.3 -15164.8 -1407.95 532.809 4
9352601 24791.4 -18550.3 -1658.55 133.84 4
9353200 15977.5 -11785.4 -913.369 634.435 4
9345500 -3468.16 17533.7 -577.507 1629.05 5
9350000 -9907.85 2463.95 -1211.68 -39.1769 5
9350500 -7149.36 2757.49 -1241.06 174.196 5
9351201 14025.3 -8811.69 -742.47 655.311 5
9351300 10859.1 -6627.25 -1172.61 827.468 5
9351400 6620.7 291.129 -979.104 856.937 5
9351500 34215.3 -18001.3 851.143 -378.828 5
9351600 -17325.3 3150.9 -1636.01 50.921 5
9351601 -14618.9 2661.4 -1157.27 -228.511 5
9351800 16891.1 -11142.7 -928.899 500.282 5
9352100 22465.9 -13792.7 -844.754 393.138 5
9352101 8611.47 -5039.88 -1659.34 940.547 5
9352200 19489.8 -10517.5 -1153.19 807.399 5
9352400 32877.6 -23465.5 -392.953 -232.255 5
9352500 21278 -14611.1 -1411.86 527.89 5
9352601 23017.4 -18363.5 -1650.21 139.572 5
9353200 14927.2 -11125.5 -920.14 628.282 5
9345500 -4115.92 19246 -578.706 1617.93 6
9350000 -11245.7 2515.78 -1212.73 -26.1794 6
9350500 -8531.19 2968.94 -1243.76 176.595 6
9351201 13199.7 -8081.41 -744.04 656.566 6
9351300 9627.27 -5768.55 -1165.86 819.978 6
9351400 5591.64 1241.09 -973.146 858.812 6
9351500 35192 -18405.7 857.387 -377.02 6
9351600 -19067.3 3172.63 -1627.94 46.2759 6
9351601 -15898.7 2496.8 -1158.1 -216.801 6
9351800 15858.1 -10615.1 -930.907 497.162 6
9352100 21501.8 -13318.3 -849.375 398.328 6
9352101 6881.54 -4050.45 -1646.73 934.602 6
9352200 18237.2 -9632.26 -1151.58 806.53 6
9352400 32402 -23763.4 -397.533 -236.816 6
9352500 19698.4 -14068.5 -1415.71 522.955 6
9352601 21260.1 -18164.9 -1642.1 145.207 6
9353200 13863.9 -10477.5 -926.655 622.32 6
9345500 -4767.29 20937.7 -579.882 1607.03 7
9350000 -12588.1 2595.32 -1213.76 -13.432 7
9350500 -9921.27 3185.81 -1246.42 178.947 7
9351201 12369.2 -7347.2 -745.58 657.798 7
9351300 8407.45 -4924.33 -1159.25 812.633 7
9351400 4573.35 2196.82 -967.303 860.651 7
9351500 36183.8 -18806.9 863.511 -375.247 7
9351600 -20795.2 3184.52 -1620.03 41.7201 7
9351601 -17182.5 2356.78 -1158.92 -205.317 7
9351800 14819 -10093.2 -932.877 494.101 7
9352100 20526.2 -12832.1 -853.907 403.417 7
9352101 5175.32 -3071.89 -1634.37 928.771 7
9352200 16985.6 -8747.4 -1150.01 805.679 7
9352400 31916.1 -24071.3 -402.024 -241.29 7
9352500 18107.7 -13535.4 -1419.49 518.116 7
9352601 19517 -17954 -1634.14 150.733 7
9353200 12785 -9841.17 -933.045 616.473 7
9345500 -5463.15 22866.1 -579.882 1607.03 8
9350000 -14044.6 2579.2 -1213.76 -13.432 8
9350500 -11417 3400.54 -1246.42 178.947 8
9351201 11474.5 -6557.84 -745.58 657.798 8
9351300 7016.35 -3949.17 -1159.25 812.633 8
9351400 3412.59 3229.61 -967.303 860.651 8
9351500 37220 -19257.2 863.511 -375.247 8
9351600 -22739.3 3234.58 -1620.03 41.7201 8
9351601 -18573.2 2110.4 -1158.92 -205.317 8
9351800 13699.5 -9500.32 -932.877 494.101 8
9352100 19501.5 -12348 -853.907 403.417 8
9352101 3214.08 -1957.37 -1634.37 928.771 8
9352200 15605.6 -7780.58 -1150.01 805.679 8
9352400 31433.6 -24360.9 -402.024 -241.29 8
9352500 16404.3 -12913.7 -1419.49 518.116 8
9352601 17556 -17773.1 -1634.14 150.733 8
9353200 11665.3 -9101.41 -933.045 616.473 8
