9350500 -23531 2590 -1165.28 -362.211 0
9351201 7472 3538 -405.12 1005.58 0
9351300 1686 1825 -1110.03 218.172 0
9351500 42751 -21090 -991.374 117.087 0
9351600 -28830 -252 -1102.73 -1045.93 0
9351601 -28831 627 -755.459 -772.369 0
9351800 8936 -2191 -711.627 545.364 0
9352100 10982 -5014 -972.153 1097.84 0
9352200 8594 -550 -1179.5 847.179 0
9352601 11936 -6960 -1353.68 701.098 0
9353900 -25920 1403 -1000.01 -328.001 0
9354100 7967 -2448 -441.123 762.311 0
9354500 21862 -13532 -1285.63 707.047 0
9354600 35359 -19931 -1753.48 444.012 0
9354601 37649 -21273 -1195.1 709.477 0
9354700 9935 -5550 -957.038 1206.43 0
9355200 44111 -20683 -1011.28 -486.235 0
9350500 -24822.4 2224.38 -1172.39 -350.459 1
9351201 7020.46 4649.41 -407.644 1008.47 1
9351300 487.962 2080.07 -1102.26 225.923 1
9351500 41664.9 -20998.1 -990.508 98.6023 1
9351600 -30042.8 -1367.23 -1102.69 -1029.85 1
9351601 -29660.7 -222.521 -755.916 -771.548 1
9351800 8157.01 -1591.11 -709.609 547.557 1
9352100 9929.7 -3814.47 -966.71 1093.34 1
9352200 7309.56 387.005 -1174.14 852.178 1
9352601 10468.7 -6181.26 -1340.35 705.285 1
9353900 -27044.7 1022.7 -1012.94 -338.984 1
9354100 7487.15 -1611.86 -440.734 761.879 1
9354500 20453.4 -12755.7 -1283.66 708.993 1
9354600 33444.8 -19462.7 -1746.43 434.121 1
9354601 36325 -20495.6 -1199.05 704.156 1
9354700 8876.15 -4223.88 -959.758 1204.61 1
9355200 42897.5 -21266.5 -1011.28 -486.235 1
9350500 -26128.9 1882.9 -1179.31 -339.129 2
9351201 6563.44 5767.24 -410.131 1011.35 2
9351300 -693.726 2351.67 -1094.69 233.496 2
9351500 40580.2 -20946.5 -989.751 80.3457 2
9351600 -31255.1 -2448.61 -1102.54 -1014.2 2
9351601 -30491.7 -1069.68 -756.455 -770.613 2
9351800 7382.06 -986.439 -707.693 549.723 2
9352100 8888.99 -2624.65 -961.36 1088.89 2
9352200 6036.79 1334.96 -1168.84 857.092 2
9352601 9030.15 -5393.75 -1327.29 709.333 2
9353900 -28197.3 619.309 -1025.63 -349.615 2
9354100 7007.28 -775.931 -440.523 761.595 2
9354500 19049.5 -11975.1 -1281.62 710.909 2
9354600 31545.4 -19015 -1739.58 424.579 2
9354601 34992 -19730.6 -1203.02 698.782 2
9354700 7811.3 -2902.18 -962.452 1202.71 2
9355200 41683.9 -21850 -1011.28 -486.235 2
9350500 -27449.9 1564.23 -1186.05 -328.207 3
9351201 6101.06 6891.39 -412.579 1014.2 3
9351300 -1859.74 2639.23 -1087.33 240.897 3
9351500 39496.8 -20934.3 -989.077 62.3239 3
9351600 -32466.4 -3497.53 -1102.28 -998.987 3
9351601 -31324.4 -1914.15 -757.077 -769.572 3
9351800 6610.81 -377.056 -705.878 551.863 3
9352100 7859.57 -1444.36 -956.103 1084.5 3
9352200 4775.49 2293.62 -1163.6 861.924 3
9352601 7619.37 -4597.87 -1314.49 713.253 3
9353900 -29376.8 193.973 -1038.07 -359.9 3
9354100 6526.86 60.2194 -440.48 761.449 3
9354500 17650.5 -11190.3 -1279.52 712.798 3
9354600 29660.3 -18586.7 -1732.91 415.372 3
9354601 33650.1 -18978 -1207.01 693.353 3
9354700 6740.56 -1585.14 -965.119 1200.73 3
9355200 40470.4 -22433.4 -1011.28 -486.235 3
9350500 -28784.8 1267.13 -1192.61 -317.678 4
9351201 5633.46 8021.77 -414.99 1017.02 4
9351300 -3010.74 2942.24 -1080.18 248.13 4
9351500 38414.7 -20960.8 -988.458 44.5425 4
9351600 -33676.6 -4515.38 -1101.94 -984.195 4
9351601 -32159 -2755.61 -757.778 -768.43 4
9351800 5842.92 236.965 -704.164 553.98 4
9352100 6841.13 -273.407 -950.938 1080.16 4
9352200 3525.46 3262.72 -1158.42 866.679 4
9352601 6235.53 -3793.99 -1301.95 717.052 4
9353900 -30582.5 -252.205 -1050.26 -369.847 4
9354100 6045.38 896.994 -440.598 761.435 4
9354500 16256.5 -10401.3 -1277.35 714.66 4
9354600 27788.8 -18176.8 -1726.43 406.487 4
9354601 32299.2 -18238.1 -1211.03 687.872 4
9354700 5664.03 -272.968 -967.756 1198.67 4
9355200 39256.9 -23016.9 -1011.28 -486.235 4
9350500 -30132.9 990.409 -1198.98 -307.528 5
9351201 5160.75 9158.27 -417.363 1019.82 5
9351300 -4147.37 3260.16 -1073.22 255.203 5
9351500 37333.8 -21025 -987.87 27.0069 5
9351600 -34885.3 -5503.48 -1101.5 -969.815 5
9351601 -32995.7 -3593.81 -758.56 -767.196 5
9351800 5078.05 855.561 -702.551 556.074 5
9352100 5833.37 888.416 -945.864 1075.89 5
9352200 2286.52 4242.05 -1153.3 871.362 5
9352601 4877.78 -2982.46 -1289.67 720.737 5
9353900 -31813.6 -718.149 -1062.2 -379.463 5
9354100 5562.4 1734.76 -440.868 761.544 5
9354500 14867.6 -9608.33 -1275.14 716.497 5
9354600 25930.3 -17784.3 -1720.13 397.913 5
9354601 30939.2 -17511.1 -1215.06 682.34 5
9354700 4581.83 1034.17 -970.362 1196.56 5
9355200 38043.3 -23600.4 -1011.28 -486.235 5
9350500 -31493.8 732.896 -1205.18 -297.747 6
9351201 4683.04 10300.9 -419.7 1022.59 6
9351300 -5270.27 3592.53 -1066.45 262.118 6
9351500 36254 -21126.2 -987.311 9.71431 6
9351600 -36092.3 -6463.11 -1100.97 -955.836 6
9351601 -33834.8 -4428.47 -759.417 -765.872 6
9351800 4315.88 1478.68 -701.035 558.147 6
9352100 4835.99 2041.32 -940.881 1071.67 6
9352200 1058.43 5231.41 -1148.23 875.973 6
9352601 3545.27 -2163.58 -1277.64 724.313 6
9353900 -33069.3 -1202.85 -1073.9 -388.757 6
9354100 5077.43 2573.93 -441.284 761.772 6
9354500 13484 -8811.35 -1272.87 718.308 6
9354600 24084.3 -17408.2 -1714.01 389.64 6
9354601 29570 -16797 -1219.11 676.76 6
9354700 3494.01 2336.12 -972.937 1194.38 6
9355200 36829.8 -24183.9 -1011.28 -486.235 6
9350500 -32870.4 495.529 -1211.26 -288.154 7
9351201 4199.55 11451.3 -421.991 1025.3 7
9351300 -6380.92 3940.15 -1059.81 268.9 7
9351500 35173.4 -21264.3 -986.763 -7.24563 7
9351600 -37300.4 -7394.82 -1100.46 -942.126 7
9351601 -34677.3 -5261.78 -760.257 -764.573 7
9351800 3555.61 2107.38 -699.548 560.179 7
9352100 3847.31 3187.27 -935.993 1067.53 7
9352200 -161.106 6232.36 -1143.27 880.496 7
9352601 2236.04 -1335.67 -1265.85 727.819 7
9353900 -34352.1 -1708.18 -1085.38 -397.873 7
9354100 4590.67 3415.04 -441.691 761.995 7
9354500 12102.7 -8009.03 -1270.66 720.084 7
9354600 22248 -17049.1 -1708 381.527 7
9354601 28189.9 -16093.6 -1223.07 671.287 7
9354700 2398.86 3635.68 -975.462 1192.25 7
9355200 35616.3 -24767.4 -1011.28 -486.235 7
9350500 -34323.9 149.745 -1211.26 -288.154 8
9351201 3693.17 12681.7 -421.991 1025.3 8
9351300 -7652.69 4262.83 -1059.81 268.9 8
9351500 33989.3 -21273 -986.763 -7.24563 8
9351600 -38620.9 -8525.37 -1100.46 -942.126 8
9351601 -35589.6 -6179.26 -760.257 -764.573 8
9351800 2716.15 2779.6 -699.548 560.179 8
9352100 2724.12 4468.31 -935.993 1067.53 8
9352200 -1533.02 7288.95 -1143.27 880.496 8
9352601 717.023 -462.288 -1265.85 727.819 8
9353900 -35654.5 -2185.62 -1085.38 -397.873 8
9354100 4060.64 4329.44 -441.691 761.995 8
9354500 10577.9 -7144.93 -1270.66 720.084 8
9354600 20198.4 -16591.2 -1708 381.527 8
9354601 26722.2 -15288.1 -1223.07 671.287 8
9354700 1228.3 5066.38 -975.462 1192.25 8
9355200 34402.7 -25350.9 -1011.28 -486.235 8
