9335900 -17574 -7927 -431.023 -1289.65 0
9345500 8507 -1775 -779.264 822.665 0
9350000 9493 -4603 -892.301 774.099 0
9350201 11726 -4552 -867.122 1578.42 0
9350400 14261 -8063 -892.405 944.493 0
9350500 12340 -7015 -1036.47 609.336 0
9351200 30395 -18254 -760.637 558.976 0
9351201 28827 -18123 -1272.93 558.784 0
9351300 29426 -16776 -1087.46 414.613 0
9351400 23286 -14113 -1302.62 857.006 0
9351500 17271 -9843 799.366 -960.5 0
9351600 5366 -436 -700.833 965.132 0
9351601 5622 183 -1161.25 638.451 0
9351800 33233 -17635 -1131.63 384.261 0
9352100 39067 -20050 -1091.73 386.472 0
9352101 31508 -17146 -2096.86 454.073 0
9352200 40448 -19627 -1042.93 625.858 0
9352400 41991 -21389 -1088.88 328.605 0
9352500 44297 -21309 -1059.86 -421.157 0
9352501 45965 -18635 492.128 -207.747 0
9352600 46936 -23372 24.6434 -1255.94 0
9352601 46125 -20748 -680.775 -711.017 0
9335900 -18049.1 -9345.07 -429.828 -1288.14 1
9345500 7662.07 -891.694 -774.597 815.917 1
9350000 8496.94 -3733.05 -897.311 781.64 1
9350201 10772.1 -2828.98 -868.039 1569.69 1
9350400 13272 -7003.11 -893.968 951.769 1
9350500 11180.6 -6331.2 -1042.82 615.295 1
9351200 29560.2 -17634.3 -762.381 559.502 1
9351201 27433.6 -17529.7 -1268.43 550.459 1
9351300 28234.6 -16319.5 -1086.09 415.444 1
9351400 21867.7 -13183.5 -1295.09 848.79 1
9351500 18136.9 -10905.3 793.714 -960.356 1
9351600 4553.88 657.157 -718.429 975.543 1
9351601 4349.72 895.907 -1156.78 644.674 1
9351800 31993.7 -17213.6 -1127.88 380.91 1
9352100 37853.8 -19589.9 -1097.66 398.429 1
9352101 29227.6 -16658.6 -2081.49 446.293 1
9352200 39306.7 -18961.3 -1042.43 616.527 1
9352400 40792.7 -21075.6 -1089.29 307.683 1
9352500 43139.9 -21787.5 -1055.94 -429.873 1
9352501 46555.6 -18884.3 492.128 -207.747 1
9352600 46965.6 -24879.1 24.6434 -1255.94 1
9352601 45308.1 -21601.2 -680.775 -711.017 1
9335900 -18522.2 -10762.2 -428.656 -1286.66 2
9345500 6826.05 -21.7659 -770.02 809.3 2
9350000 7488.02 -2844.78 -902.225 789.036 2
9350201 9814.42 -1122.55 -868.938 1561.14 2
9350400 12277.9 -5925.22 -895.501 958.906 2
9350500 10005.2 -5632.9 -1049.05 621.139 2
9351200 28720 -17012.4 -764.093 560.017 2
9351201 26047.9 -16953.8 -1264.01 542.295 2
9351300 27044.2 -15860.3 -1084.75 416.26 2
9351400 20463.7 -12270.7 -1287.71 840.732 2
9351500 18991.6 -11969.1 788.17 -960.214 2
9351600 3701.11 1775.29 -735.687 985.752 2
9351601 3085.3 1624.02 -1152.4 650.778 2
9351800 30760.8 -16799.1 -1124.2 377.624 2
9352100 36625.2 -19102.5 -1103.47 410.156 2
9352101 26977.7 -16187.9 -2066.41 438.662 2
9352200 38164.5 -18315.2 -1041.94 607.376 2
9352400 39591.4 -20808.3 -1089.69 287.163 2
9352500 41989.6 -22286.3 -1052.09 -438.422 2
9352501 47146.1 -19133.6 492.128 -207.747 2
9352600 46995.1 -26386.3 24.6434 -1255.94 2
9352601 44491.1 -22454.4 -680.775 -711.017 2
9335900 -18993.5 -12178.4 -427.507 -1285.21 3
9345500 5998.65 835.182 -765.531 802.81 3
9350000 6466.61 -1938.7 -907.044 796.289 3
9350201 8853.08 567.787 -869.82 1552.74 3
9350400 11278.7 -4829.84 -897.005 965.905 3
9350500 8814.09 -4920.52 -1055.15 626.871 3
9351200 27874.4 -16388.4 -765.771 560.522 3
9351201 24669.6 -16394.9 -1259.68 534.288 3
9351300 25854.6 -15398.4 -1083.43 417.059 3
9351400 19073.7 -11374.3 -1280.47 832.829 3
9351500 19835.7 -13034.2 782.734 -960.075 3
9351600 2808.83 2917.7 -752.612 995.766 3
9351601 1828.48 2366.92 -1148.1 656.764 3
9351800 29533.8 -16391.2 -1120.6 374.401 3
9352100 35381.7 -18588.6 -1109.17 421.658 3
9352101 24757.4 -15733.3 -2051.62 431.178 3
9352200 37021.3 -17688.2 -1041.45 598.401 3
9352400 38387.2 -20585.8 -1090.08 267.038 3
9352500 40845.8 -22804.9 -1048.32 -446.806 3
9352501 47736.7 -19382.9 492.128 -207.747 3
9352600 47024.7 -27893.4 24.6434 -1255.94 3
9352601 43674.2 -23307.7 -680.775 -711.017 3
9335900 -19463.1 -13593.8 -426.38 -1283.79 4
9345500 5179.63 1679.54 -761.128 796.444 4
9350000 5433.03 -1015.31 -911.77 803.403 4
9350201 7888.17 2242.52 -870.685 1544.51 4
9350400 10274.7 -3717.44 -898.479 972.769 4
9350500 7607.76 -4194.44 -1061.14 632.493 4
9351200 27023.6 -15762.3 -767.417 561.018 4
9351201 23298.6 -15852.5 -1255.43 526.435 4
9351300 24665.8 -14934.1 -1082.14 417.844 4
9351400 17697.1 -10493.8 -1273.36 825.078 4
9351500 20669.3 -14100.7 777.401 -959.938 4
9351600 1878.16 4083.7 -769.212 1005.59 4
9351601 579.038 3124.19 -1143.88 662.635 4
9351800 28312.8 -15989.9 -1117.06 371.24 4
9352100 34123.7 -18048.9 -1114.76 432.938 4
9352101 22565.8 -15294.4 -2037.12 423.837 4
9352200 35877.2 -17079.7 -1040.98 589.599 4
9352400 37180.1 -20406.8 -1090.47 247.301 4
9352500 39708.2 -23342.8 -1044.62 -455.028 4
9352501 48327.2 -19632.2 492.128 -207.747 4
9352600 47054.3 -29400.5 24.6434 -1255.94 4
9352601 42857.3 -24160.9 -680.775 -711.017 4
9335900 -19930.8 -15008.4 -425.275 -1282.4 5
9345500 4368.72 2511.68 -756.81 790.201 5
9350000 4387.62 -75.0824 -916.406 810.38 5
9350201 6919.77 3902.12 -871.534 1536.44 5
9350400 9265.9 -2588.51 -899.926 979.501 5
9350500 6386.63 -3455.05 -1067.02 638.006 5
9351200 26167.8 -15134.2 -769.031 561.504 5
9351201 21934.5 -15326.1 -1251.26 518.733 5
9351300 23477.9 -14467.2 -1080.88 418.613 5
9351400 16333.7 -9628.58 -1266.39 817.477 5
9351500 21492.8 -15168.5 772.172 -959.805 5
9351600 910.191 5272.64 -785.492 1015.22 5
9351601 -663.268 3895.43 -1139.75 668.393 5
9351800 27097.4 -15594.8 -1113.59 368.139 5
9352100 32851.5 -17484.1 -1120.24 444.001 5
9352101 20402.1 -14870.7 -2022.9 416.638 5
9352200 34732.1 -16489.1 -1040.51 580.966 5
9352400 35970.1 -20270.1 -1090.84 227.943 5
9352500 38576.9 -23899.4 -1040.99 -463.093 5
9352501 48917.8 -19881.5 492.128 -207.747 5
9352600 47083.9 -30907.6 24.6434 -1255.94 5
9352601 42040.3 -25014.1 -680.775 -711.017 5
9335900 -20397 -16422.2 -424.19 -1281.03 6
9345500 3565.69 3331.97 -752.575 784.078 6
9350000 3330.72 881.499 -920.952 817.223 6
9350201 5947.97 5547.05 -872.366 1528.52 6
9350400 8252.49 -1443.49 -901.344 986.104 6
9350500 5151.1 -2702.71 -1072.78 643.413 6
9351200 25307 -14504.1 -770.615 561.98 6
9351201 20577.2 -14815.3 -1247.17 511.179 6
9351300 22290.7 -13997.9 -1079.64 419.368 6
9351400 14983.1 -8778.32 -1259.56 810.021 6
9351500 22306.4 -16237.7 767.043 -959.673 6
9351600 -94.012 6483.88 -801.459 1024.67 6
9351601 -1898.66 4680.25 -1135.69 674.04 6
9351800 25887.5 -15205.8 -1110.19 365.099 6
9352100 31565.5 -16895 -1125.61 454.851 6
9352101 18265.3 -14461.8 -2008.95 409.578 6
9352200 33586 -15915.9 -1040.06 572.499 6
9352400 34757.4 -20174.4 -1091.21 208.957 6
9352500 37451.4 -24474.2 -1037.43 -471.002 6
9352501 49508.3 -20130.8 492.128 -207.747 6
9352600 47113.4 -32414.8 24.6434 -1255.94 6
9352601 41223.4 -25867.3 -680.775 -711.017 6
9335900 -20861.4 -17835.4 -423.127 -1279.69 7
9345500 2770.28 4140.76 -748.422 778.073 7
9350000 2262.63 1853.98 -925.411 823.934 7
9350201 4972.84 7177.76 -873.182 1520.75 7
9350400 7234.57 -282.838 -902.735 992.58 7
9350500 3901.58 -1937.8 -1078.43 648.717 7
9351200 24441.4 -13872.1 -772.168 562.448 7
9351201 19226.4 -14319.4 -1243.17 503.771 7
9351300 21104.3 -13526.3 -1078.42 420.108 7
9351400 13644.7 -7942.54 -1252.86 802.709 7
9351500 23110.6 -17308.1 762.013 -959.545 7
9351600 -1133.42 7716.77 -817.119 1033.93 7
9351601 -3127.35 5478.28 -1131.72 679.578 7
9351800 24683 -14822.7 -1106.85 362.116 7
9352100 30266.2 -16282.2 -1130.89 465.493 7
9352101 16154.8 -14067.2 -1995.27 402.653 7
9352200 32439 -15359.7 -1039.61 564.195 7
9352400 33542 -20118.6 -1091.58 190.337 7
9352500 36331.6 -25066.6 -1033.94 -478.76 7
9352501 50098.9 -20380.1 492.128 -207.747 7
9352600 47143 -33921.9 24.6434 -1255.94 7
9352601 40406.5 -26720.5 -680.775 -711.017 7
9335900 -21369.2 -19371 -423.127 -1279.69 8
9345500 1872.17 5074.45 -748.422 778.073 8
9350000 1152.13 2842.7 -925.411 823.934 8
9350201 3925.02 9002.66 -873.182 1520.75 8
9350400 6151.29 908.258 -902.735 992.58 8
9350500 2607.46 -1159.34 -1078.43 648.717 8
9351200 23514.8 -13197.2 -772.168 562.448 8
9351201 17734.6 -13714.9 -1243.17 503.771 8
9351300 19810.2 -13022.2 -1078.42 420.108 8
9351400 12141.3 -6979.29 -1252.86 802.709 8
9351500 24025 -18459.5 762.013 -959.545 8
9351600 -2113.96 8957.49 -817.119 1033.93 8
9351601 -4485.41 6293.77 -1131.72 679.578 8
9351800 23354.7 -14388.2 -1106.85 362.116 8
9352100 28909.1 -15723.6 -1130.89 465.493 8
9352101 13760.5 -13584 -1995.27 402.653 8
9352200 31191.5 -14682.6 -1039.61 564.195 8
9352400 32232.1 -19890.2 -1091.58 190.337 8
9352500 35090.9 -25641.2 -1033.94 -478.76 8
9352501 50689.4 -20629.4 492.128 -207.747 8
9352600 47172.6 -35429 24.6434 -1255.94 8
9352601 39589.6 -27573.8 -680.775 -711.017 8
