9350500 -11913 1769 -998.303 -329.601 0
9351201 11731 -4935 -708.851 1167.25 0
9351300 9793 -3660 -789.577 883.865 0
9351500 39985 -18310 1161.61 -207.891 0
9351600 -18877 3615 -1262.31 44.3929 0
9351601 -18963 4412 -1319.79 -147.567 0
9351800 15288 -8585 -598.762 845.168 0
9352100 18552 -12119 -993.315 393.291 0
9352101 9247 -856 -916.854 879.808 0
9352200 15752 -10059 -1096.04 1008.77 0
9352500 18826 -13522 -729.607 1053.08 0
9352601 20526 -13944 -1587.14 577.483 0
9353900 -14503 3530 -1160.78 301.609 0
9354100 13702 -8670 -661.936 718.235 0
9350500 -13010 1427.82 -999.915 -320.423 1
9351201 10962.3 -3654.79 -705.158 1162.94 1
9351300 8915.19 -2684.18 -793.778 884.79 1
9351500 41276.2 -18545 1167.01 -208.158 1
9351600 -20253.5 3673.36 -1256.84 48.3929 1
9351601 -20413.2 4252.19 -1317.48 -145.091 1
9351800 14626.3 -7658.32 -600.409 843.132 1
9352100 17473.3 -11672.5 -986.789 399.368 1
9352101 8247.75 109.721 -912.389 881.417 1
9352200 14532.3 -8945.04 -1100.29 1008.04 1
9352500 18005.8 -12372.3 -738.769 1044.81 1
9352601 18781.2 -13300.3 -1583.01 581.763 1
9353900 -15785.9 3865.78 -1163.17 301.225 1
9354100 12972.4 -7874.48 -661.872 720.833 1
9350500 -14111 1106.48 -1001.62 -311.385 2
9351201 10200.9 -2384.13 -701.663 1158.66 2
9351300 8028.54 -1706.33 -797.873 885.73 2
9351500 42578.4 -18780 1172.19 -208.315 2
9351600 -21618.7 3740.48 -1251.57 52.3481 2
9351601 -21858.4 4097.6 -1315.24 -142.691 2
9351800 13960.7 -6736.24 -602.114 841.101 2
9352100 16408.8 -11213.3 -980.365 405.266 2
9352101 7258.04 1079.16 -908.033 883.05 2
9352200 13304.3 -7833.2 -1104.33 1007.21 2
9352500 17165.7 -11240.3 -747.83 1036.74 2
9352601 17045.1 -12647.5 -1579.02 585.944 2
9353900 -17074.3 4200.42 -1165.63 300.779 2
9354100 12242.8 -7073.52 -661.876 723.364 2
9350500 -15216.3 804.512 -1003.42 -302.486 3
9351201 9446.22 -1122.95 -698.357 1154.41 3
9351300 7133.37 -726.409 -801.865 886.685 3
9351500 43890.9 -19014.6 1177.14 -208.371 3
9351600 -22973.1 3816.21 -1246.49 56.2573 3
9351601 -23298.8 3948.01 -1313.08 -140.364 3
9351800 13291 -5818.73 -603.876 839.074 3
9352100 15358.1 -10741.9 -974.041 410.99 3
9352101 6277.52 2052.4 -903.786 884.704 3
9352200 12068.7 -6723.79 -1108.16 1006.28 3
9352500 16306 -10125.4 -756.788 1028.86 3
9352601 15317.2 -11985.8 -1575.18 590.027 3
9353900 -18368.5 4533.73 -1168.14 300.275 3
9354100 11513 -6267.36 -661.936 725.823 3
9350500 -16326 521.489 -1005.3 -293.722 4
9351201 8697.62 128.844 -695.233 1150.17 4
9351300 6230.02 255.62 -805.756 887.653 4
9351500 45212.9 -19248.6 1181.89 -208.333 4
9351600 -24317.3 3900.39 -1241.61 60.1197 4
9351601 -24734.7 3803.19 -1310.97 -138.104 4
9351800 12617 -4905.78 -605.693 837.053 4
9352100 14320.9 -10258.8 -967.817 416.544 4
9352101 5305.82 3029.48 -899.646 886.378 4
9352200 10826.1 -5617.09 -1111.8 1005.26 4
9352500 15427 -9026.83 -765.644 1021.17 4
9352601 13597 -11315.7 -1571.46 594.011 4
9353900 -19668.5 4865.55 -1170.71 299.717 4
9354100 10782.8 -5456.29 -662.039 728.206 4
9350500 -17440.6 256.98 -1007.26 -285.091 5
9351201 7954.57 1371.34 -692.284 1145.97 5
9351300 5318.79 1239.79 -809.547 888.63 5
9351500 46543.9 -19481.7 1186.42 -208.209 5
9351600 -25652 3992.85 -1236.9 63.9343 5
9351601 -26166.1 3662.95 -1308.93 -135.91 5
9351800 11938.6 -3997.33 -607.566 835.039 5
9352100 13296.9 -9764.62 -961.692 421.932 5
9352101 4342.62 4010.47 -895.611 888.071 5
9352200 9577.22 -4513.38 -1115.24 1004.16 5
9352500 14529.2 -7944.14 -774.394 1013.66 5
9352601 11884.3 -10637.4 -1567.88 597.895 5
9353900 -20974.5 5195.71 -1173.32 299.107 5
9354100 10052.3 -4640.57 -662.175 730.511 5
9350500 -18560.1 10.566 -1009.3 -276.591 6
9351201 7216.51 2604.67 -689.504 1141.79 6
9351300 4399.97 2226.17 -813.243 889.618 6
9351500 47883.2 -19713.7 1190.76 -208.001 6
9351600 -26977.7 4093.45 -1232.37 67.7015 6
9351601 -27593.5 3527.09 -1306.95 -133.779 6
9351800 11255.4 -3093.35 -609.49 833.032 6
9352100 12285.8 -9259.82 -955.665 427.158 6
9352101 3387.54 4995.45 -891.678 889.781 6
9352200 8322.52 -3412.89 -1118.49 1002.97 6
9352500 13612.8 -6876.71 -783.041 1006.33 6
9352601 10178.5 -9951.29 -1564.42 601.681 6
9353900 -22286.8 5524.09 -1175.97 298.449 6
9354100 9321.28 -3820.43 -662.342 732.739 6
9350500 -19686.1 -218.318 -1011.3 -268.254 7
9351201 6483.01 3831.21 -686.778 1137.69 7
9351300 3471.71 3216.33 -816.868 890.586 7
9351500 49234.1 -19945.5 1195.01 -207.797 7
9351600 -28296.2 4202.18 -1227.93 71.3963 7
9351601 -29019.1 3395.55 -1305.01 -131.689 7
9351800 10567 -2192.06 -611.377 831.064 7
9352100 11285.6 -8743.08 -949.753 432.284 7
9352101 2439.11 5985.87 -887.821 891.458 7
9352200 7058.79 -2313.11 -1121.68 1001.8 7
9352500 12676.4 -5823.11 -791.522 999.144 7
9352601 8477.26 -9255.92 -1561.02 605.394 7
9353900 -23606.9 5851.56 -1178.58 297.803 7
9354100 8588.68 -2994.12 -662.505 734.925 7
9350500 -20899.6 -540.222 -1011.3 -268.254 8
9351201 5658.88 5196.44 -686.778 1137.69 8
9351300 2491.47 4285.03 -816.868 890.586 8
9351500 50668.1 -20194.9 1195.01 -207.797 8
9351600 -29769.7 4287.85 -1227.93 71.3963 8
9351601 -30585.1 3237.53 -1305.01 -131.689 8
9351800 9833.39 -1194.78 -611.377 831.064 8
9352100 10145.9 -8224.34 -949.753 432.284 8
9352101 1373.73 7055.62 -887.821 891.458 8
9352200 5712.77 -1110.95 -1121.68 1001.8 8
9352500 11726.6 -4624.14 -791.522 999.144 8
9352601 6604.04 -8529.45 -1561.02 605.394 8
9353900 -25021.2 6208.92 -1178.58 297.803 8
9354100 7793.67 -2112.21 -662.505 734.925 8
