9350500 -26353 1374 -1031.74 -339.591 0
9351300 -777 2436 -1009.6 437.816 0
9351500 40276 -21087 -1271.26 634.178 0
9351600 -31461 -1474 -1038.72 172.769 0
9351601 -31714 -755 -1550.31 -565.8 0
9351800 6957 -541 -976.844 639.202 0
9352100 9332 -3492 -653.497 739.848 0
9352200 5625 1366 -1134.53 676.468 0
9352601 9807 -5127 -499.883 549.425 0
9353900 -28799 195 -1340.65 -967.394 0
9354100 6295 -154 -677.217 1097.48 0
9354500 19557 -11635 -1076.58 1106.52 0
9354600 32487 -19087 -579.593 146.758 0
9354601 34438 -20347 -1459.87 550.821 0
9354700 7860 -3377 -565.663 656.989 0
9355200 41749 -20700 -1214.9 2.54364 0
9355201 45756 -22216 -294.854 -444.232 0
9355400 40989 -17872 -1091.65 -239.557 0
9355401 45424 -20037 -922.502 -596.933 0
9350500 -27495.6 992.632 -1035.26 -343.743 1
9351300 -1904.67 2883.53 -1015.48 422.956 1
9351500 38894.9 -20379.3 -1263.96 629.26 1
9351600 -32611.6 -1289.72 -1043.32 164.349 1
9351601 -33434.8 -1381.92 -1553.41 -565.781 1
9351800 5891 170.166 -971.457 642.884 1
9352100 8611.82 -2681.4 -653.92 737.124 1
9352200 4343.27 2127.08 -1149.9 684.386 1
9352601 9229.92 -4513.05 -512.965 554.821 1
9353900 -30260.2 -846.573 -1334.62 -955.425 1
9354100 5534.18 1047.9 -682.914 1094.52 1
9354500 18375.7 -10431.5 -1072.93 1097.76 1
9354600 31811.8 -18921.1 -599.015 150.237 1
9354601 32850.8 -19735 -1452.07 551.396 1
9354700 7224.57 -2634 -574.502 666.971 1
9355200 40399 -20663.2 -1217.85 16.3749 1
9355201 45431.3 -22728.5 -294.523 -454.041 1
9355400 39679 -18159.5 -1091.65 -239.557 1
9355401 44317 -20753.3 -922.502 -596.933 1
9350500 -28645.7 602.821 -1038.69 -347.727 2
9351300 -3044.47 3300.15 -1021.17 408.597 2
9351500 37529.2 -19683 -1256.82 624.313 2
9351600 -33771.9 -1124.73 -1047.77 155.825 2
9351601 -35160.7 -2008.96 -1556.1 -565.838 2
9351800 4836.63 888.777 -966.176 646.394 2
9352100 7890.32 -1875.88 -654.437 734.631 2
9352200 3029.73 2904.82 -1164.69 692.071 2
9352601 8624.65 -3887.73 -525.841 560.072 2
9353900 -31708.6 -1862.59 -1328.71 -943.694 2
9354100 4762.11 2243.16 -688.304 1091.54 2
9354500 17201.7 -9246.77 -1069.49 1089.2 2
9354600 31094.7 -18747.6 -618.115 153.678 2
9354601 31279.9 -19121.6 -1444.48 551.999 2
9354700 6570.16 -1869.55 -583.15 676.769 2
9355200 39043.1 -20598.7 -1220.6 29.493 2
9355201 45106.9 -23263.8 -294.198 -463.662 2
9355400 38369 -18446.9 -1091.65 -239.557 2
9355401 43210 -21469.6 -922.502 -596.933 2
9350500 -29803 205.119 -1042.05 -351.544 3
9351300 -4195.74 3687.48 -1026.65 394.729 3
9351500 36178.3 -18998.3 -1249.86 619.333 3
9351600 -34941.4 -979.287 -1052.06 147.209 3
9351601 -36890.4 -2636.36 -1558.39 -565.967 3
9351800 3793.54 1614.29 -960.998 649.736 3
9352100 7167.22 -1074.73 -655.042 732.359 3
9352200 1686.24 3698.46 -1178.91 699.528 3
9352601 7991.88 -3251.49 -538.509 565.183 3
9353900 -33144.6 -2853.85 -1322.92 -932.202 3
9354100 3979.74 3431.76 -693.398 1088.56 3
9354500 16034.3 -8080.17 -1066.26 1080.83 3
9354600 30336.8 -18566.7 -636.894 157.078 3
9354601 29724.8 -18506.8 -1437.09 552.627 3
9354700 5897.36 -1084.24 -591.612 686.387 3
9355200 37682 -20508.9 -1223.17 41.9205 3
9355201 44782.6 -23821.2 -293.879 -473.098 3
9355400 37059.1 -18734.4 -1091.65 -239.557 3
9355401 42103 -22186 -922.502 -596.933 3
9350500 -30967.2 -199.924 -1045.35 -355.196 4
9351300 -5357.84 4047.07 -1031.95 381.34 4
9351500 34841.7 -18325.4 -1243.07 614.317 4
9351600 -36119.5 -853.61 -1056.21 138.513 4
9351601 -38622.6 -3264.34 -1560.29 -566.165 4
9351800 2761.41 2346.19 -955.922 652.917 4
9352100 6442.28 -277.292 -655.73 730.299 4
9352200 314.598 4507.31 -1192.58 706.767 4
9352601 7332.33 -2604.77 -550.967 570.157 4
9353900 -34568.5 -3821.13 -1317.27 -920.947 4
9354100 3188 4613.69 -698.203 1085.57 4
9354500 14873 -6931.09 -1063.23 1072.64 4
9354600 29539.2 -18378.5 -655.357 160.434 4
9354601 28184.8 -17890.4 -1429.91 553.278 4
9354700 5206.78 -278.648 -599.892 695.826 4
9355200 36316.2 -20395.9 -1225.57 53.6789 4
9355201 44458.5 -24400 -293.566 -482.352 4
9355400 35749.1 -19021.9 -1091.65 -239.557 4
9355401 40996 -22902.3 -922.502 -596.933 4
9350500 -32138.3 -611.769 -1048.58 -358.684 5
9351300 -6530.16 4380.44 -1037.05 368.42 5
9351500 33518.8 -17664.2 -1236.44 609.262 5
9351600 -37306 -747.864 -1060.22 129.749 5
9351601 -40356.2 -3893.1 -1561.83 -566.429 5
9351800 1739.91 3083.99 -950.944 655.942 5
9352100 5715.25 517.079 -656.495 728.443 5
9352200 -1083.46 5330.7 -1205.71 713.795 5
9352601 6646.7 -1947.97 -563.216 575 5
9353900 -35980.9 -4765.2 -1311.74 -909.927 5
9354100 2387.76 5788.92 -702.731 1082.58 5
9354500 13717.1 -5798.95 -1060.39 1064.63 5
9354600 28702.9 -18183.1 -673.505 163.745 5
9354601 26659.3 -17272.5 -1422.92 553.947 5
9354700 4498.98 546.636 -607.996 705.089 5
9355200 34946.1 -20261.7 -1227.79 64.7894 5
9355201 44134.5 -24999.8 -293.26 -491.428 5
9355400 34439.1 -19309.3 -1091.65 -239.557 5
9355401 39889 -23618.6 -922.502 -596.933 5
9350500 -33316 -1029.93 -1051.75 -362.012 6
9351300 -7712.14 4689.03 -1041.97 355.955 6
9351500 32209.2 -17015.1 -1229.97 604.172 6
9351600 -38500.2 -662.258 -1064.09 120.921 6
9351601 -42090.1 -4522.88 -1563.01 -566.756 6
9351800 728.708 3827.24 -946.063 658.817 6
9352100 4985.88 1309.03 -657.335 726.783 6
9352200 -2506.33 6168.01 -1218.31 720.616 6
9352601 5935.6 -1281.47 -575.257 579.715 6
9353900 -37382.2 -5686.83 -1306.34 -899.137 6
9354100 1579.85 6957.48 -706.99 1079.58 6
9354500 12565.9 -4683.15 -1057.74 1056.8 6
9354600 27828.8 -17980.8 -691.345 167.01 6
9354601 25147.5 -16652.9 -1416.12 554.634 6
9354700 3774.48 1391.1 -615.927 714.179 6
9355200 33572.2 -20108.3 -1229.86 75.2726 6
9355201 43810.7 -25619.8 -292.959 -500.329 6
9355400 33129.1 -19596.8 -1091.65 -239.557 6
9355401 38782 -24334.9 -922.502 -596.933 6
9350500 -34502.4 -1455.91 -1054.86 -365.277 7
9351300 -8906.52 4971.78 -1046.79 343.73 7
9351500 30910.9 -16375.9 -1223.63 599.179 7
9351600 -39704.8 -595.419 -1067.89 112.264 7
9351601 -43829.5 -5154.37 -1564.17 -567.077 7
9351800 -273.87 4577.87 -941.276 661.636 7
9352100 4253.47 2098.78 -658.159 725.154 7
9352200 -3958.39 7021.23 -1230.67 727.306 7
9352601 5197.74 -603.784 -587.067 584.34 7
9353900 -38774.6 -6587.14 -1301.05 -888.555 7
9354100 761.552 8121.73 -711.167 1076.64 7
9354500 11418.5 -3582.07 -1055.13 1049.12 7
9354600 26915.3 -17771.2 -708.842 170.212 7
9354601 23647.5 -16030.9 -1409.46 555.308 7
9354700 3031.81 2256.32 -623.705 723.094 7
9355200 32191.8 -19932.5 -1231.88 85.5541 7
9355201 43487.1 -26259.5 -292.664 -509.06 7
9355400 31819.2 -19884.3 -1091.65 -239.557 7
9355401 37675 -25051.2 -922.502 -596.933 7
9350500 -35768.3 -1894.24 -1054.86 -365.277 8
9351300 -10162.7 5384.26 -1046.79 343.73 8
9351500 29442.6 -15656.9 -1223.63 599.179 8
9351600 -40986.3 -460.702 -1067.89 112.264 8
9351601 -45706.5 -5834.86 -1564.17 -567.077 8
9351800 -1403.4 5371.84 -941.276 661.636 8
9352100 3463.68 2968.96 -658.159 725.154 8
9352200 -5435.2 7894 -1230.67 727.306 8
9352601 4493.26 97.4242 -587.067 584.34 8
9353900 -40335.8 -7653.41 -1301.05 -888.555 8
9354100 -91.8482 9413.69 -711.167 1076.64 8
9354500 10152.4 -2323.12 -1055.13 1049.12 8
9354600 26064.7 -17567 -708.842 170.212 8
9354601 21956.1 -15364.5 -1409.46 555.308 8
9354700 2283.37 3124.03 -623.705 723.094 8
9355200 30713.5 -19829.8 -1231.88 85.5541 8
9355201 43135.9 -26870.4 -292.664 -509.06 8
9355400 30509.2 -20171.7 -1091.65 -239.557 8
9355401 36568 -25767.6 -922.502 -596.933 8
