9350500 -7258 2340 -1312.21 366.715 0
9351201 14304 -8156 -647.703 805.359 0
9351300 12988 -6989 -913.434 873.002 0
9351400 8359 1119 -729.111 1618.2 0
9351500 35689 -17846 1128.53 -523.572 0
9351600 -14369 3440 -984.931 116.269 0
9351601 -14441 4396 -1085.52 200.775 0
9351800 17785 -11271 -1269.1 694.658 0
9352100 21713 -13838 -650.321 434.71 0
9352101 12459 -4924 -872.555 1117.8 0
9352200 20055 -12480 -858.463 639.654 0
9352400 35058 -22085 -266.908 -554.734 0
9352500 22835 -15483 -1089.13 511.884 0
9352601 25103 -16247 -1024.45 231.067 0
9353900 -9965 3319 -1292.43 270.615 0
9354100 16135 -11591 561.823 2.584 0
9350500 -8710.17 2747.46 -1318.62 368.752 1
9351201 13596.1 -7288.94 -647.349 800.05 1
9351300 11974.1 -6025.3 -917.371 875.168 1
9351400 7533.18 2879.89 -738.141 1607.72 1
9351500 36914.9 -18408.7 1123.64 -515.769 1
9351600 -15455.9 3585.46 -989.61 122.729 1
9351601 -15631 4601.98 -1086.05 194.488 1
9351800 16415.8 -10503.3 -1257.67 696.254 1
9352100 20991.3 -13345 -658.456 441.509 1
9352101 11499.1 -3713.21 -873.831 1110.27 1
9352200 19096.3 -11796.2 -865.337 631.615 1
9352400 34766.3 -22650.2 -265.795 -534.556 1
9352500 21624.9 -14925.9 -1095.87 508.802 1
9352601 23973.4 -15967.8 -1029.72 245.619 1
9353900 -11376.4 3624.61 -1288.21 271.056 1
9354100 16809.2 -11587.9 561.823 2.584 1
9350500 -10175.3 3157.68 -1324.71 370.4 2
9351201 12888.4 -6432.45 -647.114 795.003 2
9351300 10951.6 -5057.05 -921.255 877.266 2
9351400 6688.57 4617.64 -746.875 1597.32 2
9351500 38131 -18955.2 1119 -508.253 2
9351600 -16553.4 3745.07 -994.287 129.111 2
9351601 -16822.3 4794.51 -1086.6 188.331 2
9351800 15070.8 -9732.67 -1246.47 697.68 2
9352100 20252.3 -12839.1 -666.372 447.783 2
9352101 10536.2 -2517.42 -875.128 1103.15 2
9352200 18122.5 -11129.2 -872.163 623.844 2
9352400 34477.4 -23172.1 -264.597 -514.763 2
9352500 20400.9 -14375.7 -1102.37 505.749 2
9352601 22832.1 -15657.6 -1034.93 259.784 2
9353900 -12780.9 3931.59 -1284.07 271.489 2
9354100 17483.4 -11584.8 561.823 2.584 2
9350500 -11652.4 3569.48 -1330.5 371.674 3
9351201 12180.5 -5585.68 -646.995 790.213 3
9351300 9920.73 -4084.47 -925.084 879.297 3
9351400 5826.1 6332.49 -755.322 1586.97 3
9351500 39338.1 -19486.4 1114.6 -501.015 3
9351600 -17661.5 3918.56 -998.958 135.415 3
9351601 -18015 4974.01 -1087.17 182.303 3
9351800 13749.5 -8959.72 -1235.49 698.944 3
9352100 19496.7 -12322 -674.075 453.556 3
9352101 9570.39 -1335.38 -876.445 1096.41 3
9352200 17133.8 -10478 -878.936 616.332 3
9352400 34191.6 -23651.9 -263.315 -495.347 3
9352500 19163.7 -13832.2 -1108.63 502.726 3
9352601 21679.5 -15317.8 -1040.07 273.57 3
9353900 -14178.7 4239.9 -1280.01 271.913 3
9354100 18157.6 -11581.7 561.823 2.584 3
9350500 -13140.5 3981.71 -1335.99 372.59 4
9351201 11472 -4747.84 -646.989 785.672 4
9351300 8881.61 -3107.79 -928.858 881.261 4
9351400 4946.68 8024.67 -763.489 1576.7 4
9351500 40536.9 -20003.1 1110.44 -494.047 4
9351600 -18780 4105.67 -1003.62 141.643 4
9351601 -19209.1 5140.9 -1087.76 176.401 4
9351800 12451.1 -8184.91 -1224.72 700.053 4
9352100 18725.1 -11795.2 -681.573 458.849 4
9352101 8601.56 -165.922 -877.78 1090.04 4
9352200 16130.4 -9841.88 -885.654 609.073 4
9352400 33909.1 -24090.9 -261.952 -476.304 4
9352500 17914.2 -13295.3 -1114.65 499.734 4
9352601 20515.7 -14949.5 -1045.13 286.985 4
9353900 -15570 4549.53 -1276.03 272.33 4
9354100 18831.8 -11578.6 561.823 2.584 4
9350500 -14638.8 4393.3 -1341.19 373.161 5
9351201 10762.5 -3918.14 -647.093 781.374 5
9351300 7834.44 -2127.23 -932.578 883.159 5
9351400 4051.18 9694.44 -771.382 1566.5 5
9351500 41728.2 -20506.2 1106.5 -487.341 5
9351600 -19909 4306.14 -1008.28 147.794 5
9351601 -20404.8 5295.58 -1088.38 170.623 5
9351800 11174.8 -7408.7 -1214.17 701.015 5
9352100 17938.2 -11260.1 -688.873 463.686 5
9352101 7629.66 992.051 -879.13 1084.02 5
9352200 15112.6 -9220.02 -892.314 602.061 5
9352400 33630.2 -24490.2 -260.51 -457.626 5
9352500 16653.1 -12765 -1120.45 496.772 5
9352601 19341 -14553.9 -1050.13 300.037 5
9353900 -16955 4860.42 -1272.13 272.738 5
9354100 19505.9 -11575.5 561.823 2.584 5
9350500 -16146.3 4803.22 -1346.12 373.401 6
9351201 10051.8 -3095.81 -647.303 777.311 6
9351300 6779.37 -1142.95 -936.243 884.992 6
9351400 3140.43 11342.1 -779.01 1556.37 6
9351500 42912.7 -20996.5 1102.79 -480.891 6
9351600 -21048.5 4519.75 -1012.92 153.868 6
9351601 -21602 5438.43 -1089.01 164.967 6
9351800 9920.02 -6631.52 -1203.83 701.834 6
9352100 17136.6 -10718.1 -695.978 468.08 6
9352101 6654.62 2139.67 -880.495 1078.35 6
9352200 14080.3 -8611.65 -898.916 595.288 6
9352400 33355.2 -24851.1 -258.993 -439.307 6
9352500 15380.9 -12241.1 -1126.03 493.841 6
9352601 18155.6 -14132.1 -1055.07 312.736 6
9353900 -18333.9 5172.54 -1268.3 273.139 6
9354100 20180.1 -11572.4 561.823 2.584 6
9350500 -17667 5214.42 -1350.96 373.636 7
9351201 9339.3 -2280.52 -647.509 773.327 7
9351300 5714.71 -153.042 -939.838 886.791 7
9351400 2212 12971.1 -786.49 1546.43 7
9351500 44091.5 -21473.9 1099.15 -474.564 7
9351600 -22199.9 4746.5 -1017.48 159.826 7
9351601 -22802.8 5569.59 -1089.62 159.419 7
9351800 8684.93 -5851.23 -1193.69 702.638 7
9352100 16318.2 -10165.7 -702.947 472.39 7
9352101 5674.93 3277.3 -881.834 1072.78 7
9352200 13032.3 -8016.52 -905.392 588.646 7
9352400 33082.9 -25173.7 -257.504 -421.34 7
9352500 14094.7 -11722.5 -1131.5 490.965 7
9352601 16957.5 -13682.6 -1059.9 325.19 7
9353900 -19706.9 5485.88 -1264.55 273.531 7
9354100 20854.3 -11569.3 561.823 2.584 7
9350500 -19288.2 5662.78 -1350.96 373.636 8
9351201 8562.29 -1352.53 -647.509 773.327 8
9351300 4586.91 911.107 -939.838 886.791 8
9351400 1268.21 14826.8 -786.49 1546.43 8
9351500 45410.5 -22043.4 1099.15 -474.564 8
9351600 -23420.9 4938.29 -1017.48 159.826 8
9351601 -24110.4 5760.89 -1089.62 159.419 8
9351800 7252.51 -5008.07 -1193.69 702.638 8
9352100 15474.7 -9598.88 -702.947 472.39 8
9352101 4616.73 4564.64 -881.834 1072.78 8
9352200 11945.9 -7310.14 -905.392 588.646 8
9352400 32773.9 -25679.4 -257.504 -421.34 8
9352500 12736.9 -11133.3 -1131.5 490.965 8
9352601 15685.6 -13292.3 -1059.9 325.19 8
9353900 -21224.4 5814.11 -1264.55 273.531 8
9354100 21528.5 -11566.2 561.823 2.584 8
