9350500 -13426 2117 -1034.92 -74.3235 0
9351201 10915 -3925 -522.683 786.774 0
9351300 8863 -2868 -872.333 656.806 0
9351500 41252 -18297 1100.4 -81.658 0
9351600 -20091 3733 -838.24 449.092 0
9351601 -20282 4469 -912.597 215.221 0
9351800 14399 -7721 -842.285 864.929 0
9352100 16904 -11346 -1816.33 642.778 0
9352101 8361 527 -759.551 654.439 0
9352200 14534 -9028 -1291.85 1151.96 0
9352601 19530 -13246 -691.715 1017.66 0
9353900 -16128 3362 -1499.15 -201.519 0
9354100 12876 -7886 -857.292 734.541 0
9354500 31047 -19037 -846.293 738.442 0
9350500 -14557.6 2016.78 -1034.28 -78.884 1
9351201 10336 -3044.33 -526.126 793.929 1
9351300 7904.31 -2135.36 -870.901 661.21 1
9351500 42466.9 -18394.8 1101.78 -84.0946 1
9351600 -21027.1 4217.74 -846.191 441.46 1
9351601 -21299.4 4693.77 -920.343 208.336 1
9351800 13480.7 -6767.32 -837.664 864.47 1
9352100 14933.1 -10649.2 -1800.25 638.209 1
9352101 7518.6 1245.36 -762.407 658.837 1
9352200 13114.5 -7760.3 -1288.25 1149.17 1
9352601 18732.9 -12135.5 -708.785 1009.35 1
9353900 -17765.8 3161.3 -1492.73 -191.856 1
9354100 11937.7 -7076.53 -853.533 734.326 1
9354500 30031.4 -18150.9 -846.293 738.442 1
9350500 -15688 1907.77 -1033.68 -83.1857 2
9351201 9749.96 -2148.62 -529.439 800.863 2
9351300 6948.37 -1393.21 -869.572 665.547 2
9351500 43685.2 -18497.8 1103.23 -86.4854 2
9351600 -21979.9 4686.39 -853.892 434.049 2
9351601 -22333.3 4903.91 -927.899 201.628 2
9351800 12572.2 -5814.83 -833.167 863.982 2
9352100 12997.2 -9961.68 -1784.35 633.838 2
9352101 6670.47 1973.36 -765.127 663.183 2
9352200 11702.5 -6498.65 -1284.78 1146.43 2
9352601 17899.5 -11042.5 -725.452 1001.29 2
9353900 -19390 2981.3 -1486.49 -182.388 2
9354100 11007.4 -6267.34 -849.847 734.162 2
9354500 29015.9 -17264.7 -846.293 738.442 2
9350500 -16817.4 1790.79 -1033.14 -87.2359 3
9351201 9157.19 -1238.59 -532.629 807.583 3
9351300 5994.87 -641.766 -868.345 669.82 3
9351500 44907.1 -18606 1104.75 -88.8295 3
9351600 -22948.4 5139.65 -861.351 426.856 3
9351601 -23383.1 5100 -935.268 195.092 3
9351800 11673 -4863.64 -828.791 863.464 3
9352100 11095.8 -9282.79 -1768.64 629.657 3
9352101 5817.04 2710.85 -767.715 667.476 3
9352200 10297.4 -5242.95 -1281.45 1143.71 3
9352601 17031.1 -9966.41 -741.728 993.452 3
9353900 -21001.3 2821.36 -1480.41 -173.113 3
9354100 10085 -5458.3 -846.234 734.048 3
9354500 28000.3 -16378.6 -846.293 738.442 3
9350500 -17945.9 1666.62 -1032.64 -91.0422 4
9351201 8558.11 -314.927 -535.7 814.093 4
9351300 5043.51 118.769 -867.214 674.03 4
9351500 46132.7 -18719.1 1106.32 -91.1261 4
9351600 -23932.1 5578.22 -868.576 419.874 4
9351601 -24448.1 5282.56 -942.457 188.724 4
9351800 10782.9 -3913.83 -824.535 862.917 4
9352100 9228.18 -8611.95 -1753.12 625.661 4
9352101 4958.71 3457.66 -770.175 671.72 4
9352200 8898.9 -3993.11 -1278.26 1141.02 4
9352601 16128.8 -8906.39 -757.621 985.842 4
9353900 -22600.2 2680.85 -1474.5 -164.029 4
9354100 9170.11 -4649.24 -842.693 733.98 4
9354500 26984.8 -15492.5 -846.293 738.442 4
9350500 -19073.7 1536.01 -1032.19 -94.6118 5
9351201 7953.04 621.712 -538.659 820.397 5
9351300 4093.98 888.191 -866.175 678.177 5
9351500 47362.2 -18836.9 1107.94 -93.3745 5
9351600 -24930.1 6002.76 -875.575 413.099 5
9351601 -25527.9 5452.14 -949.469 182.52 5
9351800 9901.24 -2965.49 -820.398 862.342 5
9352100 7393.83 -7948.6 -1737.78 621.842 5
9352101 4095.88 4213.63 -772.513 675.915 5
9352200 7506.63 -2749.03 -1275.18 1138.37 5
9352601 15194 -7861.77 -773.142 978.452 5
9353900 -24187.2 2559.16 -1468.76 -155.132 5
9354100 8262.61 -3840.04 -839.223 733.956 5
9354500 25969.2 -14606.3 -846.293 738.442 5
9350500 -20201 1399.68 -1031.79 -97.9523 6
9351201 7342.31 1570.72 -541.509 826.501 6
9351300 3145.97 1666.34 -865.227 682.263 6
9351500 48595.8 -18959.4 1109.62 -95.5758 6
9351600 -25941.8 6413.93 -882.353 406.525 6
9351601 -26621.9 5609.23 -956.309 176.475 6
9351800 9027.79 -2018.69 -816.377 861.74 6
9352100 5592.09 -7292.19 -1722.62 618.196 6
9352101 3228.88 4978.65 -774.731 680.062 6
9352200 6120.14 -1510.6 -1272.23 1135.74 6
9352601 14227.7 -6831.84 -788.299 971.275 6
9353900 -25762.8 2455.71 -1463.18 -146.418 6
9354100 7362.22 -3030.54 -835.824 733.975 6
9354500 24953.7 -13720.2 -846.293 738.442 6
9350500 -21329.6 1256.17 -1031.4 -101.229 7
9351201 6724.4 2534.32 -544.303 832.488 7
9351300 2198.37 2454.48 -864.296 686.271 7
9351500 49835.1 -19086.7 1111.26 -97.7347 7
9351600 -26969.7 6811.74 -889.001 400.078 7
9351601 -27732.4 5753.74 -963.017 170.547 7
9351800 8161.38 -1071.56 -812.433 861.15 7
9352100 3819.44 -6642.36 -1707.75 614.619 7
9352101 2355.67 5754 -776.907 684.129 7
9352200 4737.62 -275.706 -1269.33 1133.16 7
9352601 13227.6 -5815.48 -803.165 964.236 7
9353900 -27329.4 2370.53 -1457.7 -137.872 7
9354100 6467.53 -2219.62 -832.489 733.993 7
9354500 23938.1 -12834.1 -846.293 738.442 7
9350500 -22567.2 1134.69 -1031.4 -101.229 8
9351201 6071.24 3533.31 -544.303 832.488 8
9351300 1161.21 3278 -864.296 686.271 8
9351500 51168.6 -19203.9 1111.26 -97.7347 8
9351600 -28036.5 7291.83 -889.001 400.078 8
9351601 -28888 5958.39 -963.017 170.547 8
9351800 7186.46 -38.1804 -812.433 861.15 8
9352100 1770.14 -5904.81 -1707.75 614.619 8
9352101 1423.38 6574.95 -776.907 684.129 8
9352200 3214.42 1084.09 -1269.33 1133.16 8
9352601 12263.8 -4658.4 -803.165 964.236 8
9353900 -29078.6 2205.08 -1457.7 -137.872 8
9354100 5468.54 -1338.82 -832.489 733.993 8
9354500 22922.6 -11948 -846.293 738.442 8
