9345500 -637 10013 -119.435 685.09 0
9350000 -4597 2620 -1074.26 -253.839 0
9350500 -1799 1584 -1524.84 -372.821 0
9351201 16717 -11318 -1198.94 1244.96 0
9351300 16217 -10470 -997.617 717.586 0
9351400 11043 -3141 -746.827 785.237 0
9351500 31062 -16493 1324.34 -497.332 0
9351600 -9761 3159 -1391.68 584.785 0
9351601 -9964 3904 -1341.77 10.6162 0
9351800 20842 -13396 -818.086 652.483 0
9352100 25710 -15353 -1184.66 493.153 0
9352101 16390 -9006 -885.541 969.912 0
9352200 24302 -14499 -1111.36 547.141 0
9352400 35476 -21689 379.077 446.883 0
9352500 27639 -17158 -929.59 263.01 0
9352601 30079 -18212 -1158.08 558.84 0
9353200 19085 -13985 -690.098 320.88 0
9345500 -784.401 10798.4 -128.191 703.917 1
9350000 -5783.49 2343.21 -1076.83 -250.495 1
9350500 -3470.28 1193.16 -1519.22 -362.42 1
9351201 15417.6 -9967.27 -1190.07 1233.53 1
9351300 15108.1 -9671.66 -1001.39 720.159 1
9351400 10211.1 -2280.54 -751.662 786.502 1
9351500 32498.2 -17035.5 1314.87 -495.171 1
9351600 -11308.6 3787.56 -1396.88 574.818 1
9351601 -11429.7 3903.46 -1338.18 5.31742 1
9351800 19940.8 -12678.9 -820.086 649.749 1
9352100 24422.5 -14816.3 -1177.84 490.91 1
9352101 15384.7 -7940.02 -901.184 969.711 1
9352200 23080.9 -13881.9 -1112.27 552.186 1
9352400 35860.7 -21225.4 364.533 434.087 1
9352500 26601.2 -16856.8 -938.64 268.388 1
9352601 28793.9 -17621.9 -1168.04 550.438 1
9353200 18318.6 -13621.4 -694.117 327.161 1
9345500 -950.7 11623.3 -136.795 722.156 2
9350000 -6975.55 2074.76 -1079.39 -246.947 2
9350500 -5129.59 824.802 -1513.76 -352.181 2
9351201 14137 -8640.94 -1181.4 1222.36 2
9351300 13991.9 -8868.46 -1004.96 722.525 2
9351400 9369.51 -1417.23 -756.278 787.782 2
9351500 33914.6 -17573.3 1305.7 -493.009 2
9351600 -12866.6 4394.22 -1401.81 564.935 2
9351601 -12887.8 3892.6 -1334.67 0.357246 2
9351800 19035.1 -11968.1 -822.095 647.001 2
9352100 23149.1 -14283.9 -1171.24 488.82 2
9352101 14347 -6875.01 -916.268 969.389 2
9352200 21858 -13254.1 -1113.12 557.124 2
9352400 36213.7 -20789.8 350.159 421.447 2
9352500 25543.8 -16544.5 -947.593 273.57 2
9352601 27488.1 -17049 -1177.65 542.311 2
9353200 17542.9 -13244.8 -698.2 333.194 2
9345500 -1135.42 12485.9 -145.252 739.821 3
9350000 -8173.08 1815.25 -1081.91 -243.206 3
9350500 -6777.45 478.418 -1508.46 -342.098 3
9351201 12874.7 -7338.24 -1172.92 1211.43 3
9351300 12869.1 -8061.07 -1008.31 724.693 3
9351400 8518.86 -551.029 -760.683 789.076 3
9351500 35312.1 -18106.3 1296.84 -490.85 3
9351600 -14434 4979.3 -1406.48 555.142 3
9351601 -14338.7 3872.49 -1331.24 -4.2747 3
9351800 18125 -11263.5 -824.108 644.241 3
9352100 21889.1 -13755.3 -1164.87 486.877 3
9352101 13278.7 -5811.33 -930.811 968.952 3
9352200 20633.5 -12615.9 -1113.92 561.953 3
9352400 36535.5 -20381.5 335.958 408.96 3
9352500 24466.9 -16221.8 -956.449 278.557 3
9352601 26162.5 -16492.5 -1186.9 534.453 3
9353200 16757.8 -12856.1 -702.339 338.989 3
9345500 -1338.11 13384.3 -153.568 756.927 4
9350000 -9375.99 1565.28 -1084.41 -239.281 4
9350500 -8414.38 153.529 -1503.31 -332.166 4
9351201 11630 -6058.39 -1164.64 1200.73 4
9351300 11740.4 -7250.07 -1011.48 726.67 4
9351400 7659.81 318.106 -764.885 790.381 4
9351500 36691.7 -18634.6 1288.26 -488.694 4
9351600 -16010.2 5543.13 -1410.89 545.441 4
9351601 -15782.5 3844.14 -1327.9 -8.58854 4
9351800 17210.4 -10565.2 -826.124 641.471 4
9352100 20641.8 -13230 -1158.71 485.073 4
9352101 12181.6 -4749.34 -944.826 968.406 4
9352200 19407.5 -11967.8 -1114.68 566.675 4
9352400 36826.8 -20000 321.936 396.624 4
9352500 23371 -15889.3 -965.21 283.353 4
9352601 24818.4 -15951.7 -1195.81 526.856 4
9353200 15963.1 -12455.9 -706.529 344.555 4
9345500 -1558.34 14316.8 -161.746 773.491 5
9350000 -10584.2 1325.37 -1086.88 -235.181 5
9350500 -10040.8 -150.321 -1498.32 -322.378 5
9351201 10402.3 -4800.66 -1156.55 1190.26 5
9351300 10606.3 -6436.03 -1014.45 728.465 5
9351400 6792.96 1190.21 -768.891 791.698 5
9351500 38054.4 -19158.1 1279.97 -486.546 5
9351600 -17594.2 6086.06 -1415.07 535.838 5
9351601 -17219.5 3808.53 -1324.63 -12.5941 5
9351800 16291.3 -9873.15 -828.14 638.695 5
9352100 19406.7 -12707.6 -1152.76 483.405 5
9352101 11057.1 -3689.34 -958.329 967.755 5
9352200 18180.2 -11309.9 -1115.39 571.29 5
9352400 37088.3 -19645 308.095 384.438 5
9352500 22256.3 -15547.6 -973.877 287.963 5
9352601 23456.7 -15425.6 -1204.4 519.514 5
9353200 15158.7 -12044.9 -710.764 349.898 5
9345500 -1795.69 15281.7 -169.79 789.527 6
9350000 -11797.6 1096.05 -1089.32 -230.915 6
9350500 -11657.4 -433.591 -1493.47 -312.734 6
9351201 9191.02 -3564.29 -1148.64 1180.02 6
9351300 9467.35 -5619.49 -1017.23 730.084 6
9351400 5918.89 2065.34 -772.708 793.024 6
9351500 39400.9 -19677 1271.96 -484.405 6
9351600 -19185.6 6608.4 -1419.01 526.333 6
9351601 -18650.1 3766.62 -1321.44 -16.3017 6
9351800 15367.8 -9187.38 -830.155 635.913 6
9352100 18182.9 -12187.7 -1147.01 481.866 6
9352101 9906.93 -2631.63 -971.335 967.005 6
9352200 16951.7 -10642.8 -1116.05 575.799 6
9352400 37320.4 -19315.9 294.433 372.401 6
9352500 21123.1 -15197.2 -982.449 292.39 6
9352601 22078.4 -14913.5 -1212.66 512.42 6
9353200 14344.4 -11623.8 -715.04 355.027 6
9345500 -2050.53 16282.5 -177.68 805.254 7
9350000 -13018.4 875.435 -1091.71 -226.731 7
9350500 -13266.4 -696.875 -1488.72 -303.275 7
9351201 7994.32 -2347.57 -1140.89 1169.97 7
9351300 8320.54 -4798.15 -1019.96 731.672 7
9351400 5035.19 2944.94 -776.452 794.325 7
9351500 40732.9 -20192.2 1264.1 -482.305 7
9351600 -20787.9 7111.41 -1422.88 517.01 7
9351601 -20076.5 3716.78 -1318.31 -19.9379 7
9351800 14438.3 -8506.41 -832.131 633.185 7
9352100 16969.2 -11670.2 -1141.37 480.357 7
9352101 8727.12 -1573.63 -984.09 966.27 7
9352200 15719.6 -9964.95 -1116.71 580.221 7
9352400 37524 -19011.6 281.035 360.595 7
9352500 19969.7 -14836.8 -990.857 296.733 7
9352601 20680 -14415.4 -1220.77 505.462 7
9353200 13519.7 -11191.1 -719.234 360.056 7
9345500 -2263.75 17248.8 -177.68 805.254 8
9350000 -14328.4 603.358 -1091.71 -226.731 8
9350500 -15052.8 -1060.81 -1488.72 -303.275 8
9351201 6625.25 -943.602 -1140.89 1169.97 8
9351300 7096.58 -3920.14 -1019.96 731.672 8
9351400 4103.44 3898.13 -776.452 794.325 8
9351500 42249.8 -20771 1264.1 -482.305 8
9351600 -22495.4 7731.82 -1422.88 517.01 8
9351601 -21658.5 3692.85 -1318.31 -19.9379 8
9351800 13439.7 -7746.58 -832.131 633.185 8
9352100 15599.6 -11093.8 -1141.37 480.357 8
9352101 7546.21 -414.103 -984.09 966.27 8
9352200 14379.5 -9268.68 -1116.71 580.221 8
9352400 37861.2 -18578.9 281.035 360.595 8
9352500 18780.7 -14480.8 -990.857 296.733 8
9352601 19215 -13808.8 -1220.77 505.462 8
9353200 12656.6 -10759 -719.234 360.056 8
