9350500 -27558 414 -904.807 -444.874 0
9351300 -1867 3316 -817.061 659.666 0
9351500 38903 -20784 -851.535 262.915 0
9351600 -33084 -1975 -1097.14 -307.361 0
9351601 -33321 -1014 -1208.2 -49.6353 0
9351800 5695 178 -964.888 564.45 0
9352100 7985 -2432 -1077.78 1022.41 0
9352200 3771 1468 -1402.43 -295.402 0
9352601 8688 -3867 -680.896 836.468 0
9353900 -30164 -487 -1415.06 -421.913 0
9354100 5748 1099 -201.423 367.06 0
9354500 17731 -10388 -1529.56 1247.91 0
9354601 32699 -19774 -1173.68 538.967 0
9354700 6426 -1980 -1321.39 810.005 0
9355200 40343 -20500 -1184.78 445.051 0
9355201 46638 -23210 589.534 -613.092 0
9355400 39231 -18213 -1206.08 -588.033 0
9355401 44153 -20507 -762.889 -419.336 0
9350500 -28557.1 -62.9839 -907.383 -443.005 1
9351300 -2773.09 4028.15 -820.987 654.836 1
9351500 37955.5 -20478 -859.332 269.868 1
9351600 -34282.9 -2289.94 -1096.19 -298.45 1
9351601 -34662.8 -1087.78 -1214.9 -59.5659 1
9351800 4635.67 801.868 -964.913 566.026 1
9352100 6819.17 -1316.87 -1069.63 1016.88 1
9352200 2241.5 1178.28 -1397.86 -276.405 1
9352601 7951.19 -2963.91 -677.913 831.151 1
9353900 -31722.9 -970.455 -1413.4 -431.951 1
9354100 5510.41 1519.11 -210.789 380.998 1
9354500 16068.6 -9017.65 -1520.71 1244.86 1
9354601 31402.7 -19178.9 -1178.89 539.218 1
9354700 5002.09 -1102.71 -1307.18 807.442 1
9355200 39037.5 -20021.7 -1185.47 437.057 1
9355201 47244 -23873.4 572.533 -610.217 1
9355400 37911.2 -18852.4 -1203.88 -581.329 1
9355401 43310.1 -20979.1 -765.959 -422.752 1
9350500 -29562 -536.434 -909.974 -441.246 2
9351300 -3688.15 4728.82 -824.944 649.832 2
9351500 36991.8 -20157.2 -866.845 276.591 2
9351600 -35480.2 -2586.42 -1095.34 -289.877 2
9351601 -36019.4 -1182.92 -1221.5 -69.308 2
9351800 3576.64 1429.4 -964.838 567.637 2
9352100 5670.64 -213.755 -1061.66 1011.4 2
9352200 720.492 929.913 -1393.64 -257.631 2
9352601 7219.58 -2071.68 -675.232 826.034 2
9353900 -33277.6 -1474.49 -1411.66 -441.575 2
9354100 5252.22 1969.03 -220.074 394.61 2
9354500 14425.3 -7654.53 -1511.97 1241.71 2
9354601 30095.8 -18583.2 -1183.86 539.476 2
9354700 3607.93 -229.933 -1293.42 805.113 2
9355200 37730.1 -19559.5 -1186.2 429.455 2
9355201 47813.7 -24531.6 555.865 -607.579 2
9355400 36593.9 -19477.7 -1201.72 -574.754 2
9355401 42458.7 -21459.5 -768.971 -426.103 2
9350500 -30572.7 -1006.68 -912.578 -439.59 3
9351300 -4612.24 5417.5 -828.926 644.667 3
9351500 36012.9 -19822.4 -874.083 283.088 3
9351600 -36676.2 -2865.55 -1094.58 -281.635 3
9351601 -37390.3 -1298.82 -1228.02 -78.8665 3
9351800 2518.21 2060.68 -964.666 569.277 3
9352100 4538.87 877.569 -1053.85 1006 3
9352200 -793.128 722.153 -1389.78 -239.078 3
9352601 6492.22 -1189.68 -672.841 821.112 3
9353900 -34827.9 -1997.79 -1409.84 -450.797 3
9354100 4973.74 2447.72 -229.272 407.902 3
9354500 12800.7 -6298.95 -1503.33 1238.45 3
9354601 28779.1 -17986.8 -1188.59 539.741 3
9354700 2242.15 639.056 -1280.08 803.011 3
9355200 36420.8 -19112.2 -1186.95 422.226 3
9355201 48348.3 -25185.5 539.524 -605.17 3
9355400 35279.1 -20089.5 -1199.6 -568.306 3
9355401 41599.2 -21948.1 -771.924 -429.39 3
9350500 -31589.4 -1474.02 -915.194 -438.034 4
9351300 -5545.41 6093.75 -832.93 639.353 4
9351500 35019.5 -19474.3 -881.054 289.363 4
9351600 -37871.2 -3128.4 -1093.92 -273.721 4
9351601 -38775.2 -1434.91 -1234.44 -88.2462 4
9351800 1460.69 2695.79 -964.402 570.945 4
9352100 3423.3 1957.34 -1046.21 1000.66 4
9352200 -2300.38 554.258 -1386.24 -220.746 4
9352601 5768.23 -317.312 -670.732 816.377 4
9353900 -36373.6 -2539.12 -1407.95 -459.63 4
9354100 4675.29 2954.14 -238.38 420.882 4
9354500 11194.4 -4951.2 -1494.81 1235.11 4
9354601 27453.3 -17389.7 -1193.1 540.014 4
9354700 903.399 1504.95 -1267.15 801.127 4
9355200 35109.6 -18678.6 -1187.74 415.35 4
9355201 48848.8 -25835.7 523.503 -602.982 4
9355400 33966.6 -20688 -1197.52 -561.981 4
9355401 40731.7 -22444.6 -774.821 -432.613 4
9350500 -32612 -1938.74 -917.821 -436.571 5
9351300 -6487.69 6757.17 -836.952 633.901 5
9351500 34012.6 -19113.6 -887.766 295.419 5
9351600 -39065.5 -3376.02 -1093.35 -266.129 5
9351601 -40173.7 -1590.61 -1240.76 -97.4517 5
9351800 404.352 3334.78 -964.049 572.635 5
9352100 2323.41 3025.82 -1038.72 995.388 5
9352200 -3802.21 425.492 -1383 -202.637 5
9352601 5046.73 545.993 -668.895 811.824 5
9353900 -37914.5 -3097.27 -1406 -468.085 5
9354100 4357.21 3487.3 -247.395 433.554 5
9354500 9606.13 -3611.52 -1486.4 1231.68 5
9354601 26119.1 -16791.9 -1197.39 540.296 5
9354700 -409.6 2368.42 -1254.62 799.454 5
9355200 33796.2 -18257.9 -1188.55 408.808 5
9355201 49316 -26483 507.796 -601.007 5
9355400 32656.5 -21273.8 -1195.49 -555.778 5
9355401 39856.6 -22948.9 -777.662 -435.774 5
9350500 -33640.5 -2401.14 -920.458 -435.2 6
9351300 -7439.17 7407.36 -840.988 628.318 6
9351500 32992.8 -18741.1 -894.227 301.263 6
9351600 -40259.4 -3609.42 -1092.86 -258.85 6
9351601 -41585.6 -1765.39 -1246.99 -106.486 6
9351800 -650.559 3977.75 -963.611 574.347 6
9352100 1238.66 4083.24 -1031.4 990.189 6
9352200 -5299.62 335.167 -1380.07 -184.746 6
9352601 4326.87 1400.82 -667.321 807.448 6
9353900 -39450.4 -3671.1 -1403.98 -476.174 6
9354100 4019.77 4046.26 -256.317 445.925 6
9354500 8035.38 -2280.16 -1478.11 1228.17 6
9354601 24777 -16193.3 -1201.47 540.584 6
9354700 -1698.13 3230.14 -1242.48 797.985 6
9355200 32480.7 -17848.9 -1189.38 402.589 6
9355201 49751.2 -27128.1 492.397 -599.238 6
9355400 31348.5 -21847.1 -1193.49 -549.695 6
9355401 38973.8 -23460.6 -780.449 -438.874 6
9350500 -34676.5 -2861.6 -923.043 -433.855 7
9351300 -8400.87 8046.96 -844.948 622.844 7
9351500 31957.4 -18355.6 -900.564 306.994 7
9351600 -41454.5 -3827.89 -1092.38 -251.71 7
9351601 -43013.2 -1959.65 -1253.09 -115.347 7
9351800 -1706.43 4625.47 -963.182 576.027 7
9352100 167.481 5131.45 -1024.22 985.091 7
9352200 -6793.47 282.671 -1377.2 -167.2 7
9352601 3609.01 2247.98 -665.777 803.156 7
9353900 -40984.6 -4263.14 -1402 -484.107 7
9354100 3662.78 4632.67 -265.068 458.059 7
9354500 6479.44 -953.972 -1469.97 1224.72 7
9354601 23423.8 -15593.1 -1205.47 540.868 7
9354700 -2963.17 4090.39 -1230.58 796.545 7
9355200 31161.2 -17452.5 -1190.2 396.49 7
9355201 50154.6 -27770.6 477.294 -597.504 7
9355400 30042.7 -22408.4 -1191.53 -543.729 7
9355401 38083.8 -23979.6 -783.181 -441.915 7
9350500 -35784.2 -3382.23 -923.043 -433.855 8
9351300 -9414.81 8794.37 -844.948 622.844 8
9351500 30876.7 -17987.2 -900.564 306.994 8
9351600 -42765.4 -4129.94 -1092.38 -251.71 8
9351601 -44516.9 -2098.07 -1253.09 -115.347 8
9351800 -2862.25 5316.7 -963.182 576.027 8
9352100 -1061.59 6313.56 -1024.22 985.091 8
9352200 -8446.11 82.0301 -1377.2 -167.2 8
9352601 2810.08 3211.77 -665.777 803.156 8
9353900 -42667 -4844.07 -1402 -484.107 8
9354100 3344.69 5182.34 -265.068 458.059 8
9354500 4715.47 515.694 -1469.97 1224.72 8
9354601 21977.3 -14944 -1205.47 540.868 8
9354700 -4439.86 5046.24 -1230.58 796.545 8
9355200 29733 -16976.7 -1190.2 396.49 8
9355201 50727.3 -28487.6 477.294 -597.504 8
9355400 28612.9 -23060.8 -1191.53 -543.729 8
9355401 37144 -24509.9 -783.181 -441.915 8
