9350500 -5391 1911 -1667.27 510.237 0
9351201 15293 -9476 -617.575 512.47 0
9351300 14094 -8118 -1115.51 988.159 0
9351400 9076 -542 -1211.31 1088.64 0
9351500 34114 -17459 857.254 -103.412 0
9351600 -12794 3415 -1218.82 446.978 0
9351601 -12867 4141 -1109.88 -126.919 0
9351800 19339 -12100 -675.08 792.743 0
9352100 23130 -14362 -1080.23 831.101 0
9352101 13649 -6362 -933.853 698.899 0
9352200 21170 -13321 -1206.56 209.853 0
9352400 35338 -21515 -220.267 493.604 0
9352500 24302 -16025 -1451.57 354.803 0
9352601 26830 -16971 -1294.87 998.752 0
9353900 -8171 3295 -1073.12 293.556 0
9350500 -7202.76 2429.59 -1656.28 491.212 1
9351201 14600.1 -8898.42 -623.451 520.962 1
9351300 12859.1 -7032.75 -1116.84 986.896 1
9351400 7750.97 635.558 -1204.85 1081.16 1
9351500 35067.3 -17583.4 865.788 -110.77 1
9351600 -14147.8 3922.7 -1223.55 449.537 1
9351601 -14087.7 3998.15 -1111.45 -126.481 1
9351800 18593.7 -11240.4 -675.148 785.051 1
9352100 21949.7 -13491.8 -1076.63 809.241 1
9352101 12620.2 -5567.7 -936.42 713.032 1
9352200 19831.7 -13082.1 -1211.29 215.879 1
9352400 35104.5 -20960.7 -214.663 493.892 1
9352500 22720.8 -15644.3 -1445.51 353.208 1
9352601 25399.1 -15874.3 -1296.82 993.101 1
9353900 -9458.75 3647.27 -1073.12 293.556 1
9350500 -8991.55 2907.69 -1645.65 472.608 2
9351201 13894.2 -8302.12 -629.303 529.381 2
9351300 11621.5 -5950.6 -1118.07 985.584 2
9351400 6440.01 1797.23 -1198.47 1073.85 2
9351500 36039 -17723.7 874.153 -117.987 2
9351600 -15511.6 4435.76 -1228.18 452.034 2
9351601 -15312.1 3856.36 -1113.03 -126.016 2
9351800 17848 -10397 -675.269 777.598 2
9352100 20776.8 -12667.3 -1073.19 788.094 2
9352101 11586.1 -4743.78 -938.892 726.72 2
9352200 18483.8 -12830.2 -1215.81 221.805 2
9352400 34883.5 -20405.9 -209.075 494.134 2
9352500 21152.8 -15266.8 -1439.51 351.648 2
9352601 23964.4 -14790.1 -1298.65 987.494 2
9353900 -10746.5 3999.53 -1073.12 293.556 2
9350500 -10758.5 3346.66 -1635.38 454.419 3
9351201 13175.2 -7687.36 -635.127 537.725 3
9351300 10381.7 -4871.67 -1119.23 984.227 3
9351400 5142.84 2943.59 -1192.17 1066.72 3
9351500 37028.5 -17879.3 882.349 -125.066 3
9351600 -16885.1 4953.98 -1232.7 454.467 3
9351601 -16540.1 3715.71 -1114.64 -125.527 3
9351800 17101.9 -9568.98 -675.442 770.378 3
9352100 19610.6 -11886.2 -1069.92 767.64 3
9352101 10547 -3891.67 -941.277 739.977 3
9352200 17127.1 -12565.5 -1220.12 227.634 3
9352400 34674.8 -19851 -203.508 494.326 3
9352500 19597.9 -14892.5 -1433.56 350.123 3
9352601 22526.3 -13718.3 -1300.39 981.927 3
9353900 -12034.2 4351.8 -1073.12 293.556 3
9350500 -12504.7 3747.85 -1625.44 436.639 4
9351201 12443.4 -7054.44 -640.92 545.988 4
9351300 9139.72 -3796.1 -1120.3 982.828 4
9351400 3859.17 4075.19 -1185.96 1059.76 4
9351500 38035.2 -18049.9 890.377 -132.008 4
9351600 -18267.9 5477.11 -1237.11 456.834 4
9351601 -17772 3576.26 -1116.26 -125.017 4
9351800 16355 -8755.61 -675.666 763.383 4
9352100 18450.9 -11146.4 -1066.8 747.859 4
9352101 9502.97 -3012.72 -943.582 752.812 4
9352200 15762.2 -12288.3 -1224.23 233.37 4
9352400 34478.5 -19296.1 -197.969 494.465 4
9352500 18055.7 -14521.3 -1427.68 348.636 4
9352601 21085.1 -12658.7 -1302.02 976.398 4
9353900 -13322 4704.07 -1073.12 293.556 4
9350500 -14231.2 4112.59 -1615.83 419.262 5
9351201 11698.9 -6403.66 -646.676 554.167 5
9351300 7895.97 -2723.99 -1121.29 981.389 5
9351400 2588.71 5192.58 -1179.83 1052.97 5
9351500 39058.6 -18235 898.238 -138.815 5
9351600 -19659.8 6004.92 -1241.43 459.132 5
9351601 -19007.6 3438.07 -1117.89 -124.487 5
9351800 15607.4 -7956.22 -675.939 756.607 5
9352100 17296.9 -10445.8 -1063.83 728.734 5
9352101 8454.35 -2108.25 -945.814 765.237 5
9352200 14389.7 -11999 -1228.14 239.016 5
9352400 34294.3 -18741.4 -192.463 494.55 5
9352500 16526.2 -14153 -1421.85 347.185 5
9352601 19641.1 -11611.3 -1303.56 970.906 5
9353900 -14609.7 5056.33 -1073.12 293.556 5
9350500 -15939 4442.12 -1606.54 402.281 6
9351201 10941.8 -5735.26 -652.397 562.262 6
9351300 6650.6 -1655.43 -1122.21 979.912 6
9351400 1331.15 6296.3 -1173.79 1046.34 6
9351500 40098.1 -18434.2 905.934 -145.49 6
9351600 -21060.5 6537.21 -1245.64 461.365 6
9351601 -20247 3301.19 -1119.54 -123.938 6
9351800 14858.7 -7170.09 -676.259 750.043 6
9352100 16148.4 -9782.28 -1060.99 710.245 6
9352101 7401.3 -1179.49 -947.976 777.263 6
9352200 13010.1 -11697.8 -1231.86 244.573 6
9352400 34122.2 -18187 -186.993 494.581 6
9352500 15009 -13787.5 -1416.09 345.772 6
9352601 18194.5 -10576 -1305.02 965.451 6
9353900 -15897.5 5408.6 -1073.12 293.556 6
9350500 -17630.1 4736.29 -1597.43 385.626 7
9351201 10171.3 -5048.48 -658.007 570.202 7
9351300 5401.21 -588.137 -1123.11 978.464 7
9351400 84.3253 7387.98 -1167.86 1039.84 7
9351500 41156 -18647.9 913.483 -152.036 7
9351600 -22472.4 7074.96 -1249.78 463.555 7
9351601 -21492.2 3165.32 -1121.15 -123.4 7
9351800 14108.1 -6396.58 -676.573 743.605 7
9352100 15003.9 -9156.84 -1058.22 692.112 7
9352101 6341.75 -223.53 -950.096 789.058 7
9352200 11620.3 -11384.2 -1235.51 250.023 7
9352400 33961.3 -17631.8 -181.627 494.612 7
9352500 13501.3 -13424.2 -1410.44 344.385 7
9352601 16742.3 -9550.52 -1306.44 960.101 7
9353900 -17185.2 5760.87 -1073.12 293.556 7
9350500 -19547 5199.04 -1597.43 385.626 8
9351201 9381.67 -4364.24 -658.007 570.202 8
9351300 4053.49 586.02 -1123.11 978.464 8
9351400 -1317.11 8635.79 -1167.86 1039.84 8
9351500 42252.2 -18830.4 913.483 -152.036 8
9351600 -23972.2 7631.22 -1249.78 463.555 8
9351601 -22837.6 3017.24 -1121.15 -123.4 8
9351800 13296.2 -5504.25 -676.573 743.605 8
9352100 13734.1 -8326.3 -1058.22 692.112 8
9352101 5201.63 723.339 -950.096 789.058 8
9352200 10137.7 -11084.2 -1235.51 250.023 8
9352400 33743.4 -17038.3 -181.627 494.612 8
9352500 11808.8 -13010.9 -1410.44 344.385 8
9352601 15174.6 -8398.4 -1306.44 960.101 8
9353900 -18473 6113.13 -1073.12 293.556 8
