9335900 -18479 -8905 -988.531 -931.885 0
9345500 7425 -473 -879.713 847.31 0
9350000 8317 -3427 -1051.75 1089.7 0
9350201 10725 -2973 -595.928 1168.07 0
9350400 13182 -6899 -956.603 955.51 0
9350500 10707 -5607 -1378.74 1470.12 0
9351200 29140 -17823 -1144.56 393.686 0
9351201 27551 -17711 -991.592 629.223 0
9351300 28157 -16243 -984.7 735.524 0
9351400 21551 -13484 -1480.21 903.698 0
9351500 18605 -11104 1498.29 -742.907 0
9351600 4063 465 -1195.17 541.705 0
9351601 4289 1133 -1297.75 852.023 0
9351800 31749 -17285 -1473.35 308.883 0
9352100 37817 -19520 -828.302 582.818 0
9352101 29785 -16527 -1448.8 423.954 0
9352200 38700 -19021 -1392.15 648.336 0
9352400 40311 -21297 -1554.41 -124.036 0
9352500 42521 -21304 -1606.67 252.403 0
9352501 45829 -18710 203.218 -555.361 0
9352601 44562 -21368 -1084.66 -464.005 0
9335900 -19547.1 -9948.56 -977.76 -938.71 1
9345500 6462.93 451.348 -877.602 846.579 1
9350000 7164.65 -2238.67 -1048.87 1083.92 1
9350201 10062.9 -1674.23 -601.18 1175.64 1
9350400 12130.9 -5847.58 -955.427 955.575 1
9350500 9204.04 -4020.28 -1372.4 1453.79 1
9351200 27895.7 -17381.6 -1137.24 396.886 1
9351201 26449.9 -17016.6 -996.833 627.551 1
9351300 27071.2 -15441.3 -986.624 729.382 1
9351400 19930.7 -12484.1 -1476.51 902.487 1
9351500 20230.4 -11924 1484.63 -747.088 1
9351600 2765.23 1076.52 -1186.33 550.248 1
9351601 2863.57 2062.89 -1294.95 848.151 1
9351800 30138.3 -16941.7 -1466.64 310.206 1
9352100 36898.3 -18882.4 -833.596 579.496 1
9352101 28164 -16062.3 -1460.68 424.237 1
9352200 37185.8 -18306.8 -1385.41 647.548 1
9352400 38618.1 -21420.9 -1545.47 -116.126 1
9352500 40775.4 -21051.4 -1596 239.113 1
9352501 46074.5 -19317.7 208.776 -548.674 1
9352601 43389.2 -21890.9 -1076.89 -468.757 1
9335900 -20592.1 -11006.6 -967.175 -945.376 2
9345500 5505.73 1373.6 -875.446 845.737 2
9350000 6017.91 -1061.99 -1046.15 1078.38 2
9350201 9389.38 -359.795 -606.349 1182.89 2
9350400 11082 -4795.23 -954.304 955.774 2
9350500 7713.91 -2467.99 -1366.3 1437.88 2
9351200 26666.9 -16933.2 -1130.1 400.034 2
9351201 25337.8 -16326.5 -1001.89 625.757 2
9351300 25981.3 -14652.8 -988.487 723.374 2
9351400 18318.8 -11487.5 -1472.74 901.147 2
9351500 21826 -12753.2 1471.13 -751.185 2
9351600 1484.77 1707.48 -1177.98 558.819 2
9351601 1444.4 2985.02 -1292.13 844.469 2
9351800 28542.3 -16595.7 -1459.98 311.441 2
9352100 35967.7 -18250.8 -838.897 576.46 2
9352101 26518.7 -15597.4 -1472.05 424.371 2
9352200 35686 -17595.2 -1378.79 646.603 2
9352400 36944.2 -21529.6 -1536.71 -108.755 2
9352500 39052.9 -20828.1 -1585.46 225.918 2
9352501 46332.7 -19911.3 214.227 -542.115 2
9352601 42231.5 -22425.2 -1069.27 -473.418 2
9335900 -21614.7 -12078.8 -956.771 -951.886 3
9345500 4553.53 2293.43 -873.247 844.789 3
9350000 4876.28 103.853 -1043.56 1073.09 3
9350201 8704.67 969.387 -611.434 1189.85 3
9350400 10035.2 -3741.5 -953.23 956.101 3
9350500 6235.81 -948.753 -1360.43 1422.38 3
9351200 25453.1 -16478.1 -1123.12 403.131 3
9351201 24215.3 -15641.3 -1006.77 623.846 3
9351300 24887.5 -13877 -990.288 717.496 3
9351400 16715.6 -10494.6 -1468.9 899.684 3
9351500 23392.3 -13591.3 1457.78 -755.201 3
9351600 220.005 2358 -1170.12 567.414 3
9351601 31.5612 3900.02 -1289.27 840.971 3
9351800 26960.6 -16247.4 -1453.38 312.591 3
9352100 35025.1 -17624.1 -844.205 573.699 3
9352101 24850.6 -15132.9 -1482.92 424.361 3
9352200 34200.2 -16886.5 -1372.29 645.506 3
9352400 35288.8 -21624.8 -1528.13 -101.905 3
9352500 37353.1 -20633.6 -1575.06 212.818 3
9352501 46603.1 -20491.2 219.574 -535.682 3
9352601 41088.7 -22970.7 -1061.79 -477.989 3
9335900 -22615.3 -13164.6 -946.546 -958.245 4
9345500 3606.43 3210.54 -871.007 843.738 4
9350000 3739.28 1259.67 -1041.11 1068.04 4
9350201 8009.02 2312.42 -616.438 1196.52 4
9350400 8990.28 -2685.96 -952.204 956.551 4
9350500 4768.98 538.782 -1354.78 1407.29 4
9351200 24253.7 -16016.2 -1116.31 406.177 4
9351201 23082.8 -14961.2 -1011.47 621.824 4
9351300 23789.9 -13113.5 -992.031 711.746 4
9351400 15121.1 -9505.76 -1465 898.102 4
9351500 24930 -14438.3 1444.59 -759.137 4
9351600 -1030.6 3028.18 -1162.72 576.029 4
9351601 -1374.92 4808.49 -1286.4 837.651 4
9351800 25393.1 -15896.9 -1446.84 313.66 4
9352100 34070.3 -17001.7 -849.515 571.204 4
9352101 23161.3 -14669.3 -1493.31 424.212 4
9352200 32727.9 -16181.4 -1365.91 644.264 4
9352400 33651.2 -21708.3 -1519.71 -95.5593 4
9352500 35675.4 -20467.7 -1564.78 199.814 4
9352501 46885.5 -21057.7 224.817 -529.374 4
9352601 39960.2 -23527 -1054.46 -482.472 4
9335900 -23594.6 -14263.5 -936.497 -964.455 5
9345500 2664.52 4124.64 -868.729 842.591 5
9350000 2606.46 2406.21 -1038.8 1063.22 5
9350201 7302.65 3668.43 -621.361 1202.9 5
9350400 7947.08 -1628.19 -951.226 957.12 5
9350500 3312.67 1995.9 -1349.36 1392.6 5
9351200 23068.1 -15547.8 -1109.66 409.175 5
9351201 21941 -14286.6 -1016.01 619.695 5
9351300 22688.8 -12361.9 -993.717 706.121 5
9351400 13535.5 -8521.31 -1461.05 896.408 5
9351500 26439.4 -15293.7 1431.56 -762.995 5
9351600 -2268.51 3718.07 -1155.77 584.66 5
9351601 -2774.99 5711.01 -1283.5 834.504 5
9351800 23839.6 -15544.5 -1440.37 314.649 5
9352100 33103.5 -16382.5 -854.826 568.965 5
9352101 21452.2 -14206.8 -1503.23 423.931 5
9352200 31268.8 -15480.1 -1359.64 642.884 5
9352400 32030.9 -21781.4 -1511.47 -89.701 5
9352500 34019.4 -20330.1 -1554.64 186.909 5
9352501 47179.4 -21611.4 229.959 -523.186 5
9352601 38845.6 -24093.9 -1047.27 -486.868 5
9335900 -24553.2 -15375.1 -926.621 -970.519 6
9345500 1727.9 5035.47 -866.414 841.349 6
9350000 1477.36 3544.21 -1036.62 1058.61 6
9350201 6585.8 5036.6 -626.206 1209.02 6
9350400 6905.42 -567.826 -950.293 957.802 6
9350500 1866.19 3423.86 -1344.15 1378.29 6
9351200 21895.9 -15073.1 -1103.16 412.123 6
9351201 20790.3 -13617.7 -1020.38 617.465 6
9351300 21584.1 -11621.7 -995.346 700.619 6
9351400 11959 -7541.55 -1457.05 894.605 6
9351500 27921.3 -16157.5 1418.68 -766.776 6
9351600 -3495.13 4427.74 -1149.25 593.303 6
9351601 -4168.63 6608.13 -1280.58 831.523 6
9351800 22299.8 -15190.4 -1433.95 315.562 6
9352100 32124.5 -15765.9 -860.137 566.975 6
9352101 19724.7 -13746 -1512.69 423.521 6
9352200 29822.5 -14783.1 -1353.49 641.37 6
9352400 30427.2 -21845.9 -1503.39 -84.3137 6
9352500 32384.7 -20220.5 -1544.62 174.103 6
9352501 47484.6 -22152.6 235.003 -517.118 6
9352601 37744.5 -24671.1 -1040.22 -491.18 6
9335900 -25492.4 -16501.5 -916.935 -976.467 7
9345500 794.511 5945.39 -864.144 840.132 7
9350000 350.981 4674.37 -1034.48 1054.1 7
9350201 5857.36 6420.16 -630.957 1215.01 7
9350400 5863.96 495.794 -949.378 958.471 7
9350500 428.259 4823.89 -1339.03 1364.25 7
9351200 20735.5 -14591.3 -1096.8 415.015 7
9351201 19628.3 -12952.5 -1024.66 615.278 7
9351300 20474.1 -10891.9 -996.944 695.223 7
9351400 10388.1 -6564.05 -1453.12 892.837 7
9351500 29378.3 -17030.8 1406.04 -770.485 7
9351600 -4709.99 5156.95 -1142.86 601.779 7
9351601 -5558.44 7500.47 -1277.71 828.6 7
9351800 20770.9 -14833.9 -1427.66 316.458 7
9352100 31132.5 -15152.5 -865.346 565.023 7
9352101 17974.2 -13285.2 -1521.98 423.12 7
9352200 28386.7 -14088.2 -1347.45 639.885 7
9352400 28837.9 -21898.8 -1495.47 -79.03 7
9352500 30768.4 -20137.9 -1534.8 161.544 7
9352501 47800.8 -22681.6 239.95 -511.166 7
9352601 36656.4 -25258.2 -1033.31 -495.41 7
9335900 -26592.7 -17673.3 -916.935 -976.467 8
9345500 -242.462 6953.55 -864.144 840.132 8
9350000 -890.397 5939.28 -1034.48 1054.1 8
9350201 5100.21 7878.18 -630.957 1215.01 8
9350400 4724.71 1645.96 -949.378 958.471 8
9350500 -1178.58 6461 -1339.03 1364.25 8
9351200 19419.3 -14093.3 -1096.8 415.015 8
9351201 18398.7 -12214.1 -1024.66 615.278 8
9351300 19277.8 -10057.7 -996.944 695.223 8
9351400 8644.39 -5492.65 -1453.12 892.837 8
9351500 31065.6 -17955.4 1406.04 -770.485 8
9351600 -6081.43 5879.08 -1142.86 601.779 8
9351601 -7091.7 8494.79 -1277.71 828.6 8
9351800 19057.8 -14454.1 -1427.66 316.458 8
9352100 30094.1 -14474.4 -865.346 565.023 8
9352101 16147.8 -12777.5 -1521.98 423.12 8
9352200 26769.7 -13320.3 -1347.45 639.885 8
9352400 27043.4 -21993.7 -1495.47 -79.03 8
9352500 28926.6 -19944 -1534.8 161.544 8
9352501 48088.7 -23295 239.95 -511.166 8
9352601 35416.5 -25852.7 -1033.31 -495.41 8
