9335900 -20230 -10066 -758.893 -292.016 0
9345500 5502 2106 -950.574 1008.46 0
9350000 5841 -980 -1088 910.635 0
9350201 8547 485 -1026.89 1966.98 0
9350400 11006 -4375 -795.747 1304.9 0
9350500 8504 -3326 -1037.43 966.338 0
9351201 24878 -16665 -1033.03 814.636 0
9351300 25068 -15201 -1218.11 478.832 0
9351400 19204 -11783 -1211.1 1213.01 0
9351500 21155 -12398 1028.48 -474.631 0
9351600 1290 1875 -1026.36 864.09 0
9351601 1077 2490 -1054.01 387.354 0
9351800 29394 -16437 -738.69 168.123 0
9352100 34998 -18621 -1178.05 596.317 0
9352101 26759 -15348 -1142.4 668.843 0
9352200 35440 -17897 -890.703 630.828 0
9352400 37409 -20635 -1102.25 167.653 0
9352500 39421 -20131 -1564.48 906.551 0
9352501 45825 -18534 200.683 295.203 0
9352601 41406 -21528 -1360.19 -78.8281 0
9335900 -21070.8 -10390.8 -761.094 -295.637 1
9345500 4455.64 3220.88 -948.712 1010.63 1
9350000 4650.65 14.2247 -1085.47 908.802 1
9350201 7430.26 2618.64 -1021.51 1951.23 1
9350400 10122.9 -2940.04 -799.929 1303.29 1
9350500 7358.52 -2264.85 -1037.65 965.443 1
9351201 23737.4 -15782.2 -1035.29 806.331 1
9351300 23717.9 -14660.8 -1223.07 483.444 1
9351400 17869.3 -10458.8 -1208.89 1204.73 1
9351500 22298.4 -12911.3 1031.64 -470.899 1
9351600 160.981 2830.22 -1026.88 862.71 1
9351601 -83.0829 2924.16 -1056.94 391.4 1
9351800 28568.6 -16234.4 -745.526 176.571 1
9352100 33690.5 -17958.4 -1182.98 595.975 1
9352101 25505.7 -14619.5 -1142.01 663.661 1
9352200 34441 -17198.6 -902.655 629.317 1
9352400 36186.8 -20431.1 -1106.1 174.916 1
9352500 37716.4 -19137.2 -1556.15 900.333 1
9352501 46045.6 -18224.8 197.6 287.343 1
9352601 39910.6 -21645.7 -1358.57 -90.211 1
9335900 -21916.4 -10724.2 -763.279 -299.365 2
9345500 3413.33 4339.86 -946.892 1012.65 2
9350000 3465.56 1004.95 -1083.01 907.099 2
9350201 6325.23 4718.62 -1016.18 1935.81 2
9350400 9230.97 -1508.92 -804.007 1301.6 2
9350500 6212.1 -1204.81 -1037.98 964.744 2
9351201 22592.2 -14916.8 -1037.46 798.275 2
9351300 22358 -14110.7 -1227.75 487.964 2
9351400 16538.8 -9152.22 -1206.86 1196.65 2
9351500 23448.9 -13417.2 1034.83 -467.417 2
9351600 -969.266 3782.05 -1027.43 861.277 2
9351601 -1249.61 3367.35 -1059.84 395.457 2
9351800 27727.9 -16014.2 -752.361 184.748 2
9352100 32373.4 -17296.7 -1187.6 595.637 2
9352101 24252.6 -13902.2 -1141.77 658.587 2
9352200 33416.6 -16503.5 -914.323 627.868 2
9352400 34956 -20212.7 -1109.96 181.801 2
9352500 36028.9 -18157.5 -1548.15 894.093 2
9352501 46259.7 -17933.2 194.645 279.48 2
9352601 38419.2 -21787.5 -1356.9 -101.305 2
9335900 -22766.9 -11066.6 -765.445 -303.197 3
9345500 2374.95 5462.51 -945.112 1014.54 3
9350000 2285.48 1992.57 -1080.63 905.517 3
9350201 5231.71 6785.98 -1010.91 1920.7 3
9350400 8330.45 -81.8367 -807.984 1299.86 3
9350500 5064.4 -145.312 -1038.41 964.231 3
9351201 21442.6 -14068.1 -1039.54 790.46 3
9351300 20989 -13551 -1232.16 492.393 3
9351400 15212 -7862.52 -1204.99 1188.76 3
9351500 24606.4 -13916.7 1038.04 -464.176 3
9351600 -2100.82 4730.34 -1028 859.796 3
9351601 -2422.47 3819.57 -1062.72 399.522 3
9351800 26872.1 -15777.2 -759.19 192.662 3
9352100 31047.7 -16635.8 -1191.92 595.302 3
9352101 22999.2 -13195.6 -1141.67 653.619 3
9352200 32367.7 -15811.5 -925.711 626.481 3
9352400 33716.7 -19981.2 -1113.82 188.324 3
9352500 34357.6 -17192.1 -1540.45 887.829 3
9352501 46467.9 -17659.1 191.816 271.62 3
9352601 36931.9 -21952.5 -1355.19 -112.119 3
9335900 -23622 -11418.3 -767.588 -307.131 4
9345500 1340.37 6588.37 -943.371 1016.28 4
9350000 1110.18 2977.44 -1078.32 904.053 4
9350201 4149.5 8821.76 -1005.7 1905.9 4
9350400 7421.69 1341.02 -811.863 1298.05 4
9350500 3915.13 914.176 -1038.94 963.891 4
9351201 20289 -13235.2 -1041.54 782.878 4
9351300 19611.9 -12982.1 -1236.32 496.73 4
9351400 13888.4 -6589.12 -1203.29 1181.07 4
9351500 25771 -14410.5 1041.28 -461.171 4
9351600 -3233.75 5674.99 -1028.6 858.273 4
9351601 -3601.59 4280.84 -1065.57 403.592 4
9351800 26001 -15524.3 -766.009 200.319 4
9352100 29714.1 -15975.7 -1195.96 594.97 4
9352101 21745.1 -12499.6 -1141.71 648.756 4
9352200 31295.2 -15122.3 -936.823 625.151 4
9352400 32468.8 -19737.6 -1117.67 194.497 4
9352500 32701.4 -16240.9 -1533.04 881.539 4
9352501 46670.6 -17402.6 189.11 263.768 4
9352601 35448.9 -22139.7 -1353.42 -122.662 4
9335900 -24481.6 -11779.7 -769.705 -311.162 5
9345500 309.466 7717.04 -941.667 1017.9 5
9350000 -60.5703 3959.92 -1076.08 902.7 5
9350201 3078.4 10827 -1000.55 1891.41 5
9350400 6505.01 2759.47 -815.644 1296.19 5
9350500 2764.02 1974.13 -1039.56 963.712 5
9351201 19131.6 -12417.4 -1043.45 775.523 5
9351300 18227.4 -12404.3 -1240.23 500.976 5
9351400 12567.5 -5331.41 -1201.75 1173.57 5
9351500 26942.8 -14899.2 1044.52 -458.395 5
9351600 -4368.1 6615.89 -1029.22 856.713 5
9351601 -4786.84 4751.16 -1068.38 407.664 5
9351800 25115 -15256.2 -772.813 207.728 5
9352100 28373.7 -15316.4 -1199.71 594.639 5
9352101 20489.8 -11813.7 -1141.89 643.994 5
9352200 30200 -14435.9 -947.664 623.878 5
9352400 31212.6 -19482.9 -1121.52 200.334 5
9352500 31059.5 -15304.2 -1525.92 875.223 5
9352501 46868 -17163.5 186.526 255.928 5
9352601 33970.3 -22348.4 -1351.6 -132.94 5
9335900 -25345.8 -12150.9 -771.796 -315.285 6
9345500 -717.9 8848.15 -939.999 1019.39 6
9350000 -1227.03 4940.38 -1073.92 901.455 6
9350201 2018.17 12802.6 -995.464 1877.22 6
9350400 5580.67 4173.38 -819.331 1294.27 6
9350500 1610.75 3035.08 -1040.27 963.687 6
9351201 17970.5 -11614 -1045.28 768.389 6
9351300 16836.2 -11817.7 -1243.91 505.131 6
9351400 11248.7 -4088.79 -1200.36 1166.25 6
9351500 28121.7 -15383.7 1047.78 -455.841 6
9351600 -5503.97 7552.98 -1029.86 855.118 6
9351601 -5978.19 5230.54 -1071.17 411.737 6
9351800 24213.8 -14973.7 -779.599 214.894 6
9352100 27027.1 -14657.9 -1203.2 594.309 6
9352101 19232.8 -11137.6 -1142.2 639.333 6
9352200 29082.8 -13751.9 -958.24 622.659 6
9352400 29947.8 -19218.2 -1125.36 205.845 6
9352500 29431.1 -14381.8 -1519.08 868.883 6
9352501 47060.7 -16941.7 184.061 248.102 6
9352601 32496.3 -22577.8 -1349.73 -142.962 6
9335900 -26215.9 -12531.7 -773.846 -319.33 7
9345500 -1743.44 9984.39 -938.363 1020.84 7
9350000 -2390.96 5919.98 -1071.79 900.233 7
9350201 966.85 14751.6 -990.472 1863.3 7
9350400 4646.88 5585.66 -822.947 1292.39 7
9350500 454.052 4097.81 -1040.96 963.664 7
9351201 16803.5 -10824.5 -1047.08 761.393 7
9351300 15434.8 -11221.4 -1247.51 509.207 7
9351400 9930.69 -2859.67 -1199 1159.07 7
9351500 29309.5 -15863.5 1050.97 -453.335 7
9351600 -6643.2 8488.18 -1030.48 853.554 7
9351601 -7177.63 5719.38 -1073.9 415.731 7
9351800 23296.7 -14675.5 -786.256 221.923 7
9352100 25670.8 -13999.1 -1206.63 593.986 7
9352101 17972.9 -10470.3 -1142.51 634.76 7
9352200 27941.2 -13069.5 -968.613 621.464 7
9352400 28672.7 -18941.4 -1129.13 211.25 7
9352500 27814.3 -13471.5 -1512.36 862.665 7
9352501 47248.4 -16736.2 181.643 240.428 7
9352601 31023.7 -22828.6 -1347.9 -152.79 7
9335900 -27144.5 -12914.8 -773.846 -319.33 8
9345500 -2869.48 11209.4 -938.363 1020.84 8
9350000 -3677.11 7000.26 -1071.79 900.233 8
9350201 -221.716 16987.5 -990.472 1863.3 8
9350400 3659.34 7136.52 -822.947 1292.39 8
9350500 -795.106 5254.2 -1040.96 963.664 8
9351201 15547 -9910.8 -1047.08 761.393 8
9351300 13937.8 -10610.4 -1247.51 509.207 8
9351400 8491.9 -1468.8 -1199 1159.07 8
9351500 30570.7 -16407.5 1050.97 -453.335 8
9351600 -7879.78 9512.44 -1030.48 853.554 8
9351601 -8466.31 6218.26 -1073.9 415.731 8
9351800 22353.2 -14409.2 -786.256 221.923 8
9352100 24222.9 -13286.3 -1206.63 593.986 8
9352101 16601.9 -9708.57 -1142.51 634.76 8
9352200 26778.9 -12323.7 -968.613 621.464 8
9352400 27317.8 -18687.9 -1129.13 211.25 8
9352500 25999.5 -12436.3 -1512.36 862.665 8
9352501 47466.4 -16447.7 181.643 240.428 8
9352601 29406.2 -23012 -1347.9 -152.79 8
