9345500 -955 11490 -260.709 895.096 0
9350500 -3546 1362 -1079.6 -483.871 0
9351201 16061 -10406 -912.934 943.447 0
9351300 15189 -9229 -1191.54 930.352 0
9351400 10143 -1982 -879.884 696.248 0
9351500 32602 -17006 1300.83 -485.633 0
9351600 -11445 3389 -1467.4 580.784 0
9351601 -11331 4080 -1185.71 -108.215 0
9351800 20022 -12785 -672.872 382.861 0
9352100 24413 -15044 -882.128 -336.622 0
9352101 14987 -7553 -1072.96 1451.92 0
9352200 22593 -13878 -1466.12 521.628 0
9352400 35370 -21563 60.2304 512.307 0
9352500 26112 -16754 -1144.13 271.712 0
9352601 28259 -17593 -1404.68 711.656 0
9345500 -1236.44 12459.6 -258.325 891.769 1
9350500 -4744.09 828.97 -1087.95 -481.337 1
9351201 15036.8 -9351.87 -918.098 948.813 1
9351300 13878.6 -8216.97 -1187.95 926.354 1
9351400 9177.41 -1218.48 -877.507 698.008 1
9351500 34033.1 -17541.8 1300.92 -485.775 1
9351600 -13058.1 4036 -1466.14 580.48 1
9351601 -12642.7 3959.65 -1188.57 -106.127 1
9351800 19275.5 -12355 -675.743 387.942 1
9352100 23434.8 -15391.6 -887.69 -320.743 1
9352101 13815.4 -5971.7 -1069.95 1442.64 1
9352200 20995 -13302.2 -1459.33 522.311 1
9352400 35451.9 -20994.6 65.808 510.559 1
9352500 24864.9 -16456.3 -1140.35 271.748 1
9352601 26726.5 -16813.7 -1400.31 708.399 1
9345500 -1513.47 13423.6 -256.15 888.846 2
9350500 -5959.84 302.283 -1096.04 -478.659 2
9351201 14002.5 -8287.18 -923.001 953.865 2
9351300 12575.6 -7213.2 -1184.5 922.474 2
9351400 8216.59 -451.084 -875.259 699.76 2
9351500 35463.7 -18077.7 1300.84 -485.872 2
9351600 -14669 4681.46 -1464.99 579.992 2
9351601 -13960.2 3843.47 -1191.32 -104.167 2
9351800 18522.8 -11914.2 -678.597 392.873 2
9352100 22445.1 -15705.2 -893.023 -305.206 2
9352101 12649 -4410.38 -1067.27 1433.53 2
9352200 19411.5 -12724.4 -1452.68 523.073 2
9352400 35544.4 -20431.2 71.0052 508.604 2
9352500 23625.2 -16158.1 -1136.81 271.879 2
9352601 25202.6 -16042.3 -1396.21 705.052 2
9345500 -1786.74 14383.2 -254.177 886.308 3
9350500 -7192.4 -217.613 -1103.88 -475.84 3
9351201 12958.8 -7212.93 -927.649 958.614 3
9351300 11279.7 -6217.31 -1181.17 918.707 3
9351400 7260.15 320.162 -873.136 701.504 3
9351500 36893.2 -18613.5 1300.6 -485.927 3
9351600 -16278 5324.8 -1463.95 579.327 3
9351601 -15283 3731.09 -1193.95 -102.328 3
9351800 17763.8 -11463.2 -681.435 397.655 3
9352100 21444.8 -15985.9 -898.134 -290.002 3
9352101 11486.7 -2868.5 -1064.91 1424.58 3
9352200 17842.1 -12144.4 -1446.18 523.912 3
9352400 35646.3 -19873.5 75.8325 506.45 3
9352500 22392 -15859.1 -1133.51 272.1 3
9352601 23686.7 -15278.9 -1392.35 701.624 3
9345500 -2056.87 15339.6 -252.399 884.138 4
9350500 -8440.99 -730.294 -1111.47 -472.888 4
9351201 11906.6 -6130.04 -932.053 963.071 4
9351300 9990.5 -5228.98 -1177.96 915.047 4
9351400 6307.71 1095.23 -871.13 703.239 4
9351500 38321.2 -19149.1 1300.2 -485.939 4
9351600 -17885.5 5965.48 -1463.01 578.491 4
9351601 -16610.9 3622.16 -1196.46 -100.602 4
9351800 16998.8 -11002.4 -684.258 402.292 4
9352100 20434.4 -16234.8 -903.032 -275.124 4
9352101 10327.8 -1345.54 -1062.86 1415.79 4
9352200 16286.3 -11562.1 -1439.82 524.823 4
9352400 35756.4 -19322 80.3008 504.103 4
9352500 21164.6 -15559 -1130.44 272.405 4
9352601 22177.8 -14523.8 -1388.74 698.121 4
9345500 -2324.47 16293.9 -250.809 882.318 5
9350500 -9704.83 -1235.36 -1118.81 -469.807 5
9351201 10846.6 -5039.41 -936.22 967.244 5
9351300 8707.65 -4247.9 -1174.87 911.489 5
9351400 5358.93 1874.1 -869.237 704.966 5
9351500 39747.1 -19684.5 1299.66 -485.909 5
9351600 -19491.6 6602.96 -1462.17 577.487 5
9351601 -17943.5 3516.37 -1198.86 -98.9803 5
9351800 16227.6 -10532.2 -687.064 406.787 5
9352100 19414.6 -16452.8 -907.726 -260.561 5
9352101 9171.13 158.991 -1061.1 1407.16 5
9352200 14743.6 -10977.1 -1433.59 525.804 5
9352400 35873.7 -18777.3 84.4202 501.569 5
9352500 19942.4 -15257.6 -1127.59 272.789 5
9352601 20675.3 -13777.1 -1385.35 694.548 5
9345500 -2590.12 17247.1 -249.402 880.835 6
9350500 -10983.2 -1732.43 -1125.93 -466.603 6
9351201 9779.55 -3941.88 -940.157 971.144 6
9351300 7430.74 -3273.73 -1171.89 908.03 6
9351400 4413.44 2656.78 -867.452 706.685 6
9351500 41170.6 -20219.4 1298.98 -485.84 6
9351600 -21096.7 7236.75 -1461.41 576.324 6
9351601 -19280.4 3413.4 -1201.16 -97.4597 6
9351800 15450.3 -10053.2 -689.855 411.142 6
9352100 18386.1 -16641 -912.221 -246.307 6
9352101 8015.94 1645.61 -1059.62 1398.67 6
9352200 13213.6 -10389.2 -1427.49 526.851 6
9352400 35997.1 -18240 88.2027 498.857 6
9352500 18724.5 -14954.6 -1124.96 273.25 6
9352601 19178.5 -13039.1 -1382.18 690.911 6
9345500 -2853.25 18199 -248.023 879.381 7
9350500 -12279.1 -2223.48 -1132.91 -463.461 7
9351201 8702.4 -2834.24 -944.019 974.969 7
9351300 6158.07 -2305.14 -1168.97 904.637 7
9351400 3470.15 3444.58 -865.701 708.371 7
9351500 42595.2 -20755.1 1298.31 -485.772 7
9351600 -22702.9 7869.03 -1460.67 575.183 7
9351601 -20624.6 3313.6 -1203.42 -95.9684 7
9351800 14665.8 -9564.03 -692.592 415.414 7
9352100 17346.2 -16799.1 -916.629 -232.328 7
9352101 6861.85 3116.79 -1058.17 1390.36 7
9352200 11693.8 -9798.18 -1421.51 527.878 7
9352400 36128.6 -17707.6 91.9124 496.197 7
9352500 17510 -14650.1 -1122.38 273.702 7
9352601 17685.7 -12307.6 -1379.08 687.343 7
9345500 -3150.88 19254.2 -248.023 879.381 8
9350500 -13638.6 -2779.63 -1132.91 -463.461 8
9351201 7569.57 -1664.27 -944.019 974.969 8
9351300 4755.31 -1219.57 -1168.97 904.637 8
9351400 2431.3 4294.63 -865.701 708.371 8
9351500 44153.2 -21338 1298.31 -485.772 8
9351600 -24455.7 8559.25 -1460.67 575.183 8
9351601 -22068.7 3198.44 -1203.42 -95.9684 8
9351800 13834.7 -9065.53 -692.592 415.414 8
9352100 16246.2 -17077.9 -916.629 -232.328 8
9352101 5592.05 4785.22 -1058.17 1390.36 8
9352200 9988.03 -9164.72 -1421.51 527.878 8
9352400 36238.9 -17112.2 91.9124 496.197 8
9352500 16163.2 -14321.7 -1122.38 273.702 8
9352601 16030.8 -11482.8 -1379.08 687.343 8
