9335700 -6344 -10348 706.202 28.3892 0
9335900 -17175 -6289 -368.919 -1211.34 0
9345500 9629 -3174 -536.675 471.929 0
9350000 10638 -5708 -1152.73 1166.07 0
9350201 13055 -6316 -914.789 1124.85 0
9350400 15331 -9242 -973.659 1322.72 0
9350500 13616 -7939 -1366.56 919.089 0
9351200 31787 -18854 -851.334 586.284 0
9351201 30379 -18932 -1038.79 126.079 0
9351300 31021 -17441 -1016.36 457.832 0
9351400 24887 -14929 -911.197 429.936 0
9351500 16188 -8818 505.567 -952.985 0
9351600 6492 -1502 -1615.48 1506.26 0
9351601 6932 -968 -928.954 961.937 0
9351800 34618 -17805 -936.7 210.085 0
9352100 40726 -20328 -1399.69 1008.01 0
9352101 33806 -17401 -1297.84 49.6282 0
9352200 42153 -20473 -1016.76 140.847 0
9352400 43542 -21628 -1110.08 -758.943 0
9352500 45727 -20376 -855.96 -874.229 0
9335700 -5496.56 -10313.9 706.202 28.3892 1
9335900 -17617.7 -7742.61 -368.919 -1211.34 1
9345500 8984.99 -2607.69 -536.675 471.929 1
9350000 9254.73 -4308.72 -1152.73 1166.07 1
9350201 11957.3 -4966.18 -914.789 1124.85 1
9350400 14162.6 -7654.74 -973.659 1322.72 1
9350500 11976.1 -6836.09 -1366.56 919.089 1
9351200 30765.4 -18150.5 -851.334 586.284 1
9351201 29132.4 -18780.7 -1038.79 126.079 1
9351300 29801.4 -16891.6 -1016.36 457.832 1
9351400 23793.6 -14413.1 -911.197 429.936 1
9351500 16794.7 -9961.58 505.567 -952.985 1
9351600 4553.43 305.511 -1615.48 1506.26 1
9351601 5817.26 186.325 -928.954 961.937 1
9351800 33494 -17552.9 -936.7 210.085 1
9352100 39046.4 -19118.4 -1399.69 1008.01 1
9352101 32248.6 -17341.4 -1297.84 49.6282 1
9352200 40932.9 -20304 -1016.76 140.847 1
9352400 42209.9 -22538.7 -1110.08 -758.943 1
9352500 44699.8 -21425.1 -855.96 -874.229 1
9335700 -4649.12 -10279.9 706.202 28.3892 2
9335900 -18060.4 -9196.22 -368.919 -1211.34 2
9345500 8340.98 -2041.37 -536.675 471.929 2
9350000 7871.45 -2909.44 -1152.73 1166.07 2
9350201 10859.5 -3616.37 -914.789 1124.85 2
9350400 12994.2 -6067.47 -973.659 1322.72 2
9350500 10336.3 -5733.19 -1366.56 919.089 2
9351200 29743.8 -17446.9 -851.334 586.284 2
9351201 27885.9 -18629.4 -1038.79 126.079 2
9351300 28581.7 -16342.2 -1016.36 457.832 2
9351400 22700.1 -13897.2 -911.197 429.936 2
9351500 17401.4 -11105.2 505.567 -952.985 2
9351600 2614.85 2113.02 -1615.48 1506.26 2
9351601 4702.51 1340.65 -928.954 961.937 2
9351800 32369.9 -17300.8 -936.7 210.085 2
9352100 37366.7 -17908.8 -1399.69 1008.01 2
9352101 30691.2 -17281.9 -1297.84 49.6282 2
9352200 39712.8 -20135 -1016.76 140.847 2
9352400 40877.8 -23449.5 -1110.08 -758.943 2
9352500 43672.7 -22474.1 -855.96 -874.229 2
9335700 -3801.67 -10245.8 706.202 28.3892 3
9335900 -18503.1 -10649.8 -368.919 -1211.34 3
9345500 7696.97 -1475.06 -536.675 471.929 3
9350000 6488.18 -1510.16 -1152.73 1166.07 3
9350201 9761.76 -2266.55 -914.789 1124.85 3
9350400 11825.8 -4480.21 -973.659 1322.72 3
9350500 8696.39 -4630.28 -1366.56 919.089 3
9351200 28722.2 -16743.4 -851.334 586.284 3
9351201 26639.3 -18478.1 -1038.79 126.079 3
9351300 27362.1 -15792.8 -1016.36 457.832 3
9351400 21606.7 -13381.2 -911.197 429.936 3
9351500 18008 -12248.7 505.567 -952.985 3
9351600 676.278 3920.53 -1615.48 1506.26 3
9351601 3587.77 2494.97 -928.954 961.937 3
9351800 31245.9 -17048.7 -936.7 210.085 3
9352100 35687.1 -16699.2 -1399.69 1008.01 3
9352101 29133.8 -17222.3 -1297.84 49.6282 3
9352200 38492.7 -19966 -1016.76 140.847 3
9352400 39545.7 -24360.2 -1110.08 -758.943 3
9352500 42645.5 -23523.2 -855.96 -874.229 3
9335700 -2954.23 -10211.7 706.202 28.3892 4
9335900 -18945.8 -12103.4 -368.919 -1211.34 4
9345500 7052.96 -908.742 -536.675 471.929 4
9350000 5104.9 -110.877 -1152.73 1166.07 4
9350201 8664.01 -916.735 -914.789 1124.85 4
9350400 10657.4 -2892.94 -973.659 1322.72 4
9350500 7056.52 -3527.37 -1366.56 919.089 4
9351200 27700.6 -16039.8 -851.334 586.284 4
9351201 25392.8 -18326.8 -1038.79 126.079 4
9351300 26142.4 -15243.4 -1016.36 457.832 4
9351400 20513.3 -12865.3 -911.197 429.936 4
9351500 18614.7 -13392.3 505.567 -952.985 4
9351600 -1262.3 5728.05 -1615.48 1506.26 4
9351601 2473.02 3649.3 -928.954 961.937 4
9351800 30121.8 -16796.6 -936.7 210.085 4
9352100 34007.5 -15489.5 -1399.69 1008.01 4
9352101 27576.4 -17162.8 -1297.84 49.6282 4
9352200 37272.6 -19796.9 -1016.76 140.847 4
9352400 38213.6 -25270.9 -1110.08 -758.943 4
9352500 41618.4 -24572.3 -855.96 -874.229 4
9335700 -2106.79 -10177.7 706.202 28.3892 5
9335900 -19388.5 -13557 -368.919 -1211.34 5
9345500 6408.95 -342.427 -536.675 471.929 5
9350000 3721.63 1288.4 -1152.73 1166.07 5
9350201 7566.27 433.081 -914.789 1124.85 5
9350400 9489.04 -1305.68 -973.659 1322.72 5
9350500 5416.65 -2424.47 -1366.56 919.089 5
9351200 26679 -15336.3 -851.334 586.284 5
9351201 24146.2 -18175.5 -1038.79 126.079 5
9351300 24922.8 -14694 -1016.36 457.832 5
9351400 19419.8 -12349.4 -911.197 429.936 5
9351500 19221.4 -14535.9 505.567 -952.985 5
9351600 -3200.87 7535.56 -1615.48 1506.26 5
9351601 1358.28 4803.62 -928.954 961.937 5
9351800 28997.8 -16544.5 -936.7 210.085 5
9352100 32327.9 -14279.9 -1399.69 1008.01 5
9352101 26019 -17103.2 -1297.84 49.6282 5
9352200 36052.5 -19627.9 -1016.76 140.847 5
9352400 36881.5 -26181.7 -1110.08 -758.943 5
9352500 40591.2 -25621.4 -855.96 -874.229 5
9335700 -1259.35 -10143.6 706.202 28.3892 6
9335900 -19831.2 -15010.6 -368.919 -1211.34 6
9345500 5764.94 223.887 -536.675 471.929 6
9350000 2338.35 2687.68 -1152.73 1166.07 6
9350201 6468.52 1782.9 -914.789 1124.85 6
9350400 8320.65 281.585 -973.659 1322.72 6
9350500 3776.78 -1321.56 -1366.56 919.089 6
9351200 25657.4 -14632.8 -851.334 586.284 6
9351201 22899.7 -18024.2 -1038.79 126.079 6
9351300 23703.2 -14144.6 -1016.36 457.832 6
9351400 18326.4 -11833.5 -911.197 429.936 6
9351500 19828.1 -15679.5 505.567 -952.985 6
9351600 -5139.44 9343.07 -1615.48 1506.26 6
9351601 243.534 5957.95 -928.954 961.937 6
9351800 27873.8 -16292.4 -936.7 210.085 6
9352100 30648.2 -13070.3 -1399.69 1008.01 6
9352101 24461.6 -17043.7 -1297.84 49.6282 6
9352200 34832.4 -19458.9 -1016.76 140.847 6
9352400 35549.4 -27092.4 -1110.08 -758.943 6
9352500 39564.1 -26670.4 -855.96 -874.229 6
9335700 -411.906 -10109.5 706.202 28.3892 7
9335900 -20273.9 -16464.3 -368.919 -1211.34 7
9345500 5120.93 790.202 -536.675 471.929 7
9350000 955.076 4086.96 -1152.73 1166.07 7
9350201 5370.77 3132.71 -914.789 1124.85 7
9350400 7152.26 1868.85 -973.659 1322.72 7
9350500 2136.91 -218.651 -1366.56 919.089 7
9351200 24635.8 -13929.2 -851.334 586.284 7
9351201 21653.1 -17872.9 -1038.79 126.079 7
9351300 22483.5 -13595.2 -1016.36 457.832 7
9351400 17232.9 -11317.5 -911.197 429.936 7
9351500 20434.8 -16823.1 505.567 -952.985 7
9351600 -7078.02 11150.6 -1615.48 1506.26 7
9351601 -871.21 7112.27 -928.954 961.937 7
9351800 26749.7 -16040.3 -936.7 210.085 7
9352100 28968.6 -11860.7 -1399.69 1008.01 7
9352101 22904.1 -16984.1 -1297.84 49.6282 7
9352200 33612.2 -19289.9 -1016.76 140.847 7
9352400 34217.3 -28003.1 -1110.08 -758.943 7
9352500 38536.9 -27719.5 -855.96 -874.229 7
9335700 435.536 -10075.5 706.202 28.3892 8
9335900 -20716.6 -17917.9 -368.919 -1211.34 8
9345500 4476.92 1356.52 -536.675 471.929 8
9350000 -428.199 5486.25 -1152.73 1166.07 8
9350201 4273.02 4482.53 -914.789 1124.85 8
9350400 5983.87 3456.11 -973.659 1322.72 8
9350500 497.039 884.255 -1366.56 919.089 8
9351200 23614.2 -13225.7 -851.334 586.284 8
9351201 20406.6 -17721.6 -1038.79 126.079 8
9351300 21263.9 -13045.8 -1016.36 457.832 8
9351400 16139.5 -10801.6 -911.197 429.936 8
9351500 21041.4 -17966.7 505.567 -952.985 8
9351600 -9016.59 12958.1 -1615.48 1506.26 8
9351601 -1985.95 8266.6 -928.954 961.937 8
9351800 25625.7 -15788.2 -936.7 210.085 8
9352100 27289 -10651.1 -1399.69 1008.01 8
9352101 21346.7 -16924.6 -1297.84 49.6282 8
9352200 32392.1 -19120.9 -1016.76 140.847 8
9352400 32885.2 -28913.9 -1110.08 -758.943 8
9352500 37509.8 -28768.6 -855.96 -874.229 8
