9350500 -18464 3260 -1033.84 162.431 0
9351201 9006 -221 -521.584 1001.52 0
9351300 5456 242 -929.217 826.097 0
9351500 45523 -18890 2346.84 13.3102 0
9351600 -25226 2086 -1071.63 -689.26 0
9351601 -25414 2848 -1330.22 -749.119 0
9351800 11353 -4741 -1264.25 963.231 0
9352100 14102 -7895 -827.55 1118.96 0
9352101 6530 5924 -677.364 1256.46 0
9352200 12308 -4275 -766.824 1602.37 0
9352601 15313 -9747 -898.313 1460.36 0
9353900 -20902 3225 -1138.47 -257.148 0
9354100 10096 -5190 -469.536 674.885 0
9354500 26228 -16490 -1496.78 985.306 0
9354600 41136 -20476 -1422.11 -86.0661 0
9354601 42405 -22361 -1871.92 -436.47 0
9354700 13415 -9085 -882.575 1415.75 0
9354900 46738 -22945 -462.209 -1271.6 0
9350500 -19598.1 3432.95 -1036.67 161.734 1
9351201 8433.78 864.735 -521.809 996.797 1
9351300 4425.35 1146.37 -933.535 824.738 1
9351500 48055.7 -18880.4 2317.92 6.23394 1
9351600 -26403.2 1345.76 -1075.73 -681.024 1
9351601 -26876.3 2026.94 -1330.48 -745.647 1
9351800 9986.88 -3700.99 -1251.52 956.239 1
9352100 13203.1 -6694.37 -824.463 1107.41 1
9352101 5771.02 7282.73 -681.67 1252.44 1
9352200 11478.5 -2519.74 -762.064 1600.39 1
9352601 14306.9 -8139.21 -906.786 1457.95 1
9353900 -22144.9 2960.4 -1137.49 -249.781 1
9354100 9561.82 -4441.25 -479.361 679.245 1
9354500 24586.5 -15417.8 -1493.76 978.069 1
9354600 39583.4 -20585.7 -1418.7 -93.0355 1
9354601 40400.2 -22833.7 -1849.53 -434.189 1
9354700 12443 -7545.31 -882.768 1406.04 1
9354900 46183.3 -24470.9 -462.209 -1271.6 1
9350500 -20738.1 3604.69 -1039.39 161.112 2
9351201 7860.69 1940.88 -522.101 992.256 2
9351300 3385.41 2047.94 -937.75 823.423 2
9351500 50526.4 -18885.8 2289.56 -0.592358 2
9351600 -27589.8 622.964 -1079.84 -672.993 2
9351601 -28339 1213.02 -1330.72 -742.294 2
9351800 8647.77 -2676.03 -1239.1 949.345 2
9352100 12310.9 -5518.6 -821.396 1096.06 2
9352101 5002.91 8633.28 -685.856 1248.54 2
9352200 10658.6 -769.39 -757.464 1598.27 2
9352601 13283.3 -6537.67 -915.006 1455.35 2
9353900 -23386.1 2710.99 -1136.58 -242.663 2
9354100 9007.11 -3683.28 -488.872 683.469 2
9354500 22951.3 -14360.5 -1490.83 971.092 2
9354600 38037.9 -20710.7 -1415.33 -99.926 2
9354601 38442.8 -23302.3 -1827.66 -432.108 2
9354700 11468.8 -6024.67 -882.957 1396.52 2
9354900 45628.7 -25996.8 -462.209 -1271.6 2
9350500 -21883.7 3775.44 -1042 160.559 3
9351201 7286.52 3008.01 -522.458 987.892 3
9351300 2336.54 2946.85 -941.862 822.15 3
9351500 52936.8 -18905.3 2261.77 -7.17604 3
9351600 -28785.7 -83.0188 -1083.94 -665.158 3
9351601 -29802.2 405.933 -1330.94 -739.049 3
9351800 7334.69 -1665.79 -1226.97 942.549 3
9352100 11425.2 -4367.06 -818.358 1084.9 3
9352101 4226.05 9975.98 -689.927 1244.74 3
9352200 9847.8 975.612 -753.024 1596.01 3
9352601 12242.8 -4942.99 -922.976 1452.56 3
9353900 -24625.7 2476 -1135.73 -235.785 3
9354100 8432.86 -2916.54 -498.077 687.558 3
9354500 21322 -13317.4 -1487.99 964.366 3
9354600 36499.6 -20850.7 -1411.98 -106.738 3
9354601 36531 -23767.4 -1806.3 -430.22 3
9354700 10492.6 -4522.52 -883.143 1387.18 3
9354900 45074 -27522.8 -462.209 -1271.6 3
9350500 -23034.4 3945.4 -1044.51 160.07 4
9351201 6711.09 4066.67 -522.875 983.7 4
9351300 1279.07 3843.21 -945.871 820.917 4
9351500 55288.8 -18938.2 2234.51 -13.5243 4
9351600 -29990.8 -772.76 -1088.02 -657.508 4
9351601 -31265.7 -394.625 -1331.12 -735.903 4
9351800 6046.7 -669.945 -1215.13 935.854 4
9352100 10545.8 -3239.1 -815.357 1073.93 4
9352101 3440.83 11311.1 -693.884 1241.04 4
9352200 9045.61 2714.84 -748.744 1593.61 4
9352601 11186.4 -3355.7 -930.702 1449.59 4
9353900 -25863.9 2254.67 -1134.94 -229.14 4
9354100 7840.03 -2141.43 -506.986 691.517 4
9354500 19698.4 -12287.7 -1485.23 957.883 4
9354600 34968.2 -21005.4 -1408.66 -113.473 4
9354601 34663.2 -24229.6 -1785.45 -428.518 4
9354700 9514.41 -3038.3 -883.325 1378.03 4
9354900 44519.4 -29048.7 -462.209 -1271.6 4
9350500 -24190 4114.72 -1046.91 159.64 5
9351201 6134.23 5117.36 -523.349 979.673 5
9351300 213.337 4737.15 -949.78 819.722 5
9351500 57584.1 -18983.7 2207.8 -19.644 5
9351600 -31205 -1446.79 -1092.09 -650.033 5
9351601 -32729.5 -1188.9 -1331.28 -732.848 5
9351800 4782.88 311.864 -1203.58 929.26 5
9352100 9672.66 -2134.11 -812.401 1063.16 5
9352101 2647.59 12639 -697.729 1237.44 5
9352200 8251.5 4447.91 -744.623 1591.08 5
9352601 10114.8 -1776.31 -938.186 1446.46 5
9353900 -27101 2046.29 -1134.21 -222.723 5
9354100 7229.51 -1358.39 -515.61 695.349 5
9354500 18080.3 -11270.6 -1482.55 951.635 5
9354600 33443.6 -21174.6 -1405.37 -120.129 5
9354601 32837.7 -24689.5 -1765.08 -426.997 5
9354700 8534.19 -1571.48 -883.504 1369.05 5
9354900 43964.7 -30574.6 -462.209 -1271.6 5
9350500 -25350.2 4283.6 -1049.22 159.267 6
9351201 5555.75 6160.64 -523.876 975.806 6
9351300 -860.37 5628.81 -953.589 818.563 6
9351500 59824.4 -19041.2 2181.62 -25.5417 6
9351600 -32428.3 -2105.68 -1096.14 -642.73 6
9351601 -34193.4 -1977.21 -1331.41 -729.882 6
9351800 3542.32 1279.98 -1192.3 922.766 6
9352100 8805.49 -1051.46 -809.488 1052.56 6
9352101 1846.65 13960 -701.467 1233.94 6
9352200 7464.94 6174.48 -740.656 1588.44 6
9352601 9028.6 -205.275 -945.437 1443.16 6
9353900 -28337.1 1850.14 -1133.54 -216.527 6
9354100 6602.17 -567.764 -523.955 699.058 6
9354500 16467.4 -10265.3 -1479.94 945.615 6
9354600 31925.7 -21358.1 -1402.11 -126.709 6
9354601 31053 -25147.7 -1745.2 -425.649 6
9354700 7552.03 -121.529 -883.679 1360.24 6
9354900 43410.1 -32100.5 -462.209 -1271.6 6
9350500 -26517.6 4452.06 -1051.48 158.901 7
9351201 4975.12 7197.65 -524.394 972.014 7
9351300 -1944.03 6519.6 -957.326 817.428 7
9351500 62012.9 -19111.4 2155.94 -31.3259 7
9351600 -33662.6 -2750.26 -1100.11 -635.567 7
9351601 -35660.2 -2760.5 -1331.54 -726.972 7
9351800 2323.54 2236.12 -1181.24 916.396 7
9352100 7942.89 10.7736 -806.631 1042.18 7
9352101 1036.49 15276.2 -705.133 1230.5 7
9352200 6685.37 7898.54 -736.765 1585.84 7
9352601 7925.14 1361.43 -952.548 1439.93 7
9353900 -29574.1 1666.75 -1132.88 -210.45 7
9354100 5955.99 232.153 -532.139 702.695 7
9354500 14857.2 -9271.21 -1477.38 939.711 7
9354600 30412 -21555.9 -1398.91 -133.163 7
9354601 29307.2 -25603.9 -1725.7 -424.328 7
9354700 6567.98 1312.06 -883.851 1351.6 7
9354900 42855.4 -33626.4 -462.209 -1271.6 7
9350500 -27779.3 4642.74 -1051.48 158.901 8
9351201 4345.84 8364.07 -524.394 972.014 8
9351300 -3092.82 7500.51 -957.326 817.428 8
9351500 64600.1 -19149 2155.94 -31.3259 8
9351600 -34982.7 -3512.94 -1100.11 -635.567 8
9351601 -37258.1 -3632.87 -1331.54 -726.972 8
9351800 906.054 3335.79 -1181.24 916.396 8
9352100 6974.93 1261.39 -806.631 1042.18 8
9352101 190.331 16752.8 -705.133 1230.5 8
9352200 5801.25 9801.55 -736.765 1585.84 8
9352601 6782.08 3089.35 -952.548 1439.93 8
9353900 -30933.5 1414.21 -1132.88 -210.45 8
9354100 5317.42 1075.39 -532.139 702.695 8
9354500 13084.4 -8143.56 -1477.38 939.711 8
9354600 28733.3 -21715.7 -1398.91 -133.163 8
9354601 27236.3 -26113.1 -1725.7 -424.328 8
9354700 5507.35 2933.98 -883.851 1351.6 8
9354900 42300.8 -35152.4 -462.209 -1271.6 8
