9345500 4184 3179 -1078.08 1072.93 0
9350000 4542 86 -918.502 899.083 0
9350201 8047 1915 -548.516 1823.64 0
9350400 9981 -2949 -696.652 1173.56 0
9350500 7265 -2104 -1010.07 762.411 0
9351201 23550 -15977 -1059.76 542.84 0
9351300 23699 -14643 -1193.7 703.775 0
9351400 17501 -10585 -1374.41 920.316 0
9351500 22477 -13131 1109.13 -706.885 0
9351600 -420 1945 -1000.89 -34.7498 0
9351601 -527 2740 -1582.97 70.7336 0
9351800 28071 -16204 -777.411 358.871 0
9352100 33653 -18249 -832.538 463.31 0
9352101 25048 -14820 -1228.78 -118.506 0
9352200 34002 -17272 -865.851 409.436 0
9352400 35890 -20740 -996.882 -193.458 0
9352500 37862 -19542 -1067.96 430.665 0
9352501 45914 -18408 202.262 825.978 0
9352601 39773 -21058 -1463.29 599.593 0
9345500 3004.28 4360.8 -1075.56 1071.77 1
9350000 3528.29 1075.39 -921.667 899.237 1
9350201 7420.16 3940.07 -557.513 1825.79 1
9350400 9213.45 -1652.71 -698.718 1176.03 1
9350500 6153.04 -1262.33 -1010.61 766.304 1
9351201 22386.3 -15369.4 -1059.33 547.754 1
9351300 22383 -13872.6 -1194.35 699.623 1
9351400 15997.4 -9562.26 -1371.18 925.632 1
9351500 23694.3 -13900 1107.7 -702.278 1
9351600 -1512.34 1944.51 -1001.4 -17.5122 1
9351601 -2250.7 2829.14 -1572.9 76.9806 1
9351800 27224.3 -15812.8 -776.929 355.521 1
9352100 32727.9 -17729.7 -839.368 465.856 1
9352101 23704.8 -14928.9 -1227.11 -103.557 1
9352200 33054.9 -16814.3 -866.784 413.638 1
9352400 34794.4 -20938.2 -999.058 -186.239 1
9352500 36671.6 -19049 -1077.19 439.58 1
9352501 46139.2 -17507.2 202.115 815.465 1
9352601 38165.7 -20425.4 -1461.24 586.109 1
9345500 1830 5540.22 -1073.05 1070.67 2
9350000 2507.97 2064.91 -924.725 899.358 2
9350201 6774.65 5968.25 -566.235 1827.62 2
9350400 8441.1 -351.242 -700.82 1178.41 2
9350500 5039.82 -412.265 -1011.14 770.111 2
9351201 21223.3 -14751.9 -1058.95 552.423 2
9351300 21065.3 -13110.6 -1195.08 695.637 2
9351400 14500.7 -8528.67 -1367.98 930.694 2
9351500 24908.8 -14658.9 1106.36 -697.698 2
9351600 -2605.99 1980.86 -1001.91 -0.634597 2
9351601 -3952.96 2932.01 -1563.09 83.1856 2
9351800 26377.8 -15428.2 -776.588 352.388 2
9352100 31787.8 -17204.9 -846.151 468.346 2
9352101 22365.2 -15006 -1225.47 -88.9903 2
9352200 32104.7 -16347.5 -867.918 417.733 2
9352400 33693.7 -21120.4 -1001.27 -179.033 2
9352500 35462 -18537.4 -1086.11 448.204 2
9352501 46364 -16629.9 201.917 805.002 2
9352601 36562.9 -19822.6 -1459.2 572.676 2
9345500 661.118 6717.42 -1070.55 1069.63 3
9350000 1481.38 3054.46 -927.68 899.448 3
9350201 6111.34 7998.52 -574.69 1829.13 3
9350400 7663.86 955.124 -702.956 1180.71 3
9350500 3925.33 445.933 -1011.68 773.839 3
9351201 20060.9 -14125.3 -1058.62 556.857 3
9351300 19745.7 -12356.7 -1195.88 691.81 3
9351400 13010.8 -7485.02 -1364.82 935.511 3
9351500 26121 -15407.7 1105.11 -693.148 3
9351600 -3700.94 2052.9 -1002.42 15.889 3
9351601 -5634.57 3048.48 -1553.52 89.3496 3
9351800 25531.3 -15049.5 -776.384 349.463 3
9352100 30832.7 -16674.9 -852.88 470.782 3
9352101 21029 -15052.6 -1223.86 -74.7977 3
9352200 31151 -15872.1 -869.243 421.723 3
9352400 32587.8 -21286.5 -1003.5 -171.847 3
9352500 34234.2 -18007.9 -1094.7 456.54 3
9352501 46588.1 -15775.8 201.671 794.59 3
9352601 34964.6 -19249.6 -1457.17 559.3 3
9345500 -502.413 7892.56 -1068.07 1068.63 4
9350000 448.83 4043.98 -930.535 899.511 4
9350201 5431.07 10029.9 -582.882 1830.32 4
9350400 6881.62 2266.13 -705.124 1182.93 4
9350500 2809.55 1312.03 -1012.21 777.492 4
9351201 18898.9 -13490.2 -1058.32 561.063 4
9351300 18423.9 -11610.3 -1196.73 688.139 4
9351400 11527.5 -6432.06 -1361.68 940.09 4
9351500 27331.1 -16146.6 1103.95 -688.631 4
9351600 -4797.21 2159.47 -1002.94 32.0646 4
9351601 -7296.31 3178.41 -1544.18 95.4733 4
9351800 24684.2 -14676.1 -776.315 346.736 4
9352100 29863 -16139.7 -859.553 473.165 4
9352101 19696.1 -15069.7 -1222.28 -60.9696 4
9352200 30193.1 -15388.3 -870.752 425.612 4
9352400 31476.6 -21436.8 -1005.78 -164.687 4
9352500 32989.2 -17461.7 -1103 464.595 4
9352501 46811.4 -14944.7 201.38 784.227 4
9352601 33370.9 -18706.1 -1455.14 545.982 4
9345500 -1660.65 9065.79 -1065.61 1067.68 5
9350000 -589.373 5033.38 -933.293 899.548 5
9350201 4734.66 12061.5 -590.819 1831.23 5
9350400 6094.3 3581.5 -707.321 1185.07 5
9350500 1692.47 2185.82 -1012.75 781.074 5
9351201 17737.3 -12847.3 -1058.07 565.052 5
9351300 17099.9 -10871 -1197.64 684.618 5
9351400 10050.8 -5370.53 -1358.58 944.441 5
9351500 28539.3 -16875.7 1102.87 -684.153 5
9351600 -5894.8 2299.47 -1003.46 47.8985 5
9351601 -8938.93 3321.69 -1535.08 101.558 5
9351800 23836.1 -14307.3 -776.378 344.2 5
9352100 28878.8 -15599.6 -866.164 475.496 5
9352101 18366.3 -15058.6 -1220.74 -47.4973 5
9352200 29230.5 -14896.5 -872.435 429.403 5
9352400 30359.9 -21571.4 -1008.08 -157.559 5
9352500 31727.9 -16899.6 -1111 472.373 5
9352501 47033.8 -14136.6 201.046 773.913 5
9352601 31781.6 -18191.8 -1453.11 532.729 5
9345500 -2813.66 10237.3 -1063.16 1066.78 6
9350000 -1632.97 6022.64 -935.958 899.562 6
9350201 4022.87 14092.4 -598.508 1831.84 6
9350400 5301.79 4901.05 -709.545 1187.14 6
9350500 574.045 3067.11 -1013.3 784.587 6
9351201 16575.8 -12197.3 -1057.86 568.829 6
9351300 15773.4 -10138.1 -1198.6 681.244 6
9351400 8580.51 -4301.1 -1355.51 948.57 6
9351500 29745.9 -17595.2 1101.87 -679.713 6
9351600 -6993.75 2471.84 -1003.98 63.3976 6
9351601 -10563.2 3478.18 -1526.21 107.602 6
9351800 22986.7 -13942.6 -776.568 341.847 6
9352100 27880.3 -15054.7 -872.714 477.775 6
9352101 17039.6 -15020.4 -1219.23 -34.3721 6
9352200 28262.6 -14396.9 -874.285 433.098 6
9352400 29237.7 -21690.4 -1010.4 -150.464 6
9352500 30451.1 -16322.3 -1118.72 479.881 6
9352501 47255.2 -13351.2 200.673 763.65 6
9352601 30196.7 -17706.6 -1451.08 519.541 6
9345500 -3963.52 11408.8 -1060.76 1065.9 7
9350000 -2684.1 7013.66 -938.571 899.574 7
9350201 3293.62 16128 -606.048 1832.45 7
9350400 4503.12 6227.27 -711.727 1189.16 7
9350500 -547.48 3957.48 -1013.83 788.032 7
9351201 15412.7 -11538.2 -1057.65 572.534 7
9351300 14442.6 -9411.29 -1199.54 677.934 7
9351400 7114.12 -3221.03 -1352.5 952.62 7
9351500 30952.6 -18306.5 1100.89 -675.358 7
9351600 -8095.91 2677.32 -1004.49 78.5985 7
9351601 -12171.5 3647.77 -1517.51 113.529 7
9351800 22135.2 -13582.4 -776.755 339.54 7
9352100 26866.1 -14504 -879.137 480.011 7
9352101 15713.6 -14954.1 -1217.76 -21.4994 7
9352200 27289 -13888.5 -876.1 436.722 7
9352400 28108.6 -21794.6 -1012.69 -143.505 7
9352500 29155.6 -15728.2 -1126.3 487.245 7
9352501 47476.1 -12586.5 200.307 753.585 7
9352601 28613.4 -17248.5 -1449.1 506.606 7
9345500 -5236.44 12687.9 -1060.76 1065.9 8
9350000 -3810.38 8093.15 -938.571 899.574 8
9350201 2566.36 18326.9 -606.048 1832.45 8
9350400 3649.05 7654.27 -711.727 1189.16 8
9350500 -1764.07 4903.12 -1013.83 788.032 8
9351201 14143.5 -10851.2 -1057.65 572.534 8
9351300 13003.2 -8597.77 -1199.54 677.934 8
9351400 5491.13 -2077.89 -1352.5 952.62 8
9351500 32273.6 -19116.9 1100.89 -675.358 8
9351600 -9301.29 2771.64 -1004.49 78.5985 8
9351601 -13992.5 3784.01 -1517.51 113.529 8
9351800 21203.1 -13174.9 -776.755 339.54 8
9352100 25811.1 -13928 -879.137 480.011 8
9352101 14252.3 -14979.9 -1217.76 -21.4994 8
9352200 26237.7 -13364.5 -876.1 436.722 8
9352400 26893.3 -21966.8 -1012.69 -143.505 8
9352500 27804.1 -15143.5 -1126.3 487.245 8
9352501 47716.4 -11682.2 200.307 753.585 8
9352601 26874.5 -16640.5 -1449.1 506.606 8
