9350500 -25102 1857 -1215.49 -564.186 0
9351201 6769 4870 -571.707 967.03 0
9351300 242 1908 -1324.42 -357.282 0
9351500 41837 -20721 -887.433 390.686 0
9351600 -30079 -957 -1284.72 -235.53 0
9351601 -30311 -315 -1749.24 -556.679 0
9351800 7922 -1322 -696.407 841.711 0
9352100 10107 -4242 -664.277 578.908 0
9352200 7064 490 -1963.96 1097.13 0
9352601 10564 -5927 -1174.32 834.636 0
9353900 -27212 1103 -1026.74 -344.816 0
9354100 6944 -1388 -994.464 950.687 0
9354500 20572 -12625 -871.109 649.105 0
9354600 33556 -19446 -1583.35 323.923 0
9354601 36226 -20773 -1048.52 576.118 0
9354700 8915 -4311 -1027.56 1174.83 0
9355200 42859 -20557 -1382.02 769.347 0
9355201 46109 -21560 -277.626 -954.136 0
9350500 -26435.3 1248.18 -1214.8 -559.856 1
9351201 6147.48 5932.48 -568.598 967.883 1
9351300 -1206.94 1531.53 -1320 -345.917 1
9351500 40853.5 -20303.7 -889.401 384.716 1
9351600 -31489.8 -1241.75 -1281.22 -250.51 1
9351601 -32203.1 -931.567 -1730.14 -560.794 1
9351800 7158.94 -406.417 -696.624 836.094 1
9352100 9365.07 -3584.24 -669.992 588.719 1
9352200 4923.19 1691.53 -1948.67 1092.51 1
9352601 9265.03 -5014.94 -1177.27 832.225 1
9353900 -28340.6 721.021 -1026.72 -344.908 1
9354100 5871.5 -349.122 -983.808 947.049 1
9354500 19600.5 -11910.9 -879.007 650.294 1
9354600 31805.8 -19087.4 -1586.36 325.859 1
9354601 35068.8 -20130.1 -1051.49 578.478 1
9354700 7783.35 -3014.13 -1026.31 1175.37 1
9355200 41343.5 -19752.8 -1374.89 745.192 1
9355201 45775.8 -22705 -277.626 -954.136 1
9350500 -27767.7 649.635 -1214.25 -555.4 2
9351201 5532.37 6997.06 -565.597 968.774 2
9351300 -2645.66 1180.12 -1315.52 -334.628 2
9351500 39866 -19900.7 -891.319 378.513 2
9351600 -32892.9 -1557.32 -1277.78 -264.909 2
9351601 -34054.2 -1556.96 -1711.42 -564.811 2
9351800 6395.49 497.22 -696.802 830.626 2
9352100 8611.46 -2905.86 -675.496 598.256 2
9352200 2815.82 2883.41 -1933.56 1088.08 2
9352601 7960.77 -4107.71 -1179.91 829.936 2
9353900 -29470.2 338.089 -1026.94 -345.197 2
9354100 4821.89 681.931 -973.355 943.479 2
9354500 18612.2 -11194.1 -886.712 651.496 2
9354600 30049.8 -18725.4 -1589.18 327.581 2
9354601 33904.8 -19482.5 -1054.48 580.688 2
9354700 6654.21 -1716.3 -1025.13 1175.86 2
9355200 39841.4 -19001.4 -1367.89 721.502 2
9355201 45442.7 -23849.9 -277.626 -954.136 2
9350500 -29099.6 61.7161 -1213.83 -550.827 3
9351201 4923.32 8063.88 -562.699 969.702 3
9351300 -4073.99 853.487 -1311 -323.417 3
9351500 38874.6 -19512.6 -893.188 372.088 3
9351600 -34288.6 -1901.92 -1274.39 -278.747 3
9351601 -35865.5 -2190.83 -1693.07 -568.728 3
9351800 5631.77 1389.39 -696.944 825.304 3
9352100 7846.82 -2207.72 -680.795 607.527 3
9352200 741.241 4066.24 -1918.65 1083.82 3
9352601 6652.14 -3204.93 -1182.25 827.765 3
9353900 -30601.5 -46.3898 -1027.39 -345.671 3
9354100 3794.49 1705.39 -963.106 939.977 3
9354500 17607.8 -10474.6 -894.227 652.711 3
9354600 28288.5 -18360.7 -1591.82 329.099 3
9354601 32733.9 -18830.8 -1057.49 582.75 3
9354700 5527.35 -417.665 -1024.02 1176.3 3
9355200 38352.5 -18301.2 -1361.03 698.267 3
9355201 45109.5 -24994.9 -277.626 -954.136 3
9350500 -30431.3 -515.262 -1213.54 -546.146 4
9351201 4320.03 9133.05 -559.903 970.666 4
9351300 -5491.82 551.363 -1306.42 -312.285 4
9351500 37879.4 -19140.2 -895.009 365.45 4
9351600 -35677.1 -2273.79 -1271.07 -292.042 4
9351601 -37638.3 -2832.87 -1675.09 -572.546 4
9351800 4867.88 2270.56 -697.052 820.124 4
9352100 7071.8 -1490.66 -685.895 616.537 4
9352200 -1301.16 5240.56 -1903.93 1079.73 4
9352601 5340.07 -2306.24 -1184.32 825.706 4
9353900 -31735.3 -432.966 -1028.06 -346.321 4
9354100 2788.62 2721.51 -953.059 936.544 4
9354500 16587.9 -9752.36 -901.555 653.938 4
9354600 26522.5 -17993.8 -1594.29 330.423 4
9354601 31556.2 -18175.4 -1060.52 584.666 4
9354700 4402.54 881.599 -1022.99 1176.68 4
9355200 36876.3 -17650.7 -1354.3 675.48 4
9355201 44776.4 -26139.9 -277.626 -954.136 4
9350500 -31763.2 -1081.03 -1213.38 -541.367 5
9351201 3722.16 10204.7 -557.206 971.665 5
9351300 -6899.03 273.467 -1301.8 -301.235 5
9351500 36880.7 -18784.2 -896.785 358.606 5
9351600 -37058.4 -2671.29 -1267.8 -304.812 5
9351601 -39373.8 -3482.72 -1657.48 -576.265 5
9351800 4103.9 3141.18 -697.129 815.084 5
9352100 6287 -755.505 -690.8 625.293 5
9352200 -3312.01 6406.92 -1889.39 1075.81 5
9352601 4025.39 -1411.29 -1186.12 823.755 5
9353900 -32872.1 -822.15 -1028.94 -347.138 5
9354100 1803.6 3730.51 -943.214 933.182 5
9354500 15553.1 -9027.38 -908.698 655.177 5
9354600 24752.3 -17625.3 -1596.59 331.562 5
9354601 30371.5 -17516.8 -1063.58 586.438 5
9354700 3279.55 2181.33 -1022.03 1177.03 5
9355200 35412.4 -17048.6 -1347.71 653.131 5
9355201 44443.2 -27284.8 -277.626 -954.136 5
9350500 -33095.9 -1635.3 -1213.34 -536.496 6
9351201 3129.4 11278.9 -554.605 972.697 6
9351300 -8295.54 19.5401 -1297.15 -290.267 6
9351500 35878.5 -18445 -898.516 351.568 6
9351600 -38433 -3092.82 -1264.58 -317.072 6
9351601 -41073 -4140.11 -1640.22 -579.888 6
9351800 3339.92 4001.71 -697.175 810.181 6
9352100 5493.01 -3.01023 -695.517 633.801 6
9352200 -5291.93 7565.88 -1875.03 1072.05 6
9352601 2708.91 -519.74 -1187.65 821.91 6
9353900 -34012.7 -1214.47 -1030.03 -348.114 6
9354100 838.797 4732.66 -933.566 929.888 6
9354500 14503.9 -8299.57 -915.662 656.425 6
9354600 22978.4 -17255.8 -1598.73 332.524 6
9354601 29179.8 -16855.4 -1066.64 588.07 6
9354700 2158.12 3481.42 -1021.13 1177.32 6
9355200 33960.4 -16493.4 -1341.23 631.212 6
9355201 44110.1 -28429.8 -277.626 -954.136 6
9350500 -34430.9 -2180.31 -1213.3 -531.719 7
9351201 2541.1 12357.2 -552.054 973.709 7
9351300 -9684.62 -211.462 -1292.58 -279.51 7
9351500 34870.9 -18120.1 -900.214 344.665 7
9351600 -39803 -3541.21 -1261.42 -329.097 7
9351601 -42738.5 -4806.42 -1623.29 -583.441 7
9351800 2574.43 4853.33 -697.221 805.371 7
9352100 4687.59 768.831 -700.143 642.145 7
9352200 -7244.68 8718.82 -1860.96 1068.37 7
9352601 1386.87 369.473 -1189.15 820.099 7
9353900 -35157.6 -1609.47 -1031.09 -349.071 7
9354100 -107.238 5729.57 -924.103 926.659 7
9354500 13438.1 -7567.8 -922.491 657.65 7
9354600 21196.8 -16883.5 -1600.84 333.466 7
9354601 27979.4 -16189.6 -1069.65 589.671 7
9354700 1036.72 4784.34 -1020.25 1177.61 7
9355200 32520 -15983.8 -1334.89 609.715 7
9355201 43776.9 -29574.7 -277.626 -954.136 7
9350500 -35886.8 -2818.37 -1213.3 -531.719 8
9351201 1878.64 13525.7 -552.054 973.709 8
9351300 -11235.7 -546.873 -1292.58 -279.51 8
9351500 33790.6 -17706.5 -900.214 344.665 8
9351600 -41316.7 -3936.13 -1261.42 -329.097 8
9351601 -44686.5 -5506.55 -1623.29 -583.441 8
9351800 1737.77 5819.78 -697.221 805.371 8
9352100 3847.42 1539.41 -700.143 642.145 8
9352200 -9477.83 10000.9 -1860.96 1068.37 8
9352601 -40.1135 1353.59 -1189.15 820.099 8
9353900 -36395 -2028.36 -1031.09 -349.071 8
9354100 -1216.16 6841.56 -924.103 926.659 8
9354500 12331.1 -6778.62 -922.491 657.65 8
9354600 19275.8 -16483.4 -1600.84 333.466 8
9354601 26695.8 -15482 -1069.65 589.671 8
9354700 -187.583 6197.47 -1020.25 1177.61 8
9355200 30918.1 -15252.1 -1334.89 609.715 8
9355201 43443.8 -30719.7 -277.626 -954.136 8
