9335700 -15044 -10582 69.9249 -811.481 1
9335900 -16912 11858 -202.975 564.126 1
9342700 2175 6124 312.142 -765.065 1
9335700 -15077 -10510 218.65 -606.879 2
9335900 -16937 11807 -74.8308 549.441 2
9342700 2947 5097 708.655 -1732.3 2
9335700 -15052 -10451 34.9783 -630.718 3
9335900 -16940 11837 287.583 573.246 3
9342700 3503 4144 673.76 -997.631 3
9335700 -15238 -10455 -227.638 -507.368 4
9335900 -17047 12012 388.931 598.261 4
9342700 3902 3238 337.549 -792.935 4
9335700 -15313 -10292 -300.076 -525.949 5
9335900 -16887 12020 609.553 123.144 5
9342700 4690 2297 785.865 -1040.18 5
9335700 -15207 -10185 -320.621 -521.058 6
9335900 -16844 11964 662.596 94.8352 6
9342700 5382 1774 662.181 -391.263 6
9335700 -15150 -10306 -154.852 -606.161 7
9335900 -16812 11900 576.515 266.305 7
9342700 6143 785 631.451 -766.799 7
9335700 -15306 -10273 -634.221 -412.025 8
9335900 -16742 11729 443.93 -273.4 8
9342700 6721 161 542.689 -721.62 8
9335700 -15294 -10115 -612.963 -233.131 9
9335900 -16719 11826 589.492 -176.243 9
9342700 7526 -761 551.917 -662.11 9
9335700 -15085 -9844 -494.905 -183.112 10
9335900 -16640 11721 584.477 -132.167 10
9342700 8365 -1684 322.008 -843.848 10
9335700 -15102 -9944 -375.714 -406.286 11
9335900 -16640 11678 469.415 -209.936 11
9342700 8676 -2165 463.278 -550.537 11
9344100 7753 2320 -359.864 -903.852 11
9335700 -14931 -10097 -125.245 -420.864 12
9335900 -16607 11683 423.34 -217.141 12
9342700 9798 -3204 928.439 -938.146 12
9344100 7903 772 264.441 -1068.5 12
9335700 -14785 -10228 187.682 -602.757 13
9335900 -16792 11679 425.726 -276.113 13
9342700 10395 -3958 651.763 -656.299 13
9344100 8409 -413 297.825 -758.061 13
9335700 -15510 -10056 -735.004 184.332 14
9335900 -16860 11681 547.433 -306.057 14
9342700 11274 -5109 784.175 -711.287 14
9344100 9432 -1373 777.762 -858.431 14
9335700 -16007 -10074 -507.157 -186.031 15
9335900 -16991 11550 8.89912 -660.182 15
9342700 12334 -6309 1173.33 -1171.11 15
9344100 10485 -2341 887.13 -909.109 15
9335700 -16518 -10107 -718.642 -76.0235 16
9335900 -17307 11500 -417.614 -470.622 16
9342700 13177 -7140 727.149 -603.432 16
9344100 11220 -3346 386.576 -750.727 16
9335700 -17029 -9980 -619.887 88.5778 17
9335900 -17518 11418 -554.747 -518.425 17
9342700 14170 -7989 900.142 -650.198 17
9344100 12113 -4404 485.026 -694.591 17
9335700 -17410 -10117 -663.553 -277.346 18
9335900 -17452 11590 -708.786 575.612 18
9342700 15045 -8869 873.102 -931.371 18
9344100 13022 -5478 781.811 -794.906 18
9335700 -17451 -10305 -438.092 -414.504 19
9335900 -17200 11947 361.872 482.396 19
9342700 15974 -10095 764.173 -883.572 19
9344100 13939 -6433 765.649 -632.864 19
9335700 -17513 -10434 -334.896 -605.547 20
9335900 -16923 11696 681.566 -88.5401 20
9342700 16750 -10762 1005.05 -793.83 20
9344100 14749 -7269 793.295 -832.739 20
9335700 -17565 -10263 -556.199 -472.525 21
9335900 -16838 12042 530.482 463.425 21
9342700 17715 -11579 787.401 -1255.72 21
9344100 15785 -8209 772.56 -733.821 21
9335700 -17598 -10303 -474.046 -500.216 22
9335900 -16885 12047 401.104 290.762 22
9342700 19016 -12380 1378.89 -511.502 22
9344100 16554 -9001 623.762 -580.903 22
9345300 45280 -19710 -1313.35 -478.63 22
9335700 -17642 -10306 -412.815 -441.39 23
9335900 -16895 12047 496.119 252.554 23
9342700 19868 -13116 628.287 -524.818 23
9344100 17565 -10475 997.094 -1352.71 23
9345300 43840 -19248 -1138.97 245.326 23
9335700 -17620 -10240 -415.745 -288.481 24
9335900 -17202 11688 -216.102 -490.454 24
9342700 20743 -13680 983.036 -431.196 24
9344100 18432 -10959 648.902 -528.953 24
9345300 42252 -17852 -1624.85 1747.12 24
9345500 44126 -18646 -565.087 214.788 24
9335700 -17749 -10270 -573.349 -501.23 25
9335900 -17306 11656 -38.4517 -99.9589 25
9342700 21717 -14301 826.966 -541.241 25
9345300 40896 -17555 -1038.15 661.748 25
9345500 42771 -18262 -829.501 -167.411 25
9345600 41008 -18512 -1367.06 -122.469 25
9335700 -17668 -10244 -547.238 -89.5976 26
9335900 -17316 11504 -8.27353 -368.911 26
9342700 22792 -14994 997.822 -228.607 26
9345300 39369 -17874 -1430.55 -468.942 26
9345500 41541 -18311 -1267.52 288.059 26
9345600 39699 -18485 -742.435 437.574 26
9345700 21111 -12387 605.566 -655.491 26
9335700 -17726 -10104 -397.388 -458.674 27
9335900 -17554 11757 -641.975 459.68 27
9342700 23630 -15604 884.531 -397.494 27
9345300 38038 -17783 -1055.5 -105.632 27
9345500 40429 -18459 -1319.37 -327.795 27
9345600 38064 -18552 -1869.52 65.3653 27
9345700 21819 -12907 790.642 -550.964 27
9335700 -17714 -10160 -335.312 -613.485 28
9335900 -17052 12208 621.235 356.273 28
9342700 24664 -16095 941.617 -265.975 28
9345300 36519 -17567 -1187.46 442.144 28
9345500 38956 -18582 -1623.18 442.061 28
9345600 36439 -18430 -1197.66 316.405 28
9345700 22937 -13251 976.394 -145.767 28
9335700 -17328 -10255 200.695 -546.804 29
9335900 -16878 12047 701.996 348.344 29
9342700 25538 -16358 971.677 -174.995 29
9345300 34937 -17341 -1203.72 166.166 29
9345500 37434 -18389 -1313.28 288.822 29
9345600 34799 -18337 -1118.67 271.452 29
9345700 24332 -13940 1224.7 -270.237 29
9335700 -17582 -10323 -355.08 -462.169 30
9335900 -16850 11960 703.393 217.156 30
9342700 26138 -16634 707.36 -4.27821 30
9345300 33526 -17395 -1084.63 -306.053 30
9345500 35913 -18237 -1296.99 188.47 30
9345600 33574 -17928 -1311.46 745.246 30
9345700 25096 -14349 725.117 174.658 30
9350000 41332 -18359 -1347.28 9.28866 30
9350001 -18188 -8206 1143.47 701.698 30
