9335700 -17749 -10270 -573.349 -501.23 0
9335900 -17306 11656 -38.4517 -99.9589 0
9342700 21717 -14301 826.966 -541.241 0
9345300 40896 -17555 -1038.15 661.748 0
9345500 42771 -18262 -829.501 -167.411 0
9345600 41008 -18512 -1367.06 -122.469 0
9335700 -18383.9 -10823.7 -570.318 -497.251 1
9335900 -17353.2 11528.8 -41.3503 -106.925 1
9342700 22633.3 -14892.3 829.733 -539.193 1
9345300 39731.1 -16773 -1049.09 681.502 1
9345500 41875 -18439.7 -824.414 -160.059 1
9345600 39367.5 -18659 -1367.06 -122.469 1
9335700 -19012.3 -11369 -567.345 -493.405 2
9335900 -17405.4 11388 -43.9418 -113.491 2
9342700 23555.2 -15479.3 832.34 -537.219 2
9345300 38543.5 -15951.2 -1059.65 700.322 2
9345500 40988.7 -18601 -819.425 -152.847 2
9345600 37727.1 -18805.9 -1367.06 -122.469 2
9335700 -19634.3 -11906.5 -564.43 -489.688 3
9335900 -17461.7 11234.7 -46.2377 -119.67 3
9342700 24482.2 -16062.3 834.797 -535.318 3
9345300 37334.3 -15092.8 -1069.84 718.232 3
9345500 40111.7 -18746.5 -814.532 -145.775 3
9345600 36086.6 -18952.9 -1367.06 -122.469 3
9335700 -20250.3 -12436.6 -561.574 -486.097 4
9335900 -17521.1 11070.1 -48.2487 -125.474 4
9342700 25413.7 -16641.5 837.112 -533.486 4
9345300 36104.7 -14200.6 -1079.68 735.254 4
9345500 39243.9 -18876.7 -809.734 -138.838 4
9345600 34446.1 -19099.9 -1367.06 -122.469 4
9335700 -20860.4 -12959.5 -558.774 -482.63 5
9335900 -17582.9 10895.5 -49.9855 -130.914 5
9342700 26349.5 -17217.2 839.294 -531.724 5
9345300 34855.7 -13277.3 -1089.17 751.413 5
9345500 38384.9 -18991.9 -805.027 -132.035 5
9345600 32805.6 -19246.8 -1367.06 -122.469 5
9335700 -21464.8 -13475.8 -556.03 -479.281 6
9335900 -17646.2 10711.9 -51.4579 -136.003 6
9342700 27289.2 -17789.5 841.348 -530.028 6
9345300 33588.4 -12325.6 -1098.32 766.734 6
9345500 37534.4 -19092.5 -800.411 -125.363 6
9345600 31165.2 -19393.8 -1367.06 -122.469 6
9335700 -22064.2 -13985.7 -553.339 -475.997 7
9335900 -17712.7 10517.2 -52.9019 -140.993 7
9342700 28234.8 -18359.3 843.363 -528.365 7
9345300 32299.5 -11339.9 -1107.3 781.761 7
9345500 36692.3 -19179.1 -795.884 -118.82 7
9345600 29524.7 -19540.7 -1367.06 -122.469 7
9335700 -22728.2 -14556.9 -553.339 -475.997 8
9335900 -17776.2 10348 -52.9019 -140.993 8
9342700 29246.9 -18993.3 843.363 -528.365 8
9345300 30970.7 -10401.7 -1107.3 781.761 8
9345500 35737.2 -19321.7 -795.884 -118.82 8
9345600 27884.2 -19687.7 -1367.06 -122.469 8
