9335700 -17582 -10323 -355.08 -462.169 0
9335900 -16850 11960 703.393 217.156 0
9342700 26138 -16634 707.36 -4.27821 0
9345300 33526 -17395 -1084.63 -306.053 0
9345500 35913 -18237 -1296.99 188.47 0
9345600 33574 -17928 -1311.46 745.246 0
9345700 25096 -14349 725.117 174.658 0
9350000 41332 -18359 -1347.28 9.28866 0
9350001 -18188 -8206 1143.47 701.698 0
9335700 -17952.8 -10845.1 -344.783 -463.84 1
9335900 -16060.5 12211.8 703.264 219.687 1
9342700 26932.7 -16641.3 712.421 -7.63343 1
9345300 32329.9 -17716.2 -1086.9 -296.786 1
9345500 34484.1 -18023.4 -1297.52 190.487 1
9345600 32133.1 -17119.6 -1307.83 736.156 1
9345700 25917.2 -14164.1 734.539 166.176 1
9350000 39715.3 -18347.9 -1347.28 9.28866 1
9350001 -16815.8 -7363.96 1143.47 701.698 1
9335700 -18302.5 -11370.8 -334.877 -465.498 2
9335900 -15271.7 12469.1 703.076 222.175 2
9342700 27738.2 -16655.9 717.373 -10.9598 2
9345300 31129 -18017.1 -1089.13 -287.614 2
9345500 33053.6 -17805.3 -1298.15 192.5 2
9345600 30700 -16330.7 -1304.32 727.251 2
9345700 26758 -13997.3 743.686 157.89 2
9350000 38098.5 -18336.7 -1347.28 9.28866 2
9350001 -15443.7 -6521.92 1143.47 701.698 2
9335700 -18632.4 -11900.2 -325.352 -467.141 3
9335900 -14483.8 12731.8 702.823 224.618 3
9342700 28554.1 -16677.9 722.217 -14.2579 3
9345300 29923.5 -18298.1 -1091.3 -278.541 3
9345500 31621.2 -17582.8 -1298.85 194.504 3
9345600 29274.3 -15560.6 -1300.91 718.525 3
9345700 27617.6 -13848 752.564 149.794 3
9350000 36481.8 -18325.6 -1347.28 9.28866 3
9350001 -14071.5 -5679.89 1143.47 701.698 3
9335700 -18943.6 -12433.1 -316.196 -468.769 4
9335900 -13697.1 12999.6 702.501 227.018 4
9342700 29380 -16707.1 726.956 -17.5283 4
9345300 28713.5 -18559.6 -1093.42 -269.571 4
9345500 30186.7 -17355.9 -1299.64 196.494 4
9345600 27855.6 -14808.8 -1297.63 709.974 4
9345700 28495.2 -13715.6 761.179 141.88 4
9350000 34865.1 -18314.4 -1347.28 9.28866 4
9350001 -12699.3 -4837.85 1143.47 701.698 4
9335700 -19237.2 -12969.6 -307.4 -470.379 5
9335900 -12911.8 13272.5 702.103 229.377 5
9342700 30215.6 -16743.4 731.591 -20.7716 5
9345300 27499.2 -18801.9 -1095.49 -260.705 5
9345500 28749.9 -17124.8 -1300.5 198.466 5
9345600 26443.4 -14074.8 -1294.46 701.593 5
9345700 29389.8 -13599.4 769.535 134.142 5
9350000 33248.3 -18303.3 -1347.28 9.28866 5
9350001 -11327.2 -3995.81 1143.47 701.698 5
9335700 -19514.4 -13509.5 -298.952 -471.972 6
9335900 -12128.1 13550.4 701.635 231.694 6
9342700 31060.7 -16786.8 736.126 -23.9877 6
9345300 26280.7 -19025.3 -1097.5 -251.944 6
9345500 27310.4 -16889.3 -1301.44 200.418 6
9345600 25037.5 -13358.1 -1291.4 693.378 6
9345700 30300.8 -13499.1 777.639 126.575 6
9350000 31631.6 -18292.1 -1347.28 9.28866 6
9350001 -9955.01 -3153.77 1143.47 701.698 6
9335700 -19774.2 -14053.5 -290.668 -473.534 7
9335900 -11344.4 13833.4 701.175 233.966 7
9342700 31916.8 -16837.1 740.573 -27.1419 7
9345300 25055.8 -19230.5 -1099.49 -243.352 7
9345500 25866.5 -16649.4 -1302.36 202.333 7
9345600 23635.6 -12657.6 -1288.4 685.321 7
9345700 31230.5 -13414.8 785.588 119.154 7
9350000 30014.9 -18281 -1347.28 9.28866 7
9350001 -8582.84 -2311.74 1143.47 701.698 7
9335700 -20123 -14621.7 -290.668 -473.534 8
9335900 -10503 14114.2 701.175 233.966 8
9342700 32805.5 -16869.7 740.573 -27.1419 8
9345300 23736.4 -19522.5 -1099.49 -243.352 8
9345500 24303.7 -16406.6 -1302.36 202.333 8
9345600 22089.5 -11835.2 -1288.4 685.321 8
9345700 32173.2 -13271.9 785.588 119.154 8
9350000 28398.1 -18269.8 -1347.28 9.28866 8
9350001 -7210.68 -1469.7 1143.47 701.698 8
