9335700 -17565 -10263 -556.199 -472.525 0
9335900 -16838 12042 530.482 463.425 0
9342700 17715 -11579 787.401 -1255.72 0
9344100 15785 -8209 772.56 -733.821 0
9335700 -18179.4 -10802.8 -552.025 -474.939 1
9335900 -16237.8 12533 533.117 453.226 1
9342700 18590.1 -12953.6 791.416 -1246.9 1
9344100 16633.7 -9019.06 772.939 -735.583 1
9335700 -18785.1 -11347.3 -547.974 -477.234 2
9335900 -15632.6 13003.1 535.56 443.427 2
9342700 19473.5 -14309.3 795.27 -1238.28 2
9344100 17483.2 -9832.66 773.3 -737.244 2
9335700 -19382.3 -11896.3 -544.044 -479.412 3
9335900 -15023.2 13453.6 537.808 434.017 3
9342700 20364.8 -15646.8 798.97 -1229.86 3
9344100 18333.5 -10649.5 773.645 -738.808 3
9335700 -19971.5 -12449.2 -540.234 -481.477 4
9335900 -14410.1 13885.7 539.863 424.983 4
9342700 21263.5 -16966.8 802.52 -1221.64 4
9344100 19184.6 -11469.2 773.973 -740.28 4
9335700 -20553.1 -13005.8 -536.542 -483.43 5
9335900 -13794.1 14300.5 541.724 416.314 5
9342700 22169.1 -18269.8 805.926 -1213.6 5
9344100 20036.3 -12291.6 774.285 -741.663 5
9335700 -21127.4 -13565.7 -532.965 -485.276 6
9335900 -13175.6 14699.2 543.397 407.999 6
9342700 23081.1 -19556.5 809.192 -1205.75 6
9344100 20888.7 -13116.4 774.581 -742.961 6
9335700 -21695 -14130.2 -529.456 -487.086 7
9335900 -12552.8 15081 545.039 399.845 7
9342700 24001.7 -20828.6 812.395 -1198.05 7
9344100 21743.2 -13945.4 774.872 -744.233 7
9335700 -22330.3 -14714.7 -529.456 -487.086 8
9335900 -11898.7 15560.8 545.039 399.845 8
9342700 24976.6 -22266.2 812.395 -1198.05 8
9344100 22673.1 -14838.5 774.872 -744.233 8
