9335700 -17726 -10104 -397.388 -458.674 0
9335900 -17554 11757 -641.975 459.68 0
9342700 23630 -15604 884.531 -397.494 0
9345300 38038 -17783 -1055.5 -105.632 0
9345500 40429 -18459 -1319.37 -327.795 0
9345600 38064 -18552 -1869.52 65.3653 0
9345700 21819 -12907 790.642 -550.964 0
9335700 -18178.4 -10606.6 -400.284 -451.868 1
9335900 -18242.5 12232.1 -629.811 443.925 1
9342700 24612 -16031.7 886.59 -394.47 1
9345300 36862.4 -17916.6 -1062.44 -111.757 1
9345500 38971.9 -18797.9 -1318.04 -316.268 1
9345600 36044.1 -18461.9 -1848.3 72.1152 1
9345700 22687.5 -13522.9 787.081 -552.975 1
9335700 -18637.1 -11095.2 -403.13 -445.335 2
9335900 -18904.8 12673.8 -617.896 428.559 2
9342700 25598 -16453.3 888.552 -391.613 2
9345300 35672.4 -18061.2 -1069.13 -117.336 2
9345500 37518.4 -19112.6 -1316.57 -305.115 2
9345600 34068.8 -18358.3 -1827.7 78.536 2
9345700 23549.4 -14144.3 783.589 -554.947 2
9335700 -19102 -11570.5 -405.925 -439.064 3
9335900 -19541.9 13083.3 -606.224 413.572 3
9342700 26587.9 -16869.4 890.421 -388.917 3
9345300 34468.8 -18215.2 -1075.57 -122.381 3
9345500 36069.1 -19404.4 -1314.97 -294.322 3
9345600 32135.8 -18242 -1807.72 84.6376 3
9345700 24404.9 -14771 780.164 -556.881 3
9335700 -19572.9 -12033.4 -408.669 -433.047 4
9335900 -20154.5 13461.7 -594.791 398.952 4
9342700 27581.3 -17280.5 892.201 -386.376 4
9345300 33252.5 -18376.8 -1081.78 -126.904 4
9345500 34624.2 -19674.3 -1313.25 -283.878 4
9345600 30243.3 -18114.2 -1788.34 90.4302 4
9345700 25254.3 -15402.8 776.806 -558.778 4
9335700 -20049.5 -12484.7 -411.362 -427.275 5
9335900 -20743.3 13810.2 -583.594 384.69 5
9342700 28577.9 -17687 893.895 -383.984 5
9345300 32024 -18544.5 -1087.76 -130.918 5
9345500 33184.3 -19923.5 -1311.39 -273.771 5
9345600 28389.3 -17975.8 -1769.54 95.9231 5
9345700 26097.7 -16039.7 773.511 -560.639 5
9335700 -20531.8 -12925.1 -414.005 -421.741 6
9335900 -21309.1 14130 -572.627 370.776 6
9342700 29577.6 -18089.4 895.506 -381.737 6
9345300 30784 -18716.6 -1093.51 -134.442 6
9345500 31749.6 -20152.9 -1309.42 -263.992 6
9345600 26572 -17827.7 -1751.31 101.126 6
9345700 26935.3 -16681.4 770.28 -562.464 6
9335700 -21020.3 -13354.2 -416.597 -416.314 7
9335900 -21852.6 14420.8 -561.871 357.131 7
9342700 30582.3 -18487.8 897.086 -379.533 7
9345300 29529.7 -18896.4 -1099.16 -137.898 7
9345500 30316.8 -20361.9 -1307.48 -254.401 7
9345600 24790.3 -17668.4 -1733.43 106.229 7
9345700 27767.2 -17328 767.112 -564.253 7
9335700 -21520.2 -13853.8 -416.597 -416.314 8
9335900 -22526.8 14849.3 -561.871 357.131 8
9342700 31658.8 -18943.2 897.086 -379.533 8
9345300 28210.7 -19061.9 -1099.16 -137.898 8
9345500 28747.8 -20667.2 -1307.48 -254.401 8
9345600 22710.2 -17540.9 -1733.43 106.229 8
9345700 28687.8 -18005.1 767.112 -564.253 8
