9335700 -17451 -10305 -438.092 -414.504 0
9335900 -17200 11947 361.872 482.396 0
9342700 15974 -10095 764.173 -883.572 0
9344100 13939 -6433 765.649 -632.864 0
9335700 -17952.4 -10760.1 -442.401 -411.603 1
9335900 -16846.1 12483.6 341.393 483.388 1
9342700 16819.4 -11065.3 766.283 -884.284 1
9344100 14781.2 -7132.22 765.74 -635.91 1
9335700 -18462.9 -11208.3 -446.613 -408.633 2
9335900 -16536 13020.6 321.368 483.973 2
9342700 17669.3 -12036.8 768.358 -884.883 2
9344100 15623.1 -7837.81 765.721 -638.864 2
9335700 -18982.3 -11649.6 -450.732 -405.597 3
9335900 -16268.2 13556.8 301.787 484.166 3
9342700 18523.7 -13009.2 770.399 -885.372 3
9344100 16464.4 -8549.48 765.598 -641.727 3
9335700 -19510.1 -12083.7 -454.76 -402.501 4
9335900 -16041.4 14090.9 282.643 483.982 4
9342700 19382.5 -13982 772.403 -885.755 4
9344100 17304.7 -9266.96 765.372 -644.505 4
9335700 -20046.2 -12510.4 -458.699 -399.349 5
9335900 -15854.2 14621.9 263.927 483.436 5
9342700 20245.5 -14955.1 774.373 -886.036 5
9344100 18143.7 -9989.99 765.05 -647.198 5
9335700 -20590.2 -12929.6 -462.551 -396.145 6
9335900 -15705.1 15148.6 245.629 482.541 6
9342700 21112.7 -15928.1 776.307 -886.22 6
9344100 18981.2 -10718.3 764.633 -649.809 6
9335700 -21143.2 -13342.7 -466.33 -393.003 7
9335900 -15594.5 15674.3 227.683 481.663 7
9342700 21985.4 -16903.2 778.204 -886.4 7
9344100 19819.3 -11453.5 764.224 -652.37 7
9335700 -21702.8 -13814.3 -466.33 -393.003 8
9335900 -15321.3 16252.3 227.683 481.663 8
9342700 22919.3 -17966.9 778.204 -886.4 8
9344100 20736.4 -12236.4 764.224 -652.37 8
