9335700 -15313 -10292 -300.076 -525.949 0
9335900 -16887 12020 609.553 123.144 0
9342700 4690 2297 785.865 -1040.18 0
9335700 -15644.7 -10885.8 -298.484 -525.682 1
9335900 -16215.1 12179.5 605.222 132.265 1
9342700 5538.48 1157.15 777.488 -1035.6 1
9335700 -15972.5 -11479.1 -296.824 -525.463 2
9335900 -15552.8 12358.6 600.928 141.202 2
9342700 6369.56 26.7404 769.391 -1031.2 2
9335700 -16296.2 -12072.2 -295.099 -525.291 3
9335900 -14899.8 12556.7 596.668 149.956 3
9342700 7184.16 -1094.83 761.568 -1026.97 3
9335700 -16615.5 -12665.1 -293.31 -525.165 4
9335900 -14256 12773.2 592.442 158.533 4
9342700 7983.11 -2208.14 754.01 -1022.92 4
9335700 -16930.3 -13258.1 -291.46 -525.082 5
9335900 -13621.5 13007.5 588.246 166.936 5
9342700 8767.24 -3313.78 746.711 -1019.05 5
9335700 -17240.4 -13851.2 -289.552 -525.041 6
9335900 -12996 13259.2 584.081 175.167 6
9342700 9537.38 -4412.31 739.662 -1015.34 6
9335700 -17546.8 -14444.9 -287.68 -525.001 7
9335900 -12378.4 13528.6 579.996 183.24 7
9342700 10293.9 -5504.8 732.75 -1011.71 7
9335700 -17892.1 -15074.9 -287.68 -525.001 8
9335900 -11682.4 13748.4 579.996 183.24 8
9342700 11173.2 -6718.85 732.75 -1011.71 8
