9335700 -15294 -10115 -612.963 -233.131 0
9335900 -16719 11826 589.492 -176.243 0
9342700 7526 -761 551.917 -662.11 0
9335700 -15982.8 -10388.7 -613.026 -236.712 1
9335900 -16063.1 11623.2 586.792 -177.722 1
9342700 8130.24 -1489.74 551.806 -663.276 1
9335700 -16671 -10670.3 -612.922 -240.29 2
9335900 -15412.8 11418.1 584.193 -178.985 2
9342700 8734.48 -2221.12 551.729 -664.427 2
9335700 -17357.9 -10959.9 -612.658 -243.865 3
9335900 -14767.9 11211.4 581.693 -180.041 3
9342700 9338.81 -2955.07 551.686 -665.56 3
9335700 -18043.2 -11257.5 -612.241 -247.435 4
9335900 -14127.9 11003.8 579.29 -180.899 4
9342700 9943.34 -3691.51 551.676 -666.675 4
9335700 -18726.4 -11563 -611.678 -250.997 5
9335900 -13492.5 10795.9 576.981 -181.566 5
9342700 10548.2 -4430.38 551.698 -667.769 5
9335700 -19407.1 -11876.3 -610.976 -254.551 6
9335900 -12861.5 10588.1 574.763 -182.049 6
9342700 11153.4 -5171.62 551.75 -668.843 6
9335700 -20087.1 -12197.5 -610.287 -258.036 7
9335900 -12234.4 10379.1 572.588 -182.524 7
9342700 11759.9 -5916.47 551.802 -669.897 7
9335700 -20819.5 -12507.1 -610.287 -258.036 8
9335900 -11547.3 10160.1 572.588 -182.524 8
9342700 12422 -6720.35 551.802 -669.897 8
