9335700 -16007 -10074 -507.157 -186.031 0
9335900 -16991 11550 8.89912 -660.182 0
9342700 12334 -6309 1173.33 -1171.11 0
9344100 10485 -2341 887.13 -909.109 0
9335700 -16574.9 -10268.2 -510.875 -179.477 1
9335900 -16954.4 10826.6 19.1702 -653.345 1
9342700 13613.9 -7580.5 1165.76 -1162.23 1
9344100 11454.9 -3340.98 884.672 -908.071 1
9335700 -17149.3 -10449.5 -514.203 -173.324 2
9335900 -16895.9 10117.9 29.2003 -646.628 2
9342700 14877.3 -8832.83 1158.29 -1153.51 2
9344100 12418.7 -4338.59 882.088 -907.026 2
9335700 -17729 -10619.3 -517.155 -167.558 3
9335900 -16816.2 9423.56 38.9951 -640.027 3
9342700 16124.7 -10066.5 1150.92 -1144.95 3
9344100 13376.1 -5333.84 879.384 -905.975 3
9335700 -18312.9 -10778.7 -519.747 -162.165 4
9335900 -16716.1 8743.25 48.5599 -633.541 4
9342700 17356.3 -11282.1 1143.67 -1136.54 4
9344100 14326.7 -6326.71 876.564 -904.921 4
9335700 -18899.9 -10928.9 -521.994 -157.132 5
9335900 -16596.2 8076.58 57.8998 -627.167 5
9342700 18572.5 -12480 1136.51 -1128.29 5
9344100 15270 -7317.22 873.633 -903.868 5
9335700 -19488.9 -11070.9 -523.909 -152.447 6
9335900 -16457.4 7423.19 67.0202 -620.903 6
9342700 19773.7 -13660.8 1129.46 -1120.19 6
9344100 16205.9 -8305.41 870.597 -902.814 6
9335700 -20083 -11203.1 -525.788 -147.853 7
9335900 -16299.2 6782.17 75.9651 -614.759 7
9342700 20962 -14826.5 1122.55 -1112.24 7
9344100 17137.1 -9293.06 867.618 -901.781 7
9335700 -20714 -11380.5 -525.788 -147.853 8
9335900 -16208 6044.46 75.9651 -614.759 8
9342700 22309.1 -16161.2 1122.55 -1112.24 8
9344100 18178.2 -10375.2 867.618 -901.781 8
