9335700 -15102 -9944 -375.714 -406.286 0
9335900 -16640 11678 469.415 -209.936 0
9342700 8676 -2165 463.278 -550.537 0
9344100 7753 2320 -359.864 -903.852 0
9335700 -15529.8 -10389 -378.093 -402.036 1
9335900 -16107.2 11446.3 471.627 -208.474 1
9342700 9184.32 -2786.63 460.729 -556.048 1
9344100 7321.16 1235.38 -359.864 -903.852 1
9335700 -15963 -10825.1 -380.469 -397.89 2
9335900 -15569.8 11217.7 473.795 -207.058 2
9342700 9687.32 -3419.7 458.31 -561.391 2
9344100 6889.33 150.756 -359.864 -903.852 2
9335700 -16401.7 -11252.7 -382.839 -393.848 3
9335900 -15027.7 10992.1 475.919 -205.687 3
9342700 10185.4 -4063.68 456.018 -566.569 3
9344100 6457.49 -933.866 -359.864 -903.852 3
9335700 -16845.6 -11671.9 -385.204 -389.909 4
9335900 -14481.2 10769.2 477.998 -204.359 4
9342700 10679 -4718.06 453.849 -571.588 4
9344100 6025.65 -2018.49 -359.864 -903.852 4
9335700 -17294.9 -12083.3 -387.562 -386.071 5
9335900 -13930.4 10549 480.033 -203.074 5
9342700 11168.5 -5382.34 451.799 -576.452 5
9344100 5593.82 -3103.11 -359.864 -903.852 5
9335700 -17749.5 -12487.1 -389.912 -382.332 6
9335900 -13375.4 10331.4 482.025 -201.83 6
9342700 11654.2 -6056.07 449.864 -581.165 6
9344100 5161.98 -4187.73 -359.864 -903.852 6
9335700 -18209.6 -12883.5 -392.217 -378.665 7
9335900 -12815.5 10116.1 483.978 -200.61 7
9342700 12136.7 -6740.89 447.966 -585.788 7
9344100 4730.15 -5272.35 -359.864 -903.852 7
9335700 -18680.3 -13337.9 -392.217 -378.665 8
9335900 -12234.7 9875.32 483.978 -200.61 8
9342700 12674.2 -7443.83 447.966 -585.788 8
9344100 4298.31 -6356.98 -359.864 -903.852 8
