9335700 -15150 -10306 -154.852 -606.161 0
9335900 -16812 11900 576.515 266.305 0
9342700 6143 785 631.451 -766.799 0
9335700 -15332.6 -10981.3 -158.023 -604.527 1
9335900 -16160.9 12193 578.124 263.044 1
9342700 6839.22 -42.1373 632.118 -760.042 1
9335700 -15522.1 -11653.1 -161.123 -602.926 2
9335900 -15506.5 12479.1 579.677 259.868 2
9342700 7537.04 -855.883 632.804 -753.64 2
9335700 -15718.1 -12321.6 -164.154 -601.357 3
9335900 -14849 12758.6 581.174 256.778 3
9342700 8236.5 -1657.34 633.507 -747.58 3
9335700 -15920.5 -12986.8 -167.115 -599.819 4
9335900 -14188.4 13031.7 582.615 253.777 4
9342700 8937.63 -2447.56 634.222 -741.85 4
9335700 -16129 -13649 -170.008 -598.313 5
9335900 -13525.1 13298.8 584.001 250.863 5
9342700 9640.43 -3227.54 634.946 -736.438 5
9335700 -16343.4 -14308.1 -172.834 -596.836 6
9335900 -12859.2 13560.1 585.332 248.036 6
9342700 10345 -3998.29 635.679 -731.335 6
9335700 -16564 -14965 -175.606 -595.389 7
9335900 -12189.6 13815.8 586.637 245.263 7
9342700 11052.3 -4759.57 636.398 -726.329 7
9335700 -16774.7 -15679.4 -175.606 -595.389 8
9335900 -11485.6 14110.1 586.637 245.263 8
9342700 11816 -5631.17 636.398 -726.329 8
