9335700 -15306 -10273 -634.221 -412.025 0
9335900 -16742 11729 443.93 -273.4 0
9342700 6721 161 542.689 -721.62 0
9335700 -15994.7 -10745.2 -625.12 -415.697 1
9335900 -16238.2 11449 446.542 -263.141 1
9342700 7323.39 -638.524 544.423 -722.236 1
9335700 -16664.1 -11225.2 -616.252 -419.269 2
9335900 -15728.6 11190.8 449.132 -253.139 2
9342700 7929.52 -1438.74 546.137 -722.724 2
9335700 -17314.9 -11712.5 -607.611 -422.742 3
9335900 -15213.3 10953.6 451.7 -243.387 3
9342700 8539.33 -2239.27 547.831 -723.092 3
9335700 -17948 -12207 -599.193 -426.12 4
9335900 -14692.4 10736.6 454.245 -233.879 4
9342700 9152.75 -3039.8 549.507 -723.348 4
9335700 -18563.9 -12708.3 -590.991 -429.404 5
9335900 -14165.9 10539.1 456.767 -224.607 5
9342700 9769.74 -3840.02 551.165 -723.502 5
9335700 -19163.3 -13216.1 -582.999 -432.597 6
9335900 -13634 10360.3 459.265 -215.568 6
9342700 10390.3 -4639.65 552.805 -723.556 6
9335700 -19746.7 -13731.4 -575.162 -435.729 7
9335900 -13096.1 10200.3 461.716 -206.703 7
9342700 11015.3 -5440.73 554.413 -723.61 7
9335700 -20436.9 -14254.2 -575.162 -435.729 8
9335900 -12542 9952.29 461.716 -206.703 8
9342700 11680.6 -6309.06 554.413 -723.61 8
