9335700 -17714 -10160 -335.312 -613.485 0
9335900 -17052 12208 621.235 356.273 0
9342700 24664 -16095 941.617 -265.975 0
9345300 36519 -17567 -1187.46 442.144 0
9345500 38956 -18582 -1623.18 442.061 0
9345600 36439 -18430 -1197.66 316.405 0
9345700 22937 -13251 976.394 -145.767 0
9335700 -18094.3 -10840.7 -336.617 -610.25 1
9335900 -16418.6 12602.1 597.397 357.664 1
9342700 25699.5 -16389.6 940.596 -268.392 1
9345300 35219.6 -17099.7 -1185.18 431.381 1
9345500 37174.7 -18115.9 -1617.28 427.686 1
9345600 35097.8 -18087.1 -1209.79 311.829 1
9345700 24003.7 -13426.5 972.685 -153.639 1
9335700 -18477.6 -11513.9 -337.95 -606.957 2
9335900 -15835.4 12998.1 574.242 358.739 2
9342700 26733.1 -16689.1 939.631 -270.711 2
9345300 33924.5 -16656 -1183.07 420.728 2
9345500 35406.1 -17679.8 -1611.46 413.797 2
9345600 33732.2 -17753.5 -1221.29 307.458 2
9345700 25062.2 -13619.2 968.981 -161.396 2
9335700 -18864.1 -12179.6 -339.311 -603.611 3
9335900 -15300.1 13394.8 551.752 359.513 3
9342700 27764.8 -16993.3 938.719 -272.936 3
9345300 32633.1 -16235.5 -1181.12 410.192 3
9345500 33650 -17272.3 -1605.73 400.375 3
9345600 32344 -17428.6 -1232.2 303.283 3
9345700 26112.8 -13828.7 965.284 -169.041 3
9335700 -19253.7 -12837.5 -340.697 -600.219 4
9335900 -14810.7 13791.4 529.911 359.997 4
9342700 28794.9 -17301.8 937.856 -275.072 4
9345300 31345 -15837.6 -1179.33 399.782 4
9345500 31906.2 -16891.9 -1600.07 387.406 4
9345600 30935.2 -17111.7 -1242.53 299.294 4
9345700 27155.4 -14054.7 961.595 -176.574 4
9335700 -19646.7 -13487.5 -342.107 -596.785 5
9335900 -14365.1 14187 508.7 360.205 5
9342700 29823.5 -17614.5 937.042 -277.124 5
9345300 30059.8 -15462 -1177.68 389.505 5
9345500 30174.5 -16537.2 -1594.47 374.874 5
9345600 29507.4 -16802.4 -1252.32 295.481 5
9345700 28190 -14296.8 957.914 -183.998 5
9335700 -20043 -14129.6 -343.54 -593.314 6
9335900 -13961.4 14580.8 488.105 360.145 6
9342700 30850.7 -17931 936.273 -279.095 6
9345300 28777 -15108.1 -1176.17 379.359 6
9345500 28454.5 -16206.9 -1588.95 362.768 6
9345600 28062.3 -16500.1 -1261.58 291.841 6
9345700 29216.8 -14554.7 954.244 -191.313 6
9335700 -20442.8 -14765.2 -344.946 -589.908 7
9335900 -13600.7 14975.1 467.905 360.087 7
9342700 31878.1 -18252.3 935.519 -281.027 7
9345300 27495.1 -14775.2 -1174.68 369.408 7
9345500 26743.4 -15901.8 -1583.54 350.895 7
9345600 26594.9 -16205.1 -1270.65 288.27 7
9345700 30237.6 -14828.6 950.644 -198.488 7
9335700 -20856.7 -15473.1 -344.946 -589.908 8
9335900 -13039.2 15407.2 467.905 360.087 8
9342700 33000.7 -18589.5 935.519 -281.027 8
9345300 26085.5 -14331.9 -1174.68 369.408 8
9345500 24843.2 -15480.7 -1583.54 350.895 8
9345600 25070.2 -15859.2 -1270.65 288.27 8
9345700 31378.4 -15066.7 950.644 -198.488 8
