9335700 -15510 -10056 -735.004 184.332 0
9335900 -16860 11681 547.433 -306.057 0
9342700 11274 -5109 784.175 -711.287 0
9344100 9432 -1373 777.762 -858.431 0
9335700 -16281.5 -9887.09 -717.492 169.324 1
9335900 -16248.7 11338.5 545.092 -305.437 1
9342700 12132.7 -5883.95 781.814 -710.422 1
9344100 10264.3 -2314.75 768.483 -856.722 1
9335700 -17016.1 -9750.15 -700.435 154.671 2
9335900 -15642.5 10997.4 542.796 -304.808 2
9342700 12986.8 -6657.58 779.584 -709.665 2
9344100 11076.6 -3253.21 759.353 -855.152 2
9335700 -17715.2 -9644.03 -683.824 140.364 3
9335900 -15041.1 10657.7 540.546 -304.17 3
9342700 13836.6 -7430.21 777.478 -709.009 3
9344100 11869.4 -4188.81 750.367 -853.715 3
9335700 -18380.3 -9567.64 -667.65 126.395 4
9335900 -14444.4 10319.6 538.34 -303.523 4
9342700 14682.5 -8202.11 775.489 -708.448 4
9344100 12643.1 -5121.96 741.518 -852.405 4
9335700 -19012.8 -9519.91 -651.904 112.759 5
9335900 -13852.3 9982.96 536.178 -302.869 5
9342700 15525 -8973.57 773.61 -707.976 5
9344100 13398.1 -6053.05 732.801 -851.218 5
9335700 -19614 -9499.8 -636.575 99.4455 6
9335900 -13264.6 9647.87 534.059 -302.207 6
9342700 16364.2 -9744.88 771.837 -707.59 6
9344100 14134.9 -6982.48 724.212 -850.149 6
9335700 -20183.7 -9507.81 -621.541 86.3886 7
9335900 -12680.7 9313.74 531.982 -301.558 7
9342700 17201 -10516.8 770.098 -707.211 7
9344100 14854.9 -7911.24 715.789 -849.1 7
9335700 -20929.6 -9404.14 -621.541 86.3886 8
9335900 -12042.3 8951.87 531.982 -301.558 8
9342700 18125.2 -11365.5 770.098 -707.211 8
9344100 15713.8 -8930.16 715.789 -849.1 8
