9335700 -15207 -10185 -320.621 -521.058 0
9335900 -16844 11964 662.596 94.8352 0
9342700 5382 1774 662.181 -391.263 0
9335700 -15568.2 -10773 -320.163 -521.142 1
9335900 -16103.2 12074.2 661.409 95.7272 1
9342700 6116.87 1316.29 664.244 -403.574 1
9335700 -15928.2 -11361.3 -319.681 -521.222 2
9335900 -15365.3 12187 660.164 96.7705 2
9342700 6855.47 832.542 666.116 -415.566 2
9335700 -16286.8 -11949.7 -319.174 -521.298 3
9335900 -14630.6 12303 658.861 97.9587 3
9342700 7597.25 323.749 667.807 -427.251 3
9335700 -16644.1 -12538.3 -318.64 -521.371 4
9335900 -13899.3 12422.6 657.503 99.2856 4
9342700 8341.65 -209.124 669.325 -438.636 4
9335700 -16999.9 -13127 -318.081 -521.441 5
9335900 -13171.4 12546.1 656.09 100.745 5
9342700 9088.17 -765.155 670.678 -449.73 5
9335700 -17354.1 -13715.9 -317.496 -521.51 6
9335900 -12447.3 12674 654.626 102.332 6
9342700 9836.33 -1343.47 671.872 -460.541 6
9335700 -17707.6 -14305.7 -316.922 -521.577 7
9335900 -11725.2 12805.5 653.19 103.889 7
9342700 10588.3 -1945.68 673.043 -471.145 7
9335700 -18087.9 -14931.6 -316.922 -521.577 8
9335900 -10941.4 12930.1 653.19 103.889 8
9342700 11396 -2511.05 673.043 -471.145 8
