9335700 -17668 -10244 -547.238 -89.5976 0
9335900 -17316 11504 -8.27353 -368.911 0
9342700 22792 -14994 997.822 -228.607 0
9345300 39369 -17874 -1430.55 -468.942 0
9345500 41541 -18311 -1267.52 288.059 0
9345600 39699 -18485 -742.435 437.574 0
9345700 21111 -12387 605.566 -655.491 0
9335700 -18285.3 -10363.3 -547.624 -97.366 1
9335900 -17326.7 11103.6 -8.95971 -363.997 1
9342700 23884.8 -15251 994.639 -234.544 1
9345300 37807.7 -18341.6 -1423.42 -446.448 1
9345500 40161.3 -18006.1 -1258.9 279.577 1
9345600 38857.5 -18019.3 -754.451 426.8 1
9345700 21837.7 -13173.6 605.566 -655.491 1
9335700 -18903.2 -10498.9 -547.948 -104.913 2
9335900 -17339.1 10713.2 -9.67686 -359.296 2
9342700 24970.9 -15520.7 991.564 -240.33 2
9345300 36260.9 -18759.3 -1416.61 -424.042 2
9345500 38800.7 -17719 -1250.35 271.394 2
9345600 37987.6 -17577.1 -766.236 416.233 2
9345700 22564.4 -13960.2 605.566 -655.491 2
9335700 -19521.3 -10650.3 -548.21 -112.247 3
9335900 -17353.1 10332.2 -10.4189 -354.798 3
9342700 26050.8 -15802.5 988.593 -245.97 3
9345300 34727.6 -19127.7 -1410.13 -401.74 3
9345500 37458.7 -17448.8 -1241.88 263.502 3
9345600 37090.2 -17157.6 -777.795 405.87 3
9345700 23291 -14746.8 605.566 -655.491 3
9335700 -20139.6 -10816.8 -548.413 -119.372 4
9335900 -17368.9 9959.97 -11.1801 -350.491 4
9342700 27124.7 -16096.1 985.72 -251.467 4
9345300 33206.6 -19447.1 -1403.96 -379.555 4
9345500 36135.2 -17194.4 -1233.47 255.893 4
9345600 36166 -16760.1 -789.131 395.706 4
9345700 24017.7 -15533.4 605.566 -655.491 4
9335700 -20757.8 -10997.6 -548.56 -126.296 5
9335900 -17386.4 9596.05 -11.9549 -346.365 5
9342700 28192.9 -16401 982.943 -256.826 5
9345300 31697.2 -19718.1 -1398.08 -357.503 5
9345500 34829.9 -16955.1 -1225.14 248.558 5
9345600 35215.8 -16384.1 -800.249 385.737 5
9345700 24744.4 -16319.9 605.566 -655.491 5
9335700 -21375.8 -11192.3 -548.652 -133.023 6
9335900 -17405.6 9239.83 -12.7427 -342.414 6
9342700 29255.8 -16716.8 980.258 -262.05 6
9345300 30198.4 -19941.1 -1392.48 -335.586 6
9345500 33542.4 -16730 -1216.88 241.491 6
9345600 34240.4 -16028.9 -811.153 375.96 6
9345700 25471.1 -17106.5 605.566 -655.491 6
9335700 -21994.8 -11401.4 -548.742 -139.621 7
9335900 -17426.6 8891.47 -13.5152 -338.539 7
9342700 30314.8 -17044.3 977.624 -267.173 7
9345300 28708.8 -20118.1 -1387 -314.091 7
9345500 32270.3 -16519.5 -1208.78 234.559 7
9345600 33240.4 -15694 -821.848 366.372 7
9345700 26197.8 -17893.1 605.566 -655.491 7
9335700 -22653.3 -11569 -548.742 -139.621 8
9335900 -17442.8 8485.22 -13.5152 -338.539 8
9342700 31487.9 -17364.9 977.624 -267.173 8
9345300 27044.4 -20495.1 -1387 -314.091 8
9345500 30819.8 -16238.1 -1208.78 234.559 8
9345600 32254.2 -15254.3 -821.848 366.372 8
9345700 26924.4 -18679.7 605.566 -655.491 8
