9335700 -15077 -10510 218.65 -606.879 0
9335900 -16937 11807 -74.8308 549.441 0
9342700 2947 5097 708.655 -1732.3 0
9335700 -14837.1 -11205.1 215.789 -610.815 1
9335900 -17027 12427.9 -77.296 549.724 1
9342700 3711.68 3211.09 701.027 -1713.7 1
9335700 -14603.3 -11909.9 212.983 -614.676 2
9335900 -17122.6 13050.1 -79.7138 550.001 2
9342700 4460.63 1363.86 693.545 -1695.45 2
9335700 -14375.4 -12624 210.231 -618.462 3
9335900 -17223.7 13673.7 -82.0851 550.273 3
9342700 5194.31 -445.794 686.208 -1677.55 3
9335700 -14153.3 -13347.1 207.532 -622.175 4
9335900 -17330.1 14298.7 -84.4107 550.539 4
9342700 5913.16 -2218.99 679.012 -1659.99 4
9335700 -13936.7 -14079.1 204.884 -625.817 5
9335900 -17441.6 14924.9 -86.6917 550.801 5
9342700 6617.63 -3956.8 671.954 -1642.78 5
9335700 -13725.5 -14819.7 202.288 -629.389 6
9335900 -17558.2 15552.3 -88.9287 551.057 6
9342700 7308.14 -5660.26 665.032 -1625.89 6
9335700 -13519.6 -15568.6 199.742 -632.892 7
9335900 -17679.5 16181 -91.1227 551.308 7
9342700 7985.09 -7330.4 658.243 -1609.33 7
9335700 -13279.9 -16328.1 199.742 -632.892 8
9335900 -17788.9 16842.6 -91.1227 551.308 8
9342700 8774.99 -9261.6 658.243 -1609.33 8
