9335700 -17410 -10117 -663.553 -277.346 0
9335900 -17452 11590 -708.786 575.612 0
9342700 15045 -8869 873.102 -931.371 0
9344100 13022 -5478 781.811 -794.906 0
9335700 -18146.4 -10410.1 -662.779 -270.431 1
9335900 -18242.4 12184.4 -705.707 554.594 1
9342700 16009.6 -9885.55 873.51 -925.947 1
9344100 13869 -6345.65 776.046 -793.022 1
9335700 -18881.2 -10688.7 -662.049 -263.709 2
9335900 -19025.7 12733.6 -702.625 533.993 2
9342700 16974.9 -10890.4 873.86 -920.624 2
9344100 14703.5 -7209.36 770.371 -791.199 2
9335700 -19614.5 -10953.3 -661.361 -257.177 3
9335900 -19802 13239 -699.539 513.8 3
9342700 17940.6 -11884 874.157 -915.405 3
9344100 15525.8 -8069.32 764.786 -789.436 3
9335700 -20346.5 -11204.6 -660.712 -250.83 4
9335900 -20571.2 13701.8 -696.447 494.005 4
9342700 18906.6 -12866.5 874.405 -910.292 4
9344100 16336.2 -8925.75 759.295 -787.732 4
9335700 -21077.2 -11443.2 -660.1 -244.664 5
9335900 -21333.3 14123.3 -693.348 474.601 5
9342700 19872.8 -13838.5 874.608 -905.284 5
9344100 17135.1 -9778.82 753.897 -786.087 5
9335700 -21806.9 -11669.6 -659.524 -238.675 6
9335900 -22088.2 14504.7 -690.242 455.578 6
9342700 20839.1 -14800.1 874.768 -900.38 6
9344100 17922.7 -10628.7 748.592 -784.498 6
9335700 -22536.5 -11883.6 -658.959 -232.801 7
9335900 -22837.5 14846.4 -687.196 436.921 7
9342700 21807.4 -15753.1 874.925 -895.571 7
9344100 18700.5 -11476.9 743.39 -782.94 7
9335700 -23327.2 -12163 -658.959 -232.801 8
9335900 -23662.2 15370.7 -687.196 436.921 8
9342700 22857.3 -16827.7 874.925 -895.571 8
9344100 19592.6 -12416.4 743.39 -782.94 8
