9335700 -17328 -10255 200.695 -546.804 0
9335900 -16878 12047 701.996 348.344 0
9342700 25538 -16358 971.677 -174.995 0
9345300 34937 -17341 -1203.72 166.166 0
9345500 37434 -18389 -1313.28 288.822 0
9345600 34799 -18337 -1118.67 271.452 0
9345700 24332 -13940 1224.7 -270.237 0
9335700 -17134.2 -10870.3 190.332 -547.961 1
9335900 -16099.5 12441.8 699.538 348.544 1
9342700 26611.1 -16553.7 971.06 -176.836 1
9345300 33616.6 -17147.7 -1203.32 171.063 1
9345500 35975.1 -18063 -1319.01 291.226 1
9345600 33569.3 -18032.3 -1120.65 272.145 1
9345700 25669.2 -14225.7 1219.78 -268.143 1
9335700 -16962.8 -11487.8 180.143 -549.032 2
9335900 -15328.4 12836.8 696.695 348.755 2
9342700 27682.7 -16753.4 970.438 -178.685 2
9345300 32297.2 -16944.9 -1202.89 175.664 2
9345500 34504.2 -17732.8 -1324.53 293.326 2
9345600 32334.3 -17726.5 -1122.79 272.744 2
9345700 26995.5 -14507.7 1214.89 -266.236 2
9335700 -16813.2 -12107.2 170.123 -550.016 3
9335900 -14565.8 13232.1 693.487 348.972 3
9342700 28752.8 -16957.3 969.811 -180.539 3
9345300 30978.9 -16733.3 -1202.44 179.975 3
9345500 33022.2 -17399.4 -1329.83 295.136 3
9345600 31093.7 -17419.9 -1125.1 273.255 3
9345700 28311.1 -14786.5 1210.02 -264.511 3
9335700 -16684.9 -12728.3 160.269 -550.916 4
9335900 -13812.8 13627.7 689.932 349.188 4
9342700 29821.5 -17165.2 969.181 -182.397 4
9345300 29661.8 -16513.9 -1201.96 184.006 4
9345500 31529.7 -17063.7 -1334.92 296.67 4
9345600 29847 -17112.6 -1127.54 273.682 4
9345700 29616 -15062.8 1205.17 -262.962 4
9335700 -16577.2 -13350.8 150.577 -551.732 5
9335900 -13070.4 14023.4 686.049 349.398 5
9342700 30888.7 -17377.3 968.548 -184.257 5
9345300 28345.7 -16287.6 -1201.47 187.764 5
9345500 30027.3 -16726.5 -1339.81 297.942 5
9345600 28593.8 -16805 -1130.12 274.032 5
9345700 30910.4 -15337.1 1200.34 -261.584 5
9335700 -16489.8 -13974.3 141.044 -552.466 6
9335900 -12339.5 14419.4 681.852 349.604 6
9342700 31954.4 -17593.4 967.913 -186.119 6
9345300 27030.9 -16055.2 -1200.95 191.259 6
9345500 28515.7 -16388.5 -1344.5 298.96 6
9345600 27333.7 -16497.3 -1132.83 274.305 6
9345700 32194.2 -15609.9 1195.53 -260.37 6
9335700 -16422.3 -14600.3 131.694 -553.186 7
9335900 -11616.5 14816.2 677.736 349.806 7
9342700 33020.6 -17813.9 967.289 -187.945 7
9345300 25714.9 -15815 -1200.45 194.686 7
9345500 26991.5 -16047.8 -1349.1 299.96 7
9345600 26065.5 -16188.5 -1135.48 274.574 7
9345700 33470.1 -15880.7 1190.82 -259.18 7
9335700 -16264.3 -15264.2 131.694 -553.186 8
9335900 -10803.2 15236 677.736 349.806 8
9342700 34181.3 -18039.5 967.289 -187.945 8
9345300 24274.3 -15581.4 -1200.45 194.686 8
9345500 25372.6 -15687.9 -1349.1 299.96 8
9345600 24703 -15859.1 -1135.48 274.574 8
9345700 34899.1 -16191.7 1190.82 -259.18 8
