9335700 -16518 -10107 -718.642 -76.0235 0
9335900 -17307 11500 -417.614 -470.622 0
9342700 13177 -7140 727.149 -603.432 0
9344100 11220 -3346 386.576 -750.727 0
9335700 -17306.4 -10195.9 -714.709 -77.8953 1
9335900 -17749.6 10964.4 -409.018 -474.008 1
9342700 13996.4 -7825.79 735.444 -614.014 1
9344100 11661.8 -4176.75 396.108 -753.733 1
9335700 -18086.6 -10288.4 -710.909 -79.6202 2
9335900 -18172.8 10422.2 -400.399 -477.202 2
9342700 14833 -8533.52 743.436 -624.228 2
9344100 12123.8 -5013.91 405.406 -756.662 2
9335700 -18858.9 -10384.1 -707.231 -81.2082 3
9335900 -18576.7 9873.85 -391.762 -480.209 3
9342700 15685.8 -9262.03 751.136 -634.084 3
9344100 12605.3 -5857.22 414.47 -759.514 3
9335700 -19623.7 -10482.5 -703.668 -82.6688 4
9335900 -18961.1 9320 -383.112 -483.037 4
9342700 16553.9 -10010.2 758.55 -643.592 4
9344100 13105.3 -6706.44 423.303 -762.291 4
9335700 -20381.3 -10583.3 -700.21 -84.0112 5
9335900 -19326.1 8761.19 -374.452 -485.689 5
9342700 17436.3 -10776.9 765.685 -652.76 5
9344100 13623.3 -7561.33 431.908 -764.995 5
9335700 -21131.9 -10686.1 -696.854 -85.2394 6
9335900 -19671.7 8197.96 -365.787 -488.172 6
9342700 18332.4 -11561.2 772.551 -661.6 6
9344100 14158.6 -8421.69 440.29 -767.626 6
9335700 -21876.7 -10791.7 -693.563 -86.4439 7
9335900 -19999.6 7628.69 -357.289 -490.607 7
9342700 19244.5 -12365.6 779.284 -670.269 7
9344100 14712.6 -9289.15 448.511 -770.207 7
9335700 -22709 -10895.5 -693.563 -86.4439 8
9335900 -20428.3 7039.96 -357.289 -490.607 8
9342700 20179.6 -13169.9 779.284 -670.269 8
9344100 15250.8 -10213.4 448.511 -770.207 8
