9335700 -17598 -10303 -474.046 -500.216 0
9335900 -16885 12047 401.104 290.762 0
9342700 19016 -12380 1378.89 -511.502 0
9344100 16554 -9001 623.762 -580.903 0
9345300 45280 -19710 -1313.35 -478.63 0
9335700 -18133.3 -10863.7 -475.469 -499.774 1
9335900 -16427.2 12379.9 403.69 293.699 1
9342700 20513.9 -12971.3 1367.67 -525.483 1
9344100 17246.3 -9645.12 626.639 -583.91 1
9345300 43704 -20284.4 -1313.35 -478.63 1
9335700 -18671.3 -11423.6 -476.788 -499.382 2
9335900 -15963.6 12718.3 406.27 296.398 2
9342700 21988.1 -13592.1 1356.73 -539.034 2
9344100 17944.7 -10295.8 629.467 -586.89 2
9345300 42128 -20858.7 -1313.35 -478.63 2
9335700 -19211.8 -11983 -478.008 -499.037 3
9335900 -15494.4 13061.3 408.84 298.872 3
9342700 23439.4 -14240.9 1346.06 -552.166 3
9344100 18649.2 -10953 632.247 -589.841 3
9345300 40551.9 -21433.1 -1313.35 -478.63 3
9335700 -19754.3 -12542 -479.135 -498.737 4
9335900 -15019.5 13408.4 411.397 301.131 4
9342700 24868.7 -14916.4 1335.67 -564.89 4
9344100 19359.4 -11616.5 634.979 -592.762 4
9345300 38975.9 -22007.4 -1313.35 -478.63 4
9335700 -20298.6 -13100.7 -480.17 -498.478 5
9335900 -14539.2 13758.9 413.936 303.187 5
9342700 26276.8 -15617.4 1325.55 -577.219 5
9344100 20075.4 -12286.3 637.665 -595.651 5
9345300 37399.9 -22581.8 -1313.35 -478.63 5
9335700 -20844.6 -13659.2 -481.118 -498.259 6
9335900 -14053.4 14112.2 416.458 305.047 6
9342700 27664.7 -16342.7 1315.67 -589.163 6
9344100 20796.9 -12962.2 640.304 -598.51 6
9345300 35823.9 -23156.1 -1313.35 -478.63 6
9335700 -21393.2 -14218 -482.048 -498.044 7
9335900 -13561.6 14469.9 418.932 306.87 7
9342700 29033.9 -17094.6 1305.99 -600.876 7
9344100 21525.3 -13645.4 642.893 -601.313 7
9345300 34247.9 -23730.5 -1313.35 -478.63 7
9335700 -21971.7 -14815.7 -482.048 -498.044 8
9335900 -13058.8 14838.2 418.932 306.87 8
9342700 30601.1 -17815.6 1305.99 -600.876 8
9344100 22296.8 -14367 642.893 -601.313 8
9345300 32671.9 -24304.8 -1313.35 -478.63 8
