9335700 -17029 -9980 -619.887 88.5778 0
9335900 -17518 11418 -554.747 -518.425 0
9342700 14170 -7989 900.142 -650.198 0
9344100 12113 -4404 485.026 -694.591 0
9335700 -17719.5 -9890.52 -621.638 85.3421 1
9335900 -18129.8 10838.6 -551.777 -517.632 1
9342700 15155.3 -8702.13 897.127 -649.698 1
9344100 12637.3 -5166.54 483.494 -695.785 1
9335700 -18413.4 -9808.11 -623.285 82.138 2
9335900 -18734.5 10260.7 -548.699 -516.912 2
9342700 16134.8 -9415.05 894.319 -649.398 2
9344100 13159 -5931.93 482.166 -697.011 2
9335700 -19110.5 -9732.63 -624.831 78.9675 3
9335900 -19331.5 9684.01 -545.513 -516.26 3
9342700 17109.1 -10128.3 891.707 -649.286 3
9344100 13679 -6700.26 481.034 -698.267 3
9335700 -19810.3 -9663.96 -626.281 75.8321 4
9335900 -19920.7 9108.36 -542.223 -515.672 4
9342700 18078.9 -10842.5 889.282 -649.353 4
9344100 14197.7 -7471.61 480.089 -699.551 4
9335700 -20512.8 -9601.98 -627.639 72.7334 5
9335900 -20501.6 8533.58 -538.828 -515.143 5
9342700 19044.7 -11558.2 887.037 -649.589 5
9344100 14715.8 -8246.07 479.323 -700.86 5
9335700 -21217.5 -9546.56 -628.907 69.6712 6
9335900 -21073.9 7959.47 -535.336 -514.671 6
9342700 20007 -12275.8 884.964 -649.987 6
9344100 15233.7 -9023.73 478.73 -702.194 6
9335700 -21926 -9497.52 -630.151 66.6679 7
9335900 -21639.7 7385.59 -531.911 -514.208 7
9342700 20966.5 -12995.5 882.931 -650.377 7
9344100 15751.3 -9805.65 478.149 -703.503 7
9335700 -22682.2 -9417.51 -630.151 66.6679 8
9335900 -22278 6768.54 -531.911 -514.208 8
9342700 22026.1 -13776 882.931 -650.377 8
9344100 16325.1 -10649.9 478.149 -703.503 8
