9335700 -15052 -10451 34.9783 -630.718 0
9335900 -16940 11837 287.583 573.246 0
9342700 3503 4144 673.76 -997.631 0
9335700 -15005.2 -11160.7 38.4027 -630.409 1
9335900 -16633.4 12479.8 280.517 572.799 1
9342700 4249.64 3010.97 674.141 -1011.06 1
9335700 -14951.3 -11870.1 41.7083 -630.179 2
9335900 -16342.3 13121.8 273.541 572.365 2
9342700 4996.42 1850.48 674.373 -1023.88 2
9335700 -14890.5 -12579.6 44.8984 -630.025 3
9335900 -16066.4 13763 266.655 571.945 3
9342700 5742.9 664.4 674.462 -1036.11 3
9335700 -14823.3 -13289.4 47.9762 -629.944 4
9335900 -15805.3 14403.5 259.857 571.539 4
9342700 6488.66 -545.463 674.414 -1047.79 4
9335700 -14750.1 -13999.6 50.9448 -629.934 5
9335900 -15558.8 15043.2 253.147 571.145 5
9342700 7233.28 -1777.38 674.233 -1058.91 5
9335700 -14671.1 -14710.6 53.8074 -629.99 6
9335900 -15326.7 15682.3 246.524 570.763 6
9342700 7976.4 -3029.69 673.926 -1069.5 6
9335700 -14585.9 -15422.6 56.6149 -630.046 7
9335900 -15108.3 16321.5 240.029 570.389 7
9342700 8720.09 -4306.49 673.624 -1079.88 7
9335700 -14517.9 -16178.7 56.6149 -630.046 8
9335900 -14820.3 17005.9 240.029 570.389 8
9342700 9528.44 -5602.35 673.624 -1079.88 8
