9335700 -14931 -10097 -125.245 -420.864 0
9335900 -16607 11683 423.34 -217.141 0
9342700 9798 -3204 928.439 -938.146 0
9344100 7903 772 264.441 -1068.5 0
9335700 -15086.7 -10565.8 -130.155 -420.422 1
9335900 -16129.4 11439.4 424.31 -216.947 1
9342700 10798.4 -4221.34 919.394 -930.898 1
9344100 8168.1 -394.425 252.431 -1065.33 1
9335700 -15253.2 -11033.4 -135.016 -419.911 2
9335900 -15649.5 11196.3 425.303 -216.73 2
9342700 11779.4 -5223.68 910.48 -923.889 2
9344100 8406.83 -1555.86 240.652 -1062.22 2
9335700 -15430.2 -11499.4 -139.829 -419.334 3
9335900 -15167.3 10953.9 426.317 -216.492 3
9342700 12741.3 -6211.78 901.695 -917.111 3
9344100 8619.95 -2712.46 229.099 -1059.18 3
9335700 -15617.7 -11963.8 -144.595 -418.694 4
9335900 -14682.7 10712.2 427.35 -216.234 4
9342700 13684.7 -7186.35 893.04 -910.558 4
9344100 8808.2 -3864.4 217.769 -1056.19 4
9335700 -15815.4 -12426.3 -149.314 -417.994 5
9335900 -14195.6 10471.2 428.402 -215.957 5
9342700 14610 -8148.07 884.515 -904.221 5
9344100 8972.3 -5011.81 206.656 -1053.26 5
9335700 -16023.3 -12886.8 -153.987 -417.238 6
9335900 -13705.9 10231 429.471 -215.662 6
9342700 15517.5 -9097.63 876.116 -898.095 6
9344100 9112.95 -6154.85 195.758 -1050.38 6
9335700 -16241.3 -13346.3 -158.57 -416.496 7
9335900 -13213.3 9991.08 430.52 -215.372 7
9342700 16408.8 -10035.8 867.88 -892.087 7
9344100 9230.82 -7293.67 185.069 -1047.56 7
9335700 -16431.6 -13846.1 -158.57 -416.496 8
9335900 -12696.7 9732.64 430.52 -215.372 8
9342700 17450.3 -11106.3 867.88 -892.087 8
9344100 9452.91 -8550.75 185.069 -1047.56 8
