9335700 -15044 -10582 69.9249 -811.481 0
9335900 -16912 11858 -202.975 564.126 0
9342700 2175 6124 312.142 -765.065 0
9335700 -14960.1 -11555.8 69.9249 -811.481 1
9335900 -17155.6 12535 -202.975 564.126 1
9342700 2549.57 5205.92 312.142 -765.065 1
9335700 -14876.2 -12529.6 69.9249 -811.481 2
9335900 -17399.1 13211.9 -202.975 564.126 2
9342700 2924.14 4287.85 312.142 -765.065 2
9335700 -14792.3 -13503.3 69.9249 -811.481 3
9335900 -17642.7 13888.9 -202.975 564.126 3
9342700 3298.71 3369.77 312.142 -765.065 3
9335700 -14708.4 -14477.1 69.9249 -811.481 4
9335900 -17886.3 14565.8 -202.975 564.126 4
9342700 3673.28 2451.69 312.142 -765.065 4
9335700 -14624.5 -15450.9 69.9249 -811.481 5
9335900 -18129.9 15242.8 -202.975 564.126 5
9342700 4047.85 1533.61 312.142 -765.065 5
9335700 -14540.5 -16424.7 69.9249 -811.481 6
9335900 -18373.4 15919.7 -202.975 564.126 6
9342700 4422.42 615.535 312.142 -765.065 6
9335700 -14456.6 -17398.4 69.9249 -811.481 7
9335900 -18617 16596.7 -202.975 564.126 7
9342700 4796.99 -302.542 312.142 -765.065 7
9335700 -14372.7 -18372.2 69.9249 -811.481 8
9335900 -18860.6 17273.6 -202.975 564.126 8
9342700 5171.56 -1220.62 312.142 -765.065 8
