9335700 -14785 -10228 187.682 -602.757 0
9335900 -16792 11679 425.726 -276.113 0
9342700 10395 -3958 651.763 -656.299 0
9344100 8409 -413 297.825 -758.061 0
9335700 -14591.8 -10894.6 181.474 -599.239 1
9335900 -16309.9 11371.4 425.717 -274.971 1
9342700 11126.5 -4692.17 656.74 -661.447 1
9344100 8730.73 -1254.85 296.725 -763.912 1
9335700 -14412.4 -11553.5 175.293 -595.778 2
9335900 -15827.8 11066.3 425.729 -273.846 2
9342700 11867.8 -5436.76 661.453 -666.366 2
9344100 9049.15 -2109.07 295.424 -769.593 2
9335700 -14246.8 -12204.9 169.139 -592.371 3
9335900 -15345.7 10763.7 425.76 -272.737 3
9342700 12618.1 -6191.07 665.908 -671.063 3
9344100 9363.65 -2975.14 293.93 -775.106 3
9335700 -14094.8 -12849.1 163.012 -589.017 4
9335900 -14863.4 10463.4 425.811 -271.645 4
9342700 13376.5 -6954.43 670.113 -675.549 4
9344100 9673.62 -3852.56 292.251 -780.457 4
9335700 -13956.3 -13486.1 156.914 -585.712 5
9335900 -14380.9 10165.4 425.881 -270.568 5
9342700 14142.4 -7726.19 674.077 -679.83 5
9344100 9978.51 -4740.86 290.395 -785.65 5
9335700 -13831.3 -14116.1 150.845 -582.457 6
9335900 -13898.2 9869.76 425.971 -269.506 6
9342700 14914.9 -8505.77 677.805 -683.913 6
9344100 10277.8 -5639.57 288.369 -790.689 6
9335700 -13718.9 -14740.1 144.892 -579.264 7
9335900 -13414.7 9575.95 426.058 -268.465 7
9342700 15696.5 -9295.35 681.462 -687.918 7
9344100 10573.4 -6550.62 286.381 -795.63 7
9335700 -13545 -15435.2 144.892 -579.264 8
9335900 -12903.4 9253.8 426.058 -268.465 8
9342700 16514.3 -10120.8 681.462 -687.918 8
9344100 10917 -7505.38 286.381 -795.63 8
