9335700 -15238 -10455 -227.638 -507.368 0
9335900 -17047 12012 388.931 598.261 0
9342700 3902 3238 337.549 -792.935 0
9335700 -15478 -11030.8 -222.456 -509.73 1
9335900 -16613.3 12679.9 386.711 597.763 1
9342700 4288.51 2353.89 344.029 -797.378 1
9335700 -15706.6 -11611.7 -217.313 -512.045 2
9335900 -16185.1 13346.7 384.401 597.266 2
9342700 4688.94 1459.15 350.385 -801.971 2
9335700 -15924 -12197.6 -212.209 -514.313 3
9335900 -15762.6 14012.5 382.005 596.771 3
9342700 5102.87 553.375 356.619 -806.7 3
9335700 -16130.2 -12788.4 -207.147 -516.537 4
9335900 -15346 14677.2 379.526 596.278 4
9342700 5529.89 -363.8 362.729 -811.552 4
9335700 -16325.5 -13383.8 -202.127 -518.72 5
9335900 -14935.8 15341 376.967 595.787 5
9342700 5969.57 -1292.68 368.716 -816.514 5
9335700 -16510 -13983.9 -197.149 -520.861 6
9335900 -14531.9 16003.7 374.333 595.299 6
9342700 6421.57 -2233.62 374.582 -821.581 6
9335700 -16684.3 -14589.2 -192.267 -522.962 7
9335900 -14133.2 16666.3 371.749 594.819 7
9342700 6886.75 -3186.86 380.335 -826.55 7
9335700 -16915 -15216.8 -192.267 -522.962 8
9335900 -13687.1 17380.1 371.749 594.819 8
9342700 7343.15 -4178.72 380.335 -826.55 8
