9335700 -17620 -10240 -415.745 -288.481 0
9335900 -17202 11688 -216.102 -490.454 0
9342700 20743 -13680 983.036 -431.196 0
9344100 18432 -10959 648.902 -528.953 0
9345300 42252 -17852 -1624.85 1747.12 0
9345500 44126 -18646 -565.087 214.788 0
9335700 -18087.7 -10572.6 -415.736 -291.465 1
9335900 -17407 11177.3 -202.465 -476.127 1
9342700 21816.3 -14157.6 976.741 -433.012 1
9344100 19158.7 -11578.3 655.332 -544.241 1
9345300 40478.6 -15985.2 -1615.63 1717.7 1
9345500 43447.9 -18388.3 -565.087 214.788 1
9335700 -18555.5 -10911.7 -415.751 -294.412 2
9335900 -17582.9 10697.5 -189.121 -462.059 2
9342700 22877.1 -14639.1 970.819 -434.808 2
9344100 19898.6 -12229.1 661.51 -558.963 2
9345300 38724.5 -14182.8 -1606.65 1688.58 2
9345500 42769.8 -18130.5 -565.087 214.788 2
9335700 -19023.5 -11257.1 -415.789 -297.322 3
9335900 -17730.5 10247.7 -176.062 -448.243 3
9342700 23926.6 -15124.5 965.254 -436.588 3
9344100 20651 -12909.5 667.443 -573.138 3
9345300 36989 -12443.7 -1597.9 1659.78 3
9345500 42091.7 -17872.8 -565.087 214.788 3
9335700 -19491.6 -11608.9 -415.85 -300.196 4
9335900 -17850.8 9827.14 -163.282 -434.675 4
9342700 24965.9 -15613.8 960.031 -438.357 4
9344100 21415.1 -13617.8 673.14 -586.782 4
9345300 35271.3 -10766.9 -1589.39 1631.28 4
9345500 41413.6 -17615 -565.087 214.788 4
9335700 -19960.1 -11966.7 -415.933 -303.034 5
9335900 -17944.6 9435 -150.772 -421.349 5
9342700 25996 -16107 955.135 -440.119 5
9344100 22190.2 -14352.4 678.609 -599.912 5
9345300 33570.6 -9151.52 -1581.09 1603.08 5
9345500 40735.5 -17357.3 -565.087 214.788 5
9335700 -20428.9 -12330.6 -416.037 -305.835 6
9335900 -18012.8 9070.55 -138.529 -408.262 6
9342700 27018 -16604 950.555 -441.873 6
9344100 22975.5 -15111.7 683.856 -612.542 6
9345300 31886.2 -7596.42 -1573.01 1575.19 6
9345500 40057.4 -17099.5 -565.087 214.788 6
9335700 -20898.5 -12700.9 -416.14 -308.583 7
9335900 -18055.2 8733.2 -126.521 -395.426 7
9342700 28031.9 -17105.7 946.064 -443.593 7
9344100 23773.4 -15899.1 689.002 -624.929 7
9345300 30216.2 -6097.78 -1565.09 1547.84 7
9345500 39379.3 -16841.8 -565.087 214.788 7
9335700 -21397.9 -13071.2 -416.14 -308.583 8
9335900 -18207 8258.69 -126.521 -395.426 8
9342700 29167.1 -17638 946.064 -443.593 8
9344100 24600.2 -16649 689.002 -624.929 8
9345300 28338.1 -4240.38 -1565.09 1547.84 8
9345500 38701.2 -16584 -565.087 214.788 8
