9335700 -17513 -10434 -334.896 -605.547 0
9335900 -16923 11696 681.566 -88.5401 0
9342700 16750 -10762 1005.05 -793.83 0
9344100 14749 -7269 793.295 -832.739 0
9335700 -17893.4 -11103 -337.045 -601.759 1
9335900 -16179.6 11626.9 674.637 -77.5261 1
9342700 17853.4 -11644.6 1000.49 -795.582 1
9344100 15623.1 -8179.56 792.765 -829.01 1
9335700 -18278.9 -11763.5 -339.232 -597.985 2
9335900 -15452.9 11581.3 667.464 -66.7203 2
9342700 18947.2 -12530.9 996.065 -797.309 2
9344100 16496 -9082.28 792.242 -825.407 2
9335700 -18669.4 -12415.5 -341.454 -594.224 3
9335900 -14743.6 11558.5 660.061 -56.126 3
9342700 20031.6 -13420.7 991.763 -799.011 3
9344100 17367.8 -9977.55 791.725 -821.926 3
9335700 -19065.1 -13059.2 -343.71 -590.475 4
9335900 -14052.4 11557.9 652.44 -45.746 4
9342700 21107.2 -14313.9 987.58 -800.685 4
9344100 18238.3 -10865.8 791.212 -818.565 4
9335700 -19466.2 -13694.5 -345.996 -586.737 5
9335900 -13379.8 11578.5 644.614 -35.5828 5
9342700 22174.2 -15210.5 983.516 -802.331 5
9344100 19107.7 -11747.3 790.701 -815.319 5
9335700 -19872.6 -14321.5 -348.311 -583.01 6
9335900 -12726.6 11619.8 636.593 -25.6321 6
9342700 23233.2 -16110.3 979.566 -803.948 6
9344100 19975.9 -12622.5 790.191 -812.184 6
9335700 -20284.5 -14941.4 -350.582 -579.354 7
9335900 -12089.3 11682.2 628.726 -15.8728 7
9342700 24285.4 -17015.1 975.692 -805.534 7
9344100 20844.5 -13492.5 789.692 -809.109 7
9335700 -20705.2 -15636.7 -350.582 -579.354 8
9335900 -11334.8 11663.2 628.726 -15.8728 8
9342700 25456.2 -17981.7 975.692 -805.534 8
9344100 21792.1 -14463.5 789.692 -809.109 8
