9335700 -17642 -10306 -412.815 -441.39 0
9335900 -16895 12047 496.119 252.554 0
9342700 19868 -13116 628.287 -524.818 0
9344100 17565 -10475 997.094 -1352.71 0
9345300 43840 -19248 -1138.97 245.326 0
9335700 -18108.1 -10804.6 -414.046 -442.506 1
9335900 -16341.1 12332.9 494.39 253.398 1
9342700 20589.2 -13692.4 642.301 -525.091 1
9344100 18649.2 -11932 990.022 -1337.98 1
9345300 42575.8 -19015.2 -1142.33 231.398 1
9335700 -18576.9 -11305.7 -415.276 -443.594 2
9335900 -15790.6 12620.9 492.744 254.273 2
9342700 21339.6 -14270.5 655.84 -525.612 2
9344100 19718.5 -13357.8 983.139 -1323.59 2
9345300 41301.9 -18813 -1145.62 217.739 2
9335700 -19048.5 -11809 -416.505 -444.654 3
9335900 -15243.4 12911 491.179 255.174 3
9342700 22117.6 -14851.1 668.918 -526.368 3
9344100 20773.5 -14753.4 976.441 -1309.53 3
9345300 40018.7 -18640.5 -1148.84 204.342 3
9335700 -19522.8 -12314.5 -417.73 -445.69 4
9335900 -14699.2 13203.1 489.693 256.098 4
9342700 22921.8 -15434.8 681.551 -527.346 4
9344100 21814.7 -16119.8 969.924 -1295.79 4
9345300 38726.4 -18496.8 -1152.01 191.203 4
9335700 -19999.8 -12822.2 -418.949 -446.701 5
9335900 -14157.6 13497.5 488.285 257.039 5
9342700 23750.9 -16022.3 693.75 -528.535 5
9344100 22842.7 -17458.2 963.583 -1282.38 5
9345300 37425.2 -18381.1 -1155.11 178.317 5
9335700 -20479.5 -13331.9 -420.163 -447.689 6
9335900 -13618.6 13794.1 486.95 257.998 6
9342700 24603.5 -16614.3 705.528 -529.927 6
9344100 23858.2 -18769.5 957.413 -1269.28 6
9345300 36115.4 -18292.5 -1158.16 165.679 6
9335700 -20962.5 -13844.4 -421.353 -448.658 7
9335900 -13081.7 14093.1 485.642 258.938 7
9342700 25482.5 -17210.3 717.08 -531.292 7
9344100 24862.3 -20055.3 951.363 -1256.43 7
9345300 34797.1 -18230.4 -1161.14 153.284 7
9335700 -21468.1 -14382.8 -421.353 -448.658 8
9335900 -12498.9 14403.9 485.642 258.938 8
9342700 26343 -17847.8 717.08 -531.292 8
9344100 26003.9 -21563 951.363 -1256.43 8
9345300 33403.7 -18046.4 -1161.14 153.284 8
