9335700 -15085 -9844 -494.905 -183.112 0
9335900 -16640 11721 584.477 -132.167 0
9342700 8365 -1684 322.008 -843.848 0
9335700 -15650.6 -10057.9 -497.175 -184.212 1
9335900 -15984.7 11572.2 584.471 -133.068 1
9342700 8720.56 -2605.99 326.427 -840.396 1
9335700 -16221 -10274.5 -499.397 -185.36 2
9335900 -15329.6 11421.4 584.418 -133.972 2
9342700 9085.68 -3520.63 330.761 -837.033 2
9335700 -16796 -10493.8 -501.568 -186.554 3
9335900 -14674.9 11268.5 584.319 -134.874 3
9342700 9460.08 -4428.23 335.011 -833.755 3
9335700 -17375.4 -10716.1 -503.686 -187.794 4
9335900 -14020.7 11113.5 584.178 -135.773 4
9342700 9843.5 -5329.04 339.179 -830.562 4
9335700 -17959.1 -10941.5 -505.75 -189.078 5
9335900 -13367 10956.6 583.997 -136.663 5
9342700 10235.7 -6223.34 343.269 -827.451 5
9335700 -18546.8 -11170.2 -507.761 -190.405 6
9335900 -12714.1 10797.7 583.778 -137.545 6
9342700 10636.4 -7111.41 347.28 -824.42 6
9335700 -19139.5 -11401.8 -509.734 -191.706 7
9335900 -12060.7 10636.7 583.562 -138.41 7
9342700 11046.5 -7994.59 351.215 -821.447 7
9335700 -19751.2 -11631.9 -509.734 -191.706 8
9335900 -11360.5 10470.6 583.562 -138.41 8
9342700 11467.9 -8980.33 351.215 -821.447 8
