9315400 14284 -7764 -731.413 885.65 0
9330400 1443 1875 -1007.15 416.479 0
9331600 18668 -13089 -851.43 348.619 0
9332600 1773 5293 1648.29 -440.586 0
9315400 13456.6 -6757.81 -739.539 899.027 1
9330400 323.282 2360.23 -1013.7 428.634 1
9331600 17718 -12704.2 -855.427 351.324 1
9332600 3583.38 4823.6 1642.53 -434.178 1
9315400 12612.7 -5723.46 -747.297 912.006 2
9330400 -810.687 2871.23 -1020.15 440.485 2
9331600 16759.3 -12313.4 -859.36 354.025 2
9332600 5381.36 4367.9 1636.89 -427.902 2
9315400 11753.5 -4662.24 -754.699 924.594 3
9330400 -1958.59 3407.04 -1026.52 452.041 3
9331600 15792.4 -11916.5 -863.229 356.722 3
9332600 7167.35 3925.45 1631.39 -421.756 3
9315400 10880.2 -3575.38 -761.756 936.801 4
9330400 -3120.09 3966.75 -1032.78 463.312 4
9331600 14817.3 -11513.6 -867.036 359.416 4
9332600 8941.79 3495.85 1626.02 -415.737 4
9315400 9993.65 -2464.09 -768.478 948.634 5
9330400 -4294.88 4549.47 -1038.96 474.306 5
9331600 13834.2 -11104.6 -870.779 362.106 5
9332600 10705.1 3078.68 1620.78 -409.845 5
9315400 9095 -1329.5 -774.878 960.104 6
9330400 -5482.69 5154.37 -1045.03 485.03 6
9331600 12843.4 -10689.6 -874.46 364.791 6
9332600 12457.7 2673.54 1615.65 -404.076 6
9315400 8181.32 -168.69 -781.154 971.353 7
9330400 -6685.48 5783.01 -1050.99 495.547 7
9331600 11843.2 -10268.1 -878.071 367.426 7
9332600 14202.3 2279.88 1610.63 -398.418 7
9315400 7243.93 996.934 -781.154 971.353 8
9330400 -7946.67 6377.67 -1050.99 495.547 8
9331600 10789.5 -9827.17 -878.071 367.426 8
9332600 16135 1801.78 1610.63 -398.418 8
