9315400 11472 -4761 -805.174 718.217 0
9330400 -3588 2521 -1249.09 686.881 0
9332600 998 4511 -1371.78 358.433 0
9333700 -17259 11394 -431.216 -801.699 0
9333701 14898 -10715 -1008.22 667.015 0
9315400 10583.5 -3976.17 -807.171 719.308 1
9330400 -4996.06 3243.12 -1264.8 667.67 1
9332600 -465.894 4859.82 -1350.75 338.425 1
9333700 -17735.1 10510.3 -431.778 -803.985 1
9333701 13783 -10003.8 -1007.65 657.722 1
9315400 9690.62 -3189.03 -809.129 720.33 2
9330400 -6436.76 3925.32 -1279.96 649.138 2
9332600 -1883.27 5165.34 -1329.77 318.716 2
9333700 -18213.3 9619.83 -432.33 -806.227 2
9333701 12667.6 -9312.04 -1007.08 648.609 2
9315400 8793.43 -2399.81 -811.048 721.287 3
9330400 -7908.3 4569.74 -1294.57 631.265 3
9332600 -3254.28 5428.55 -1308.84 299.305 3
9333700 -18693.5 8722.85 -432.871 -808.426 3
9333701 11551.6 -8639.18 -1006.53 639.67 3
9315400 7892.09 -1608.67 -812.928 722.182 4
9330400 -9408.94 5178.45 -1308.64 614.033 4
9332600 -4579.11 5650.45 -1287.97 280.191 4
9333700 -19175.7 7819.51 -433.402 -810.583 4
9333701 10435 -7984.66 -1005.99 630.904 4
9315400 6986.72 -815.805 -814.77 723.021 5
9330400 -10937 5753.44 -1322.19 597.424 5
9332600 -5857.91 5832.04 -1267.14 261.374 5
9333700 -19659.9 6909.96 -433.922 -812.698 5
9333701 9318.02 -7347.94 -1005.45 622.306 5
9315400 6077.43 -21.3515 -816.573 723.805 6
9330400 -12491 6296.64 -1335.23 581.419 6
9332600 -7090.88 5974.24 -1246.37 242.849 6
9333700 -20145.9 5994.38 -434.433 -814.773 6
9333701 8200.46 -6728.5 -1004.93 613.873 6
9315400 5162.72 776.297 -818.342 724.575 7
9330400 -14075.2 6806.72 -1348.03 565.722 7
9332600 -8282.06 6077.52 -1226 224.68 7
9333700 -20633.7 5072.92 -434.933 -816.807 7
9333701 7082.39 -6125.83 -1004.42 605.603 7
9315400 4180.71 1645.79 -818.342 724.575 8
9330400 -15692.9 7485.58 -1348.03 565.722 8
9332600 -9753.26 6347.13 -1226 224.68 8
9333700 -21155.6 4092.75 -434.933 -816.807 8
9333701 5877.09 -5399.11 -1004.42 605.603 8
