9315400 13273 -6846 -920.764 619.748 0
9330400 -170 2247 -1393.62 529.022 0
9332600 2583 4380 596.39 -955.728 0
9315400 12265.5 -6154.04 -917.427 625.37 1
9330400 -1687.78 2830.59 -1386.44 527.319 1
9332600 3283.39 3347.87 616.407 -945.574 1
9315400 11264.4 -5448.89 -914.296 631.126 2
9330400 -3190.71 3411.44 -1379.51 525.87 2
9332600 4026.25 2338.05 635.933 -935.497 2
9315400 10269.2 -4730.16 -911.361 637.007 3
9330400 -4679.6 3990.34 -1372.84 524.667 3
9332600 4810.02 1350.27 654.981 -925.498 3
9315400 9279.22 -3997.52 -908.613 643.002 4
9330400 -6155.28 4568.04 -1366.42 523.698 4
9332600 5633.16 384.27 673.561 -915.578 4
9315400 8293.94 -3250.65 -906.04 649.102 5
9330400 -7618.49 5145.24 -1360.24 522.954 5
9332600 6494.22 -560.227 691.684 -905.738 5
9315400 7312.8 -2489.21 -903.637 655.302 6
9330400 -9070.04 5722.64 -1354.29 522.427 6
9332600 7391.82 -1483.5 709.363 -895.978 6
9315400 6335.09 -1713.31 -901.281 661.382 7
9330400 -10511.5 6299.81 -1348.45 521.91 7
9332600 8328.41 -2387.68 726.701 -886.406 7
9315400 5253.56 -919.655 -901.281 661.382 8
9330400 -12129.7 6926.1 -1348.45 521.91 8
9332600 9200.45 -3451.37 726.701 -886.406 8
