9315400 7844 -1404 -631.727 637.605 0
9330400 -10063 3120 -1764.03 96.9198 0
9332600 -548 9308 111.801 1077.37 0
9333700 -21999 7141 -1544.48 -1048.21 0
9333701 11237 -6286 -1010.5 1080.95 0
9334200 -18175 10746 -1513.7 -1247.67 0
9315400 7143.07 -704.226 -635.833 637.715 1
9330400 -11972.7 3230.45 -1751.14 99.7437 1
9332600 -451.244 10498.9 100.803 1081.46 1
9333700 -23695.2 5988.93 -1538.93 -1045.19 1
9333701 10140.1 -5107.56 -1003.32 1076.3 1
9334200 -19817.7 9479.77 -1497.28 -1203.15 1
9315400 6433.43 -4.02761 -639.827 637.864 2
9330400 -13855.3 3346.6 -1738.6 102.405 2
9332600 -377.239 11698.4 90.1828 1085.4 2
9333700 -25379.5 4843.21 -1533.51 -1042.27 2
9333701 9058.18 -3937.97 -996.347 1071.97 2
9334200 -21426.4 8310.55 -1481.18 -1159.49 2
9315400 5715.44 696.724 -643.715 638.052 3
9330400 -15711.9 3467.94 -1726.39 104.909 3
9332600 -324.834 12905.9 79.9225 1089.18 3
9333700 -27052.4 3703.52 -1528.2 -1039.45 3
9333701 7990.52 -2776.24 -989.594 1067.95 3
9334200 -23002 7235.55 -1465.39 -1116.66 3
9315400 4989.42 1398.15 -647.5 638.279 4
9330400 -17543.4 3593.96 -1714.5 107.26 4
9332600 -292.947 14121 70.0065 1092.82 4
9333700 -28714.1 2569.56 -1523 -1036.72 4
9333701 6936.43 -1621.48 -983.052 1064.23 4
9334200 -24545.5 6252.05 -1449.91 -1074.66 4
9315400 4255.68 2100.38 -651.184 638.543 5
9330400 -19351 3724.19 -1702.93 109.461 5
9332600 -280.562 15343.1 60.4196 1096.32 5
9333700 -30365 1441.05 -1517.91 -1034.08 5
9333701 5895.22 -472.829 -976.72 1060.78 5
9334200 -26057.9 5357.4 -1434.72 -1033.47 5
9315400 3514.52 2803.55 -654.771 638.842 6
9330400 -21135.6 3858.16 -1691.66 111.519 6
9332600 -286.669 16571.9 51.1527 1099.67 6
9333700 -32005.4 317.676 -1512.92 -1031.53 6
9333701 4866.21 670.589 -970.592 1057.59 6
9334200 -27540 4549.02 -1419.83 -993.074 6
9315400 2764.41 3508.61 -658.289 639.136 7
9330400 -22899.5 3996.78 -1680.61 113.536 7
9332600 -312.382 17810 42.0641 1102.96 7
9333700 -33637.9 -802.153 -1508.03 -1029.03 7
9333701 3848.41 1809.25 -964.582 1054.47 7
9334200 -28992.8 3824.4 -1405.22 -953.452 7
9315400 1974.46 4275.58 -658.289 639.136 8
9330400 -24916.2 4133.02 -1680.61 113.536 8
9332600 -261.905 19133.6 42.0641 1102.96 8
9333700 -35447.6 -2036.99 -1508.03 -1029.03 8
9333701 2690.91 3074.61 -964.582 1054.47 8
9334200 -30679 2680.25 -1405.22 -953.452 8
