9315400 14935 -8776 -1176.56 1595.84 0
9330400 2829 1327 -1343.56 1056 0
9331600 19475 -13768 -1057.71 484.197 0
9332600 341 5842 1345.45 -106.656 0
9315400 13658.3 -7022.72 -1165.07 1588.4 1
9330400 1343.29 2486.06 -1345.65 1052.05 1
9331600 18306.6 -13230.8 -1058.48 486.698 1
9332600 1823.35 5727.34 1346.99 -107.065 1
9315400 12406.3 -5285.89 -1153.82 1581.01 2
9330400 -146.362 3637.09 -1347.56 1048.27 2
9331600 17136.8 -12688 -1059.2 489.205 2
9332600 3308.93 5611.59 1348.43 -107.494 2
9315400 11178 -3565.35 -1142.82 1573.66 3
9330400 -1639.4 4780.62 -1349.31 1044.66 3
9331600 15965.8 -12139.6 -1059.87 491.716 3
9332600 4797.43 5494.67 1349.78 -107.947 3
9315400 9972.8 -1860.94 -1132.05 1566.36 4
9330400 -3135.3 5917.19 -1350.89 1041.21 4
9331600 14793.6 -11585.4 -1060.5 494.229 4
9332600 6288.59 5376.49 1351.04 -108.422 4
9315400 8789.81 -172.504 -1121.52 1559.1 5
9330400 -4633.56 7047.29 -1352.31 1037.92 5
9331600 13620.5 -11025.7 -1061.08 496.741 5
9332600 7782.18 5256.98 1352.22 -108.923 5
9315400 7628.28 1500.17 -1111.21 1551.9 6
9330400 -6133.73 8171.47 -1353.59 1034.79 6
9331600 12446.6 -10460.3 -1061.62 499.251 6
9332600 9278 5136.04 1353.32 -109.447 6
9315400 6486.69 3160.25 -1101.11 1544.84 7
9330400 -7639.15 9290.83 -1354.83 1031.71 7
9331600 11269.5 -9888.55 -1062.14 501.713 7
9332600 10778.8 5013.73 1354.4 -109.961 7
9315400 5165.36 5014.05 -1101.11 1544.84 8
9330400 -9264.95 10528.9 -1354.83 1031.71 8
9331600 9994.9 -9286.5 -1062.14 501.713 8
9332600 12404 4881.78 1354.4 -109.961 8
