9315400 20607 -13959 -624.316 696.587 0
9330400 10229 -4837 -798.221 683.696 0
9331600 27039 -17465 -954.489 264.929 0
9332600 -7698 8459 329.682 -942.437 0
9315400 19906.7 -13191.2 -631.359 694.93 1
9330400 9338.45 -4064.26 -803.727 693.859 1
9331600 25980.3 -17153.6 -957.096 271.95 1
9332600 -7364.39 7411.97 317.209 -945.25 1
9315400 19191.5 -12427.3 -638.233 693.204 2
9330400 8436.45 -3270.1 -809.064 703.746 2
9331600 24916.8 -16827.5 -959.526 278.789 2
9332600 -7058.01 6356.91 304.976 -948.009 2
9315400 18462 -11667.7 -644.943 691.412 3
9330400 7523.52 -2455.37 -814.236 713.366 3
9331600 23848.8 -16487 -961.794 285.448 3
9332600 -6778.07 5294.05 292.978 -950.715 3
9315400 17718.6 -10912.5 -651.497 689.557 4
9330400 6600.15 -1620.91 -819.251 722.727 4
9331600 22776.8 -16133 -963.91 291.931 4
9332600 -6523.83 4223.57 281.21 -953.369 4
9315400 16961.8 -10161.9 -657.899 687.643 5
9330400 5666.84 -767.506 -824.113 731.837 5
9331600 21701.3 -15765.8 -965.886 298.24 5
9332600 -6294.52 3145.7 269.67 -955.972 5
9315400 16192.1 -9416.08 -664.152 685.671 6
9330400 4723.99 104.093 -828.828 740.702 6
9331600 20622.5 -15386.1 -967.728 304.38 6
9332600 -6089.44 2060.62 258.351 -958.525 6
9315400 15407.7 -8673.21 -670.286 683.738 7
9330400 3769.52 996.02 -833.452 749.396 7
9331600 19538.1 -14992.9 -969.533 310.402 7
9332600 -5907.87 968.528 247.25 -961.029 7
9315400 14603.4 -7852.72 -670.286 683.738 8
9330400 2769.38 1895.3 -833.452 749.396 8
9331600 18374.6 -14620.4 -969.533 310.402 8
9332600 -5611.17 -184.706 247.25 -961.029 8
