9315400 7120 -544 -939.764 1143.96 0
9330400 -10912 3206 -947.954 254.887 0
9332600 -360 10058 145.628 1052.76 0
9333700 -22791 6194 -879.14 -1403.75 0
9333701 10632 -5399 -524.988 1142.39 0
9334200 -19004 9695 -876.91 -1458.06 0
9315400 6092.07 692.82 -935.213 1132.06 1
9330400 -11991.1 3490.08 -965.256 255.807 1
9332600 -205.73 11234.4 143.807 1058.45 1
9333700 -23768.9 4679.01 -885.947 -1388 1
9333701 10022.5 -4127.19 -540.517 1147.68 1
9334200 -19971.2 8089.48 -878.715 -1453.85 1
9315400 5073.47 1904.05 -930.851 1120.39 2
9330400 -13106 3775.4 -981.929 256.539 2
9332600 -56.4734 12422.8 141.773 1064 2
9333700 -24761.4 3197.03 -892.574 -1372.71 2
9333701 9380.33 -2844.86 -555.554 1152.68 2
9334200 -20944.1 6490.8 -880.486 -1449.71 2
9315400 4063.63 3090.41 -926.669 1108.93 3
9330400 -14254.6 4061.37 -997.996 257.09 3
9332600 87.1364 13622.6 139.538 1069.41 3
9333700 -25767.9 1746.56 -899.024 -1357.88 3
9333701 8707.18 -1552.96 -570.113 1157.38 3
9334200 -21922.6 4898.74 -882.223 -1445.66 3
9315400 3062 4252.65 -922.66 1097.7 4
9330400 -15435 4347.43 -1013.47 257.466 4
9332600 224.516 14833.6 137.113 1074.69 4
9333700 -26787.8 326.164 -905.302 -1343.49 4
9333701 8004.48 -252.378 -584.211 1161.79 4
9334200 -22906.6 3313.07 -883.927 -1441.68 4
9315400 2068.06 5391.47 -918.817 1086.68 5
9330400 -16645.5 4633.05 -1028.39 257.673 5
9332600 355.127 16055.1 134.51 1079.84 5
9333700 -27820.5 -1065.53 -911.411 -1329.54 5
9333701 7273.65 1056.01 -597.862 1165.93 5
9334200 -23895.9 1733.6 -885.597 -1437.78 5
9315400 1081.29 6507.59 -915.134 1075.88 6
9330400 -17884.4 4917.71 -1042.74 257.718 6
9332600 478.43 17286.9 131.736 1084.85 6
9333700 -28865.7 -2429.91 -917.357 -1316 6
9333701 6516.06 2371.43 -611.078 1169.81 6
9334200 -24890.4 160.12 -887.236 -1433.96 6
9315400 100.682 7602.7 -911.521 1065.28 7
9330400 -19156 5202.96 -1056.83 257.762 7
9332600 596.144 18531.4 129.016 1089.77 7
9333700 -29925.3 -3767.89 -923.189 -1302.73 7
9333701 5729.12 3697.29 -624.039 1173.62 7
9334200 -25889.9 -1407.56 -888.843 -1430.2 7
9315400 -993.143 8881.04 -911.521 1065.28 8
9330400 -20424.2 5512.27 -1056.83 257.762 8
9332600 750.964 19839.1 129.016 1089.77 8
9333700 -31033.2 -5331.16 -923.189 -1302.73 8
9333701 4980.27 5105.63 -624.039 1173.62 8
9334200 -26956.5 -3123.81 -888.843 -1430.2 8
