9315400 19528 -13476 -767.477 422.89 0
9330400 9202 -3818 -791.82 711.891 0
9331600 25682 -16863 -1058.24 366.142 0
9332600 -6931 7549 540.206 -382.461 0
9315400 18692.3 -12998.3 -764.991 428.091 1
9330400 8331.47 -3038.09 -792.152 711.735 1
9331600 24523.8 -16466.8 -1056.34 364.461 1
9332600 -6350.06 7111.63 535.681 -393.34 1
9315400 17861.3 -12509.5 -762.681 433.156 2
9330400 7459.76 -2257.66 -792.577 711.766 2
9331600 23369.3 -16073.4 -1054.52 362.941 2
9332600 -5779.82 6650.48 531.012 -404.063 2
9315400 17034.5 -12010.1 -760.542 438.089 3
9330400 6586.58 -1476.14 -793.09 711.977 3
9331600 22218.4 -15682.4 -1052.78 361.575 3
9332600 -5220.71 6166.04 526.206 -414.631 3
9315400 16211.4 -11500.6 -758.568 442.89 4
9330400 5711.69 -692.992 -793.687 712.359 4
9331600 21070.8 -15293.4 -1051.11 360.357 4
9332600 -4673.16 5658.78 521.271 -425.045 4
9315400 15391.3 -10981.4 -756.751 447.56 5
9330400 4834.83 92.2875 -794.363 712.904 5
9331600 19926.4 -14905.8 -1049.5 359.28 5
9332600 -4137.54 5129.16 516.213 -435.308 5
9315400 14574 -10452.8 -755.088 452.104 6
9330400 3955.74 880.223 -795.115 713.606 6
9331600 18784.8 -14519.3 -1047.96 358.339 6
9332600 -3614.22 4577.64 511.039 -445.422 6
9315400 13758.6 -9913.76 -753.457 456.56 7
9330400 3073.52 1671.06 -795.853 714.295 7
9331600 17644.4 -14134.1 -1046.45 357.417 7
9332600 -3100.83 4003.64 505.964 -455.341 7
9315400 12854.5 -9365.88 -753.457 456.56 8
9330400 2118.49 2528.21 -795.853 714.295 8
9331600 16388.7 -13705.2 -1046.45 357.417 8
9332600 -2493.67 3457.23 505.964 -455.341 8
