9315400 23863 -15425 -1196.16 319.998 0
9330400 13428 -8011 -1201.9 1248.11 0
9331400 -23369 1339 1136.09 418.951 0
9331600 30491 -18407 -1782.82 282.091 0
9315400 22537.6 -15071.8 -1197.9 320.607 1
9330400 12114.7 -6637.33 -1196.55 1246.35 1
9331400 -22111.5 1795.65 1142.52 415.849 1
9331600 28557.8 -18099.5 -1768.9 282.925 1
9315400 21209 -14717.6 -1199.51 321.161 2
9330400 10812.7 -5267.66 -1191.32 1244.57 2
9331400 -20839.9 2246.15 1148.84 412.918 2
9331600 26654.1 -17790.2 -1755.3 283.698 2
9315400 19877.3 -14362.4 -1201.01 321.66 3
9330400 9521.73 -3902.04 -1186.22 1242.78 3
9331400 -19554.6 2691.04 1155.04 410.151 3
9331600 24779 -17479.4 -1742.01 284.417 3
9315400 18543.2 -14006.5 -1202.39 322.108 4
9330400 8241.29 -2540.51 -1181.24 1240.97 4
9331400 -18256 3130.84 1161.12 407.547 4
9331600 22931.4 -17167.1 -1729.03 285.087 4
9315400 17206.8 -13649.9 -1203.66 322.507 5
9330400 6970.97 -1183.12 -1176.39 1239.16 5
9331400 -16944.5 3566.06 1167.09 405.1 5
9331600 21110.5 -16853.4 -1716.33 285.715 5
9315400 15868.5 -13292.9 -1204.82 322.858 6
9330400 5710.33 170.143 -1171.66 1237.34 6
9331400 -15620.5 3997.21 1172.94 402.805 6
9331600 19315.2 -16538.6 -1703.92 286.301 6
9315400 14525.6 -12934.5 -1205.96 323.202 7
9330400 4457.55 1521.82 -1167.03 1235.54 7
9331400 -14281.7 4424.18 1178.67 400.555 7
9331600 17543.2 -16221.9 -1691.76 286.875 7
9315400 13078.4 -12546.7 -1205.96 323.202 8
9330400 3057.11 3004.47 -1167.03 1235.54 8
9331400 -12867.3 4904.84 1178.67 400.555 8
9331600 15513.1 -15877.6 -1691.76 286.875 8
