9315400 16634 -10926 -582.584 947.796 0
9330400 5606 -437 -1116.09 1082.42 0
9331600 21917 -15060 -1009.07 774.555 0
9332600 -2463 6290 1187.97 -179.625 0
9315400 15969.9 -9880.64 -595.284 947.664 1
9330400 4388.53 769.568 -1111.36 1087.64 1
9331600 20814.4 -14206.7 -1007.93 771.301 1
9332600 -1125.83 6077.69 1200.18 -186.491 1
9315400 15279.6 -8836.04 -607.492 947.42 2
9330400 3180.86 1986.87 -1106.8 1092.65 2
9331600 19714.2 -13361 -1006.78 767.991 2
9332600 236.761 5850.81 1212 -193.184 2
9315400 14564.6 -7792.58 -619.225 947.067 3
9330400 1982.5 3214.23 -1102.4 1097.46 3
9331600 18616.5 -12523.2 -1005.62 764.629 3
9332600 1623.51 5609.89 1223.44 -199.71 3
9315400 13826.4 -6750.57 -630.497 946.608 4
9330400 792.953 4450.99 -1098.15 1102.07 4
9331600 17521.2 -11693.2 -1004.46 761.22 4
9332600 3033.16 5355.48 1234.49 -206.071 4
9315400 13066.5 -5710.37 -641.322 946.046 5
9330400 -388.225 5696.51 -1094.04 1106.48 5
9331600 16428.5 -10871.4 -1003.29 757.767 5
9332600 4464.48 5088.08 1245.17 -212.272 5
9315400 12286.1 -4672.25 -651.714 945.385 6
9330400 -1561.52 6950.24 -1090.07 1110.7 6
9331600 15338.3 -10057.7 -1002.12 754.272 6
9332600 5916.37 4808.2 1255.49 -218.317 6
9315400 11482.2 -3633.76 -661.906 944.737 7
9330400 -2728.47 8215 -1086.18 1114.84 7
9331600 14248.5 -9250.21 -1000.97 750.845 7
9332600 7392.57 4515.02 1265.61 -224.245 7
9315400 10688 -2500.07 -661.906 944.737 8
9330400 -4031.89 9552.81 -1086.18 1114.84 8
9331600 13047.3 -8349.19 -1000.97 750.845 8
9332600 8911.3 4245.92 1265.61 -224.245 8
