9315400 26221 -16253 -1044.31 226.876 0
9330400 15816 -10464 -913.731 1057 0
9330600 -14480 18900 93.7103 1253.67 0
9331400 -26287 714 1537.96 535.717 0
9331600 33645 -19208 -1191.15 157.073 0
9315400 25071.8 -16004.6 -1044.37 227.92 1
9330400 14781.7 -9309.05 -929.483 1052.14 1
9330600 -14379.8 20274.6 93.9624 1252.12 1
9331400 -24619.3 1315.68 1526.84 540.619 1
9331600 32340.9 -19004.9 -1190.87 169.562 1
9315400 23922.5 -15753.5 -1044.43 229.004 2
9330400 13714.8 -8165.23 -944.642 1047.21 2
9330600 -14278.5 21645.5 94.3376 1250.5 2
9331400 -22974.9 1927.25 1516.04 545.295 2
9331600 31037.8 -18775.4 -1190.47 181.737 2
9315400 22772.9 -15499.7 -1044.5 230.126 3
9330400 12617.2 -7032.74 -959.227 1042.21 3
9330600 -14175.6 23012.5 94.8313 1248.82 3
9331400 -21352.8 2547.98 1505.53 549.749 3
9331600 29736.1 -18520.5 -1189.95 193.606 3
9315400 21623.1 -15243 -1044.57 231.287 4
9330400 11490.8 -5911.76 -973.255 1037.16 4
9330600 -14070.7 24375.5 95.4392 1247.09 4
9331400 -19752 3177.19 1495.32 553.989 4
9331600 28436.2 -18241.1 -1189.32 205.179 4
9315400 20473 -14983.3 -1044.64 232.488 5
9330400 10337.1 -4802.43 -986.745 1032.05 5
9330600 -13963.6 25734.2 96.1572 1245.3 5
9331400 -18171.7 3814.21 1485.4 558.02 5
9331600 27138.2 -17938.1 -1188.6 216.463 5
9315400 19322.7 -14720.5 -1044.72 233.727 6
9330400 9157.78 -3704.9 -999.711 1026.89 6
9330600 -13853.9 27088.5 96.9807 1243.45 6
9331400 -16610.9 4458.42 1475.76 561.849 6
9331600 25842.6 -17612.4 -1187.79 227.465 6
9315400 18170.2 -14454.5 -1044.79 234.942 7
9330400 7948.85 -2616.41 -1012.43 1021.83 7
9330600 -13742.2 28441.2 97.7884 1241.64 7
9331400 -15067.8 5111.85 1466.3 565.604 7
9331600 24546.3 -17262.9 -1186.98 238.256 7
9315400 16916.4 -14172.5 -1044.79 234.942 8
9330400 6733.94 -1390.21 -1012.43 1021.83 8
9330600 -13624.8 29931.2 97.7884 1241.64 8
9331400 -13308.2 5790.58 1466.3 565.604 8
9331600 23121.9 -16977 -1186.98 238.256 8
