9315400 15886 -9918 -578.172 1219.41 0
9330400 4285 380 -1465.63 841.254 0
9331600 20576 -14423 -1101.43 608.176 0
9332600 -1350 6162 1433.68 -125.184 0
9315400 15249.4 -8579.81 -578.736 1214.18 1
9330400 2680.45 1320.59 -1458.73 846.09 1
9331600 19369.2 -13745 -1099.61 611.25 1
9332600 229.563 6020.59 1429.41 -126.492 1
9315400 14610.7 -7252.94 -579.515 1209.04 2
9330400 1091.17 2271.93 -1451.87 850.926 2
9331600 18166.5 -13060.6 -1097.8 614.201 2
9332600 1800.84 5875.84 1425.45 -127.901 2
9315400 13969.2 -5937.09 -580.496 1203.99 3
9330400 -483.019 3233.98 -1445.07 855.757 3
9331600 16967.8 -12370.2 -1096.01 617.029 3
9332600 3364.75 5727.45 1421.78 -129.405 3
9315400 13324.3 -4631.99 -581.666 1199.03 4
9330400 -2042.3 4206.7 -1438.32 860.581 4
9331600 15773.1 -11674.2 -1094.22 619.737 4
9332600 4922.17 5575.13 1418.38 -130.999 4
9315400 12675.6 -3337.39 -583.014 1194.15 5
9330400 -3586.85 5190.05 -1431.62 865.392 5
9331600 14582.3 -10973 -1092.45 622.325 5
9332600 6473.91 5418.63 1415.25 -132.679 5
9315400 12022.4 -2052.98 -584.531 1189.35 6
9330400 -5116.91 6184.01 -1424.97 870.191 6
9331600 13395.4 -10267.1 -1090.69 624.798 6
9332600 8020.84 5257.68 1412.37 -134.44 6
9315400 11364.8 -776.638 -586.02 1184.65 7
9330400 -6635.44 7189.75 -1418.45 874.898 7
9331600 12210.1 -9554.68 -1088.97 627.222 7
9332600 9564.12 5092.74 1409.54 -136.168 7
9315400 10661.6 644.94 -586.02 1184.65 8
9330400 -8337.59 8239.63 -1418.45 874.898 8
9331600 10903.3 -8802.01 -1088.97 627.222 8
9332600 11255.6 4929.34 1409.54 -136.168 8
