9315400 21484 -14511 -994.355 621.229 0
9330400 11185 -5792 -1091.68 1220.88 0
9331600 28024 -17593 -1104.57 634.665 0
9332600 -8048 9606 -318.689 -1088.67 0
9315400 20397.8 -13834.9 -992.3 615.789 1
9330400 9993.47 -4457.19 -1087.99 1216.34 1
9331600 26827.4 -16893.7 -1097.02 632.289 1
9332600 -8430.43 8299.59 -318.689 -1088.67 1
9315400 19315.3 -13170.6 -990.401 610.448 2
9330400 8809.27 -3131.55 -1084.47 1211.98 2
9331600 25645.2 -16199.9 -1089.98 629.875 2
9332600 -8812.85 6993.18 -318.689 -1088.67 2
9315400 18236.1 -12517.8 -988.654 605.204 3
9330400 7631.86 -1814.52 -1081.12 1207.8 3
9331600 24476 -15511.7 -1083.45 627.426 3
9332600 -9195.28 5686.77 -318.689 -1088.67 3
9315400 17159.8 -11876 -987.053 600.055 4
9330400 6460.74 -505.568 -1077.93 1203.79 4
9331600 23318.1 -14829.3 -1077.39 624.944 4
9332600 -9577.71 4380.37 -318.689 -1088.67 4
9315400 16085.8 -11245 -985.594 594.999 5
9330400 5295.42 795.833 -1074.89 1199.95 5
9331600 22170.2 -14152.6 -1071.8 622.431 5
9332600 -9960.14 3073.96 -318.689 -1088.67 5
9315400 15013.7 -10624.6 -984.272 590.036 6
9330400 4135.39 2090.22 -1072.01 1196.26 6
9331600 21030.7 -13481.9 -1066.64 619.89 6
9332600 -10342.6 1767.55 -318.689 -1088.67 6
9315400 13942.5 -10013.7 -982.976 585.169 7
9330400 2979.44 3379.02 -1069.18 1192.65 7
9331600 19900.3 -12815.5 -1061.59 617.397 7
9332600 -10725 461.14 -318.689 -1088.67 7
9315400 12762.9 -9311.46 -982.976 585.169 8
9330400 1696.43 4810.19 -1069.18 1192.65 8
9331600 18626.3 -12074.6 -1061.59 617.397 8
9332600 -11107.4 -845.268 -318.689 -1088.67 8
