9315400 33603 -18797 -1287.57 524.267 0
9330400 24202 -14619 -1026.09 739.751 0
9330600 -15709 11471 -285.667 793.885 0
9331400 -34501 -3324 1098.27 -192.092 0
9315400 32201.4 -18223.5 -1277.94 519.706 1
9330400 23065.1 -13804.1 -1029.37 737.599 1
9330600 -16045.3 12298.2 -292.468 769.678 1
9331400 -33284.7 -3517.86 1099.8 -182.46 1
9315400 30820 -17659.3 -1268.59 515.357 2
9330400 21921.1 -12993.8 -1032.63 735.507 2
9330600 -16396.9 13075 -299.34 746.302 2
9331400 -32062.8 -3690.47 1101.31 -173.013 2
9315400 29458.1 -17103.8 -1259.51 511.214 3
9330400 20770 -12187.9 -1035.86 733.477 3
9330600 -16764.2 13804.1 -306.278 723.728 3
9331400 -30835.7 -3842.44 1102.79 -163.748 3
9315400 28114.7 -16556.4 -1250.7 507.271 4
9330400 19612.1 -11386.1 -1039.06 731.51 4
9330600 -17147.2 14487.9 -313.276 701.93 4
9331400 -29603.4 -3974.38 1104.23 -154.661 4
9315400 26789 -16016.3 -1242.15 503.521 5
9330400 18447.3 -10588.2 -1042.24 729.608 5
9330600 -17546.1 15128.8 -320.329 680.881 5
9331400 -28366.1 -4086.84 1105.66 -145.749 5
9315400 25480.1 -15483 -1233.86 499.959 6
9330400 17275.7 -9794.03 -1045.39 727.769 6
9330600 -17961.1 15729 -327.433 660.561 6
9331400 -27123.8 -4180.41 1107.05 -137.009 6
9315400 24186.7 -14956.5 -1225.72 496.465 7
9330400 16095.4 -9002.47 -1048.47 725.966 7
9330600 -18391.7 16287.2 -334.401 640.632 7
9331400 -25876.7 -4255.62 1108.41 -128.436 7
9315400 22715.9 -14360.8 -1225.72 496.465 8
9330400 14837.3 -8131.32 -1048.47 725.966 8
9330600 -18793 17056 -334.401 640.632 8
9331400 -24546.6 -4409.75 1108.41 -128.436 8
