9315400 9759 -3152 -747.982 748.051 0
9330400 -6406 2924 -1350.62 -35.502 0
9332600 -269 6554 53.6881 1131.32 0
9333700 -19425 9115 -1309.97 -1021.14 0
9333701 13078 -8535 -818.063 1536.04 0
9315400 8927.26 -2323 -750.947 750.365 1
9330400 -7886.8 2873.58 -1348.7 -39.0912 1
9332600 -242.405 7776.19 36.6403 1122.96 1
9333700 -20863.2 7995.53 -1304.97 -1017.92 1
9333701 12152.8 -6871.19 -826.976 1519.9 1
9315400 8089.32 -1489.24 -753.821 752.581 2
9330400 -9363.75 2816.77 -1346.83 -42.302 2
9332600 -253.078 8979.97 19.752 1114.61 2
9333700 -22289.5 6883.13 -1299.83 -1014.76 2
9333701 11209 -5242.21 -835.615 1504.04 2
9315400 7245.47 -651.01 -756.609 754.701 3
9330400 -10837.1 2754.7 -1345.03 -45.1537 3
9332600 -300.432 10165.3 3.03094 1106.26 3
9333700 -23703.7 5777.64 -1294.57 -1011.64 3
9333701 10247.3 -3647.16 -843.989 1488.47 3
9315400 6395.98 191.375 -759.312 756.729 4
9330400 -12307 2688.44 -1343.3 -47.6648 4
9332600 -383.845 11332.3 -13.5153 1097.91 4
9333700 -25105.3 4678.91 -1289.19 -1008.57 4
9333701 9268.77 -2085.18 -852.102 1473.16 4
9315400 5541.11 1037.63 -761.934 758.668 5
9330400 -13773.7 2618.98 -1341.63 -49.8532 5
9332600 -502.67 12480.7 -29.8799 1089.56 5
9333700 -26494 3586.77 -1283.7 -1005.54 5
9333701 8274.08 -555.408 -859.963 1458.11 5
9315400 4681.07 1887.52 -764.477 760.52 6
9330400 -15237.5 2547.31 -1340.03 -51.7304 6
9332600 -656.351 13610.6 -46.0635 1081.21 6
9333700 -27869.5 2501.05 -1278.11 -1002.56 6
9333701 7263.99 943.004 -867.578 1443.32 6
9315400 3814.19 2742.79 -766.971 762.337 7
9330400 -16700.5 2471.59 -1338.45 -53.5715 7
9332600 -844.645 14725 -61.9358 1073.01 7
9333700 -29235.4 1419.79 -1272.62 -999.633 7
9333701 6236.13 2412.55 -875.046 1428.82 7
9315400 2893.83 3657.59 -766.971 762.337 8
9330400 -18306.6 2407.3 -1338.45 -53.5715 8
9332600 -918.968 16012.6 -61.9358 1073.01 8
9333700 -30762.5 220.227 -1272.62 -999.633 8
9333701 5186.08 4127.13 -875.046 1428.82 8
