9315400 31142 -17838 -615.354 557.052 0
9330400 21315 -13456 -1345.99 1038.51 0
9330600 -15497 13895 281.52 1172.21 0
9331400 -32311 -1644 582.239 611.681 0
9331600 39268 -21269 -1338.79 724.309 0
9315400 30461.6 -17228.6 -621.572 554.279 1
9330400 19842 -12317 -1341.38 1032.11 1
9330600 -15191.7 15190.6 278.774 1173.85 1
9331400 -31658.6 -966.519 589.685 613.226 1
9331600 37768.7 -20479.5 -1346.29 721.473 1
9315400 29767.2 -16625 -627.786 551.595 2
9330400 18379 -11191.8 -1336.84 1025.83 2
9330600 -14893.1 16488.8 275.914 1175.25 2
9331400 -30989.9 -287.254 597.038 614.428 2
9331600 36250.2 -19695 -1353.65 718.692 2
9315400 29058.8 -16026.9 -633.991 548.995 3
9330400 16925.8 -10079.9 -1332.36 1019.69 3
9330600 -14601.4 17788.9 272.943 1176.42 3
9331400 -30305.4 392.759 604.298 615.303 3
9331600 34713 -18915.2 -1360.87 715.964 3
9315400 28336.6 -15434.1 -640.182 546.476 4
9330400 15482.2 -8980.83 -1327.95 1013.67 4
9330600 -14317.1 19089.9 269.862 1177.35 4
9331400 -29605.2 1072.55 611.468 615.867 4
9331600 33157.8 -18140.1 -1367.94 713.288 4
9315400 27600.6 -14846.4 -646.353 544.034 5
9330400 14048 -7894.27 -1323.6 1007.78 5
9330600 -14040.5 20391.3 266.675 1178.04 5
9331400 -28889.7 1751.21 618.549 616.133 5
9331600 31584.9 -17369.4 -1374.88 710.665 5
9315400 26850.8 -14263.3 -652.503 541.668 6
9330400 12622.9 -6819.79 -1319.31 1002 6
9330600 -13771.8 21692.3 263.387 1178.52 6
9331400 -28159.1 2427.86 625.542 616.114 6
9331600 29994.9 -16603.1 -1381.69 708.091 6
9315400 26086.6 -13684.4 -658.535 539.347 7
9330400 11204.5 -5755.88 -1315.11 996.337 7
9330600 -13509.7 22996.5 260.162 1178.98 7
9331400 -27412.3 3105.67 632.399 616.095 7
9331600 28388.3 -15840.9 -1388.36 705.567 7
9315400 25296.3 -13037.2 -658.535 539.347 8
9330400 9626.34 -4560.28 -1315.11 996.337 8
9330600 -13197.5 24411.2 260.162 1178.98 8
9331400 -26653.5 3844.99 632.399 616.095 8
9331600 26722.2 -14994.3 -1388.36 705.567 8
