9315400 28535 -16920 -1044.78 415.079 0
9330400 19021 -12370 -930.35 347.909 0
9330600 -14968 16002 446.917 914.288 0
9331400 -29137 -655 1200.07 438.398 0
9331600 36717 -19897 -787.795 587.717 0
9315400 27377.7 -16445.5 -1047.77 421.709 1
9330400 17984.3 -11981 -934.956 350.7 1
9330600 -14467.5 17010.7 448.455 914.409 1
9331400 -27811.2 -179.823 1204.13 436.364 1
9331600 35831.5 -19238.9 -798.363 592.367 1
9315400 26215.1 -15957.1 -1050.5 428.133 2
9330400 16937.6 -11585.3 -939.531 353.629 2
9330600 -13964.1 18020.1 449.869 914.623 2
9331400 -26478.1 291.565 1207.81 434.474 2
9331600 34923.2 -18571.1 -808.739 596.886 2
9315400 25047.8 -15455.5 -1052.97 434.355 3
9330400 15880.9 -11182.3 -944.074 356.689 3
9330600 -13458.3 19030.4 451.16 914.926 3
9331400 -25138.6 759.612 1211.14 432.724 3
9331600 33992.6 -17893.8 -818.929 601.274 3
9315400 23876.6 -14941.4 -1055.2 440.379 4
9330400 14814.4 -10771.6 -948.583 359.872 4
9330600 -12950.3 20041.9 452.334 915.315 4
9331400 -23793.9 1224.74 1214.13 431.108 4
9331600 33040.3 -17207.6 -828.939 605.535 4
9315400 22702.4 -14415.3 -1057.2 446.211 5
9330400 13738.1 -10353 -953.055 363.168 5
9330600 -12440.7 21054.8 453.391 915.787 5
9331400 -22445 1687.37 1216.78 429.622 5
9331600 32066.9 -16512.8 -838.775 609.67 5
9315400 21525.7 -13877.8 -1058.97 451.855 6
9330400 12652.2 -9926.14 -957.491 366.573 6
9330600 -11929.6 22069.5 454.337 916.338 6
9331400 -21092.9 2147.9 1219.12 428.262 6
9331600 31072.9 -15809.8 -848.439 613.683 6
9315400 20343.2 -13327.5 -1060.72 457.39 7
9330400 11555.1 -9491.31 -961.842 369.913 7
9330600 -11415.8 23087.1 455.264 916.878 7
9331400 -19733.4 2606.39 1221.41 426.928 7
9331600 30056.6 -15097.1 -857.918 617.619 7
9315400 19070.3 -12778.7 -1060.72 457.39 8
9330400 10400.9 -9047.41 -961.842 369.913 8
9330600 -10869.5 24187.3 455.264 916.878 8
9331400 -18267.8 3118.7 1221.41 426.928 8
9331600 29027.1 -14355.9 -857.918 617.619 8
