\BOOKMARK [1][-]{section.1}{Introduction}{}% 1
\BOOKMARK [1][-]{section.2}{Project Goals}{}% 2
\BOOKMARK [1][-]{section.3}{Application: design and design choices}{}% 3
\BOOKMARK [2][-]{subsection.3.1}{Camera and data input}{section.3}% 4
\BOOKMARK [2][-]{subsection.3.2}{Detection}{section.3}% 5
\BOOKMARK [2][-]{subsection.3.3}{Prediction}{section.3}% 6
\BOOKMARK [2][-]{subsection.3.4}{Evaluation}{section.3}% 7
\BOOKMARK [2][-]{subsection.3.5}{Neural Network}{section.3}% 8
\BOOKMARK [1][-]{section.4}{Experimentation Results}{}% 9
\BOOKMARK [2][-]{subsection.4.1}{Probabilistic Prediction}{section.4}% 10
\BOOKMARK [3][-]{subsubsection.4.1.1}{sorting through the data}{subsection.4.1}% 11
\BOOKMARK [3][-]{subsubsection.4.1.2}{people tracks}{subsection.4.1}% 12
\BOOKMARK [3][-]{subsubsection.4.1.3}{error over time}{subsection.4.1}% 13
\BOOKMARK [2][-]{subsection.4.2}{Machine Learning Prediction}{section.4}% 14
\BOOKMARK [3][-]{subsubsection.4.2.1}{the model}{subsection.4.2}% 15
\BOOKMARK [3][-]{subsubsection.4.2.2}{the predictions}{subsection.4.2}% 16
\BOOKMARK [2][-]{subsection.4.3}{System Robustness}{section.4}% 17
\BOOKMARK [1][-]{section.5}{Discussion}{}% 18
\BOOKMARK [2][-]{subsection.5.1}{goals completed}{section.5}% 19
\BOOKMARK [2][-]{subsection.5.2}{method effectiveness}{section.5}% 20
\BOOKMARK [1][-]{section.6}{Conclusion}{}% 21
\BOOKMARK [1][-]{section.7}{Appendix}{}% 22
\BOOKMARK [2][-]{subsection.7.1}{Project Code}{section.7}% 23
\BOOKMARK [2][-]{subsection.7.2}{Additional test trials}{section.7}% 24
\BOOKMARK [3][-]{subsubsection.7.2.1}{prediction data}{subsection.7.2}% 25
\BOOKMARK [3][-]{subsubsection.7.2.2}{error profile}{subsection.7.2}% 26
\BOOKMARK [3][-]{subsubsection.7.2.3}{people tracks}{subsection.7.2}% 27
\BOOKMARK [3][-]{subsubsection.7.2.4}{motion tracks}{subsection.7.2}% 28
\BOOKMARK [2][-]{subsection.7.3}{Kalman Filter Full Evaluation Log}{section.7}% 29
